#
# There is insufficient memory for the Java Runtime Environment to continue.
# Native memory allocation (mmap) failed to map 65536 bytes. Error detail: Failed to commit metaspace.
# Possible reasons:
#   The system is out of physical RAM or swap space
#   This process is running with CompressedOops enabled, and the Java Heap may be blocking the growth of the native heap
# Possible solutions:
#   Reduce memory load on the system
#   Increase physical memory or swap space
#   Check if swap backing store is full
#   Decrease Java heap size (-Xmx/-Xms)
#   Decrease number of Java threads
#   Decrease Java thread stack sizes (-Xss)
#   Set larger code cache with -XX:ReservedCodeCacheSize=
#   JVM is running with Unscaled Compressed Oops mode in which the Java heap is
#     placed in the first 4GB address space. The Java Heap base address is the
#     maximum limit for the native heap growth. Please use -XX:HeapBaseMinAddress
#     to set the Java Heap base and to place the Java Heap above 4GB virtual address.
# This output file may be truncated or incomplete.
#
#  Out of Memory Error (virtualSpaceNode.cpp:110), pid=2988, tid=11408
#
# JRE version: OpenJDK Runtime Environment Temurin-17.0.13+11 (17.0.13+11) (build 17.0.13+11)
# Java VM: OpenJDK 64-Bit Server VM Temurin-17.0.13+11 (17.0.13+11, mixed mode, tiered, compressed oops, compressed class ptrs, g1 gc, windows-amd64)
# No core dump will be written. Minidumps are not enabled by default on client versions of Windows
#

---------------  S U M M A R Y ------------

Command Line: -agentlib:jdwp=transport=dt_socket,server=n,suspend=y,address=localhost:64014 -XX:+ShowCodeDetailsInExceptionMessages -Dspring.jmx.enabled=true -Dmanagement.endpoints.jmx.exposure.include=* -Dspring.application.admin.enabled=true -Dspring.boot.project.name=lavanderia -Djava.rmi.server.hostname=localhost -Dcom.sun.management.jmxremote.port=45556 -Dcom.sun.management.jmxremote.authenticate=false -Dcom.sun.management.jmxremote.ssl=false com.laundry.lavanderia.LavanderiaApplication

Host: Intel(R) Core(TM) i5-8265U CPU @ 1.60GHz, 8 cores, 3G,  Windows 11 , 64 bit Build 22621 (10.0.22621.4391)
Time: Thu Dec  5 15:40:45 2024 Hora est. Pacífico, Sudamérica elapsed time: 3.367429 seconds (0d 0h 0m 3s)

---------------  T H R E A D  ---------------

Current thread (0x000002a76f946d80):  JavaThread "main" [_thread_in_vm, id=11408, stack(0x000000d25d800000,0x000000d25d900000)]

Stack: [0x000000d25d800000,0x000000d25d900000]
Native frames: (J=compiled Java code, j=interpreted, Vv=VM code, C=native code)
V  [jvm.dll+0x682a19]
V  [jvm.dll+0x839538]
V  [jvm.dll+0x83afe3]
V  [jvm.dll+0x83b653]
V  [jvm.dll+0x24704f]
V  [jvm.dll+0x83530d]
V  [jvm.dll+0x62762e]
V  [jvm.dll+0x1bf044]
V  [jvm.dll+0x629f9f]
V  [jvm.dll+0x627ff6]
V  [jvm.dll+0x23addf]
V  [jvm.dll+0x631ef5]
V  [jvm.dll+0x24f4ba]
V  [jvm.dll+0x250aae]
V  [jvm.dll+0x1e14c8]
V  [jvm.dll+0x1e0a6d]
V  [jvm.dll+0x546144]
V  [jvm.dll+0x7b3058]
V  [jvm.dll+0x7b3144]
V  [jvm.dll+0x412703]
V  [jvm.dll+0x419229]
C  [java.dll+0x17ec]

Java frames: (J=compiled Java code, j=interpreted, Vv=VM code)
j  java.lang.ClassLoader.defineClass1(Ljava/lang/ClassLoader;Ljava/lang/String;[BIILjava/security/ProtectionDomain;Ljava/lang/String;)Ljava/lang/Class;+0 java.base@17.0.13
j  java.lang.ClassLoader.defineClass(Ljava/lang/String;[BIILjava/security/ProtectionDomain;)Ljava/lang/Class;+27 java.base@17.0.13
j  java.security.SecureClassLoader.defineClass(Ljava/lang/String;[BIILjava/security/CodeSource;)Ljava/lang/Class;+12 java.base@17.0.13
j  jdk.internal.loader.BuiltinClassLoader.defineClass(Ljava/lang/String;Ljdk/internal/loader/Resource;)Ljava/lang/Class;+117 java.base@17.0.13
j  jdk.internal.loader.BuiltinClassLoader.findClassOnClassPathOrNull(Ljava/lang/String;)Ljava/lang/Class;+37 java.base@17.0.13
j  jdk.internal.loader.BuiltinClassLoader.loadClassOrNull(Ljava/lang/String;Z)Ljava/lang/Class;+111 java.base@17.0.13
j  jdk.internal.loader.BuiltinClassLoader.loadClass(Ljava/lang/String;Z)Ljava/lang/Class;+3 java.base@17.0.13
j  jdk.internal.loader.ClassLoaders$AppClassLoader.loadClass(Ljava/lang/String;Z)Ljava/lang/Class;+36 java.base@17.0.13
j  java.lang.ClassLoader.loadClass(Ljava/lang/String;)Ljava/lang/Class;+3 java.base@17.0.13
v  ~StubRoutines::call_stub
J 626  java.lang.Class.forName0(Ljava/lang/String;ZLjava/lang/ClassLoader;Ljava/lang/Class;)Ljava/lang/Class; java.base@17.0.13 (0 bytes) @ 0x000002a707b049a7 [0x000002a707b04920+0x0000000000000087]
j  java.lang.Class.forName(Ljava/lang/String;ZLjava/lang/ClassLoader;)Ljava/lang/Class;+43 java.base@17.0.13
j  org.apache.commons.logging.LogAdapter.isPresent(Ljava/lang/String;)Z+7
j  org.apache.commons.logging.LogAdapter.<clinit>()V+2
v  ~StubRoutines::call_stub
j  org.apache.commons.logging.LogFactory.getLog(Ljava/lang/String;)Lorg/apache/commons/logging/Log;+1
j  org.apache.commons.logging.LogFactory.getLog(Ljava/lang/Class;)Lorg/apache/commons/logging/Log;+4
j  org.springframework.boot.SpringApplication.<clinit>()V+2
v  ~StubRoutines::call_stub
j  com.laundry.lavanderia.LavanderiaApplication.main([Ljava/lang/String;)V+3
v  ~StubRoutines::call_stub

Compiled method (n/a)    3538  626     n 0       java.lang.Class::forName0 (native)
 total in heap  [0x000002a707b04790,0x000002a707b04c30] = 1184
 relocation     [0x000002a707b048e8,0x000002a707b04920] = 56
 main code      [0x000002a707b04920,0x000002a707b04c30] = 784

[Constant Pool (empty)]

[MachCode]
[Entry Point]
  # {method} {0x000002a77a0130d8} 'forName0' '(Ljava/lang/String;ZLjava/lang/ClassLoader;Ljava/lang/Class;)Ljava/lang/Class;' in 'java/lang/Class'
  # parm0:    rdx:rdx   = 'java/lang/String'
  # parm1:    r8        = boolean
  # parm2:    r9:r9     = 'java/lang/ClassLoader'
  # parm3:    rdi:rdi   = 'java/lang/Class'
  #           [sp+0x80]  (sp of caller)
  0x000002a707b04920: 448b 5208 | 49c1 e203 | 493b c20f | 8407 0000 

  0x000002a707b04930: ;   {runtime_call ic_miss_stub}
  0x000002a707b04930: 00e9 4ac7 | a7ff 6690 
[Verified Entry Point]
  0x000002a707b04938: 8984 2400 | 90ff ff55 | 488b ec48 | 83ec 7048 | 897c 2448 | 4883 ff00 | 488d 4424 | 4848 0f44 
  0x000002a707b04958: 4424 4848 | 8944 2428 | 4c89 4c24 | 4049 83f9 | 0048 8d44 | 2440 480f | 4444 2440 | 4889 4424 
  0x000002a707b04978: 204d 8bc8 | 4889 5424 | 3048 83fa | 004c 8d44 | 2430 4c0f | 4444 2430 

  0x000002a707b04990: ;   {oop(a 'java/lang/Class'{0x00000000c6900d88} = 'java/lang/Class')}
  0x000002a707b04990: 49be 880d | 90c6 0000 | 0000 4c89 | 7424 604c | 8d74 2460 | 498b d6c5 

  0x000002a707b049a8: ;   {internal_word}
  0x000002a707b049a8: f877 49ba | a749 b007 | a702 0000 | 4d89 97a0 | 0200 0049 | 89a7 9802 

  0x000002a707b049c0: ;   {external_word}
  0x000002a707b049c0: 0000 49ba | 7ec6 0d5d | f87f 0000 | 4180 3a00 | 0f84 5200 | 0000 5241 

  0x000002a707b049d8: ;   {metadata({method} {0x000002a77a0130d8} 'forName0' '(Ljava/lang/String;ZLjava/lang/ClassLoader;Ljava/lang/Class;)Ljava/lang/Class;' in 'java/lang/Class')}
  0x000002a707b049d8: 5041 5148 | bad0 3001 | 7aa7 0200 | 0049 8bcf | 4883 ec20 | f7c4 0f00 | 0000 0f84 | 1a00 0000 
  0x000002a707b049f8: 4883 ec08 

  0x000002a707b049fc: ;   {runtime_call}
  0x000002a707b049fc: 49ba 6086 | c35c f87f | 0000 41ff | d248 83c4 | 08e9 0d00 

  0x000002a707b04a10: ;   {runtime_call}
  0x000002a707b04a10: 0000 49ba | 6086 c35c | f87f 0000 | 41ff d248 | 83c4 2041 | 5941 585a | 498d 8fb8 | 0200 0041 
  0x000002a707b04a30: c787 4803 | 0000 0400 

  0x000002a707b04a38: ;   {runtime_call}
  0x000002a707b04a38: 0000 49ba | d412 ad9f | f87f 0000 | 41ff d2c5 | f877 41c7 | 8748 0300 | 0005 0000 | 00f0 8344 
  0x000002a707b04a58: 24c0 0049 | 3baf 5003 | 0000 0f87 | 1100 0000 | 4181 bf38 | 0300 0000 | 0000 000f | 842c 0000 
  0x000002a707b04a78: 00c5 f877 | 4889 45f8 | 498b cf4c | 8be4 4883 | ec20 4883 

  0x000002a707b04a8c: ;   {runtime_call}
  0x000002a707b04a8c: e4f0 49ba | b094 d35c | f87f 0000 | 41ff d249 | 8be4 4d33 | e448 8b45 | f841 c787 | 4803 0000 
  0x000002a707b04aac: 0800 0000 | 4181 bfb8 | 0300 0002 | 0000 000f | 843f 0100 

  0x000002a707b04ac0: ;   {external_word}
  0x000002a707b04ac0: 0049 ba7e | c60d 5df8 | 7f00 0041 | 803a 000f | 8450 0000 | 0048 8945 

  0x000002a707b04ad8: ;   {metadata({method} {0x000002a77a0130d8} 'forName0' '(Ljava/lang/String;ZLjava/lang/ClassLoader;Ljava/lang/Class;)Ljava/lang/Class;' in 'java/lang/Class')}
  0x000002a707b04ad8: f848 bad0 | 3001 7aa7 | 0200 0049 | 8bcf 4883 | ec20 f7c4 | 0f00 0000 | 0f84 1a00 | 0000 4883 
  0x000002a707b04af8: ;   {runtime_call}
  0x000002a707b04af8: ec08 49ba | 6086 c35c | f87f 0000 | 41ff d248 | 83c4 08e9 | 0d00 0000 

  0x000002a707b04b10: ;   {runtime_call}
  0x000002a707b04b10: 49ba 6086 | c35c f87f | 0000 41ff | d248 83c4 | 2048 8b45 | f849 c787 | 9802 0000 | 0000 0000 
  0x000002a707b04b30: 49c7 87a0 | 0200 0000 | 0000 00c5 | f877 4885 | c00f 8493 | 0000 0048 | f7c0 0100 | 0000 0f84 
  0x000002a707b04b50: 8300 0000 | 488b 40ff | 4180 7f38 | 000f 846f | 0000 0048 | 83f8 000f | 8465 0000 | 0049 8b4f 
  0x000002a707b04b70: 2048 83f9 | 000f 8414 | 0000 0048 | 83e9 0849 | 894f 2049 | 034f 3048 | 8901 e943 | 0000 0050 
  0x000002a707b04b90: 498b d748 | 8bc8 4883 | ec20 f7c4 | 0f00 0000 | 0f84 1a00 | 0000 4883 

  0x000002a707b04ba8: ;   {runtime_call}
  0x000002a707b04ba8: ec08 49ba | 0026 825c | f87f 0000 | 41ff d248 | 83c4 08e9 | 0d00 0000 

  0x000002a707b04bc0: ;   {runtime_call}
  0x000002a707b04bc0: 49ba 0026 | 825c f87f | 0000 41ff | d248 83c4 | 2058 e903 | 0000 0048 | 8b00 498b | 8fd8 0000 
  0x000002a707b04be0: 00c7 8100 | 0100 0000 | 0000 00c9 | 4981 7f08 | 0000 0000 | 0f85 0100 

  0x000002a707b04bf8: ;   {runtime_call StubRoutines (1)}
  0x000002a707b04bf8: 0000 c3e9 | 00c3 a2ff | c5f8 7748 | 8945 f84c | 8be4 4883 | ec20 4883 

  0x000002a707b04c10: ;   {runtime_call}
  0x000002a707b04c10: e4f0 49ba | 80b7 c35c | f87f 0000 | 41ff d249 | 8be4 4d33 | e448 8b45 | f8e9 93fe | ffff f4f4 
[/MachCode]


---------------  P R O C E S S  ---------------

Threads class SMR info:
_java_thread_list=0x000002a77e4f4870, length=18, elements={
0x000002a76f946d80, 0x000002a7796ec030, 0x000002a7796ecdc0, 0x000002a779730010,
0x000002a779730ae0, 0x000002a7797333c0, 0x000002a779733c90, 0x000002a77973c8a0,
0x000002a7797436d0, 0x000002a779745ff0, 0x000002a779671dc0, 0x000002a779aec1c0,
0x000002a779b69950, 0x000002a779b6c050, 0x000002a779b6c740, 0x000002a77e2f7070,
0x000002a77e2f7550, 0x000002a77e453af0
}

Java Threads: ( => current thread )
=>0x000002a76f946d80 JavaThread "main" [_thread_in_vm, id=11408, stack(0x000000d25d800000,0x000000d25d900000)]
  0x000002a7796ec030 JavaThread "Reference Handler" daemon [_thread_blocked, id=14276, stack(0x000000d25df00000,0x000000d25e000000)]
  0x000002a7796ecdc0 JavaThread "Finalizer" daemon [_thread_blocked, id=13496, stack(0x000000d25e000000,0x000000d25e100000)]
  0x000002a779730010 JavaThread "Signal Dispatcher" daemon [_thread_blocked, id=10556, stack(0x000000d25e100000,0x000000d25e200000)]
  0x000002a779730ae0 JavaThread "Attach Listener" daemon [_thread_blocked, id=3084, stack(0x000000d25e200000,0x000000d25e300000)]
  0x000002a7797333c0 JavaThread "Service Thread" daemon [_thread_blocked, id=10944, stack(0x000000d25e300000,0x000000d25e400000)]
  0x000002a779733c90 JavaThread "Monitor Deflation Thread" daemon [_thread_blocked, id=20376, stack(0x000000d25e400000,0x000000d25e500000)]
  0x000002a77973c8a0 JavaThread "C2 CompilerThread0" daemon [_thread_blocked, id=2064, stack(0x000000d25e500000,0x000000d25e600000)]
  0x000002a7797436d0 JavaThread "C1 CompilerThread0" daemon [_thread_blocked, id=13876, stack(0x000000d25e600000,0x000000d25e700000)]
  0x000002a779745ff0 JavaThread "Sweeper thread" daemon [_thread_blocked, id=18632, stack(0x000000d25e700000,0x000000d25e800000)]
  0x000002a779671dc0 JavaThread "Common-Cleaner" daemon [_thread_blocked, id=11108, stack(0x000000d25e800000,0x000000d25e900000)]
  0x000002a779aec1c0 JavaThread "JDWP Transport Listener: dt_socket" daemon [_thread_blocked, id=14000, stack(0x000000d25e900000,0x000000d25ea00000)]
  0x000002a779b69950 JavaThread "JDWP Event Helper Thread" daemon [_thread_blocked, id=17336, stack(0x000000d25ea00000,0x000000d25eb00000)]
  0x000002a779b6c050 JavaThread "JDWP Command Reader" daemon [_thread_in_native, id=18316, stack(0x000000d25eb00000,0x000000d25ec00000)]
  0x000002a779b6c740 JavaThread "Notification Thread" daemon [_thread_blocked, id=15988, stack(0x000000d25ec00000,0x000000d25ed00000)]
  0x000002a77e2f7070 JavaThread "RMI TCP Accept-0" daemon [_thread_in_native, id=15512, stack(0x000000d25ed00000,0x000000d25ee00000)]
  0x000002a77e2f7550 JavaThread "RMI TCP Accept-45556" daemon [_thread_in_native, id=14168, stack(0x000000d25ee00000,0x000000d25ef00000)]
  0x000002a77e453af0 JavaThread "RMI TCP Accept-0" daemon [_thread_in_native, id=15984, stack(0x000000d25ef00000,0x000000d25f000000)]

Other Threads:
  0x000002a7796d5ac0 VMThread "VM Thread" [stack: 0x000000d25de00000,0x000000d25df00000] [id=2384]
  0x000002a76f947d20 WatcherThread [stack: 0x000000d25f000000,0x000000d25f100000] [id=9464]
  0x000002a76f989dc0 GCTaskThread "GC Thread#0" [stack: 0x000000d25d900000,0x000000d25da00000] [id=16184]
  0x000002a76f9926a0 ConcurrentGCThread "G1 Main Marker" [stack: 0x000000d25da00000,0x000000d25db00000] [id=20068]
  0x000002a76f993770 ConcurrentGCThread "G1 Conc#0" [stack: 0x000000d25db00000,0x000000d25dc00000] [id=17960]
  0x000002a76f9e21c0 ConcurrentGCThread "G1 Refine#0" [stack: 0x000000d25dc00000,0x000000d25dd00000] [id=16756]
  0x000002a76f9e3b10 ConcurrentGCThread "G1 Service" [stack: 0x000000d25dd00000,0x000000d25de00000] [id=15692]

Threads with active compile tasks:

VM state: not at safepoint (normal execution)

VM Mutex/Monitor currently owned by a thread:  ([mutex/lock_event])
[0x000002a76f940330] Metaspace_lock - owner thread: 0x000002a76f946d80

Heap address: 0x00000000c2c00000, size: 980 MB, Compressed Oops mode: 32-bit

CDS archive(s) not mapped
Compressed class space mapped at: 0x0000000100000000-0x0000000140000000, reserved size: 1073741824
Narrow klass base: 0x0000000000000000, Narrow klass shift: 3, Narrow klass range: 0x140000000

GC Precious Log:
 CPUs: 8 total, 8 available
 Memory: 3917M
 Large Page Support: Disabled
 NUMA Support: Disabled
 Compressed Oops: Enabled (32-bit)
 Heap Region Size: 1M
 Heap Min Capacity: 8M
 Heap Initial Capacity: 62M
 Heap Max Capacity: 980M
 Pre-touch: Disabled
 Parallel Workers: 8
 Concurrent Workers: 2
 Concurrent Refinement Workers: 8
 Periodic GC: Disabled

Heap:
 garbage-first heap   total 63488K, used 12288K [0x00000000c2c00000, 0x0000000100000000)
  region size 1024K, 13 young (13312K), 0 survivors (0K)
 Metaspace       used 12046K, committed 12160K, reserved 1114112K
  class space    used 1293K, committed 1344K, reserved 1048576K

Heap Regions: E=young(eden), S=young(survivor), O=old, HS=humongous(starts), HC=humongous(continues), CS=collection set, F=free, OA=open archive, CA=closed archive, TAMS=top-at-mark-start (previous, next)
|   0|0x00000000c2c00000, 0x00000000c2c00000, 0x00000000c2d00000|  0%| F|  |TAMS 0x00000000c2c00000, 0x00000000c2c00000| Untracked 
|   1|0x00000000c2d00000, 0x00000000c2d00000, 0x00000000c2e00000|  0%| F|  |TAMS 0x00000000c2d00000, 0x00000000c2d00000| Untracked 
|   2|0x00000000c2e00000, 0x00000000c2e00000, 0x00000000c2f00000|  0%| F|  |TAMS 0x00000000c2e00000, 0x00000000c2e00000| Untracked 
|   3|0x00000000c2f00000, 0x00000000c2f00000, 0x00000000c3000000|  0%| F|  |TAMS 0x00000000c2f00000, 0x00000000c2f00000| Untracked 
|   4|0x00000000c3000000, 0x00000000c3000000, 0x00000000c3100000|  0%| F|  |TAMS 0x00000000c3000000, 0x00000000c3000000| Untracked 
|   5|0x00000000c3100000, 0x00000000c3100000, 0x00000000c3200000|  0%| F|  |TAMS 0x00000000c3100000, 0x00000000c3100000| Untracked 
|   6|0x00000000c3200000, 0x00000000c3200000, 0x00000000c3300000|  0%| F|  |TAMS 0x00000000c3200000, 0x00000000c3200000| Untracked 
|   7|0x00000000c3300000, 0x00000000c3300000, 0x00000000c3400000|  0%| F|  |TAMS 0x00000000c3300000, 0x00000000c3300000| Untracked 
|   8|0x00000000c3400000, 0x00000000c3400000, 0x00000000c3500000|  0%| F|  |TAMS 0x00000000c3400000, 0x00000000c3400000| Untracked 
|   9|0x00000000c3500000, 0x00000000c3500000, 0x00000000c3600000|  0%| F|  |TAMS 0x00000000c3500000, 0x00000000c3500000| Untracked 
|  10|0x00000000c3600000, 0x00000000c3600000, 0x00000000c3700000|  0%| F|  |TAMS 0x00000000c3600000, 0x00000000c3600000| Untracked 
|  11|0x00000000c3700000, 0x00000000c3700000, 0x00000000c3800000|  0%| F|  |TAMS 0x00000000c3700000, 0x00000000c3700000| Untracked 
|  12|0x00000000c3800000, 0x00000000c3800000, 0x00000000c3900000|  0%| F|  |TAMS 0x00000000c3800000, 0x00000000c3800000| Untracked 
|  13|0x00000000c3900000, 0x00000000c3900000, 0x00000000c3a00000|  0%| F|  |TAMS 0x00000000c3900000, 0x00000000c3900000| Untracked 
|  14|0x00000000c3a00000, 0x00000000c3a00000, 0x00000000c3b00000|  0%| F|  |TAMS 0x00000000c3a00000, 0x00000000c3a00000| Untracked 
|  15|0x00000000c3b00000, 0x00000000c3b00000, 0x00000000c3c00000|  0%| F|  |TAMS 0x00000000c3b00000, 0x00000000c3b00000| Untracked 
|  16|0x00000000c3c00000, 0x00000000c3c00000, 0x00000000c3d00000|  0%| F|  |TAMS 0x00000000c3c00000, 0x00000000c3c00000| Untracked 
|  17|0x00000000c3d00000, 0x00000000c3d00000, 0x00000000c3e00000|  0%| F|  |TAMS 0x00000000c3d00000, 0x00000000c3d00000| Untracked 
|  18|0x00000000c3e00000, 0x00000000c3e00000, 0x00000000c3f00000|  0%| F|  |TAMS 0x00000000c3e00000, 0x00000000c3e00000| Untracked 
|  19|0x00000000c3f00000, 0x00000000c3f00000, 0x00000000c4000000|  0%| F|  |TAMS 0x00000000c3f00000, 0x00000000c3f00000| Untracked 
|  20|0x00000000c4000000, 0x00000000c4000000, 0x00000000c4100000|  0%| F|  |TAMS 0x00000000c4000000, 0x00000000c4000000| Untracked 
|  21|0x00000000c4100000, 0x00000000c4100000, 0x00000000c4200000|  0%| F|  |TAMS 0x00000000c4100000, 0x00000000c4100000| Untracked 
|  22|0x00000000c4200000, 0x00000000c4200000, 0x00000000c4300000|  0%| F|  |TAMS 0x00000000c4200000, 0x00000000c4200000| Untracked 
|  23|0x00000000c4300000, 0x00000000c4300000, 0x00000000c4400000|  0%| F|  |TAMS 0x00000000c4300000, 0x00000000c4300000| Untracked 
|  24|0x00000000c4400000, 0x00000000c4400000, 0x00000000c4500000|  0%| F|  |TAMS 0x00000000c4400000, 0x00000000c4400000| Untracked 
|  25|0x00000000c4500000, 0x00000000c4500000, 0x00000000c4600000|  0%| F|  |TAMS 0x00000000c4500000, 0x00000000c4500000| Untracked 
|  26|0x00000000c4600000, 0x00000000c4600000, 0x00000000c4700000|  0%| F|  |TAMS 0x00000000c4600000, 0x00000000c4600000| Untracked 
|  27|0x00000000c4700000, 0x00000000c4700000, 0x00000000c4800000|  0%| F|  |TAMS 0x00000000c4700000, 0x00000000c4700000| Untracked 
|  28|0x00000000c4800000, 0x00000000c4800000, 0x00000000c4900000|  0%| F|  |TAMS 0x00000000c4800000, 0x00000000c4800000| Untracked 
|  29|0x00000000c4900000, 0x00000000c4900000, 0x00000000c4a00000|  0%| F|  |TAMS 0x00000000c4900000, 0x00000000c4900000| Untracked 
|  30|0x00000000c4a00000, 0x00000000c4a00000, 0x00000000c4b00000|  0%| F|  |TAMS 0x00000000c4a00000, 0x00000000c4a00000| Untracked 
|  31|0x00000000c4b00000, 0x00000000c4b00000, 0x00000000c4c00000|  0%| F|  |TAMS 0x00000000c4b00000, 0x00000000c4b00000| Untracked 
|  32|0x00000000c4c00000, 0x00000000c4c00000, 0x00000000c4d00000|  0%| F|  |TAMS 0x00000000c4c00000, 0x00000000c4c00000| Untracked 
|  33|0x00000000c4d00000, 0x00000000c4d00000, 0x00000000c4e00000|  0%| F|  |TAMS 0x00000000c4d00000, 0x00000000c4d00000| Untracked 
|  34|0x00000000c4e00000, 0x00000000c4e00000, 0x00000000c4f00000|  0%| F|  |TAMS 0x00000000c4e00000, 0x00000000c4e00000| Untracked 
|  35|0x00000000c4f00000, 0x00000000c4f00000, 0x00000000c5000000|  0%| F|  |TAMS 0x00000000c4f00000, 0x00000000c4f00000| Untracked 
|  36|0x00000000c5000000, 0x00000000c5000000, 0x00000000c5100000|  0%| F|  |TAMS 0x00000000c5000000, 0x00000000c5000000| Untracked 
|  37|0x00000000c5100000, 0x00000000c5100000, 0x00000000c5200000|  0%| F|  |TAMS 0x00000000c5100000, 0x00000000c5100000| Untracked 
|  38|0x00000000c5200000, 0x00000000c5200000, 0x00000000c5300000|  0%| F|  |TAMS 0x00000000c5200000, 0x00000000c5200000| Untracked 
|  39|0x00000000c5300000, 0x00000000c5300000, 0x00000000c5400000|  0%| F|  |TAMS 0x00000000c5300000, 0x00000000c5300000| Untracked 
|  40|0x00000000c5400000, 0x00000000c5400000, 0x00000000c5500000|  0%| F|  |TAMS 0x00000000c5400000, 0x00000000c5400000| Untracked 
|  41|0x00000000c5500000, 0x00000000c5500000, 0x00000000c5600000|  0%| F|  |TAMS 0x00000000c5500000, 0x00000000c5500000| Untracked 
|  42|0x00000000c5600000, 0x00000000c5600000, 0x00000000c5700000|  0%| F|  |TAMS 0x00000000c5600000, 0x00000000c5600000| Untracked 
|  43|0x00000000c5700000, 0x00000000c5700000, 0x00000000c5800000|  0%| F|  |TAMS 0x00000000c5700000, 0x00000000c5700000| Untracked 
|  44|0x00000000c5800000, 0x00000000c5800000, 0x00000000c5900000|  0%| F|  |TAMS 0x00000000c5800000, 0x00000000c5800000| Untracked 
|  45|0x00000000c5900000, 0x00000000c5900000, 0x00000000c5a00000|  0%| F|  |TAMS 0x00000000c5900000, 0x00000000c5900000| Untracked 
|  46|0x00000000c5a00000, 0x00000000c5a00000, 0x00000000c5b00000|  0%| F|  |TAMS 0x00000000c5a00000, 0x00000000c5a00000| Untracked 
|  47|0x00000000c5b00000, 0x00000000c5b00000, 0x00000000c5c00000|  0%| F|  |TAMS 0x00000000c5b00000, 0x00000000c5b00000| Untracked 
|  48|0x00000000c5c00000, 0x00000000c5c00000, 0x00000000c5d00000|  0%| F|  |TAMS 0x00000000c5c00000, 0x00000000c5c00000| Untracked 
|  49|0x00000000c5d00000, 0x00000000c5df9018, 0x00000000c5e00000| 97%| E|  |TAMS 0x00000000c5d00000, 0x00000000c5d00000| Complete 
|  50|0x00000000c5e00000, 0x00000000c5f00000, 0x00000000c5f00000|100%| E|CS|TAMS 0x00000000c5e00000, 0x00000000c5e00000| Complete 
|  51|0x00000000c5f00000, 0x00000000c6000000, 0x00000000c6000000|100%| E|CS|TAMS 0x00000000c5f00000, 0x00000000c5f00000| Complete 
|  52|0x00000000c6000000, 0x00000000c6100000, 0x00000000c6100000|100%| E|CS|TAMS 0x00000000c6000000, 0x00000000c6000000| Complete 
|  53|0x00000000c6100000, 0x00000000c6200000, 0x00000000c6200000|100%| E|CS|TAMS 0x00000000c6100000, 0x00000000c6100000| Complete 
|  54|0x00000000c6200000, 0x00000000c6300000, 0x00000000c6300000|100%| E|CS|TAMS 0x00000000c6200000, 0x00000000c6200000| Complete 
|  55|0x00000000c6300000, 0x00000000c6400000, 0x00000000c6400000|100%| E|CS|TAMS 0x00000000c6300000, 0x00000000c6300000| Complete 
|  56|0x00000000c6400000, 0x00000000c6500000, 0x00000000c6500000|100%| E|CS|TAMS 0x00000000c6400000, 0x00000000c6400000| Complete 
|  57|0x00000000c6500000, 0x00000000c6600000, 0x00000000c6600000|100%| E|CS|TAMS 0x00000000c6500000, 0x00000000c6500000| Complete 
|  58|0x00000000c6600000, 0x00000000c6700000, 0x00000000c6700000|100%| E|CS|TAMS 0x00000000c6600000, 0x00000000c6600000| Complete 
|  59|0x00000000c6700000, 0x00000000c6800000, 0x00000000c6800000|100%| E|CS|TAMS 0x00000000c6700000, 0x00000000c6700000| Complete 
|  60|0x00000000c6800000, 0x00000000c6900000, 0x00000000c6900000|100%| E|CS|TAMS 0x00000000c6800000, 0x00000000c6800000| Complete 
|  61|0x00000000c6900000, 0x00000000c6a00000, 0x00000000c6a00000|100%| E|CS|TAMS 0x00000000c6900000, 0x00000000c6900000| Complete 

Card table byte_map: [0x000002a774a10000,0x000002a774c00000] _byte_map_base: 0x000002a7743fa000

Marking Bits (Prev, Next): (CMBitMap*) 0x000002a76f98a2f0, (CMBitMap*) 0x000002a76f98a330
 Prev Bits: [0x000002a774df0000, 0x000002a775d40000)
 Next Bits: [0x000002a775d40000, 0x000002a776c90000)

Polling page: 0x000002a76f9f0000

Metaspace:

Usage:
  Non-class:     10.50 MB used.
      Class:      1.26 MB used.
       Both:     11.76 MB used.

Virtual space:
  Non-class space:       64.00 MB reserved,      10.56 MB ( 17%) committed,  1 nodes.
      Class space:        1.00 GB reserved,       1.31 MB ( <1%) committed,  1 nodes.
             Both:        1.06 GB reserved,      11.88 MB (  1%) committed. 

Chunk freelists:
   Non-Class:  4.73 MB
       Class:  14.70 MB
        Both:  19.44 MB

MaxMetaspaceSize: unlimited
CompressedClassSpaceSize: 1.00 GB
Initial GC threshold: 21.00 MB
Current GC threshold: 21.00 MB
CDS: off
MetaspaceReclaimPolicy: balanced
 - commit_granule_bytes: 65536.
 - commit_granule_words: 8192.
 - virtual_space_node_default_size: 8388608.
 - enlarge_chunks_in_place: 1.
 - new_chunks_are_fully_committed: 0.
 - uncommit_free_chunks: 1.
 - use_allocation_guard: 0.
 - handle_deallocations: 1.


Internal statistics:

num_allocs_failed_limit: 0.
num_arena_births: 96.
num_arena_deaths: 0.
num_vsnodes_births: 2.
num_vsnodes_deaths: 0.
num_space_committed: 190.
num_space_uncommitted: 0.
num_chunks_returned_to_freelist: 0.
num_chunks_taken_from_freelist: 156.
num_chunk_merges: 0.
num_chunk_splits: 88.
num_chunks_enlarged: 51.
num_inconsistent_stats: 0.

CodeHeap 'non-profiled nmethods': size=120000Kb used=325Kb max_used=325Kb free=119674Kb
 bounds [0x000002a707ad0000, 0x000002a707d40000, 0x000002a70f000000]
CodeHeap 'profiled nmethods': size=120000Kb used=1526Kb max_used=1526Kb free=118473Kb
 bounds [0x000002a700000000, 0x000002a700270000, 0x000002a707530000]
CodeHeap 'non-nmethods': size=5760Kb used=1221Kb max_used=1239Kb free=4538Kb
 bounds [0x000002a707530000, 0x000002a7077a0000, 0x000002a707ad0000]
 total_blobs=1400 nmethods=955 adapters=358
 compilation: enabled
              stopped_count=0, restarted_count=0
 full_count=0

Compilation events (20 events):
Event: 3.335 Thread 0x000002a77973c8a0 nmethod 944 0x000002a707b1f610 code [0x000002a707b1f780, 0x000002a707b1f7f8]
Event: 3.338 Thread 0x000002a7797436d0  945       3       java.lang.String::endsWith (15 bytes)
Event: 3.339 Thread 0x000002a7797436d0 nmethod 945 0x000002a700175390 code [0x000002a700175560, 0x000002a7001758a8]
Event: 3.342 Thread 0x000002a7797436d0  946       3       java.lang.String::regionMatches (150 bytes)
Event: 3.343 Thread 0x000002a7797436d0 nmethod 946 0x000002a700175a90 code [0x000002a700175ce0, 0x000002a700176508]
Event: 3.343 Thread 0x000002a7797436d0  947       3       java.lang.ClassLoader::checkName (37 bytes)
Event: 3.344 Thread 0x000002a7797436d0 nmethod 947 0x000002a700176810 code [0x000002a700176a80, 0x000002a700177418]
Event: 3.345 Thread 0x000002a7797436d0  948   !   3       java.util.zip.Inflater::inflate (418 bytes)
Event: 3.347 Thread 0x000002a7797436d0 nmethod 948 0x000002a700177790 code [0x000002a700177a60, 0x000002a700178bc8]
Event: 3.347 Thread 0x000002a7797436d0  949       1       jdk.internal.loader.URLClassPath$Loader::getBaseURL (5 bytes)
Event: 3.347 Thread 0x000002a77973c8a0  950       4       java.lang.String::charAt (25 bytes)
Event: 3.347 Thread 0x000002a7797436d0 nmethod 949 0x000002a707b1f910 code [0x000002a707b1faa0, 0x000002a707b1fb78]
Event: 3.349 Thread 0x000002a77973c8a0 nmethod 950 0x000002a707b1fc10 code [0x000002a707b1fda0, 0x000002a707b1fea8]
Event: 3.349 Thread 0x000002a7797436d0  951       3       java.util.zip.ZipUtils::CENLEN (9 bytes)
Event: 3.350 Thread 0x000002a7797436d0 nmethod 951 0x000002a700179690 code [0x000002a700179840, 0x000002a700179b18]
Event: 3.351 Thread 0x000002a7797436d0  953       1       java.security.CodeSource::getLocationNoFragString (5 bytes)
Event: 3.351 Thread 0x000002a7797436d0 nmethod 953 0x000002a707b20410 code [0x000002a707b205a0, 0x000002a707b20678]
Event: 3.352 Thread 0x000002a77973c8a0  954       4       java.util.jar.Manifest$FastInputStream::readLine (296 bytes)
Event: 3.352 Thread 0x000002a7797436d0  955   !   3       java.lang.String::<init> (840 bytes)
Event: 3.358 Thread 0x000002a7797436d0 nmethod 955 0x000002a700179c90 code [0x000002a70017a1c0, 0x000002a70017cd78]

GC Heap History (0 events):
No events

Dll operation events (8 events):
Event: 0.020 Loaded shared library C:\Users\russe\.vscode\extensions\redhat.java-1.37.0-win32-x64\jre\17.0.13-win32-x86_64\bin\java.dll
Event: 1.348 Loaded shared library C:\Users\russe\.vscode\extensions\redhat.java-1.37.0-win32-x64\jre\17.0.13-win32-x86_64\bin\jimage.dll
Event: 1.377 Loaded shared library C:\Users\russe\.vscode\extensions\redhat.java-1.37.0-win32-x64\jre\17.0.13-win32-x86_64\bin\net.dll
Event: 1.380 Loaded shared library C:\Users\russe\.vscode\extensions\redhat.java-1.37.0-win32-x64\jre\17.0.13-win32-x86_64\bin\nio.dll
Event: 1.390 Loaded shared library C:\Users\russe\.vscode\extensions\redhat.java-1.37.0-win32-x64\jre\17.0.13-win32-x86_64\bin\zip.dll
Event: 1.679 Loaded shared library C:\Users\russe\.vscode\extensions\redhat.java-1.37.0-win32-x64\jre\17.0.13-win32-x86_64\bin\management.dll
Event: 1.713 Loaded shared library C:\Users\russe\.vscode\extensions\redhat.java-1.37.0-win32-x64\jre\17.0.13-win32-x86_64\bin\management_ext.dll
Event: 3.011 Loaded shared library C:\Users\russe\.vscode\extensions\redhat.java-1.37.0-win32-x64\jre\17.0.13-win32-x86_64\bin\extnet.dll

Deoptimization events (20 events):
Event: 3.068 Thread 0x000002a76f946d80 Uncommon trap: trap_request=0xffffff45 fr.pc=0x000002a707b150bc relative=0x000000000000003c
Event: 3.068 Thread 0x000002a76f946d80 Uncommon trap: reason=unstable_if action=reinterpret pc=0x000002a707b150bc method=jdk.internal.misc.Unsafe.convEndian(ZI)I @ 4 c2
Event: 3.068 Thread 0x000002a76f946d80 DEOPT PACKING pc=0x000002a707b150bc sp=0x000000d25d8fd370
Event: 3.068 Thread 0x000002a76f946d80 DEOPT UNPACKING pc=0x000002a7075869a3 sp=0x000000d25d8fd308 mode 2
Event: 3.106 Thread 0x000002a76f946d80 Uncommon trap: trap_request=0xffffff45 fr.pc=0x000002a707b059c8 relative=0x0000000000000048
Event: 3.106 Thread 0x000002a76f946d80 Uncommon trap: reason=unstable_if action=reinterpret pc=0x000002a707b059c8 method=java.lang.CharacterData.of(I)Ljava/lang/CharacterData; @ 4 c2
Event: 3.106 Thread 0x000002a76f946d80 DEOPT PACKING pc=0x000002a707b059c8 sp=0x000000d25d8fe330
Event: 3.106 Thread 0x000002a76f946d80 DEOPT UNPACKING pc=0x000002a7075869a3 sp=0x000000d25d8fe2d0 mode 2
Event: 3.125 Thread 0x000002a76f946d80 Uncommon trap: trap_request=0xffffffde fr.pc=0x000002a707b09a28 relative=0x00000000000019e8
Event: 3.125 Thread 0x000002a76f946d80 Uncommon trap: reason=class_check action=maybe_recompile pc=0x000002a707b09a28 method=java.util.HashMap.putVal(ILjava/lang/Object;Ljava/lang/Object;ZZ)Ljava/lang/Object; @ 91 c2
Event: 3.126 Thread 0x000002a76f946d80 DEOPT PACKING pc=0x000002a707b09a28 sp=0x000000d25d8febd0
Event: 3.126 Thread 0x000002a76f946d80 DEOPT UNPACKING pc=0x000002a7075869a3 sp=0x000000d25d8feb38 mode 2
Event: 3.128 Thread 0x000002a76f946d80 Uncommon trap: trap_request=0xffffff45 fr.pc=0x000002a707ad1d7c relative=0x000000000000007c
Event: 3.128 Thread 0x000002a76f946d80 Uncommon trap: reason=unstable_if action=reinterpret pc=0x000002a707ad1d7c method=java.lang.String.isLatin1()Z @ 10 c2
Event: 3.128 Thread 0x000002a76f946d80 DEOPT PACKING pc=0x000002a707ad1d7c sp=0x000000d25d8ff100
Event: 3.128 Thread 0x000002a76f946d80 DEOPT UNPACKING pc=0x000002a7075869a3 sp=0x000000d25d8ff050 mode 2
Event: 3.352 Thread 0x000002a76f946d80 DEOPT PACKING pc=0x000002a7000410ab sp=0x000000d25d8fcd80
Event: 3.352 Thread 0x000002a76f946d80 DEOPT UNPACKING pc=0x000002a707587143 sp=0x000000d25d8fc220 mode 0
Event: 3.352 Thread 0x000002a76f946d80 DEOPT PACKING pc=0x000002a700050417 sp=0x000000d25d8fcc90
Event: 3.352 Thread 0x000002a76f946d80 DEOPT UNPACKING pc=0x000002a707587143 sp=0x000000d25d8fc180 mode 0

Classes loaded (20 events):
Event: 3.128 Loading class sun/nio/cs/ArrayDecoder done
Event: 3.128 Loading class sun/nio/cs/SingleByte$Decoder done
Event: 3.210 Loading class jdk/internal/loader/URLClassPath$FileLoader$1
Event: 3.210 Loading class jdk/internal/loader/Resource
Event: 3.211 Loading class jdk/internal/loader/Resource done
Event: 3.211 Loading class jdk/internal/loader/URLClassPath$FileLoader$1 done
Event: 3.211 Loading class java/lang/Package
Event: 3.215 Loading class java/lang/Package done
Event: 3.215 Loading class java/lang/Package$VersionInfo
Event: 3.216 Loading class java/lang/Package$VersionInfo done
Event: 3.226 Loading class sun/nio/ByteBuffered
Event: 3.226 Loading class sun/nio/ByteBuffered done
Event: 3.235 Loading class jdk/internal/loader/URLClassPath$JarLoader$2
Event: 3.236 Loading class jdk/internal/loader/URLClassPath$JarLoader$2 done
Event: 3.258 Loading class java/util/zip/CRC32
Event: 3.259 Loading class java/util/zip/Checksum
Event: 3.260 Loading class java/util/zip/Checksum done
Event: 3.260 Loading class java/util/zip/CRC32 done
Event: 3.260 Loading class java/util/zip/Checksum$1
Event: 3.261 Loading class java/util/zip/Checksum$1 done

Classes unloaded (0 events):
No events

Classes redefined (0 events):
No events

Internal exceptions (11 events):
Event: 1.674 Thread 0x000002a76f946d80 Exception <a 'java/lang/NoSuchMethodError'{0x00000000c64eea90}: 'java.lang.Object java.lang.invoke.DirectMethodHandle$Holder.invokeStaticInit(java.lang.Object)'> (0x00000000c64eea90) 
thrown [s\src\hotspot\share\interpreter\linkResolver.cpp, line 759]
Event: 1.748 Thread 0x000002a76f946d80 Exception <a 'java/lang/NoSuchMethodError'{0x00000000c632a090}: 'int java.lang.invoke.DirectMethodHandle$Holder.invokeInterface(java.lang.Object, java.lang.Object)'> (0x00000000c632a090) 
thrown [s\src\hotspot\share\interpreter\linkResolver.cpp, line 759]
Event: 1.749 Thread 0x000002a76f946d80 Exception <a 'java/lang/IncompatibleClassChangeError'{0x00000000c632d690}: Found class java.lang.Object, but interface was expected> (0x00000000c632d690) 
thrown [s\src\hotspot\share\interpreter\linkResolver.cpp, line 826]
Event: 1.751 Thread 0x000002a76f946d80 Exception <a 'java/lang/NoSuchMethodError'{0x00000000c6333220}: 'void java.lang.invoke.DirectMethodHandle$Holder.invokeStatic(java.lang.Object, java.lang.Object)'> (0x00000000c6333220) 
thrown [s\src\hotspot\share\interpreter\linkResolver.cpp, line 759]
Event: 1.933 Thread 0x000002a76f946d80 Exception <a 'java/lang/NoSuchMethodError'{0x00000000c62015f0}: 'int java.lang.invoke.DirectMethodHandle$Holder.invokeSpecial(java.lang.Object, java.lang.Object, java.lang.Object)'> (0x00000000c62015f0) 
thrown [s\src\hotspot\share\interpreter\linkResolver.cpp, line 759]
Event: 2.389 Thread 0x000002a76f946d80 Exception <a 'java/lang/NoSuchMethodError'{0x00000000c610e458}: 'void java.lang.invoke.DirectMethodHandle$Holder.invokeStatic(java.lang.Object, java.lang.Object, java.lang.Object)'> (0x00000000c610e458) 
thrown [s\src\hotspot\share\interpreter\linkResolver.cpp, line 759]
Event: 2.508 Thread 0x000002a76f946d80 Exception <a 'java/lang/NoSuchMethodError'{0x00000000c6158798}: 'int java.lang.invoke.DirectMethodHandle$Holder.invokeSpecialIFC(java.lang.Object, java.lang.Object, java.lang.Object)'> (0x00000000c6158798) 
thrown [s\src\hotspot\share\interpreter\linkResolver.cpp, line 759]
Event: 2.572 Thread 0x000002a76f946d80 Exception <a 'java/lang/NoSuchMethodError'{0x00000000c61d08f0}: 'java.lang.Object java.lang.invoke.DirectMethodHandle$Holder.invokeStaticInit(java.lang.Object, int, int, int, int)'> (0x00000000c61d08f0) 
thrown [s\src\hotspot\share\interpreter\linkResolver.cpp, line 759]
Event: 2.766 Thread 0x000002a76f946d80 Exception <a 'java/lang/NoSuchMethodError'{0x00000000c60bb080}: 'java.lang.Object java.lang.invoke.DirectMethodHandle$Holder.invokeStaticInit(java.lang.Object, java.lang.Object, int, int, int, int)'> (0x00000000c60bb080) 
thrown [s\src\hotspot\share\interpreter\linkResolver.cpp, line 759]
Event: 2.974 Thread 0x000002a76f946d80 Exception <a 'java/lang/ClassNotFoundException'{0x00000000c60d6740}: javax/management/remote/rmi/RMIServerImpl_Skel> (0x00000000c60d6740) 
thrown [s\src\hotspot\share\classfile\systemDictionary.cpp, line 256]
Event: 3.110 Thread 0x000002a76f946d80 Exception <a 'java/lang/ClassNotFoundException'{0x00000000c5e2d658}: jdk/internal/agent/resources/spi/agentProvider> (0x00000000c5e2d658) 
thrown [s\src\hotspot\share\classfile\systemDictionary.cpp, line 256]

VM Operations (12 events):
Event: 0.317 Executing VM operation: HandshakeAllThreads
Event: 0.318 Executing VM operation: HandshakeAllThreads done
Event: 0.382 Executing VM operation: ChangeBreakpoints
Event: 0.383 Executing VM operation: ChangeBreakpoints done
Event: 2.406 Executing VM operation: Cleanup
Event: 2.422 Executing VM operation: Cleanup done
Event: 2.449 Executing VM operation: HandshakeAllThreads
Event: 2.449 Executing VM operation: HandshakeAllThreads done
Event: 2.544 Executing VM operation: HandshakeAllThreads
Event: 2.544 Executing VM operation: HandshakeAllThreads done
Event: 3.107 Executing VM operation: HandshakeAllThreads
Event: 3.107 Executing VM operation: HandshakeAllThreads done

Memory protections (0 events):
No events

Nmethod flushes (0 events):
No events

Events (18 events):
Event: 0.076 Thread 0x000002a76f946d80 Thread added: 0x000002a76f946d80
Event: 0.093 Thread 0x000002a76f946d80 Thread added: 0x000002a7796ec030
Event: 0.093 Thread 0x000002a76f946d80 Thread added: 0x000002a7796ecdc0
Event: 0.132 Thread 0x000002a76f946d80 Thread added: 0x000002a779730010
Event: 0.132 Thread 0x000002a76f946d80 Thread added: 0x000002a779730ae0
Event: 0.133 Thread 0x000002a76f946d80 Thread added: 0x000002a7797333c0
Event: 0.133 Thread 0x000002a76f946d80 Thread added: 0x000002a779733c90
Event: 0.133 Thread 0x000002a76f946d80 Thread added: 0x000002a77973c8a0
Event: 0.133 Thread 0x000002a76f946d80 Thread added: 0x000002a7797436d0
Event: 0.134 Thread 0x000002a76f946d80 Thread added: 0x000002a779745ff0
Event: 0.291 Thread 0x000002a76f946d80 Thread added: 0x000002a779671dc0
Event: 0.372 Thread 0x000002a76f946d80 Thread added: 0x000002a779aec1c0
Event: 0.372 Thread 0x000002a76f946d80 Thread added: 0x000002a779b69950
Event: 0.382 Thread 0x000002a779aec1c0 Thread added: 0x000002a779b6c050
Event: 1.311 Thread 0x000002a76f946d80 Thread added: 0x000002a779b6c740
Event: 3.020 Thread 0x000002a76f946d80 Thread added: 0x000002a77e2f7070
Event: 3.046 Thread 0x000002a76f946d80 Thread added: 0x000002a77e2f7550
Event: 3.126 Thread 0x000002a76f946d80 Thread added: 0x000002a77e453af0


Dynamic libraries:
0x00007ff6edce0000 - 0x00007ff6edcee000 	C:\Users\russe\.vscode\extensions\redhat.java-1.37.0-win32-x64\jre\17.0.13-win32-x86_64\bin\java.exe
0x00007ff8de550000 - 0x00007ff8de767000 	C:\WINDOWS\SYSTEM32\ntdll.dll
0x00007ff8dc690000 - 0x00007ff8dc754000 	C:\WINDOWS\System32\KERNEL32.DLL
0x00007ff8db850000 - 0x00007ff8dbc09000 	C:\WINDOWS\System32\KERNELBASE.dll
0x00007ff8dbcb0000 - 0x00007ff8dbdc1000 	C:\WINDOWS\System32\ucrtbase.dll
0x00007ff8abbe0000 - 0x00007ff8abbfe000 	C:\Users\russe\.vscode\extensions\redhat.java-1.37.0-win32-x64\jre\17.0.13-win32-x86_64\bin\VCRUNTIME140.dll
0x00007ff8abe30000 - 0x00007ff8abe47000 	C:\Users\russe\.vscode\extensions\redhat.java-1.37.0-win32-x64\jre\17.0.13-win32-x86_64\bin\jli.dll
0x00007ff8dc270000 - 0x00007ff8dc41e000 	C:\WINDOWS\System32\USER32.dll
0x00007ff8bc520000 - 0x00007ff8bc7b2000 	C:\WINDOWS\WinSxS\amd64_microsoft.windows.common-controls_6595b64144ccf1df_6.0.22621.4391_none_2715d37f73803e96\COMCTL32.dll
0x00007ff8dbe80000 - 0x00007ff8dbea6000 	C:\WINDOWS\System32\win32u.dll
0x00007ff8dc930000 - 0x00007ff8dc959000 	C:\WINDOWS\System32\GDI32.dll
0x00007ff8dd6b0000 - 0x00007ff8dd757000 	C:\WINDOWS\System32\msvcrt.dll
0x00007ff8dc0e0000 - 0x00007ff8dc1fb000 	C:\WINDOWS\System32\gdi32full.dll
0x00007ff8dbc10000 - 0x00007ff8dbcaa000 	C:\WINDOWS\System32\msvcp_win.dll
0x00007ff8dd670000 - 0x00007ff8dd6a1000 	C:\WINDOWS\System32\IMM32.DLL
0x00007ff8d1590000 - 0x00007ff8d159c000 	C:\Users\russe\.vscode\extensions\redhat.java-1.37.0-win32-x64\jre\17.0.13-win32-x86_64\bin\vcruntime140_1.dll
0x00007ff89c5e0000 - 0x00007ff89c66d000 	C:\Users\russe\.vscode\extensions\redhat.java-1.37.0-win32-x64\jre\17.0.13-win32-x86_64\bin\msvcp140.dll
0x00007ff85c550000 - 0x00007ff85d1bb000 	C:\Users\russe\.vscode\extensions\redhat.java-1.37.0-win32-x64\jre\17.0.13-win32-x86_64\bin\server\jvm.dll
0x00007ff8dd800000 - 0x00007ff8dd8b2000 	C:\WINDOWS\System32\ADVAPI32.dll
0x00007ff8ddda0000 - 0x00007ff8dde47000 	C:\WINDOWS\System32\sechost.dll
0x00007ff8dbdd0000 - 0x00007ff8dbdf8000 	C:\WINDOWS\System32\bcrypt.dll
0x00007ff8dc500000 - 0x00007ff8dc614000 	C:\WINDOWS\System32\RPCRT4.dll
0x00007ff8ddf50000 - 0x00007ff8ddfc1000 	C:\WINDOWS\System32\WS2_32.dll
0x00007ff8db730000 - 0x00007ff8db77d000 	C:\WINDOWS\SYSTEM32\POWRPROF.dll
0x00007ff8cefe0000 - 0x00007ff8cefea000 	C:\WINDOWS\SYSTEM32\VERSION.dll
0x00007ff8d1230000 - 0x00007ff8d1264000 	C:\WINDOWS\SYSTEM32\WINMM.dll
0x00007ff8db700000 - 0x00007ff8db713000 	C:\WINDOWS\SYSTEM32\UMPDC.dll
0x00007ff8da850000 - 0x00007ff8da868000 	C:\WINDOWS\SYSTEM32\kernel.appcore.dll
0x00007ff8cfca0000 - 0x00007ff8cfcaa000 	C:\Users\russe\.vscode\extensions\redhat.java-1.37.0-win32-x64\jre\17.0.13-win32-x86_64\bin\jimage.dll
0x00007ff8d9d20000 - 0x00007ff8d9f52000 	C:\WINDOWS\SYSTEM32\DBGHELP.DLL
0x00007ff8de020000 - 0x00007ff8de3af000 	C:\WINDOWS\System32\combase.dll
0x00007ff8dc420000 - 0x00007ff8dc4f7000 	C:\WINDOWS\System32\OLEAUT32.dll
0x00007ff8af6e0000 - 0x00007ff8af712000 	C:\WINDOWS\SYSTEM32\dbgcore.DLL
0x00007ff8dbe00000 - 0x00007ff8dbe7b000 	C:\WINDOWS\System32\bcryptPrimitives.dll
0x00007ff88a6b0000 - 0x00007ff88a6eb000 	C:\Users\russe\.vscode\extensions\redhat.java-1.37.0-win32-x64\jre\17.0.13-win32-x86_64\bin\jdwp.dll
0x00007ff89fad0000 - 0x00007ff89faf5000 	C:\Users\russe\.vscode\extensions\redhat.java-1.37.0-win32-x64\jre\17.0.13-win32-x86_64\bin\java.dll
0x00007ff8ab2d0000 - 0x00007ff8ab2e8000 	C:\Users\russe\.vscode\extensions\redhat.java-1.37.0-win32-x64\jre\17.0.13-win32-x86_64\bin\zip.dll
0x00007ff8dc960000 - 0x00007ff8dd1d6000 	C:\WINDOWS\System32\SHELL32.dll
0x00007ff8d9330000 - 0x00007ff8d9c33000 	C:\WINDOWS\SYSTEM32\windows.storage.dll
0x00007ff8d91f0000 - 0x00007ff8d932f000 	C:\WINDOWS\SYSTEM32\wintypes.dll
0x00007ff8ddc10000 - 0x00007ff8ddd09000 	C:\WINDOWS\System32\SHCORE.dll
0x00007ff8dc620000 - 0x00007ff8dc67e000 	C:\WINDOWS\System32\shlwapi.dll
0x00007ff8db780000 - 0x00007ff8db7ab000 	C:\WINDOWS\SYSTEM32\profapi.dll
0x00007ff8b8de0000 - 0x00007ff8b8dec000 	C:\Users\russe\.vscode\extensions\redhat.java-1.37.0-win32-x64\jre\17.0.13-win32-x86_64\bin\dt_socket.dll
0x00007ff8da2c0000 - 0x00007ff8da2ed000 	C:\WINDOWS\SYSTEM32\IPHLPAPI.DLL
0x00007ff8dacc0000 - 0x00007ff8dad29000 	C:\WINDOWS\system32\mswsock.dll
0x00007ff8da340000 - 0x00007ff8da442000 	C:\WINDOWS\SYSTEM32\DNSAPI.dll
0x00007ff8dd7e0000 - 0x00007ff8dd7e9000 	C:\WINDOWS\System32\NSI.dll
0x00007ff8cf060000 - 0x00007ff8cf06a000 	C:\Windows\System32\rasadhlp.dll
0x00007ff8cf7b0000 - 0x00007ff8cf833000 	C:\WINDOWS\System32\fwpuclnt.dll
0x00007ff8ab250000 - 0x00007ff8ab269000 	C:\Users\russe\.vscode\extensions\redhat.java-1.37.0-win32-x64\jre\17.0.13-win32-x86_64\bin\net.dll
0x00007ff8d0d20000 - 0x00007ff8d0e56000 	C:\WINDOWS\SYSTEM32\WINHTTP.dll
0x00007ff8a9980000 - 0x00007ff8a9996000 	C:\Users\russe\.vscode\extensions\redhat.java-1.37.0-win32-x64\jre\17.0.13-win32-x86_64\bin\nio.dll
0x00007ff8d3e80000 - 0x00007ff8d3e8a000 	C:\Users\russe\.vscode\extensions\redhat.java-1.37.0-win32-x64\jre\17.0.13-win32-x86_64\bin\management.dll
0x00007ff8d31c0000 - 0x00007ff8d31cb000 	C:\Users\russe\.vscode\extensions\redhat.java-1.37.0-win32-x64\jre\17.0.13-win32-x86_64\bin\management_ext.dll
0x00007ff8dd1e0000 - 0x00007ff8dd1e8000 	C:\WINDOWS\System32\PSAPI.DLL
0x00007ff8cfc80000 - 0x00007ff8cfc97000 	C:\WINDOWS\system32\napinsp.dll
0x00007ff8cfc60000 - 0x00007ff8cfc7b000 	C:\WINDOWS\system32\pnrpnsp.dll
0x00007ff8cfc40000 - 0x00007ff8cfc51000 	C:\WINDOWS\System32\winrnr.dll
0x00007ff8a80b0000 - 0x00007ff8a80c5000 	C:\WINDOWS\system32\wshbth.dll
0x00007ff8cfc10000 - 0x00007ff8cfc37000 	C:\WINDOWS\system32\nlansp_c.dll
0x00007ff8db170000 - 0x00007ff8db18b000 	C:\WINDOWS\SYSTEM32\CRYPTSP.dll
0x00007ff8da7b0000 - 0x00007ff8da7e5000 	C:\WINDOWS\system32\rsaenh.dll
0x00007ff8dad60000 - 0x00007ff8dad88000 	C:\WINDOWS\SYSTEM32\USERENV.dll
0x00007ff8daff0000 - 0x00007ff8daffc000 	C:\WINDOWS\SYSTEM32\CRYPTBASE.dll
0x00007ff8d0cd0000 - 0x00007ff8d0ce9000 	C:\WINDOWS\SYSTEM32\dhcpcsvc6.DLL
0x00007ff8d0cb0000 - 0x00007ff8d0ccf000 	C:\WINDOWS\SYSTEM32\dhcpcsvc.DLL
0x00007ff8bf2a0000 - 0x00007ff8bf2a9000 	C:\Users\russe\.vscode\extensions\redhat.java-1.37.0-win32-x64\jre\17.0.13-win32-x86_64\bin\extnet.dll

dbghelp: loaded successfully - version: 4.0.5 - missing functions: none
symbol engine: initialized successfully - sym options: 0x614 - pdb path: .;C:\Users\russe\.vscode\extensions\redhat.java-1.37.0-win32-x64\jre\17.0.13-win32-x86_64\bin;C:\WINDOWS\SYSTEM32;C:\WINDOWS\WinSxS\amd64_microsoft.windows.common-controls_6595b64144ccf1df_6.0.22621.4391_none_2715d37f73803e96;C:\Users\russe\.vscode\extensions\redhat.java-1.37.0-win32-x64\jre\17.0.13-win32-x86_64\bin\server

VM Arguments:
jvm_args: -agentlib:jdwp=transport=dt_socket,server=n,suspend=y,address=localhost:64014 -XX:+ShowCodeDetailsInExceptionMessages -Dspring.jmx.enabled=true -Dmanagement.endpoints.jmx.exposure.include=* -Dspring.application.admin.enabled=true -Dspring.boot.project.name=lavanderia -Djava.rmi.server.hostname=localhost -Dcom.sun.management.jmxremote.port=45556 -Dcom.sun.management.jmxremote.authenticate=false -Dcom.sun.management.jmxremote.ssl=false 
java_command: com.laundry.lavanderia.LavanderiaApplication
java_class_path (initial): C:\Users\russe\OneDrive\Escritorio\Documentos\Netbeans-Project\Java-web\lavanderia\target\classes;C:\Users\russe\.m2\repository\org\springframework\boot\spring-boot-starter-actuator\3.4.0\spring-boot-starter-actuator-3.4.0.jar;C:\Users\russe\.m2\repository\org\springframework\boot\spring-boot-starter\3.4.0\spring-boot-starter-3.4.0.jar;C:\Users\russe\.m2\repository\org\springframework\boot\spring-boot-starter-logging\3.4.0\spring-boot-starter-logging-3.4.0.jar;C:\Users\russe\.m2\repository\ch\qos\logback\logback-classic\1.5.12\logback-classic-1.5.12.jar;C:\Users\russe\.m2\repository\ch\qos\logback\logback-core\1.5.12\logback-core-1.5.12.jar;C:\Users\russe\.m2\repository\org\apache\logging\log4j\log4j-to-slf4j\2.24.1\log4j-to-slf4j-2.24.1.jar;C:\Users\russe\.m2\repository\org\apache\logging\log4j\log4j-api\2.24.1\log4j-api-2.24.1.jar;C:\Users\russe\.m2\repository\org\slf4j\jul-to-slf4j\2.0.16\jul-to-slf4j-2.0.16.jar;C:\Users\russe\.m2\repository\jakarta\annotation\jakarta.annotation-api\2.1.1\jakarta.annotation-api-2.1.1.jar;C:\Users\russe\.m2\repository\org\yaml\snakeyaml\2.3\snakeyaml-2.3.jar;C:\Users\russe\.m2\repository\org\springframework\boot\spring-boot-actuator-autoconfigure\3.4.0\spring-boot-actuator-autoconfigure-3.4.0.jar;C:\Users\russe\.m2\repository\org\springframework\boot\spring-boot-actuator\3.4.0\spring-boot-actuator-3.4.0.jar;C:\Users\russe\.m2\repository\com\fasterxml\jackson\core\jackson-databind\2.18.1\jackson-databind-2.18.1.jar;C:\Users\russe\.m2\repository\com\fasterxml\jackson\core\jackson-annotations\2.18.1\jackson-annotations-2.18.1.jar;C:\Users\russe\.m2\repository\com\fasterxml\jackson\core\jackson-core\2.18.1\jackson-core-2.18.1.jar;C:\Users\russe\.m2\repository\com\fasterxml\jackson\datatype\jackson-datatype-jsr310\2.18.1\jackson-datatype-jsr310-2.18.1.jar;C:\Users\russe\.m2\repository\io\micrometer\micrometer-observation\1.14.1\micrometer-observation-1.14.1.jar;C:\Users\russe\.m2\repository\io\micrometer\mi
Launcher Type: SUN_STANDARD

[Global flags]
     intx CICompilerCount                          = 4                                         {product} {ergonomic}
     uint ConcGCThreads                            = 2                                         {product} {ergonomic}
     uint G1ConcRefinementThreads                  = 8                                         {product} {ergonomic}
   size_t G1HeapRegionSize                         = 1048576                                   {product} {ergonomic}
    uintx GCDrainStackTargetSize                   = 64                                        {product} {ergonomic}
   size_t InitialHeapSize                          = 65011712                                  {product} {ergonomic}
     bool ManagementServer                         = true                                      {product} {command line}
   size_t MarkStackSize                            = 4194304                                   {product} {ergonomic}
   size_t MaxHeapSize                              = 1027604480                                {product} {ergonomic}
   size_t MaxNewSize                               = 616562688                                 {product} {ergonomic}
   size_t MinHeapDeltaBytes                        = 1048576                                   {product} {ergonomic}
   size_t MinHeapSize                              = 8388608                                   {product} {ergonomic}
    uintx NonNMethodCodeHeapSize                   = 5839372                                {pd product} {ergonomic}
    uintx NonProfiledCodeHeapSize                  = 122909434                              {pd product} {ergonomic}
    uintx ProfiledCodeHeapSize                     = 122909434                              {pd product} {ergonomic}
    uintx ReservedCodeCacheSize                    = 251658240                              {pd product} {ergonomic}
     bool SegmentedCodeCache                       = true                                      {product} {ergonomic}
     bool ShowCodeDetailsInExceptionMessages       = true                                   {manageable} {command line}
   size_t SoftMaxHeapSize                          = 1027604480                             {manageable} {ergonomic}
     bool UseCompressedClassPointers               = true                           {product lp64_product} {ergonomic}
     bool UseCompressedOops                        = true                           {product lp64_product} {ergonomic}
     bool UseG1GC                                  = true                                      {product} {ergonomic}
     bool UseLargePagesIndividualAllocation        = false                                  {pd product} {ergonomic}

Logging:
Log output configuration:
 #0: stdout all=warning uptime,level,tags
 #1: stderr all=off uptime,level,tags

Environment Variables:
PATH=C:\Program Files\PowerShell\7;C:\Program Files\Eclipse Adoptium\jdk-21.0.5.11-hotspot\bin;C:\app\russe\product\21c\dbhomeXE\bin;C:\Python312\Scripts\;C:\Python312\;C:\Program Files\Common Files\Oracle\Java\javapath;C:\WINDOWS\system32;C:\WINDOWS;C:\WINDOWS\System32\Wbem;C:\WINDOWS\System32\WindowsPowerShell\v1.0\;C:\WINDOWS\System32\OpenSSH\;C:\Program Files (x86)\Intel\Intel(R) Management Engine Components\DAL;C:\Program Files\Intel\Intel(R) Management Engine Components\DAL;C:\Program Files\Azure Data Studio\bin;C:\Program Files (x86)\Microsoft SQL Server\160\Tools\Binn\;C:\Program Files\Microsoft SQL Server\160\Tools\Binn\;C:\Program Files\Microsoft SQL Server\Client SDK\ODBC\170\Tools\Binn\;C:\Program Files\Microsoft SQL Server\160\DTS\Binn\;C:\Program Files\dotnet\;C:\Program Files (x86)\Microsoft SQL Server\150\Tools\Binn\;C:\Program Files\Microsoft SQL Server\150\Tools\Binn\;C:\Program Files\Microsoft SQL Server\150\DTS\Binn\;C:\Program Files (x86)\Microsoft SQL Server\160\DTS\Binn\;C:\Program Files\PowerShell\7\;C:\ProgramData\chocolatey\bin;C:\Program Files\Git\cmd;C:\Users\russe\AppData\Local\Microsoft\WindowsApps;C:\Program Files\Azure Data Studio\bin;C:\Users\russe\.dotnet\tools;C:\Program Files\Java\Java3D\1.5.1\bin;C:\Users\russe\AppData\Local\Programs\Microsoft VS Code\bin
USERNAME=russe
LANG=en_US.UTF-8
OS=Windows_NT
PROCESSOR_IDENTIFIER=Intel64 Family 6 Model 142 Stepping 11, GenuineIntel
TMP=C:\Users\russe\AppData\Local\Temp
TEMP=C:\Users\russe\AppData\Local\Temp



Periodic native trim disabled


---------------  S Y S T E M  ---------------

OS:
 Windows 11 , 64 bit Build 22621 (10.0.22621.4391)
OS uptime: 1 days 1:32 hours
Hyper-V role detected

CPU: total 8 (initial active 8) (4 cores per cpu, 2 threads per core) family 6 model 142 stepping 11 microcode 0xde, cx8, cmov, fxsr, ht, mmx, 3dnowpref, sse, sse2, sse3, ssse3, sse4.1, sse4.2, popcnt, lzcnt, tsc, tscinvbit, avx, avx2, aes, erms, clmul, bmi1, bmi2, adx, fma, vzeroupper, clflush, clflushopt, hv
Processor Information for processor 0
  Max Mhz: 1800, Current Mhz: 1500, Mhz Limit: 1584
Processor Information for processor 1
  Max Mhz: 1800, Current Mhz: 1500, Mhz Limit: 1584
Processor Information for processor 2
  Max Mhz: 1800, Current Mhz: 1500, Mhz Limit: 1584
Processor Information for processor 3
  Max Mhz: 1800, Current Mhz: 1500, Mhz Limit: 1584
Processor Information for processor 4
  Max Mhz: 1800, Current Mhz: 1600, Mhz Limit: 1584
Processor Information for processor 5
  Max Mhz: 1800, Current Mhz: 1600, Mhz Limit: 1584
Processor Information for processor 6
  Max Mhz: 1800, Current Mhz: 1600, Mhz Limit: 1584
Processor Information for processor 7
  Max Mhz: 1800, Current Mhz: 1500, Mhz Limit: 1584

Memory: 4k page, system-wide physical 3917M (213M free)
TotalPageFile size 11917M (AvailPageFile size 7M)
current process WorkingSet (physical memory assigned to process): 62M, peak: 62M
current process commit charge ("private bytes"): 150M, peak: 150M

vm_info: OpenJDK 64-Bit Server VM (17.0.13+11) for windows-amd64 JRE (17.0.13+11), built on Oct 16 2024 00:10:08 by "admin" with MS VC++ 17.7 (VS2022)

END.
