#
# There is insufficient memory for the Java Runtime Environment to continue.
# Native memory allocation (malloc) failed to allocate 884016 bytes. Error detail: Chunk::new
# Possible reasons:
#   The system is out of physical RAM or swap space
#   This process is running with CompressedOops enabled, and the Java Heap may be blocking the growth of the native heap
# Possible solutions:
#   Reduce memory load on the system
#   Increase physical memory or swap space
#   Check if swap backing store is full
#   Decrease Java heap size (-Xmx/-Xms)
#   Decrease number of Java threads
#   Decrease Java thread stack sizes (-Xss)
#   Set larger code cache with -XX:ReservedCodeCacheSize=
#   JVM is running with Unscaled Compressed Oops mode in which the Java heap is
#     placed in the first 4GB address space. The Java Heap base address is the
#     maximum limit for the native heap growth. Please use -XX:HeapBaseMinAddress
#     to set the Java Heap base and to place the Java Heap above 4GB virtual address.
# This output file may be truncated or incomplete.
#
#  Out of Memory Error (arena.cpp:191), pid=9776, tid=10460
#
# JRE version: OpenJDK Runtime Environment Temurin-17.0.13+11 (17.0.13+11) (build 17.0.13+11)
# Java VM: OpenJDK 64-Bit Server VM Temurin-17.0.13+11 (17.0.13+11, mixed mode, tiered, compressed oops, compressed class ptrs, parallel gc, windows-amd64)
# No core dump will be written. Minidumps are not enabled by default on client versions of Windows
#

---------------  S U M M A R Y ------------

Command Line: --add-modules=ALL-SYSTEM --add-opens=java.base/java.util=ALL-UNNAMED --add-opens=java.base/java.lang=ALL-UNNAMED --add-opens=java.base/sun.nio.fs=ALL-UNNAMED -Declipse.application=org.eclipse.jdt.ls.core.id1 -Dosgi.bundles.defaultStartLevel=4 -Declipse.product=org.eclipse.jdt.ls.core.product -Djava.import.generatesMetadataFilesAtProjectRoot=false -DDetectVMInstallationsJob.disabled=true -Dfile.encoding=utf8 -XX:+UseParallelGC -XX:GCTimeRatio=4 -XX:AdaptiveSizePolicyWeight=90 -Dsun.zip.disableMemoryMapping=true -Xmx1G -Xms100m -Xlog:disable -javaagent:c:\Users\russe\.vscode\extensions\redhat.java-1.37.0-win32-x64\lombok\lombok-1.18.34.jar -XX:+HeapDumpOnOutOfMemoryError -XX:HeapDumpPath=c:\Users\russe\AppData\Roaming\Code\User\workspaceStorage\4fb0ec10d9468569eff1f30371c4b890\redhat.java -Daether.dependencyCollector.impl=bf c:\Users\russe\.vscode\extensions\redhat.java-1.37.0-win32-x64\server\plugins\org.eclipse.equinox.launcher_1.6.900.v20240613-2009.jar -configuration c:\Users\russe\AppData\Roaming\Code\User\globalStorage\redhat.java\1.37.0\config_win -data c:\Users\russe\AppData\Roaming\Code\User\workspaceStorage\4fb0ec10d9468569eff1f30371c4b890\redhat.java\jdt_ws --pipe=\\.\pipe\lsp-e0a669c54bb7af733660f397f78ea0e3-sock

Host: Intel(R) Core(TM) i5-8265U CPU @ 1.60GHz, 8 cores, 3G,  Windows 11 , 64 bit Build 22621 (10.0.22621.4391)
Time: Mon Dec  2 16:35:27 2024 Hora est. Pacífico, Sudamérica elapsed time: 75.075508 seconds (0d 0h 1m 15s)

---------------  T H R E A D  ---------------

Current thread (0x000002709d4c2780):  JavaThread "C2 CompilerThread0" daemon [_thread_in_native, id=10460, stack(0x000000e80d100000,0x000000e80d200000)]


Current CompileTask:
C2:  75075 10343   !   4       org.eclipse.jdt.internal.core.search.indexing.BinaryIndexer::indexDocument (1157 bytes)

Stack: [0x000000e80d100000,0x000000e80d200000]
Native frames: (J=compiled Java code, j=interpreted, Vv=VM code, C=native code)
V  [jvm.dll+0x682a19]
V  [jvm.dll+0x839538]
V  [jvm.dll+0x83afe3]
V  [jvm.dll+0x83b653]
V  [jvm.dll+0x24704f]
V  [jvm.dll+0xace34]
V  [jvm.dll+0xad4cc]
V  [jvm.dll+0x2ac84f]
V  [jvm.dll+0x588a79]
V  [jvm.dll+0x220ea2]
V  [jvm.dll+0x22129f]
V  [jvm.dll+0x21a2b0]
V  [jvm.dll+0x21738b]
V  [jvm.dll+0x1a3070]
V  [jvm.dll+0x22788c]
V  [jvm.dll+0x2259eb]
V  [jvm.dll+0x7eec98]
V  [jvm.dll+0x7e8ffc]
V  [jvm.dll+0x6818f7]
C  [ucrtbase.dll+0x29333]
C  [KERNEL32.DLL+0x1259d]
C  [ntdll.dll+0x5af38]


---------------  P R O C E S S  ---------------

Threads class SMR info:
_java_thread_list=0x00000270a0444210, length=67, elements={
0x000002708459d5e0, 0x0000027098423020, 0x0000027098424600, 0x000002709d4be630,
0x000002709d4bf910, 0x000002709842cd70, 0x000002709d4a5610, 0x000002709d4c2780,
0x000002709d4c34c0, 0x000002709d4c4590, 0x000002709d4a6f60, 0x000002709d4a5b20,
0x000002709d4a6030, 0x000002709d4a6a50, 0x000002709d4a7470, 0x000002709d4a7980,
0x000002709d4a41d0, 0x000002709d4a46e0, 0x000002709e9e0ee0, 0x000002709e9e13f0,
0x000002709e9e1900, 0x000002709e9e64f0, 0x000002709e9e09d0, 0x000002709e9e5ad0,
0x000002709e9e5fe0, 0x000002709e9e04c0, 0x000002709e9e6a00, 0x000002709e9e6f10,
0x000002709e9e4180, 0x000002709e9e3250, 0x000002709e9e7420, 0x000002709e9e3c70,
0x000002709e9e2d40, 0x000002709e9dffb0, 0x000002709e9e1e10, 0x000002709e9e50b0,
0x000002709e9e2320, 0x000002709e9e2830, 0x000002709e9e4690, 0x000002709e9e4ba0,
0x000002709e9e7930, 0x000002709e9e55c0, 0x000002709d4a5100, 0x00000270a1ef2e90,
0x00000270a1ef6130, 0x00000270a1ef2470, 0x00000270a1ef3dc0, 0x00000270a1ef42d0,
0x00000270a1ef7a80, 0x00000270a1ef47e0, 0x00000270a1ef4cf0, 0x00000270a1ef5200,
0x00000270a1ef5710, 0x00000270a1ef33a0, 0x00000270a1ef38b0, 0x00000270a1ef5c20,
0x00000270a1ef7570, 0x00000270a1ef6640, 0x00000270a1ef6b50, 0x00000270a1ef2980,
0x00000270a1ef84a0, 0x00000270a1ef89b0, 0x00000270a1ef1540, 0x00000270a1ef8ec0,
0x00000270a1ef1a50, 0x00000270a1ef1f60, 0x00000270a1358f30
}

Java Threads: ( => current thread )
  0x000002708459d5e0 JavaThread "main" [_thread_blocked, id=7032, stack(0x000000e80c800000,0x000000e80c900000)]
  0x0000027098423020 JavaThread "Reference Handler" daemon [_thread_blocked, id=3900, stack(0x000000e80cb00000,0x000000e80cc00000)]
  0x0000027098424600 JavaThread "Finalizer" daemon [_thread_blocked, id=9928, stack(0x000000e80cc00000,0x000000e80cd00000)]
  0x000002709d4be630 JavaThread "Signal Dispatcher" daemon [_thread_blocked, id=11608, stack(0x000000e80cd00000,0x000000e80ce00000)]
  0x000002709d4bf910 JavaThread "Attach Listener" daemon [_thread_blocked, id=12524, stack(0x000000e80ce00000,0x000000e80cf00000)]
  0x000002709842cd70 JavaThread "Service Thread" daemon [_thread_blocked, id=9176, stack(0x000000e80cf00000,0x000000e80d000000)]
  0x000002709d4a5610 JavaThread "Monitor Deflation Thread" daemon [_thread_blocked, id=15600, stack(0x000000e80d000000,0x000000e80d100000)]
=>0x000002709d4c2780 JavaThread "C2 CompilerThread0" daemon [_thread_in_native, id=10460, stack(0x000000e80d100000,0x000000e80d200000)]
  0x000002709d4c34c0 JavaThread "C1 CompilerThread0" daemon [_thread_blocked, id=18264, stack(0x000000e80d200000,0x000000e80d300000)]
  0x000002709d4c4590 JavaThread "Sweeper thread" daemon [_thread_blocked, id=12588, stack(0x000000e80d300000,0x000000e80d400000)]
  0x000002709d4a6f60 JavaThread "Common-Cleaner" daemon [_thread_blocked, id=2352, stack(0x000000e80d400000,0x000000e80d500000)]
  0x000002709d4a5b20 JavaThread "Notification Thread" daemon [_thread_blocked, id=5824, stack(0x000000e80d500000,0x000000e80d600000)]
  0x000002709d4a6030 JavaThread "Active Thread: Equinox Container: 56d2816f-f2a1-4f36-98fa-e8e08e2c478a" [_thread_blocked, id=7252, stack(0x000000e80dd00000,0x000000e80de00000)]
  0x000002709d4a6a50 JavaThread "Refresh Thread: Equinox Container: 56d2816f-f2a1-4f36-98fa-e8e08e2c478a" daemon [_thread_blocked, id=10620, stack(0x000000e80de00000,0x000000e80df00000)]
  0x000002709d4a7470 JavaThread "Framework Event Dispatcher: Equinox Container: 56d2816f-f2a1-4f36-98fa-e8e08e2c478a" daemon [_thread_blocked, id=3572, stack(0x000000e80df00000,0x000000e80e000000)]
  0x000002709d4a7980 JavaThread "Start Level: Equinox Container: 56d2816f-f2a1-4f36-98fa-e8e08e2c478a" daemon [_thread_blocked, id=11044, stack(0x000000e80e000000,0x000000e80e100000)]
  0x000002709d4a41d0 JavaThread "Bundle File Closer" daemon [_thread_blocked, id=11756, stack(0x000000e80e200000,0x000000e80e300000)]
  0x000002709d4a46e0 JavaThread "SCR Component Actor" daemon [_thread_blocked, id=13620, stack(0x000000e80e300000,0x000000e80e400000)]
  0x000002709e9e0ee0 JavaThread "Worker-JM" [_thread_blocked, id=10632, stack(0x000000e80e500000,0x000000e80e600000)]
  0x000002709e9e13f0 JavaThread "JNA Cleaner" daemon [_thread_blocked, id=12668, stack(0x000000e80e600000,0x000000e80e700000)]
  0x000002709e9e1900 JavaThread "Worker-0" [_thread_blocked, id=1724, stack(0x000000e80e700000,0x000000e80e800000)]
  0x000002709e9e64f0 JavaThread "Worker-1: Send Classpath Notifications" [_thread_blocked, id=14520, stack(0x000000e80e800000,0x000000e80e900000)]
  0x000002709e9e09d0 JavaThread "Worker-2: Initialize workspace" [_thread_in_Java, id=9424, stack(0x000000e80e900000,0x000000e80ea00000)]
  0x000002709e9e5ad0 JavaThread "Java indexing" daemon [_thread_in_native, id=13676, stack(0x000000e80ea00000,0x000000e80eb00000)]
  0x000002709e9e5fe0 JavaThread "Worker-3" [_thread_blocked, id=2624, stack(0x000000e80eb00000,0x000000e80ec00000)]
  0x000002709e9e04c0 JavaThread "Worker-4: Java indexing... " [_thread_blocked, id=11700, stack(0x000000e80ec00000,0x000000e80ed00000)]
  0x000002709e9e6a00 JavaThread "Thread-2" daemon [_thread_in_native, id=1584, stack(0x000000e80ef00000,0x000000e80f000000)]
  0x000002709e9e6f10 JavaThread "Thread-3" daemon [_thread_in_native, id=6876, stack(0x000000e80f000000,0x000000e80f100000)]
  0x000002709e9e4180 JavaThread "Thread-4" daemon [_thread_in_native, id=13868, stack(0x000000e80f100000,0x000000e80f200000)]
  0x000002709e9e3250 JavaThread "Thread-5" daemon [_thread_in_native, id=8040, stack(0x000000e80f200000,0x000000e80f300000)]
  0x000002709e9e7420 JavaThread "Thread-6" daemon [_thread_in_native, id=8516, stack(0x000000e80f300000,0x000000e80f400000)]
  0x000002709e9e3c70 JavaThread "Thread-7" daemon [_thread_in_native, id=10312, stack(0x000000e80f400000,0x000000e80f500000)]
  0x000002709e9e2d40 JavaThread "Thread-8" daemon [_thread_in_native, id=2628, stack(0x000000e80f500000,0x000000e80f600000)]
  0x000002709e9dffb0 JavaThread "Thread-9" daemon [_thread_in_native, id=5324, stack(0x000000e80f600000,0x000000e80f700000)]
  0x000002709e9e1e10 JavaThread "Thread-10" daemon [_thread_in_native, id=14164, stack(0x000000e80f700000,0x000000e80f800000)]
  0x000002709e9e50b0 JavaThread "Worker-5: Publish Diagnostics" [_thread_in_Java, id=9916, stack(0x000000e80f800000,0x000000e80f900000)]
  0x000002709e9e2320 JavaThread "pool-2-thread-1" [_thread_blocked, id=6844, stack(0x000000e80f900000,0x000000e80fa00000)]
  0x000002709e9e2830 JavaThread "Worker-6" [_thread_blocked, id=9188, stack(0x000000e80fa00000,0x000000e80fb00000)]
  0x000002709e9e4690 JavaThread "Worker-7" [_thread_blocked, id=6384, stack(0x000000e80fb00000,0x000000e80fc00000)]
  0x000002709e9e4ba0 JavaThread "WorkspaceEventsHandler" [_thread_blocked, id=3436, stack(0x000000e80fc00000,0x000000e80fd00000)]
  0x000002709e9e7930 JavaThread "pool-1-thread-1" [_thread_blocked, id=11260, stack(0x000000e80fd00000,0x000000e80fe00000)]
  0x000002709e9e55c0 JavaThread "Worker-8" [_thread_blocked, id=4200, stack(0x000000e80fe00000,0x000000e80ff00000)]
  0x000002709d4a5100 JavaThread "LocalFile Deleter" daemon [_thread_blocked, id=17948, stack(0x000000e80e400000,0x000000e80e500000)]
  0x00000270a1ef2e90 JavaThread "LocalFile Deleter" daemon [_thread_blocked, id=10360, stack(0x000000e80ff00000,0x000000e810000000)]
  0x00000270a1ef6130 JavaThread "LocalFile Deleter" daemon [_thread_blocked, id=9456, stack(0x000000e810000000,0x000000e810100000)]
  0x00000270a1ef2470 JavaThread "LocalFile Deleter" daemon [_thread_blocked, id=16456, stack(0x000000e810100000,0x000000e810200000)]
  0x00000270a1ef3dc0 JavaThread "LocalFile Deleter" daemon [_thread_blocked, id=16128, stack(0x000000e810200000,0x000000e810300000)]
  0x00000270a1ef42d0 JavaThread "LocalFile Deleter" daemon [_thread_blocked, id=12680, stack(0x000000e810300000,0x000000e810400000)]
  0x00000270a1ef7a80 JavaThread "LocalFile Deleter" daemon [_thread_blocked, id=15036, stack(0x000000e810400000,0x000000e810500000)]
  0x00000270a1ef47e0 JavaThread "LocalFile Deleter" daemon [_thread_blocked, id=9996, stack(0x000000e810500000,0x000000e810600000)]
  0x00000270a1ef4cf0 JavaThread "Compiler Source File Reader" daemon [_thread_blocked, id=10008, stack(0x000000e810600000,0x000000e810700000)]
  0x00000270a1ef5200 JavaThread "Compiler Source File Reader" daemon [_thread_blocked, id=8504, stack(0x000000e810700000,0x000000e810800000)]
  0x00000270a1ef5710 JavaThread "Compiler Source File Reader" daemon [_thread_blocked, id=11464, stack(0x000000e810800000,0x000000e810900000)]
  0x00000270a1ef33a0 JavaThread "Compiler Processing Task" daemon [_thread_blocked, id=6944, stack(0x000000e810900000,0x000000e810a00000)]
  0x00000270a1ef38b0 JavaThread "Compiler Class File Writer" daemon [_thread_blocked, id=17280, stack(0x000000e810a00000,0x000000e810b00000)]
  0x00000270a1ef5c20 JavaThread "Compiler Class File Writer" daemon [_thread_blocked, id=7108, stack(0x000000e810b00000,0x000000e810c00000)]
  0x00000270a1ef7570 JavaThread "Compiler Class File Writer" daemon [_thread_blocked, id=4332, stack(0x000000e810c00000,0x000000e810d00000)]
  0x00000270a1ef6640 JavaThread "Compiler Source File Reader" daemon [_thread_blocked, id=2132, stack(0x000000e810d00000,0x000000e810e00000)]
  0x00000270a1ef6b50 JavaThread "Compiler Class File Writer" daemon [_thread_blocked, id=9168, stack(0x000000e810e00000,0x000000e810f00000)]
  0x00000270a1ef2980 JavaThread "ForkJoinPool.commonPool-worker-1" daemon [_thread_blocked, id=11828, stack(0x000000e80c600000,0x000000e80c700000)]
  0x00000270a1ef84a0 JavaThread "ForkJoinPool.commonPool-worker-2" daemon [_thread_blocked, id=700, stack(0x000000e80c700000,0x000000e80c800000)]
  0x00000270a1ef89b0 JavaThread "ForkJoinPool.commonPool-worker-3" daemon [_thread_blocked, id=7668, stack(0x000000e810f00000,0x000000e811000000)]
  0x00000270a1ef1540 JavaThread "ForkJoinPool.commonPool-worker-4" daemon [_thread_blocked, id=8840, stack(0x000000e811000000,0x000000e811100000)]
  0x00000270a1ef8ec0 JavaThread "ForkJoinPool.commonPool-worker-5" daemon [_thread_blocked, id=15864, stack(0x000000e811100000,0x000000e811200000)]
  0x00000270a1ef1a50 JavaThread "ForkJoinPool.commonPool-worker-6" daemon [_thread_blocked, id=15844, stack(0x000000e811200000,0x000000e811300000)]
  0x00000270a1ef1f60 JavaThread "ForkJoinPool.commonPool-worker-7" daemon [_thread_blocked, id=12140, stack(0x000000e811300000,0x000000e811400000)]
  0x00000270a1358f30 JavaThread "SCR Component Registry" daemon [_thread_blocked, id=7540, stack(0x000000e811400000,0x000000e811500000)]

Other Threads:
  0x000002708464eba0 VMThread "VM Thread" [stack: 0x000000e80ca00000,0x000000e80cb00000] [id=1444]
  0x000002709d83c9e0 WatcherThread [stack: 0x000000e80d600000,0x000000e80d700000] [id=16848]
  0x00000270845b38d0 GCTaskThread "GC Thread#0" [stack: 0x000000e80c900000,0x000000e80ca00000] [id=10976]
  0x000002709ebd50b0 GCTaskThread "GC Thread#1" [stack: 0x000000e80d700000,0x000000e80d800000] [id=17924]
  0x000002709edb4a70 GCTaskThread "GC Thread#2" [stack: 0x000000e80d800000,0x000000e80d900000] [id=14576]
  0x000002709ebd5370 GCTaskThread "GC Thread#3" [stack: 0x000000e80d900000,0x000000e80da00000] [id=13844]
  0x000002709ebd5630 GCTaskThread "GC Thread#4" [stack: 0x000000e80da00000,0x000000e80db00000] [id=1304]
  0x000002709ebd58f0 GCTaskThread "GC Thread#5" [stack: 0x000000e80db00000,0x000000e80dc00000] [id=3528]
  0x000002709ebd5bb0 GCTaskThread "GC Thread#6" [stack: 0x000000e80dc00000,0x000000e80dd00000] [id=9160]
  0x000002709e6a9eb0 GCTaskThread "GC Thread#7" [stack: 0x000000e80e100000,0x000000e80e200000] [id=15404]

Threads with active compile tasks:
C2 CompilerThread0    75182 10343   !   4       org.eclipse.jdt.internal.core.search.indexing.BinaryIndexer::indexDocument (1157 bytes)

VM state: at safepoint (normal execution)

VM Mutex/Monitor currently owned by a thread:  ([mutex/lock_event])
[0x00000270845990d0] Threads_lock - owner thread: 0x000002708464eba0
[0x000002708459acf0] Heap_lock - owner thread: 0x00000270a1ef1f60

Heap address: 0x00000000c0000000, size: 1024 MB, Compressed Oops mode: 32-bit

CDS archive(s) not mapped
Compressed class space mapped at: 0x0000000100000000-0x0000000140000000, reserved size: 1073741824
Narrow klass base: 0x0000000000000000, Narrow klass shift: 3, Narrow klass range: 0x140000000

GC Precious Log:
 CPUs: 8 total, 8 available
 Memory: 3917M
 Large Page Support: Disabled
 NUMA Support: Disabled
 Compressed Oops: Enabled (32-bit)
 Alignments: Space 512K, Generation 512K, Heap 2M
 Heap Min Capacity: 100M
 Heap Initial Capacity: 100M
 Heap Max Capacity: 1G
 Pre-touch: Disabled
 Parallel Workers: 8

Heap:
 PSYoungGen      total 18432K, used 2741K [0x00000000eab00000, 0x00000000ec000000, 0x0000000100000000)
  eden space 15360K, 0% used [0x00000000eab00000,0x00000000eab00058,0x00000000eba00000)
  from space 3072K, 89% used [0x00000000ebc80000,0x00000000ebf2d778,0x00000000ebf80000)
  to   space 2560K, 0% used [0x00000000eba00000,0x00000000eba00000,0x00000000ebc80000)
 ParOldGen       total 313344K, used 311785K [0x00000000c0000000, 0x00000000d3200000, 0x00000000eab00000)
  object space 313344K, 99% used [0x00000000c0000000,0x00000000d307a788,0x00000000d3200000)
 Metaspace       used 69455K, committed 70784K, reserved 1114112K
  class space    used 7311K, committed 7936K, reserved 1048576K

Card table byte_map: [0x0000027083f30000,0x0000027084140000] _byte_map_base: 0x0000027083930000

Marking Bits: (ParMarkBitMap*) 0x00007fff88bc6940
 Begin Bits: [0x0000027096230000, 0x0000027097230000)
 End Bits:   [0x0000027097230000, 0x0000027098230000)

Polling page: 0x00000270824b0000

Metaspace:

Usage:
  Non-class:     60.69 MB used.
      Class:      7.14 MB used.
       Both:     67.83 MB used.

Virtual space:
  Non-class space:       64.00 MB reserved,      61.38 MB ( 96%) committed,  1 nodes.
      Class space:        1.00 GB reserved,       7.75 MB ( <1%) committed,  1 nodes.
             Both:        1.06 GB reserved,      69.12 MB (  6%) committed. 

Chunk freelists:
   Non-Class:  1.86 MB
       Class:  8.25 MB
        Both:  10.11 MB

MaxMetaspaceSize: unlimited
CompressedClassSpaceSize: 1.00 GB
Initial GC threshold: 21.00 MB
Current GC threshold: 107.12 MB
CDS: off
MetaspaceReclaimPolicy: balanced
 - commit_granule_bytes: 65536.
 - commit_granule_words: 8192.
 - virtual_space_node_default_size: 8388608.
 - enlarge_chunks_in_place: 1.
 - new_chunks_are_fully_committed: 0.
 - uncommit_free_chunks: 1.
 - use_allocation_guard: 0.
 - handle_deallocations: 1.


Internal statistics:

num_allocs_failed_limit: 6.
num_arena_births: 954.
num_arena_deaths: 30.
num_vsnodes_births: 2.
num_vsnodes_deaths: 0.
num_space_committed: 1106.
num_space_uncommitted: 0.
num_chunks_returned_to_freelist: 44.
num_chunks_taken_from_freelist: 3911.
num_chunk_merges: 19.
num_chunk_splits: 2394.
num_chunks_enlarged: 1335.
num_inconsistent_stats: 0.

CodeHeap 'non-profiled nmethods': size=120000Kb used=5835Kb max_used=5835Kb free=114164Kb
 bounds [0x000002708ed00000, 0x000002708f2c0000, 0x0000027096230000]
CodeHeap 'profiled nmethods': size=120000Kb used=18024Kb max_used=18024Kb free=101975Kb
 bounds [0x0000027087230000, 0x00000270883d0000, 0x000002708e760000]
CodeHeap 'non-nmethods': size=5760Kb used=1371Kb max_used=1452Kb free=4388Kb
 bounds [0x000002708e760000, 0x000002708e9d0000, 0x000002708ed00000]
 total_blobs=10070 nmethods=9348 adapters=636
 compilation: enabled
              stopped_count=0, restarted_count=0
 full_count=0

Compilation events (20 events):
Event: 74.800 Thread 0x000002709d4c34c0 11056   !   2       org.eclipse.jdt.internal.core.JarPackageFragmentRoot::computeChildren (605 bytes)
Event: 74.807 Thread 0x000002709d4c34c0 nmethod 11056 0x00000270883a1190 code [0x00000270883a16c0, 0x00000270883a33d8]
Event: 74.812 Thread 0x000002709d4c2780 nmethod 10889 0x000002708f2b0590 code [0x000002708f2b0780, 0x000002708f2b12f8]
Event: 74.813 Thread 0x000002709d4c2780 11057       4       org.eclipse.jdt.internal.compiler.util.Util::isClassFileName (82 bytes)
Event: 74.817 Thread 0x000002709d4c2780 nmethod 11057 0x000002708f2b1a90 code [0x000002708f2b1c20, 0x000002708f2b1de8]
Event: 74.817 Thread 0x000002709d4c2780 10413       4       java.util.TreeMap::getEntryUsingComparator (74 bytes)
Event: 74.834 Thread 0x000002709d4c2780 nmethod 10413 0x000002708f2b1f90 code [0x000002708f2b2160, 0x000002708f2b2918]
Event: 74.834 Thread 0x000002709d4c2780 10343   !   4       org.eclipse.jdt.internal.core.search.indexing.BinaryIndexer::indexDocument (1157 bytes)
Event: 74.843 Thread 0x000002709d4c34c0 11065       3       org.eclipse.jdt.internal.core.JarPackageFragmentRoot::getPackageFragment (10 bytes)
Event: 74.843 Thread 0x000002709d4c34c0 nmethod 11065 0x00000270883a5710 code [0x00000270883a58e0, 0x00000270883a5c28]
Event: 74.843 Thread 0x000002709d4c34c0 11063       2       org.eclipse.jdt.internal.core.JavaModelCache::getExistingElement (101 bytes)
Event: 74.844 Thread 0x000002709d4c34c0 nmethod 11063 0x00000270883a5e10 code [0x00000270883a6040, 0x00000270883a6678]
Event: 74.844 Thread 0x000002709d4c34c0 11064       2       org.eclipse.jdt.internal.core.util.LRUCache::getKey (23 bytes)
Event: 74.844 Thread 0x000002709d4c34c0 nmethod 11064 0x00000270883a6910 code [0x00000270883a6ac0, 0x00000270883a6c68]
Event: 74.916 Thread 0x000002709d4c34c0 11066  s    2       org.eclipse.jdt.internal.core.JavaModelManager::getExistingElement (9 bytes)
Event: 74.916 Thread 0x000002709d4c34c0 nmethod 11066 0x00000270883a6d90 code [0x00000270883a6f40, 0x00000270883a7108]
Event: 75.009 Thread 0x000002709d4c34c0 11068       3       org.eclipse.jdt.internal.compiler.classfmt.MethodInfo::decodeMethodParameters (129 bytes)
Event: 75.011 Thread 0x000002709d4c34c0 nmethod 11068 0x00000270883a7210 code [0x00000270883a74a0, 0x00000270883a8288]
Event: 75.037 Thread 0x000002709d4c34c0 11069       2       java.util.TimSort::mergeCollapse (134 bytes)
Event: 75.038 Thread 0x000002709d4c34c0 nmethod 11069 0x00000270883a8890 code [0x00000270883a8a60, 0x00000270883a8de8]

GC Heap History (20 events):
Event: 74.634 GC heap before
{Heap before GC invocations=302 (full 11):
 PSYoungGen      total 12800K, used 12368K [0x00000000eab00000, 0x00000000eba00000, 0x0000000100000000)
  eden space 10752K, 100% used [0x00000000eab00000,0x00000000eb580000,0x00000000eb580000)
  from space 2048K, 78% used [0x00000000eb800000,0x00000000eb994360,0x00000000eba00000)
  to   space 2048K, 0% used [0x00000000eb600000,0x00000000eb600000,0x00000000eb800000)
 ParOldGen       total 313344K, used 308719K [0x00000000c0000000, 0x00000000d3200000, 0x00000000eab00000)
  object space 313344K, 98% used [0x00000000c0000000,0x00000000d2d7bfe0,0x00000000d3200000)
 Metaspace       used 69290K, committed 70528K, reserved 1114112K
  class space    used 7291K, committed 7872K, reserved 1048576K
}
Event: 74.638 GC heap after
{Heap after GC invocations=302 (full 11):
 PSYoungGen      total 13312K, used 1670K [0x00000000eab00000, 0x00000000eba80000, 0x0000000100000000)
  eden space 11264K, 0% used [0x00000000eab00000,0x00000000eab00000,0x00000000eb600000)
  from space 2048K, 81% used [0x00000000eb600000,0x00000000eb7a1808,0x00000000eb800000)
  to   space 2048K, 0% used [0x00000000eb880000,0x00000000eb880000,0x00000000eba80000)
 ParOldGen       total 313344K, used 308952K [0x00000000c0000000, 0x00000000d3200000, 0x00000000eab00000)
  object space 313344K, 98% used [0x00000000c0000000,0x00000000d2db6000,0x00000000d3200000)
 Metaspace       used 69290K, committed 70528K, reserved 1114112K
  class space    used 7291K, committed 7872K, reserved 1048576K
}
Event: 74.711 GC heap before
{Heap before GC invocations=303 (full 11):
 PSYoungGen      total 13312K, used 12934K [0x00000000eab00000, 0x00000000eba80000, 0x0000000100000000)
  eden space 11264K, 100% used [0x00000000eab00000,0x00000000eb600000,0x00000000eb600000)
  from space 2048K, 81% used [0x00000000eb600000,0x00000000eb7a1808,0x00000000eb800000)
  to   space 2048K, 0% used [0x00000000eb880000,0x00000000eb880000,0x00000000eba80000)
 ParOldGen       total 313344K, used 308952K [0x00000000c0000000, 0x00000000d3200000, 0x00000000eab00000)
  object space 313344K, 98% used [0x00000000c0000000,0x00000000d2db6000,0x00000000d3200000)
 Metaspace       used 69382K, committed 70656K, reserved 1114112K
  class space    used 7303K, committed 7872K, reserved 1048576K
}
Event: 74.714 GC heap after
{Heap after GC invocations=303 (full 11):
 PSYoungGen      total 13824K, used 1874K [0x00000000eab00000, 0x00000000ebb00000, 0x0000000100000000)
  eden space 11776K, 0% used [0x00000000eab00000,0x00000000eab00000,0x00000000eb680000)
  from space 2048K, 91% used [0x00000000eb880000,0x00000000eba54a88,0x00000000eba80000)
  to   space 2048K, 0% used [0x00000000eb680000,0x00000000eb680000,0x00000000eb880000)
 ParOldGen       total 313344K, used 309104K [0x00000000c0000000, 0x00000000d3200000, 0x00000000eab00000)
  object space 313344K, 98% used [0x00000000c0000000,0x00000000d2ddc000,0x00000000d3200000)
 Metaspace       used 69382K, committed 70656K, reserved 1114112K
  class space    used 7303K, committed 7872K, reserved 1048576K
}
Event: 74.783 GC heap before
{Heap before GC invocations=304 (full 11):
 PSYoungGen      total 13824K, used 13650K [0x00000000eab00000, 0x00000000ebb00000, 0x0000000100000000)
  eden space 11776K, 100% used [0x00000000eab00000,0x00000000eb680000,0x00000000eb680000)
  from space 2048K, 91% used [0x00000000eb880000,0x00000000eba54a88,0x00000000eba80000)
  to   space 2048K, 0% used [0x00000000eb680000,0x00000000eb680000,0x00000000eb880000)
 ParOldGen       total 313344K, used 309104K [0x00000000c0000000, 0x00000000d3200000, 0x00000000eab00000)
  object space 313344K, 98% used [0x00000000c0000000,0x00000000d2ddc000,0x00000000d3200000)
 Metaspace       used 69438K, committed 70720K, reserved 1114112K
  class space    used 7311K, committed 7936K, reserved 1048576K
}
Event: 74.786 GC heap after
{Heap after GC invocations=304 (full 11):
 PSYoungGen      total 13824K, used 1839K [0x00000000eab00000, 0x00000000ebb80000, 0x0000000100000000)
  eden space 11776K, 0% used [0x00000000eab00000,0x00000000eab00000,0x00000000eb680000)
  from space 2048K, 89% used [0x00000000eb680000,0x00000000eb84be18,0x00000000eb880000)
  to   space 2048K, 0% used [0x00000000eb980000,0x00000000eb980000,0x00000000ebb80000)
 ParOldGen       total 313344K, used 309311K [0x00000000c0000000, 0x00000000d3200000, 0x00000000eab00000)
  object space 313344K, 98% used [0x00000000c0000000,0x00000000d2e0fdb0,0x00000000d3200000)
 Metaspace       used 69438K, committed 70720K, reserved 1114112K
  class space    used 7311K, committed 7936K, reserved 1048576K
}
Event: 74.808 GC heap before
{Heap before GC invocations=305 (full 11):
 PSYoungGen      total 13824K, used 13615K [0x00000000eab00000, 0x00000000ebb80000, 0x0000000100000000)
  eden space 11776K, 100% used [0x00000000eab00000,0x00000000eb680000,0x00000000eb680000)
  from space 2048K, 89% used [0x00000000eb680000,0x00000000eb84be18,0x00000000eb880000)
  to   space 2048K, 0% used [0x00000000eb980000,0x00000000eb980000,0x00000000ebb80000)
 ParOldGen       total 313344K, used 309311K [0x00000000c0000000, 0x00000000d3200000, 0x00000000eab00000)
  object space 313344K, 98% used [0x00000000c0000000,0x00000000d2e0fdb0,0x00000000d3200000)
 Metaspace       used 69449K, committed 70784K, reserved 1114112K
  class space    used 7311K, committed 7936K, reserved 1048576K
}
Event: 74.811 GC heap after
{Heap after GC invocations=305 (full 11):
 PSYoungGen      total 14336K, used 2039K [0x00000000eab00000, 0x00000000ebc80000, 0x0000000100000000)
  eden space 12288K, 0% used [0x00000000eab00000,0x00000000eab00000,0x00000000eb700000)
  from space 2048K, 99% used [0x00000000eb980000,0x00000000ebb7df20,0x00000000ebb80000)
  to   space 2560K, 0% used [0x00000000eb700000,0x00000000eb700000,0x00000000eb980000)
 ParOldGen       total 313344K, used 309506K [0x00000000c0000000, 0x00000000d3200000, 0x00000000eab00000)
  object space 313344K, 98% used [0x00000000c0000000,0x00000000d2e40888,0x00000000d3200000)
 Metaspace       used 69449K, committed 70784K, reserved 1114112K
  class space    used 7311K, committed 7936K, reserved 1048576K
}
Event: 74.827 GC heap before
{Heap before GC invocations=306 (full 11):
 PSYoungGen      total 14336K, used 14327K [0x00000000eab00000, 0x00000000ebc80000, 0x0000000100000000)
  eden space 12288K, 100% used [0x00000000eab00000,0x00000000eb700000,0x00000000eb700000)
  from space 2048K, 99% used [0x00000000eb980000,0x00000000ebb7df20,0x00000000ebb80000)
  to   space 2560K, 0% used [0x00000000eb700000,0x00000000eb700000,0x00000000eb980000)
 ParOldGen       total 313344K, used 309506K [0x00000000c0000000, 0x00000000d3200000, 0x00000000eab00000)
  object space 313344K, 98% used [0x00000000c0000000,0x00000000d2e40888,0x00000000d3200000)
 Metaspace       used 69449K, committed 70784K, reserved 1114112K
  class space    used 7311K, committed 7936K, reserved 1048576K
}
Event: 74.830 GC heap after
{Heap after GC invocations=306 (full 11):
 PSYoungGen      total 14848K, used 2312K [0x00000000eab00000, 0x00000000ebd00000, 0x0000000100000000)
  eden space 12288K, 0% used [0x00000000eab00000,0x00000000eab00000,0x00000000eb700000)
  from space 2560K, 90% used [0x00000000eb700000,0x00000000eb9421c0,0x00000000eb980000)
  to   space 2560K, 0% used [0x00000000eba80000,0x00000000eba80000,0x00000000ebd00000)
 ParOldGen       total 313344K, used 309562K [0x00000000c0000000, 0x00000000d3200000, 0x00000000eab00000)
  object space 313344K, 98% used [0x00000000c0000000,0x00000000d2e4e888,0x00000000d3200000)
 Metaspace       used 69449K, committed 70784K, reserved 1114112K
  class space    used 7311K, committed 7936K, reserved 1048576K
}
Event: 74.889 GC heap before
{Heap before GC invocations=307 (full 11):
 PSYoungGen      total 14848K, used 14600K [0x00000000eab00000, 0x00000000ebd00000, 0x0000000100000000)
  eden space 12288K, 100% used [0x00000000eab00000,0x00000000eb700000,0x00000000eb700000)
  from space 2560K, 90% used [0x00000000eb700000,0x00000000eb9421c0,0x00000000eb980000)
  to   space 2560K, 0% used [0x00000000eba80000,0x00000000eba80000,0x00000000ebd00000)
 ParOldGen       total 313344K, used 309562K [0x00000000c0000000, 0x00000000d3200000, 0x00000000eab00000)
  object space 313344K, 98% used [0x00000000c0000000,0x00000000d2e4e888,0x00000000d3200000)
 Metaspace       used 69450K, committed 70784K, reserved 1114112K
  class space    used 7311K, committed 7936K, reserved 1048576K
}
Event: 74.893 GC heap after
{Heap after GC invocations=307 (full 11):
 PSYoungGen      total 15872K, used 2440K [0x00000000eab00000, 0x00000000ebd00000, 0x0000000100000000)
  eden space 13312K, 0% used [0x00000000eab00000,0x00000000eab00000,0x00000000eb800000)
  from space 2560K, 95% used [0x00000000eba80000,0x00000000ebce21c0,0x00000000ebd00000)
  to   space 2560K, 0% used [0x00000000eb800000,0x00000000eb800000,0x00000000eba80000)
 ParOldGen       total 313344K, used 309562K [0x00000000c0000000, 0x00000000d3200000, 0x00000000eab00000)
  object space 313344K, 98% used [0x00000000c0000000,0x00000000d2e4e888,0x00000000d3200000)
 Metaspace       used 69450K, committed 70784K, reserved 1114112K
  class space    used 7311K, committed 7936K, reserved 1048576K
}
Event: 74.929 GC heap before
{Heap before GC invocations=308 (full 11):
 PSYoungGen      total 15872K, used 15752K [0x00000000eab00000, 0x00000000ebd00000, 0x0000000100000000)
  eden space 13312K, 100% used [0x00000000eab00000,0x00000000eb800000,0x00000000eb800000)
  from space 2560K, 95% used [0x00000000eba80000,0x00000000ebce21c0,0x00000000ebd00000)
  to   space 2560K, 0% used [0x00000000eb800000,0x00000000eb800000,0x00000000eba80000)
 ParOldGen       total 313344K, used 309562K [0x00000000c0000000, 0x00000000d3200000, 0x00000000eab00000)
  object space 313344K, 98% used [0x00000000c0000000,0x00000000d2e4e888,0x00000000d3200000)
 Metaspace       used 69451K, committed 70784K, reserved 1114112K
  class space    used 7311K, committed 7936K, reserved 1048576K
}
Event: 74.934 GC heap after
{Heap after GC invocations=308 (full 11):
 PSYoungGen      total 15872K, used 2550K [0x00000000eab00000, 0x00000000ebf80000, 0x0000000100000000)
  eden space 13312K, 0% used [0x00000000eab00000,0x00000000eab00000,0x00000000eb800000)
  from space 2560K, 99% used [0x00000000eb800000,0x00000000eba7d940,0x00000000eba80000)
  to   space 3072K, 0% used [0x00000000ebc80000,0x00000000ebc80000,0x00000000ebf80000)
 ParOldGen       total 313344K, used 309676K [0x00000000c0000000, 0x00000000d3200000, 0x00000000eab00000)
  object space 313344K, 98% used [0x00000000c0000000,0x00000000d2e6b3f8,0x00000000d3200000)
 Metaspace       used 69451K, committed 70784K, reserved 1114112K
  class space    used 7311K, committed 7936K, reserved 1048576K
}
Event: 74.955 GC heap before
{Heap before GC invocations=309 (full 11):
 PSYoungGen      total 15872K, used 15858K [0x00000000eab00000, 0x00000000ebf80000, 0x0000000100000000)
  eden space 13312K, 99% used [0x00000000eab00000,0x00000000eb7ff080,0x00000000eb800000)
  from space 2560K, 99% used [0x00000000eb800000,0x00000000eba7d940,0x00000000eba80000)
  to   space 3072K, 0% used [0x00000000ebc80000,0x00000000ebc80000,0x00000000ebf80000)
 ParOldGen       total 313344K, used 309676K [0x00000000c0000000, 0x00000000d3200000, 0x00000000eab00000)
  object space 313344K, 98% used [0x00000000c0000000,0x00000000d2e6b3f8,0x00000000d3200000)
 Metaspace       used 69451K, committed 70784K, reserved 1114112K
  class space    used 7311K, committed 7936K, reserved 1048576K
}
Event: 74.970 GC heap after
{Heap after GC invocations=309 (full 11):
 PSYoungGen      total 17920K, used 2616K [0x00000000eab00000, 0x00000000ec000000, 0x0000000100000000)
  eden space 14848K, 0% used [0x00000000eab00000,0x00000000eab00000,0x00000000eb980000)
  from space 3072K, 85% used [0x00000000ebc80000,0x00000000ebf0e0b8,0x00000000ebf80000)
  to   space 3072K, 0% used [0x00000000eb980000,0x00000000eb980000,0x00000000ebc80000)
 ParOldGen       total 313344K, used 309854K [0x00000000c0000000, 0x00000000d3200000, 0x00000000eab00000)
  object space 313344K, 98% used [0x00000000c0000000,0x00000000d2e97978,0x00000000d3200000)
 Metaspace       used 69451K, committed 70784K, reserved 1114112K
  class space    used 7311K, committed 7936K, reserved 1048576K
}
Event: 74.992 GC heap before
{Heap before GC invocations=310 (full 11):
 PSYoungGen      total 17920K, used 17464K [0x00000000eab00000, 0x00000000ec000000, 0x0000000100000000)
  eden space 14848K, 100% used [0x00000000eab00000,0x00000000eb980000,0x00000000eb980000)
  from space 3072K, 85% used [0x00000000ebc80000,0x00000000ebf0e0b8,0x00000000ebf80000)
  to   space 3072K, 0% used [0x00000000eb980000,0x00000000eb980000,0x00000000ebc80000)
 ParOldGen       total 313344K, used 309854K [0x00000000c0000000, 0x00000000d3200000, 0x00000000eab00000)
  object space 313344K, 98% used [0x00000000c0000000,0x00000000d2e97978,0x00000000d3200000)
 Metaspace       used 69451K, committed 70784K, reserved 1114112K
  class space    used 7311K, committed 7936K, reserved 1048576K
}
Event: 74.995 GC heap after
{Heap after GC invocations=310 (full 11):
 PSYoungGen      total 17920K, used 3022K [0x00000000eab00000, 0x00000000ec000000, 0x0000000100000000)
  eden space 14848K, 0% used [0x00000000eab00000,0x00000000eab00000,0x00000000eb980000)
  from space 3072K, 98% used [0x00000000eb980000,0x00000000ebc73888,0x00000000ebc80000)
  to   space 3072K, 0% used [0x00000000ebc80000,0x00000000ebc80000,0x00000000ebf80000)
 ParOldGen       total 313344K, used 309918K [0x00000000c0000000, 0x00000000d3200000, 0x00000000eab00000)
  object space 313344K, 98% used [0x00000000c0000000,0x00000000d2ea7978,0x00000000d3200000)
 Metaspace       used 69451K, committed 70784K, reserved 1114112K
  class space    used 7311K, committed 7936K, reserved 1048576K
}
Event: 75.023 GC heap before
{Heap before GC invocations=311 (full 11):
 PSYoungGen      total 17920K, used 17870K [0x00000000eab00000, 0x00000000ec000000, 0x0000000100000000)
  eden space 14848K, 100% used [0x00000000eab00000,0x00000000eb980000,0x00000000eb980000)
  from space 3072K, 98% used [0x00000000eb980000,0x00000000ebc73888,0x00000000ebc80000)
  to   space 3072K, 0% used [0x00000000ebc80000,0x00000000ebc80000,0x00000000ebf80000)
 ParOldGen       total 313344K, used 309918K [0x00000000c0000000, 0x00000000d3200000, 0x00000000eab00000)
  object space 313344K, 98% used [0x00000000c0000000,0x00000000d2ea7978,0x00000000d3200000)
 Metaspace       used 69451K, committed 70784K, reserved 1114112K
  class space    used 7311K, committed 7936K, reserved 1048576K
}
Event: 75.027 GC heap after
{Heap after GC invocations=311 (full 11):
 PSYoungGen      total 17920K, used 2752K [0x00000000eab00000, 0x00000000ec000000, 0x0000000100000000)
  eden space 14848K, 0% used [0x00000000eab00000,0x00000000eab00000,0x00000000eb980000)
  from space 3072K, 89% used [0x00000000ebc80000,0x00000000ebf30070,0x00000000ebf80000)
  to   space 3072K, 0% used [0x00000000eb980000,0x00000000eb980000,0x00000000ebc80000)
 ParOldGen       total 313344K, used 310070K [0x00000000c0000000, 0x00000000d3200000, 0x00000000eab00000)
  object space 313344K, 98% used [0x00000000c0000000,0x00000000d2ecd9e8,0x00000000d3200000)
 Metaspace       used 69451K, committed 70784K, reserved 1114112K
  class space    used 7311K, committed 7936K, reserved 1048576K
}

Dll operation events (10 events):
Event: 0.103 Loaded shared library c:\Users\russe\.vscode\extensions\redhat.java-1.37.0-win32-x64\jre\17.0.13-win32-x86_64\bin\java.dll
Event: 0.305 Loaded shared library c:\Users\russe\.vscode\extensions\redhat.java-1.37.0-win32-x64\jre\17.0.13-win32-x86_64\bin\zip.dll
Event: 0.347 Loaded shared library C:\Users\russe\.vscode\extensions\redhat.java-1.37.0-win32-x64\jre\17.0.13-win32-x86_64\bin\instrument.dll
Event: 0.367 Loaded shared library C:\Users\russe\.vscode\extensions\redhat.java-1.37.0-win32-x64\jre\17.0.13-win32-x86_64\bin\net.dll
Event: 0.372 Loaded shared library C:\Users\russe\.vscode\extensions\redhat.java-1.37.0-win32-x64\jre\17.0.13-win32-x86_64\bin\nio.dll
Event: 0.385 Loaded shared library C:\Users\russe\.vscode\extensions\redhat.java-1.37.0-win32-x64\jre\17.0.13-win32-x86_64\bin\zip.dll
Event: 0.425 Loaded shared library C:\Users\russe\.vscode\extensions\redhat.java-1.37.0-win32-x64\jre\17.0.13-win32-x86_64\bin\jimage.dll
Event: 0.568 Loaded shared library c:\Users\russe\.vscode\extensions\redhat.java-1.37.0-win32-x64\jre\17.0.13-win32-x86_64\bin\verify.dll
Event: 13.229 Loaded shared library C:\Users\russe\AppData\Roaming\Code\User\globalStorage\redhat.java\1.37.0\config_win\org.eclipse.equinox.launcher\org.eclipse.equinox.launcher.win32.win32.x86_64_1.2.1100.v20240722-2106\eclipse_11904.dll
Event: 34.942 Loaded shared library C:\Users\russe\AppData\Local\Temp\jna-108881122\jna3777849076884924306.dll

Deoptimization events (20 events):
Event: 74.772 Thread 0x000002709e9e09d0 DEOPT PACKING pc=0x00000270882f5b9c sp=0x000000e80e9fe380
Event: 74.772 Thread 0x000002709e9e09d0 DEOPT UNPACKING pc=0x000002708e7b6e43 sp=0x000000e80e9fd900 mode 0
Event: 74.772 Thread 0x00000270a1ef1f60 DEOPT PACKING pc=0x00000270882f5b9c sp=0x000000e8113fd7b0
Event: 74.772 Thread 0x00000270a1ef1f60 DEOPT UNPACKING pc=0x000002708e7b6e43 sp=0x000000e8113fcd30 mode 0
Event: 74.774 Thread 0x000002709e9e50b0 DEOPT PACKING pc=0x00000270882f5b9c sp=0x000000e80f8fe4e0
Event: 74.774 Thread 0x000002709e9e50b0 DEOPT UNPACKING pc=0x000002708e7b6e43 sp=0x000000e80f8fda60 mode 0
Event: 74.775 Thread 0x000002709e9e09d0 DEOPT PACKING pc=0x00000270882f5b9c sp=0x000000e80e9fe380
Event: 74.775 Thread 0x00000270a1ef1f60 DEOPT PACKING pc=0x00000270882f5b9c sp=0x000000e8113fd7b0
Event: 74.775 Thread 0x000002709e9e09d0 DEOPT UNPACKING pc=0x000002708e7b6e43 sp=0x000000e80e9fd900 mode 0
Event: 74.775 Thread 0x00000270a1ef1f60 DEOPT UNPACKING pc=0x000002708e7b6e43 sp=0x000000e8113fcd30 mode 0
Event: 74.777 Thread 0x000002709e9e09d0 DEOPT PACKING pc=0x00000270882f5b9c sp=0x000000e80e9fe380
Event: 74.777 Thread 0x00000270a1ef1f60 DEOPT PACKING pc=0x00000270882f5b9c sp=0x000000e8113fd7b0
Event: 74.777 Thread 0x000002709e9e09d0 DEOPT UNPACKING pc=0x000002708e7b6e43 sp=0x000000e80e9fd900 mode 0
Event: 74.777 Thread 0x00000270a1ef1f60 DEOPT UNPACKING pc=0x000002708e7b6e43 sp=0x000000e8113fcd30 mode 0
Event: 74.896 Thread 0x000002709e9e09d0 DEOPT PACKING pc=0x0000027088327b07 sp=0x000000e80e9fe050
Event: 74.896 Thread 0x000002709e9e09d0 DEOPT UNPACKING pc=0x000002708e7b6e43 sp=0x000000e80e9fd5d0 mode 0
Event: 74.917 Thread 0x000002709e9e50b0 DEOPT PACKING pc=0x000002708758a837 sp=0x000000e80f8fe170
Event: 74.917 Thread 0x000002709e9e50b0 DEOPT UNPACKING pc=0x000002708e7b6e43 sp=0x000000e80f8fd5f8 mode 0
Event: 75.009 Thread 0x000002709e9e50b0 DEOPT PACKING pc=0x0000027088327b07 sp=0x000000e80f8fe1b0
Event: 75.009 Thread 0x000002709e9e50b0 DEOPT UNPACKING pc=0x000002708e7b6e43 sp=0x000000e80f8fd730 mode 0

Classes loaded (20 events):
Event: 70.804 Loading class java/util/concurrent/ForkJoinPool$DefaultCommonPoolForkJoinWorkerThreadFactory$1
Event: 70.804 Loading class java/util/concurrent/ForkJoinPool$DefaultCommonPoolForkJoinWorkerThreadFactory$1 done
Event: 70.804 Loading class java/util/concurrent/CompletableFuture$UniExceptionally
Event: 70.805 Loading class java/util/concurrent/CompletableFuture$UniExceptionally done
Event: 70.805 Loading class java/util/concurrent/CompletableFuture$Signaller
Event: 70.805 Loading class java/util/concurrent/CompletableFuture$Signaller done
Event: 70.810 Loading class java/util/HashMap$ValueSpliterator
Event: 70.811 Loading class java/util/HashMap$ValueSpliterator done
Event: 71.497 Loading class java/util/Hashtable$KeySet
Event: 71.498 Loading class java/util/Hashtable$KeySet done
Event: 73.202 Loading class java/io/FileReader
Event: 73.203 Loading class java/io/FileReader done
Event: 73.206 Loading class java/lang/UnsupportedClassVersionError
Event: 73.206 Loading class java/lang/UnsupportedClassVersionError done
Event: 73.219 Loading class jdk/internal/reflect/UnsafeQualifiedStaticIntegerFieldAccessorImpl
Event: 73.220 Loading class jdk/internal/reflect/UnsafeQualifiedStaticIntegerFieldAccessorImpl done
Event: 73.417 Loading class java/lang/invoke/MethodHandleImpl$CountingWrapper$1
Event: 73.418 Loading class java/lang/invoke/MethodHandleImpl$CountingWrapper$1 done
Event: 74.759 Loading class java/lang/Class$EnclosingMethodInfo
Event: 74.760 Loading class java/lang/Class$EnclosingMethodInfo done

Classes unloaded (15 events):
Event: 37.770 Thread 0x000002708464eba0 Unloading class 0x0000000100253000 'java/lang/invoke/LambdaForm$MH+0x0000000100253000'
Event: 37.770 Thread 0x000002708464eba0 Unloading class 0x0000000100252c00 'java/lang/invoke/LambdaForm$MH+0x0000000100252c00'
Event: 37.770 Thread 0x000002708464eba0 Unloading class 0x0000000100252800 'java/lang/invoke/LambdaForm$MH+0x0000000100252800'
Event: 37.770 Thread 0x000002708464eba0 Unloading class 0x0000000100252400 'java/lang/invoke/LambdaForm$MH+0x0000000100252400'
Event: 37.770 Thread 0x000002708464eba0 Unloading class 0x0000000100252000 'java/lang/invoke/LambdaForm$BMH+0x0000000100252000'
Event: 37.770 Thread 0x000002708464eba0 Unloading class 0x0000000100251c00 'java/lang/invoke/LambdaForm$DMH+0x0000000100251c00'
Event: 37.770 Thread 0x000002708464eba0 Unloading class 0x000000010024e400 'java/lang/invoke/LambdaForm$DMH+0x000000010024e400'
Event: 63.661 Thread 0x000002708464eba0 Unloading class 0x000000010070a400 'java/lang/invoke/LambdaForm$MH+0x000000010070a400'
Event: 63.661 Thread 0x000002708464eba0 Unloading class 0x000000010070a800 'java/lang/invoke/LambdaForm$MH+0x000000010070a800'
Event: 63.661 Thread 0x000002708464eba0 Unloading class 0x000000010070a000 'java/lang/invoke/LambdaForm$MH+0x000000010070a000'
Event: 63.661 Thread 0x000002708464eba0 Unloading class 0x0000000100709c00 'java/lang/invoke/LambdaForm$MH+0x0000000100709c00'
Event: 63.661 Thread 0x000002708464eba0 Unloading class 0x0000000100709800 'java/lang/invoke/LambdaForm$DMH+0x0000000100709800'
Event: 63.661 Thread 0x000002708464eba0 Unloading class 0x0000000100709400 'java/lang/invoke/LambdaForm$DMH+0x0000000100709400'
Event: 63.661 Thread 0x000002708464eba0 Unloading class 0x0000000100709000 'java/lang/invoke/LambdaForm$DMH+0x0000000100709000'
Event: 63.661 Thread 0x000002708464eba0 Unloading class 0x0000000100708c00 'java/lang/invoke/LambdaForm$DMH+0x0000000100708c00'

Classes redefined (0 events):
No events

Internal exceptions (20 events):
Event: 73.123 Thread 0x000002709e9e09d0 Exception <a 'sun/nio/fs/WindowsException'{0x00000000eab84f20}> (0x00000000eab84f20) 
thrown [s\src\hotspot\share\prims\jni.cpp, line 516]
Event: 73.123 Thread 0x000002709e9e09d0 Exception <a 'sun/nio/fs/WindowsException'{0x00000000eab85a28}> (0x00000000eab85a28) 
thrown [s\src\hotspot\share\prims\jni.cpp, line 516]
Event: 73.190 Thread 0x000002709e9e09d0 Exception <a 'java/lang/NoSuchMethodError'{0x00000000ead1ed20}: 'void java.lang.invoke.DirectMethodHandle$Holder.invokeSpecial(java.lang.Object, java.lang.Object, java.lang.Object, java.lang.Object, java.lang.Object)'> (0x00000000ead1ed20) 
thrown [s\src\hotspot\share\interpreter\linkResolver.cpp, line 759]
Event: 73.524 Thread 0x000002709e9e5ad0 Exception <a 'sun/nio/fs/WindowsException'{0x00000000eae167f0}> (0x00000000eae167f0) 
thrown [s\src\hotspot\share\prims\jni.cpp, line 516]
Event: 73.629 Thread 0x000002709e9e5ad0 Exception <a 'sun/nio/fs/WindowsException'{0x00000000eab1e550}> (0x00000000eab1e550) 
thrown [s\src\hotspot\share\prims\jni.cpp, line 516]
Event: 73.688 Thread 0x000002709e9e5ad0 Implicit null exception at 0x000002708f14c1c0 to 0x000002708f14cd81
Event: 73.742 Thread 0x00000270a1ef8ec0 Exception <a 'sun/nio/fs/WindowsException'{0x00000000ead69ee0}> (0x00000000ead69ee0) 
thrown [s\src\hotspot\share\prims\jni.cpp, line 516]
Event: 73.743 Thread 0x00000270a1ef8ec0 Exception <a 'sun/nio/fs/WindowsException'{0x00000000ead88cd0}> (0x00000000ead88cd0) 
thrown [s\src\hotspot\share\prims\jni.cpp, line 516]
Event: 73.743 Thread 0x00000270a1ef8ec0 Exception <a 'sun/nio/fs/WindowsException'{0x00000000ead8a248}> (0x00000000ead8a248) 
thrown [s\src\hotspot\share\prims\jni.cpp, line 516]
Event: 73.743 Thread 0x00000270a1ef8ec0 Exception <a 'sun/nio/fs/WindowsException'{0x00000000ead8d750}> (0x00000000ead8d750) 
thrown [s\src\hotspot\share\prims\jni.cpp, line 516]
Event: 73.744 Thread 0x00000270a1ef8ec0 Exception <a 'sun/nio/fs/WindowsException'{0x00000000eadce3b0}> (0x00000000eadce3b0) 
thrown [s\src\hotspot\share\prims\jni.cpp, line 516]
Event: 73.744 Thread 0x00000270a1ef8ec0 Exception <a 'sun/nio/fs/WindowsException'{0x00000000eadceeb8}> (0x00000000eadceeb8) 
thrown [s\src\hotspot\share\prims\jni.cpp, line 516]
Event: 73.753 Thread 0x00000270a1ef8ec0 Exception <a 'sun/nio/fs/WindowsException'{0x00000000eae79ec0}> (0x00000000eae79ec0) 
thrown [s\src\hotspot\share\prims\jni.cpp, line 516]
Event: 73.753 Thread 0x00000270a1ef8ec0 Exception <a 'sun/nio/fs/WindowsException'{0x00000000eae7ac58}> (0x00000000eae7ac58) 
thrown [s\src\hotspot\share\prims\jni.cpp, line 516]
Event: 74.394 Thread 0x000002709e9e5ad0 Exception <a 'sun/nio/fs/WindowsException'{0x00000000eac4d5b0}> (0x00000000eac4d5b0) 
thrown [s\src\hotspot\share\prims\jni.cpp, line 516]
Event: 74.451 Thread 0x000002709e9e5ad0 Exception <a 'sun/nio/fs/WindowsException'{0x00000000eae8e3a0}> (0x00000000eae8e3a0) 
thrown [s\src\hotspot\share\prims\jni.cpp, line 516]
Event: 74.537 Thread 0x000002709e9e5ad0 Exception <a 'sun/nio/fs/WindowsException'{0x00000000eae26780}> (0x00000000eae26780) 
thrown [s\src\hotspot\share\prims\jni.cpp, line 516]
Event: 74.703 Thread 0x000002709e9e64f0 Exception <a 'sun/nio/fs/WindowsException'{0x00000000eb50f898}> (0x00000000eb50f898) 
thrown [s\src\hotspot\share\prims\jni.cpp, line 516]
Event: 74.703 Thread 0x000002709e9e64f0 Exception <a 'sun/nio/fs/WindowsException'{0x00000000eb510018}> (0x00000000eb510018) 
thrown [s\src\hotspot\share\prims\jni.cpp, line 516]
Event: 74.749 Thread 0x000002709e9e64f0 Exception <a 'java/lang/NoSuchMethodError'{0x00000000eaf422f0}: 'java.lang.Object java.lang.invoke.Invokers$Holder.linkToTargetMethod(java.lang.Object, java.lang.Object, int, int, java.lang.Object)'> (0x00000000eaf422f0) 
thrown [s\src\hotspot\share\interpreter\linkResolver.cpp, line 759]

VM Operations (20 events):
Event: 74.634 Executing VM operation: ParallelGCFailedAllocation
Event: 74.638 Executing VM operation: ParallelGCFailedAllocation done
Event: 74.711 Executing VM operation: ParallelGCFailedAllocation
Event: 74.714 Executing VM operation: ParallelGCFailedAllocation done
Event: 74.783 Executing VM operation: ParallelGCFailedAllocation
Event: 74.786 Executing VM operation: ParallelGCFailedAllocation done
Event: 74.808 Executing VM operation: ParallelGCFailedAllocation
Event: 74.811 Executing VM operation: ParallelGCFailedAllocation done
Event: 74.827 Executing VM operation: ParallelGCFailedAllocation
Event: 74.830 Executing VM operation: ParallelGCFailedAllocation done
Event: 74.889 Executing VM operation: ParallelGCFailedAllocation
Event: 74.893 Executing VM operation: ParallelGCFailedAllocation done
Event: 74.929 Executing VM operation: ParallelGCFailedAllocation
Event: 74.934 Executing VM operation: ParallelGCFailedAllocation done
Event: 74.955 Executing VM operation: ParallelGCFailedAllocation
Event: 74.970 Executing VM operation: ParallelGCFailedAllocation done
Event: 74.992 Executing VM operation: ParallelGCFailedAllocation
Event: 74.996 Executing VM operation: ParallelGCFailedAllocation done
Event: 75.023 Executing VM operation: ParallelGCFailedAllocation
Event: 75.027 Executing VM operation: ParallelGCFailedAllocation done

Memory protections (0 events):
No events

Nmethod flushes (20 events):
Event: 62.526 Thread 0x000002709d4c4590 flushing  nmethod 0x0000027088107c90
Event: 62.526 Thread 0x000002709d4c4590 flushing  nmethod 0x0000027088109790
Event: 62.526 Thread 0x000002709d4c4590 flushing  nmethod 0x000002708810ff90
Event: 62.526 Thread 0x000002709d4c4590 flushing  nmethod 0x0000027088116910
Event: 70.632 Thread 0x000002709d4c4590 flushing  nmethod 0x00000270872e7990
Event: 70.633 Thread 0x000002709d4c4590 flushing  nmethod 0x00000270873b1210
Event: 70.634 Thread 0x000002709d4c4590 flushing  nmethod 0x000002708744ca10
Event: 70.635 Thread 0x000002709d4c4590 flushing  nmethod 0x0000027087583590
Event: 70.635 Thread 0x000002709d4c4590 flushing  nmethod 0x00000270875f4610
Event: 70.643 Thread 0x000002709d4c4590 flushing  nmethod 0x0000027087e72f90
Event: 70.646 Thread 0x000002709d4c4590 flushing  nmethod 0x00000270880b4a90
Event: 70.647 Thread 0x000002709d4c4590 flushing  nmethod 0x0000027088222690
Event: 70.647 Thread 0x000002709d4c4590 flushing  nmethod 0x0000027088223210
Event: 70.647 Thread 0x000002709d4c4590 flushing  nmethod 0x0000027088223f10
Event: 70.647 Thread 0x000002709d4c4590 flushing  nmethod 0x0000027088224590
Event: 70.647 Thread 0x000002709d4c4590 flushing  nmethod 0x0000027088225010
Event: 70.647 Thread 0x000002709d4c4590 flushing  nmethod 0x0000027088226d90
Event: 70.647 Thread 0x000002709d4c4590 flushing  nmethod 0x0000027088227490
Event: 70.647 Thread 0x000002709d4c4590 flushing  nmethod 0x0000027088227910
Event: 70.647 Thread 0x000002709d4c4590 flushing  nmethod 0x0000027088227e10

Events (20 events):
Event: 66.298 Thread 0x00000270a1ef89b0 Thread exited: 0x00000270a1ef89b0
Event: 66.298 Thread 0x00000270a1ef84a0 Thread exited: 0x00000270a1ef84a0
Event: 68.340 Thread 0x000002709e9e2830 Thread added: 0x00000270a1ef7f90
Event: 68.340 Thread 0x000002709e9e2830 Thread added: 0x00000270a1ef84a0
Event: 68.341 Thread 0x000002709e9e2830 Thread added: 0x00000270a1ef89b0
Event: 68.341 Thread 0x000002709e9e2830 Thread added: 0x00000270a1ef1540
Event: 68.341 Thread 0x000002709e9e2830 Thread added: 0x00000270a1ef8ec0
Event: 68.806 Thread 0x00000270a1ef8ec0 Thread exited: 0x00000270a1ef8ec0
Event: 68.806 Thread 0x00000270a1ef7f90 Thread exited: 0x00000270a1ef7f90
Event: 68.806 Thread 0x00000270a1ef84a0 Thread exited: 0x00000270a1ef84a0
Event: 68.806 Thread 0x00000270a1ef89b0 Thread exited: 0x00000270a1ef89b0
Event: 68.806 Thread 0x00000270a1ef1540 Thread exited: 0x00000270a1ef1540
Event: 70.804 Thread 0x000002709e9e7930 Thread added: 0x00000270a1ef2980
Event: 70.807 Thread 0x000002709e9e7930 Thread added: 0x00000270a1ef84a0
Event: 70.808 Thread 0x00000270a1ef84a0 Thread added: 0x00000270a1ef89b0
Event: 70.810 Thread 0x000002709e9e7930 Thread added: 0x00000270a1ef1540
Event: 70.821 Thread 0x000002709e9e7930 Thread added: 0x00000270a1ef8ec0
Event: 70.822 Thread 0x00000270a1ef8ec0 Thread added: 0x00000270a1ef1a50
Event: 70.824 Thread 0x00000270a1ef1a50 Thread added: 0x00000270a1ef1f60
Event: 73.104 Thread 0x000002709e9e09d0 Thread added: 0x00000270a1358f30


Dynamic libraries:
0x00007ff7f92f0000 - 0x00007ff7f92fe000 	c:\Users\russe\.vscode\extensions\redhat.java-1.37.0-win32-x64\jre\17.0.13-win32-x86_64\bin\java.exe
0x00007ff80c370000 - 0x00007ff80c587000 	C:\WINDOWS\SYSTEM32\ntdll.dll
0x00007ff80adb0000 - 0x00007ff80ae74000 	C:\WINDOWS\System32\KERNEL32.DLL
0x00007ff809710000 - 0x00007ff809ac9000 	C:\WINDOWS\System32\KERNELBASE.dll
0x00007ff809b90000 - 0x00007ff809ca1000 	C:\WINDOWS\System32\ucrtbase.dll
0x00007fffc6e50000 - 0x00007fffc6e67000 	c:\Users\russe\.vscode\extensions\redhat.java-1.37.0-win32-x64\jre\17.0.13-win32-x86_64\bin\jli.dll
0x00007fffc70e0000 - 0x00007fffc70fe000 	c:\Users\russe\.vscode\extensions\redhat.java-1.37.0-win32-x64\jre\17.0.13-win32-x86_64\bin\VCRUNTIME140.dll
0x00007ff80a0a0000 - 0x00007ff80a24e000 	C:\WINDOWS\System32\USER32.dll
0x00007ff809670000 - 0x00007ff809696000 	C:\WINDOWS\System32\win32u.dll
0x00007fffd8f00000 - 0x00007fffd9192000 	C:\WINDOWS\WinSxS\amd64_microsoft.windows.common-controls_6595b64144ccf1df_6.0.22621.4391_none_2715d37f73803e96\COMCTL32.dll
0x00007ff80ae80000 - 0x00007ff80aea9000 	C:\WINDOWS\System32\GDI32.dll
0x00007ff80a2b0000 - 0x00007ff80a357000 	C:\WINDOWS\System32\msvcrt.dll
0x00007ff809dd0000 - 0x00007ff809eeb000 	C:\WINDOWS\System32\gdi32full.dll
0x00007ff809cb0000 - 0x00007ff809d4a000 	C:\WINDOWS\System32\msvcp_win.dll
0x00007ff80a460000 - 0x00007ff80a491000 	C:\WINDOWS\System32\IMM32.DLL
0x00007fffe9780000 - 0x00007fffe978c000 	c:\Users\russe\.vscode\extensions\redhat.java-1.37.0-win32-x64\jre\17.0.13-win32-x86_64\bin\vcruntime140_1.dll
0x00007fffba9d0000 - 0x00007fffbaa5d000 	c:\Users\russe\.vscode\extensions\redhat.java-1.37.0-win32-x64\jre\17.0.13-win32-x86_64\bin\msvcp140.dll
0x00007fff88020000 - 0x00007fff88c8b000 	c:\Users\russe\.vscode\extensions\redhat.java-1.37.0-win32-x64\jre\17.0.13-win32-x86_64\bin\server\jvm.dll
0x00007ff80b9a0000 - 0x00007ff80ba52000 	C:\WINDOWS\System32\ADVAPI32.dll
0x00007ff80b090000 - 0x00007ff80b137000 	C:\WINDOWS\System32\sechost.dll
0x00007ff809ef0000 - 0x00007ff809f18000 	C:\WINDOWS\System32\bcrypt.dll
0x00007ff80bfa0000 - 0x00007ff80c0b4000 	C:\WINDOWS\System32\RPCRT4.dll
0x00007ff80c0c0000 - 0x00007ff80c131000 	C:\WINDOWS\System32\WS2_32.dll
0x00007ff809390000 - 0x00007ff8093dd000 	C:\WINDOWS\SYSTEM32\POWRPROF.dll
0x00007ff805380000 - 0x00007ff8053b4000 	C:\WINDOWS\SYSTEM32\WINMM.dll
0x00007ff802280000 - 0x00007ff80228a000 	C:\WINDOWS\SYSTEM32\VERSION.dll
0x00007ff809100000 - 0x00007ff809113000 	C:\WINDOWS\SYSTEM32\UMPDC.dll
0x00007ff808670000 - 0x00007ff808688000 	C:\WINDOWS\SYSTEM32\kernel.appcore.dll
0x00007fffe96c0000 - 0x00007fffe96ca000 	c:\Users\russe\.vscode\extensions\redhat.java-1.37.0-win32-x64\jre\17.0.13-win32-x86_64\bin\jimage.dll
0x00007ffff5ff0000 - 0x00007ffff6222000 	C:\WINDOWS\SYSTEM32\DBGHELP.DLL
0x00007ff80bc10000 - 0x00007ff80bf9f000 	C:\WINDOWS\System32\combase.dll
0x00007ff80c140000 - 0x00007ff80c217000 	C:\WINDOWS\System32\OLEAUT32.dll
0x00007fffee5a0000 - 0x00007fffee5d2000 	C:\WINDOWS\SYSTEM32\dbgcore.DLL
0x00007ff809d50000 - 0x00007ff809dcb000 	C:\WINDOWS\System32\bcryptPrimitives.dll
0x00007fffe9830000 - 0x00007fffe983e000 	c:\Users\russe\.vscode\extensions\redhat.java-1.37.0-win32-x64\jre\17.0.13-win32-x86_64\bin\instrument.dll
0x00007fffc28d0000 - 0x00007fffc28f5000 	c:\Users\russe\.vscode\extensions\redhat.java-1.37.0-win32-x64\jre\17.0.13-win32-x86_64\bin\java.dll
0x00007fffc8540000 - 0x00007fffc8558000 	c:\Users\russe\.vscode\extensions\redhat.java-1.37.0-win32-x64\jre\17.0.13-win32-x86_64\bin\zip.dll
0x00007ff80a530000 - 0x00007ff80ada6000 	C:\WINDOWS\System32\SHELL32.dll
0x00007ff807530000 - 0x00007ff807e33000 	C:\WINDOWS\SYSTEM32\windows.storage.dll
0x00007ff8073f0000 - 0x00007ff80752f000 	C:\WINDOWS\SYSTEM32\wintypes.dll
0x00007ff80b380000 - 0x00007ff80b479000 	C:\WINDOWS\System32\SHCORE.dll
0x00007ff80a250000 - 0x00007ff80a2ae000 	C:\WINDOWS\System32\shlwapi.dll
0x00007ff8095a0000 - 0x00007ff8095cb000 	C:\WINDOWS\SYSTEM32\profapi.dll
0x00007fffc28b0000 - 0x00007fffc28c9000 	C:\Users\russe\.vscode\extensions\redhat.java-1.37.0-win32-x64\jre\17.0.13-win32-x86_64\bin\net.dll
0x00007ff805680000 - 0x00007ff8057b6000 	C:\WINDOWS\SYSTEM32\WINHTTP.dll
0x00007ff808ae0000 - 0x00007ff808b49000 	C:\WINDOWS\system32\mswsock.dll
0x00007fffc0580000 - 0x00007fffc0596000 	C:\Users\russe\.vscode\extensions\redhat.java-1.37.0-win32-x64\jre\17.0.13-win32-x86_64\bin\nio.dll
0x00007fffddde0000 - 0x00007fffdddf0000 	c:\Users\russe\.vscode\extensions\redhat.java-1.37.0-win32-x64\jre\17.0.13-win32-x86_64\bin\verify.dll
0x00007fffc2fe0000 - 0x00007fffc3025000 	C:\Users\russe\AppData\Roaming\Code\User\globalStorage\redhat.java\1.37.0\config_win\org.eclipse.equinox.launcher\org.eclipse.equinox.launcher.win32.win32.x86_64_1.2.1100.v20240722-2106\eclipse_11904.dll
0x00007ff80ba60000 - 0x00007ff80bc05000 	C:\WINDOWS\System32\ole32.dll
0x00007ff808e30000 - 0x00007ff808e4b000 	C:\WINDOWS\SYSTEM32\CRYPTSP.dll
0x00007ff8085d0000 - 0x00007ff808605000 	C:\WINDOWS\system32\rsaenh.dll
0x00007ff808b80000 - 0x00007ff808ba8000 	C:\WINDOWS\SYSTEM32\USERENV.dll
0x00007ff808e10000 - 0x00007ff808e1c000 	C:\WINDOWS\SYSTEM32\CRYPTBASE.dll
0x00007ff808130000 - 0x00007ff80815d000 	C:\WINDOWS\SYSTEM32\IPHLPAPI.DLL
0x00007ff80b490000 - 0x00007ff80b499000 	C:\WINDOWS\System32\NSI.dll
0x00007ff805b40000 - 0x00007ff805b59000 	C:\WINDOWS\SYSTEM32\dhcpcsvc6.DLL
0x00007ff805660000 - 0x00007ff80567f000 	C:\WINDOWS\SYSTEM32\dhcpcsvc.DLL
0x00007ff808160000 - 0x00007ff808262000 	C:\WINDOWS\SYSTEM32\DNSAPI.dll
0x00007fffbba10000 - 0x00007fffbba59000 	C:\Users\russe\AppData\Local\Temp\jna-108881122\jna3777849076884924306.dll
0x00007ff80a090000 - 0x00007ff80a098000 	C:\WINDOWS\System32\PSAPI.DLL
0x00007ff808780000 - 0x00007ff8087b4000 	C:\WINDOWS\SYSTEM32\ntmarta.dll

dbghelp: loaded successfully - version: 4.0.5 - missing functions: none
symbol engine: initialized successfully - sym options: 0x614 - pdb path: .;c:\Users\russe\.vscode\extensions\redhat.java-1.37.0-win32-x64\jre\17.0.13-win32-x86_64\bin;C:\WINDOWS\SYSTEM32;C:\WINDOWS\WinSxS\amd64_microsoft.windows.common-controls_6595b64144ccf1df_6.0.22621.4391_none_2715d37f73803e96;c:\Users\russe\.vscode\extensions\redhat.java-1.37.0-win32-x64\jre\17.0.13-win32-x86_64\bin\server;C:\Users\russe\AppData\Roaming\Code\User\globalStorage\redhat.java\1.37.0\config_win\org.eclipse.equinox.launcher\org.eclipse.equinox.launcher.win32.win32.x86_64_1.2.1100.v20240722-2106;C:\Users\russe\AppData\Local\Temp\jna-108881122

VM Arguments:
jvm_args: --add-modules=ALL-SYSTEM --add-opens=java.base/java.util=ALL-UNNAMED --add-opens=java.base/java.lang=ALL-UNNAMED --add-opens=java.base/sun.nio.fs=ALL-UNNAMED -Declipse.application=org.eclipse.jdt.ls.core.id1 -Dosgi.bundles.defaultStartLevel=4 -Declipse.product=org.eclipse.jdt.ls.core.product -Djava.import.generatesMetadataFilesAtProjectRoot=false -DDetectVMInstallationsJob.disabled=true -Dfile.encoding=utf8 -XX:+UseParallelGC -XX:GCTimeRatio=4 -XX:AdaptiveSizePolicyWeight=90 -Dsun.zip.disableMemoryMapping=true -Xmx1G -Xms100m -Xlog:disable -javaagent:c:\Users\russe\.vscode\extensions\redhat.java-1.37.0-win32-x64\lombok\lombok-1.18.34.jar -XX:+HeapDumpOnOutOfMemoryError -XX:HeapDumpPath=c:\Users\russe\AppData\Roaming\Code\User\workspaceStorage\4fb0ec10d9468569eff1f30371c4b890\redhat.java -Daether.dependencyCollector.impl=bf 
java_command: c:\Users\russe\.vscode\extensions\redhat.java-1.37.0-win32-x64\server\plugins\org.eclipse.equinox.launcher_1.6.900.v20240613-2009.jar -configuration c:\Users\russe\AppData\Roaming\Code\User\globalStorage\redhat.java\1.37.0\config_win -data c:\Users\russe\AppData\Roaming\Code\User\workspaceStorage\4fb0ec10d9468569eff1f30371c4b890\redhat.java\jdt_ws --pipe=\\.\pipe\lsp-e0a669c54bb7af733660f397f78ea0e3-sock
java_class_path (initial): c:\Users\russe\.vscode\extensions\redhat.java-1.37.0-win32-x64\server\plugins\org.eclipse.equinox.launcher_1.6.900.v20240613-2009.jar
Launcher Type: SUN_STANDARD

[Global flags]
    uintx AdaptiveSizePolicyWeight                 = 90                                        {product} {command line}
     intx CICompilerCount                          = 4                                         {product} {ergonomic}
    uintx GCTimeRatio                              = 4                                         {product} {command line}
     bool HeapDumpOnOutOfMemoryError               = true                                   {manageable} {command line}
    ccstr HeapDumpPath                             = c:\Users\russe\AppData\Roaming\Code\User\workspaceStorage\4fb0ec10d9468569eff1f30371c4b890\redhat.java         {manageable} {command line}
   size_t InitialHeapSize                          = 104857600                                 {product} {command line}
   size_t MaxHeapSize                              = 1073741824                                {product} {command line}
   size_t MaxNewSize                               = 357564416                                 {product} {ergonomic}
   size_t MinHeapDeltaBytes                        = 524288                                    {product} {ergonomic}
   size_t MinHeapSize                              = 104857600                                 {product} {command line}
   size_t NewSize                                  = 34603008                                  {product} {ergonomic}
    uintx NonNMethodCodeHeapSize                   = 5839372                                {pd product} {ergonomic}
    uintx NonProfiledCodeHeapSize                  = 122909434                              {pd product} {ergonomic}
   size_t OldSize                                  = 70254592                                  {product} {ergonomic}
    uintx ProfiledCodeHeapSize                     = 122909434                              {pd product} {ergonomic}
    uintx ReservedCodeCacheSize                    = 251658240                              {pd product} {ergonomic}
     bool SegmentedCodeCache                       = true                                      {product} {ergonomic}
   size_t SoftMaxHeapSize                          = 1073741824                             {manageable} {ergonomic}
     bool UseCompressedClassPointers               = true                           {product lp64_product} {ergonomic}
     bool UseCompressedOops                        = true                           {product lp64_product} {ergonomic}
     bool UseLargePagesIndividualAllocation        = false                                  {pd product} {ergonomic}
     bool UseParallelGC                            = true                                      {product} {command line}

Logging:
Log output configuration:
 #0: stdout all=off uptime,level,tags
 #1: stderr all=off uptime,level,tags

Environment Variables:
PATH=C:\Program Files\Eclipse Adoptium\jdk-21.0.5.11-hotspot\bin;C:\app\russe\product\21c\dbhomeXE\bin;C:\Python312\Scripts\;C:\Python312\;C:\Program Files\Common Files\Oracle\Java\javapath;C:\WINDOWS\system32;C:\WINDOWS;C:\WINDOWS\System32\Wbem;C:\WINDOWS\System32\WindowsPowerShell\v1.0\;C:\WINDOWS\System32\OpenSSH\;C:\Program Files (x86)\Intel\Intel(R) Management Engine Components\DAL;C:\Program Files\Intel\Intel(R) Management Engine Components\DAL;C:\Program Files\Azure Data Studio\bin;C:\Program Files (x86)\Microsoft SQL Server\160\Tools\Binn\;C:\Program Files\Microsoft SQL Server\160\Tools\Binn\;C:\Program Files\Microsoft SQL Server\Client SDK\ODBC\170\Tools\Binn\;C:\Program Files\Microsoft SQL Server\160\DTS\Binn\;C:\Program Files\dotnet\;C:\Program Files (x86)\Microsoft SQL Server\150\Tools\Binn\;C:\Program Files\Microsoft SQL Server\150\Tools\Binn\;C:\Program Files\Microsoft SQL Server\150\DTS\Binn\;C:\Program Files (x86)\Microsoft SQL Server\160\DTS\Binn\;C:\Program Files\PowerShell\7\;C:\ProgramData\chocolatey\bin;C:\Program Files\Git\cmd;C:\Users\russe\AppData\Local\Microsoft\WindowsApps;C:\Program Files\Azure Data Studio\bin;C:\Users\russe\.dotnet\tools;C:\Program Files\Java\Java3D\1.5.1\bin;C:\Users\russe\AppData\Local\Programs\Microsoft VS Code\bin
USERNAME=russe
OS=Windows_NT
PROCESSOR_IDENTIFIER=Intel64 Family 6 Model 142 Stepping 11, GenuineIntel
TMP=C:\Users\russe\AppData\Local\Temp
TEMP=C:\Users\russe\AppData\Local\Temp



Periodic native trim disabled


---------------  S Y S T E M  ---------------

OS:
 Windows 11 , 64 bit Build 22621 (10.0.22621.4391)
OS uptime: 1 days 4:07 hours
Hyper-V role detected

CPU: total 8 (initial active 8) (4 cores per cpu, 2 threads per core) family 6 model 142 stepping 11 microcode 0xde, cx8, cmov, fxsr, ht, mmx, 3dnowpref, sse, sse2, sse3, ssse3, sse4.1, sse4.2, popcnt, lzcnt, tsc, tscinvbit, avx, avx2, aes, erms, clmul, bmi1, bmi2, adx, fma, vzeroupper, clflush, clflushopt, hv
Processor Information for all 8 processors :
  Max Mhz: 1800, Current Mhz: 1600, Mhz Limit: 1584

Memory: 4k page, system-wide physical 3917M (52M free)
TotalPageFile size 11917M (AvailPageFile size 2M)
current process WorkingSet (physical memory assigned to process): 305M, peak: 435M
current process commit charge ("private bytes"): 561M, peak: 564M

vm_info: OpenJDK 64-Bit Server VM (17.0.13+11) for windows-amd64 JRE (17.0.13+11), built on Oct 16 2024 00:10:08 by "admin" with MS VC++ 17.7 (VS2022)

END.
