#
# There is insufficient memory for the Java Runtime Environment to continue.
# Native memory allocation (malloc) failed to allocate 32744 bytes. Error detail: ChunkPool::allocate
# Possible reasons:
#   The system is out of physical RAM or swap space
#   This process is running with CompressedOops enabled, and the Java Heap may be blocking the growth of the native heap
# Possible solutions:
#   Reduce memory load on the system
#   Increase physical memory or swap space
#   Check if swap backing store is full
#   Decrease Java heap size (-Xmx/-Xms)
#   Decrease number of Java threads
#   Decrease Java thread stack sizes (-Xss)
#   Set larger code cache with -XX:ReservedCodeCacheSize=
#   JVM is running with Unscaled Compressed Oops mode in which the Java heap is
#     placed in the first 4GB address space. The Java Heap base address is the
#     maximum limit for the native heap growth. Please use -XX:HeapBaseMinAddress
#     to set the Java Heap base and to place the Java Heap above 4GB virtual address.
# This output file may be truncated or incomplete.
#
#  Out of Memory Error (arena.cpp:79), pid=13180, tid=15220
#
# JRE version: OpenJDK Runtime Environment Temurin-17.0.13+11 (17.0.13+11) (build 17.0.13+11)
# Java VM: OpenJDK 64-Bit Server VM Temurin-17.0.13+11 (17.0.13+11, mixed mode, tiered, compressed oops, compressed class ptrs, parallel gc, windows-amd64)
# No core dump will be written. Minidumps are not enabled by default on client versions of Windows
#

---------------  S U M M A R Y ------------

Command Line: --add-modules=ALL-SYSTEM --add-opens=java.base/java.util=ALL-UNNAMED --add-opens=java.base/java.lang=ALL-UNNAMED --add-opens=java.base/sun.nio.fs=ALL-UNNAMED -Declipse.application=org.eclipse.jdt.ls.core.id1 -Dosgi.bundles.defaultStartLevel=4 -Declipse.product=org.eclipse.jdt.ls.core.product -Djava.import.generatesMetadataFilesAtProjectRoot=false -DDetectVMInstallationsJob.disabled=true -Dfile.encoding=utf8 -XX:+UseParallelGC -XX:GCTimeRatio=4 -XX:AdaptiveSizePolicyWeight=90 -Dsun.zip.disableMemoryMapping=true -Xmx1G -Xms100m -Xlog:disable -javaagent:c:\Users\russe\.vscode\extensions\redhat.java-1.38.0-win32-x64\lombok\lombok-1.18.34.jar -XX:+HeapDumpOnOutOfMemoryError -XX:HeapDumpPath=c:\Users\russe\AppData\Roaming\Code\User\workspaceStorage\afca193dd01d36fe25fef58204043005\redhat.java -Daether.dependencyCollector.impl=bf c:\Users\russe\.vscode\extensions\redhat.java-1.38.0-win32-x64\server\plugins\org.eclipse.equinox.launcher_1.6.900.v20240613-2009.jar -configuration c:\Users\russe\AppData\Roaming\Code\User\globalStorage\redhat.java\1.38.0\config_win -data c:\Users\russe\AppData\Roaming\Code\User\workspaceStorage\afca193dd01d36fe25fef58204043005\redhat.java\jdt_ws --pipe=\\.\pipe\lsp-c883e088afe8bd335a6509b10eddcd69-sock

Host: Intel(R) Core(TM) i5-8265U CPU @ 1.60GHz, 8 cores, 3G,  Windows 11 , 64 bit Build 22621 (10.0.22621.4391)
Time: Thu Dec 19 16:46:36 2024 Hora est. Pacífico, Sudamérica elapsed time: 938.658659 seconds (0d 0h 15m 38s)

---------------  T H R E A D  ---------------

Current thread (0x00000218fbe68340):  JavaThread "C2 CompilerThread0" daemon [_thread_in_native, id=15220, stack(0x000000e3d6d00000,0x000000e3d6e00000)]


Current CompileTask:
C2: 938658 10758       4       java.lang.invoke.MethodType::makeImpl (109 bytes)

Stack: [0x000000e3d6d00000,0x000000e3d6e00000]
Native frames: (J=compiled Java code, j=interpreted, Vv=VM code, C=native code)
V  [jvm.dll+0x682a19]
V  [jvm.dll+0x839538]
V  [jvm.dll+0x83afe3]
V  [jvm.dll+0x83b653]
V  [jvm.dll+0x24704f]
V  [jvm.dll+0xad03c]
V  [jvm.dll+0xad4cc]
V  [jvm.dll+0xacf44]
V  [jvm.dll+0x66043c]
V  [jvm.dll+0x5755fe]
V  [jvm.dll+0x574a33]
V  [jvm.dll+0x5749e8]
V  [jvm.dll+0x578180]
V  [jvm.dll+0x577c56]
V  [jvm.dll+0x5772ae]
V  [jvm.dll+0x5772c1]
V  [jvm.dll+0x5772c1]
V  [jvm.dll+0x5772c1]
V  [jvm.dll+0x5772c1]
V  [jvm.dll+0x5772c1]
V  [jvm.dll+0x5772c1]
V  [jvm.dll+0x5772c1]
V  [jvm.dll+0x5772c1]
V  [jvm.dll+0x5772c1]
V  [jvm.dll+0x5772c1]
V  [jvm.dll+0x5772c1]
V  [jvm.dll+0x5772c1]
V  [jvm.dll+0x5772c1]
V  [jvm.dll+0x5772c1]
V  [jvm.dll+0x5772c1]
V  [jvm.dll+0x5892bc]
V  [jvm.dll+0x220ea2]
V  [jvm.dll+0x219cd2]
V  [jvm.dll+0x21738b]
V  [jvm.dll+0x1a3070]
V  [jvm.dll+0x22788c]
V  [jvm.dll+0x2259eb]
V  [jvm.dll+0x7eec98]
V  [jvm.dll+0x7e8ffc]
V  [jvm.dll+0x6818f7]
C  [ucrtbase.dll+0x29333]
C  [KERNEL32.DLL+0x1259d]
C  [ntdll.dll+0x5af38]


---------------  P R O C E S S  ---------------

Threads class SMR info:
_java_thread_list=0x00000218fe898f50, length=37, elements={
0x00000218e2e7f3a0, 0x00000218fbe37390, 0x00000218fbe39130, 0x00000218f6cfcb30,
0x00000218f6cfd8c0, 0x00000218f6cfe550, 0x00000218fbe56050, 0x00000218fbe68340,
0x00000218fbeb9b20, 0x00000218fbedc7b0, 0x00000218e2ee2040, 0x00000218fc17f150,
0x00000218fd6d93e0, 0x00000218fd6f4850, 0x00000218fd4d8060, 0x00000218fd459330,
0x00000218fdb4c550, 0x00000218fd5db670, 0x00000218fd5dcab0, 0x00000218fd5d9d20,
0x00000218fd5dc5a0, 0x00000218fd5db160, 0x00000218fd5dcfc0, 0x00000218fd5da230,
0x00000218fd5dac50, 0x00000218fe88ffa0, 0x00000218fe8909c0, 0x00000218fe8913e0,
0x00000218fe8904b0, 0x00000218fe88fa90, 0x00000218fe890ed0, 0x00000218fe8918f0,
0x00000218fe891e00, 0x00000218fe892310, 0x00000218fe892820, 0x00000218fe88f070,
0x00000218fe88f580
}

Java Threads: ( => current thread )
  0x00000218e2e7f3a0 JavaThread "main" [_thread_blocked, id=2360, stack(0x000000e3d6400000,0x000000e3d6500000)]
  0x00000218fbe37390 JavaThread "Reference Handler" daemon [_thread_blocked, id=19024, stack(0x000000e3d6700000,0x000000e3d6800000)]
  0x00000218fbe39130 JavaThread "Finalizer" daemon [_thread_blocked, id=3496, stack(0x000000e3d6800000,0x000000e3d6900000)]
  0x00000218f6cfcb30 JavaThread "Signal Dispatcher" daemon [_thread_blocked, id=7336, stack(0x000000e3d6900000,0x000000e3d6a00000)]
  0x00000218f6cfd8c0 JavaThread "Attach Listener" daemon [_thread_blocked, id=18460, stack(0x000000e3d6a00000,0x000000e3d6b00000)]
  0x00000218f6cfe550 JavaThread "Service Thread" daemon [_thread_blocked, id=13904, stack(0x000000e3d6b00000,0x000000e3d6c00000)]
  0x00000218fbe56050 JavaThread "Monitor Deflation Thread" daemon [_thread_blocked, id=11296, stack(0x000000e3d6c00000,0x000000e3d6d00000)]
=>0x00000218fbe68340 JavaThread "C2 CompilerThread0" daemon [_thread_in_native, id=15220, stack(0x000000e3d6d00000,0x000000e3d6e00000)]
  0x00000218fbeb9b20 JavaThread "C1 CompilerThread0" daemon [_thread_blocked, id=4276, stack(0x000000e3d6e00000,0x000000e3d6f00000)]
  0x00000218fbedc7b0 JavaThread "Sweeper thread" daemon [_thread_blocked, id=4364, stack(0x000000e3d6f00000,0x000000e3d7000000)]
  0x00000218e2ee2040 JavaThread "Common-Cleaner" daemon [_thread_blocked, id=12744, stack(0x000000e3d7000000,0x000000e3d7100000)]
  0x00000218fc17f150 JavaThread "Notification Thread" daemon [_thread_blocked, id=10056, stack(0x000000e3d7100000,0x000000e3d7200000)]
  0x00000218fd6d93e0 JavaThread "Active Thread: Equinox Container: c377c66d-6ec1-4c9c-8793-deac853c42b2" [_thread_blocked, id=4488, stack(0x000000e3d7900000,0x000000e3d7a00000)]
  0x00000218fd6f4850 JavaThread "Refresh Thread: Equinox Container: c377c66d-6ec1-4c9c-8793-deac853c42b2" daemon [_thread_blocked, id=14432, stack(0x000000e3d7a00000,0x000000e3d7b00000)]
  0x00000218fd4d8060 JavaThread "Framework Event Dispatcher: Equinox Container: c377c66d-6ec1-4c9c-8793-deac853c42b2" daemon [_thread_blocked, id=14224, stack(0x000000e3d7b00000,0x000000e3d7c00000)]
  0x00000218fd459330 JavaThread "Start Level: Equinox Container: c377c66d-6ec1-4c9c-8793-deac853c42b2" daemon [_thread_blocked, id=18564, stack(0x000000e3d7c00000,0x000000e3d7d00000)]
  0x00000218fdb4c550 JavaThread "Bundle File Closer" daemon [_thread_blocked, id=7612, stack(0x000000e3d7e00000,0x000000e3d7f00000)]
  0x00000218fd5db670 JavaThread "SCR Component Actor" daemon [_thread_blocked, id=5700, stack(0x000000e3d7f00000,0x000000e3d8000000)]
  0x00000218fd5dcab0 JavaThread "Worker-JM" [_thread_blocked, id=7548, stack(0x000000e3d8100000,0x000000e3d8200000)]
  0x00000218fd5d9d20 JavaThread "JNA Cleaner" daemon [_thread_blocked, id=16104, stack(0x000000e3d8200000,0x000000e3d8300000)]
  0x00000218fd5dc5a0 JavaThread "Worker-2: Java indexing... " [_thread_blocked, id=9404, stack(0x000000e3d8500000,0x000000e3d8600000)]
  0x00000218fd5db160 JavaThread "Java indexing" daemon [_thread_blocked, id=10884, stack(0x000000e3d8600000,0x000000e3d8700000)]
  0x00000218fd5dcfc0 JavaThread "Worker-3: Building" [_thread_blocked, id=10564, stack(0x000000e3d8900000,0x000000e3d8a00000)]
  0x00000218fd5da230 JavaThread "Thread-2" daemon [_thread_in_native, id=10468, stack(0x000000e3d8a00000,0x000000e3d8b00000)]
  0x00000218fd5dac50 JavaThread "Thread-3" daemon [_thread_in_native, id=4196, stack(0x000000e3d8b00000,0x000000e3d8c00000)]
  0x00000218fe88ffa0 JavaThread "Thread-4" daemon [_thread_in_native, id=13364, stack(0x000000e3d8c00000,0x000000e3d8d00000)]
  0x00000218fe8909c0 JavaThread "Thread-5" daemon [_thread_in_native, id=6904, stack(0x000000e3d8d00000,0x000000e3d8e00000)]
  0x00000218fe8913e0 JavaThread "Thread-6" daemon [_thread_in_native, id=3924, stack(0x000000e3d8e00000,0x000000e3d8f00000)]
  0x00000218fe8904b0 JavaThread "Thread-7" daemon [_thread_in_native, id=4336, stack(0x000000e3d8f00000,0x000000e3d9000000)]
  0x00000218fe88fa90 JavaThread "Thread-8" daemon [_thread_in_native, id=12404, stack(0x000000e3d9000000,0x000000e3d9100000)]
  0x00000218fe890ed0 JavaThread "Thread-9" daemon [_thread_in_native, id=11948, stack(0x000000e3d9100000,0x000000e3d9200000)]
  0x00000218fe8918f0 JavaThread "Thread-10" daemon [_thread_in_native, id=15332, stack(0x000000e3d9200000,0x000000e3d9300000)]
  0x00000218fe891e00 JavaThread "pool-2-thread-1" [_thread_blocked, id=10768, stack(0x000000e3d9300000,0x000000e3d9400000)]
  0x00000218fe892310 JavaThread "Worker-4" [_thread_blocked, id=18768, stack(0x000000e3d9400000,0x000000e3d9500000)]
  0x00000218fe892820 JavaThread "Worker-5: Compacting resource model" [_thread_blocked, id=12004, stack(0x000000e3d9500000,0x000000e3d9600000)]
  0x00000218fe88f070 JavaThread "WorkspaceEventsHandler" [_thread_blocked, id=8724, stack(0x000000e3d9600000,0x000000e3d9700000)]
  0x00000218fe88f580 JavaThread "pool-1-thread-1" [_thread_blocked, id=8216, stack(0x000000e3d9700000,0x000000e3d9800000)]

Other Threads:
  0x00000218fbe214b0 VMThread "VM Thread" [stack: 0x000000e3d6600000,0x000000e3d6700000] [id=6168]
  0x00000218fd05ffa0 WatcherThread [stack: 0x000000e3d7200000,0x000000e3d7300000] [id=15160]
  0x00000218e2e93e70 GCTaskThread "GC Thread#0" [stack: 0x000000e3d6500000,0x000000e3d6600000] [id=12396]
  0x00000218fd422cb0 GCTaskThread "GC Thread#1" [stack: 0x000000e3d7300000,0x000000e3d7400000] [id=15728]
  0x00000218fd3ef010 GCTaskThread "GC Thread#2" [stack: 0x000000e3d7400000,0x000000e3d7500000] [id=1132]
  0x00000218fd539820 GCTaskThread "GC Thread#3" [stack: 0x000000e3d7500000,0x000000e3d7600000] [id=16740]
  0x00000218fd539ae0 GCTaskThread "GC Thread#4" [stack: 0x000000e3d7600000,0x000000e3d7700000] [id=12328]
  0x00000218fd3eb460 GCTaskThread "GC Thread#5" [stack: 0x000000e3d7700000,0x000000e3d7800000] [id=4800]
  0x00000218fd3eb720 GCTaskThread "GC Thread#6" [stack: 0x000000e3d7800000,0x000000e3d7900000] [id=14768]
  0x00000218fd1a80a0 GCTaskThread "GC Thread#7" [stack: 0x000000e3d7d00000,0x000000e3d7e00000] [id=13192]

Threads with active compile tasks:
C2 CompilerThread0   938963 10758       4       java.lang.invoke.MethodType::makeImpl (109 bytes)

VM state: at safepoint (normal execution)

VM Mutex/Monitor currently owned by a thread:  ([mutex/lock_event])
[0x00000218e2e7bf50] Threads_lock - owner thread: 0x00000218fbe214b0
[0x00000218e2e7bb60] Heap_lock - owner thread: 0x00000218fd5dcfc0

Heap address: 0x00000000c0000000, size: 1024 MB, Compressed Oops mode: 32-bit

CDS archive(s) not mapped
Compressed class space mapped at: 0x0000000100000000-0x0000000140000000, reserved size: 1073741824
Narrow klass base: 0x0000000000000000, Narrow klass shift: 3, Narrow klass range: 0x140000000

GC Precious Log:
 CPUs: 8 total, 8 available
 Memory: 3917M
 Large Page Support: Disabled
 NUMA Support: Disabled
 Compressed Oops: Enabled (32-bit)
 Alignments: Space 512K, Generation 512K, Heap 2M
 Heap Min Capacity: 100M
 Heap Initial Capacity: 100M
 Heap Max Capacity: 1G
 Pre-touch: Disabled
 Parallel Workers: 8

Heap:
 PSYoungGen      total 16384K, used 13824K [0x00000000eab00000, 0x00000000ebe00000, 0x0000000100000000)
  eden space 13824K, 100% used [0x00000000eab00000,0x00000000eb880000,0x00000000eb880000)
  from space 2560K, 0% used [0x00000000eb880000,0x00000000eb880000,0x00000000ebb00000)
  to   space 2560K, 0% used [0x00000000ebb00000,0x00000000ebb00000,0x00000000ebd80000)
 ParOldGen       total 104448K, used 104084K [0x00000000c0000000, 0x00000000c6600000, 0x00000000eab00000)
  object space 104448K, 99% used [0x00000000c0000000,0x00000000c65a5248,0x00000000c6600000)
 Metaspace       used 67486K, committed 68672K, reserved 1114112K
  class space    used 7041K, committed 7552K, reserved 1048576K

Card table byte_map: [0x00000218e2800000,0x00000218e2a10000] _byte_map_base: 0x00000218e2200000

Marking Bits: (ParMarkBitMap*) 0x00007ff815946940
 Begin Bits: [0x00000218f4b00000, 0x00000218f5b00000)
 End Bits:   [0x00000218f5b00000, 0x00000218f6b00000)

Polling page: 0x00000218e0dc0000

Metaspace:

Usage:
  Non-class:     59.03 MB used.
      Class:      6.88 MB used.
       Both:     65.91 MB used.

Virtual space:
  Non-class space:       64.00 MB reserved,      59.69 MB ( 93%) committed,  1 nodes.
      Class space:        1.00 GB reserved,       7.38 MB ( <1%) committed,  1 nodes.
             Both:        1.06 GB reserved,      67.06 MB (  6%) committed. 

Chunk freelists:
   Non-Class:  4.17 MB
       Class:  8.70 MB
        Both:  12.87 MB

MaxMetaspaceSize: unlimited
CompressedClassSpaceSize: 1.00 GB
Initial GC threshold: 21.00 MB
Current GC threshold: 111.81 MB
CDS: off
MetaspaceReclaimPolicy: balanced
 - commit_granule_bytes: 65536.
 - commit_granule_words: 8192.
 - virtual_space_node_default_size: 8388608.
 - enlarge_chunks_in_place: 1.
 - new_chunks_are_fully_committed: 0.
 - uncommit_free_chunks: 1.
 - use_allocation_guard: 0.
 - handle_deallocations: 1.


Internal statistics:

num_allocs_failed_limit: 9.
num_arena_births: 898.
num_arena_deaths: 296.
num_vsnodes_births: 2.
num_vsnodes_deaths: 0.
num_space_committed: 1073.
num_space_uncommitted: 0.
num_chunks_returned_to_freelist: 386.
num_chunks_taken_from_freelist: 3892.
num_chunk_merges: 137.
num_chunk_splits: 2246.
num_chunks_enlarged: 1197.
num_inconsistent_stats: 0.

CodeHeap 'non-profiled nmethods': size=120000Kb used=5006Kb max_used=5006Kb free=114993Kb
 bounds [0x00000218ed5d0000, 0x00000218edac0000, 0x00000218f4b00000]
CodeHeap 'profiled nmethods': size=120000Kb used=17012Kb max_used=18717Kb free=102987Kb
 bounds [0x00000218e5b00000, 0x00000218e6d50000, 0x00000218ed030000]
CodeHeap 'non-nmethods': size=5760Kb used=1354Kb max_used=1468Kb free=4405Kb
 bounds [0x00000218ed030000, 0x00000218ed2a0000, 0x00000218ed5d0000]
 total_blobs=9536 nmethods=8837 adapters=613
 compilation: enabled
              stopped_count=0, restarted_count=0
 full_count=0

Compilation events (20 events):
Event: 938.266 Thread 0x00000218fbeb9b20 10772       3       org.eclipse.core.filesystem.provider.FileInfo::isSet (16 bytes)
Event: 938.266 Thread 0x00000218fbeb9b20 nmethod 10772 0x00000218e6ad6e90 code [0x00000218e6ad7020, 0x00000218e6ad7198]
Event: 938.269 Thread 0x00000218fbeb9b20 10773       3       org.eclipse.core.filesystem.provider.FileInfo::setAttribute (100 bytes)
Event: 938.270 Thread 0x00000218fbeb9b20 nmethod 10773 0x00000218e5e46010 code [0x00000218e5e46200, 0x00000218e5e46758]
Event: 938.270 Thread 0x00000218fbeb9b20 10774       3       org.eclipse.core.filesystem.provider.FileInfo::clear (13 bytes)
Event: 938.270 Thread 0x00000218fbeb9b20 nmethod 10774 0x00000218e6adc810 code [0x00000218e6adc9a0, 0x00000218e6adcab8]
Event: 938.394 Thread 0x00000218fbeb9b20 10775   !   3       java.net.URI::create (23 bytes)
Event: 938.395 Thread 0x00000218fbeb9b20 nmethod 10775 0x00000218e5ebde90 code [0x00000218e5ebe080, 0x00000218e5ebe5e8]
Event: 938.399 Thread 0x00000218fbeb9b20 10777       3       java.util.regex.Pattern::append (43 bytes)
Event: 938.399 Thread 0x00000218fbeb9b20 nmethod 10777 0x00000218e6388190 code [0x00000218e6388360, 0x00000218e63886f8]
Event: 938.399 Thread 0x00000218fbeb9b20 10778       3       org.eclipse.core.internal.dtree.NoDataDeltaNode::copy (52 bytes)
Event: 938.400 Thread 0x00000218fbeb9b20 nmethod 10778 0x00000218e6500990 code [0x00000218e6500b60, 0x00000218e6500ef8]
Event: 938.401 Thread 0x00000218fbeb9b20 10779       1       org.eclipse.core.internal.localstore.UnifiedTreeNode::getFirstChild (5 bytes)
Event: 938.401 Thread 0x00000218fbeb9b20 nmethod 10779 0x00000218edab1190 code [0x00000218edab1320, 0x00000218edab13f8]
Event: 938.401 Thread 0x00000218fbeb9b20 10780       3       org.eclipse.core.runtime.Path::removeLastSegments (85 bytes)
Event: 938.403 Thread 0x00000218fbeb9b20 nmethod 10780 0x00000218e643b610 code [0x00000218e643b820, 0x00000218e643bf38]
Event: 938.518 Thread 0x00000218fbeb9b20 10784   !   3       java.util.AbstractList$Itr::next (46 bytes)
Event: 938.519 Thread 0x00000218fbeb9b20 nmethod 10784 0x00000218e6414c90 code [0x00000218e6414ea0, 0x00000218e6415478]
Event: 938.519 Thread 0x00000218fbeb9b20 10783       1       org.eclipse.core.internal.localstore.UnifiedTreeNode::getResource (5 bytes)
Event: 938.520 Thread 0x00000218fbeb9b20 nmethod 10783 0x00000218edab1c90 code [0x00000218edab1e20, 0x00000218edab1ef8]

GC Heap History (20 events):
Event: 937.130 GC heap after
{Heap after GC invocations=11382 (full 11323):
 PSYoungGen      total 16384K, used 11942K [0x00000000eab00000, 0x00000000ebe00000, 0x0000000100000000)
  eden space 13824K, 86% used [0x00000000eab00000,0x00000000eb6a9a90,0x00000000eb880000)
  from space 2560K, 0% used [0x00000000ebb00000,0x00000000ebb00000,0x00000000ebd80000)
  to   space 2560K, 0% used [0x00000000eb880000,0x00000000eb880000,0x00000000ebb00000)
 ParOldGen       total 104448K, used 103992K [0x00000000c0000000, 0x00000000c6600000, 0x00000000eab00000)
  object space 104448K, 99% used [0x00000000c0000000,0x00000000c658e3a0,0x00000000c6600000)
 Metaspace       used 67434K, committed 68544K, reserved 1114112K
  class space    used 7034K, committed 7552K, reserved 1048576K
}
Event: 937.142 GC heap before
{Heap before GC invocations=11383 (full 11324):
 PSYoungGen      total 16384K, used 13824K [0x00000000eab00000, 0x00000000ebe00000, 0x0000000100000000)
  eden space 13824K, 100% used [0x00000000eab00000,0x00000000eb880000,0x00000000eb880000)
  from space 2560K, 0% used [0x00000000ebb00000,0x00000000ebb00000,0x00000000ebd80000)
  to   space 2560K, 0% used [0x00000000eb880000,0x00000000eb880000,0x00000000ebb00000)
 ParOldGen       total 104448K, used 103992K [0x00000000c0000000, 0x00000000c6600000, 0x00000000eab00000)
  object space 104448K, 99% used [0x00000000c0000000,0x00000000c658e3a0,0x00000000c6600000)
 Metaspace       used 67434K, committed 68544K, reserved 1114112K
  class space    used 7034K, committed 7552K, reserved 1048576K
}
Event: 937.289 GC heap after
{Heap after GC invocations=11383 (full 11324):
 PSYoungGen      total 16384K, used 10152K [0x00000000eab00000, 0x00000000ebe00000, 0x0000000100000000)
  eden space 13824K, 73% used [0x00000000eab00000,0x00000000eb4ea3a0,0x00000000eb880000)
  from space 2560K, 0% used [0x00000000eb880000,0x00000000eb880000,0x00000000ebb00000)
  to   space 2560K, 0% used [0x00000000ebb00000,0x00000000ebb00000,0x00000000ebd80000)
 ParOldGen       total 104448K, used 104166K [0x00000000c0000000, 0x00000000c6600000, 0x00000000eab00000)
  object space 104448K, 99% used [0x00000000c0000000,0x00000000c65b9868,0x00000000c6600000)
 Metaspace       used 67434K, committed 68544K, reserved 1114112K
  class space    used 7034K, committed 7552K, reserved 1048576K
}
Event: 937.315 GC heap before
{Heap before GC invocations=11384 (full 11325):
 PSYoungGen      total 16384K, used 13824K [0x00000000eab00000, 0x00000000ebe00000, 0x0000000100000000)
  eden space 13824K, 100% used [0x00000000eab00000,0x00000000eb880000,0x00000000eb880000)
  from space 2560K, 0% used [0x00000000eb880000,0x00000000eb880000,0x00000000ebb00000)
  to   space 2560K, 0% used [0x00000000ebb00000,0x00000000ebb00000,0x00000000ebd80000)
 ParOldGen       total 104448K, used 104166K [0x00000000c0000000, 0x00000000c6600000, 0x00000000eab00000)
  object space 104448K, 99% used [0x00000000c0000000,0x00000000c65b9868,0x00000000c6600000)
 Metaspace       used 67436K, committed 68544K, reserved 1114112K
  class space    used 7034K, committed 7552K, reserved 1048576K
}
Event: 937.464 GC heap after
{Heap after GC invocations=11384 (full 11325):
 PSYoungGen      total 16384K, used 10765K [0x00000000eab00000, 0x00000000ebe00000, 0x0000000100000000)
  eden space 13824K, 77% used [0x00000000eab00000,0x00000000eb583438,0x00000000eb880000)
  from space 2560K, 0% used [0x00000000ebb00000,0x00000000ebb00000,0x00000000ebd80000)
  to   space 2560K, 0% used [0x00000000eb880000,0x00000000eb880000,0x00000000ebb00000)
 ParOldGen       total 104448K, used 104150K [0x00000000c0000000, 0x00000000c6600000, 0x00000000eab00000)
  object space 104448K, 99% used [0x00000000c0000000,0x00000000c65b58e0,0x00000000c6600000)
 Metaspace       used 67436K, committed 68544K, reserved 1114112K
  class space    used 7034K, committed 7552K, reserved 1048576K
}
Event: 937.493 GC heap before
{Heap before GC invocations=11385 (full 11326):
 PSYoungGen      total 16384K, used 13824K [0x00000000eab00000, 0x00000000ebe00000, 0x0000000100000000)
  eden space 13824K, 100% used [0x00000000eab00000,0x00000000eb880000,0x00000000eb880000)
  from space 2560K, 0% used [0x00000000ebb00000,0x00000000ebb00000,0x00000000ebd80000)
  to   space 2560K, 0% used [0x00000000eb880000,0x00000000eb880000,0x00000000ebb00000)
 ParOldGen       total 104448K, used 104150K [0x00000000c0000000, 0x00000000c6600000, 0x00000000eab00000)
  object space 104448K, 99% used [0x00000000c0000000,0x00000000c65b58e0,0x00000000c6600000)
 Metaspace       used 67436K, committed 68544K, reserved 1114112K
  class space    used 7034K, committed 7552K, reserved 1048576K
}
Event: 937.637 GC heap after
{Heap after GC invocations=11385 (full 11326):
 PSYoungGen      total 16384K, used 11253K [0x00000000eab00000, 0x00000000ebe00000, 0x0000000100000000)
  eden space 13824K, 81% used [0x00000000eab00000,0x00000000eb5fd670,0x00000000eb880000)
  from space 2560K, 0% used [0x00000000eb880000,0x00000000eb880000,0x00000000ebb00000)
  to   space 2560K, 0% used [0x00000000ebb00000,0x00000000ebb00000,0x00000000ebd80000)
 ParOldGen       total 104448K, used 104138K [0x00000000c0000000, 0x00000000c6600000, 0x00000000eab00000)
  object space 104448K, 99% used [0x00000000c0000000,0x00000000c65b2ab0,0x00000000c6600000)
 Metaspace       used 67436K, committed 68544K, reserved 1114112K
  class space    used 7034K, committed 7552K, reserved 1048576K
}
Event: 937.653 GC heap before
{Heap before GC invocations=11386 (full 11327):
 PSYoungGen      total 16384K, used 13824K [0x00000000eab00000, 0x00000000ebe00000, 0x0000000100000000)
  eden space 13824K, 100% used [0x00000000eab00000,0x00000000eb880000,0x00000000eb880000)
  from space 2560K, 0% used [0x00000000eb880000,0x00000000eb880000,0x00000000ebb00000)
  to   space 2560K, 0% used [0x00000000ebb00000,0x00000000ebb00000,0x00000000ebd80000)
 ParOldGen       total 104448K, used 104155K [0x00000000c0000000, 0x00000000c6600000, 0x00000000eab00000)
  object space 104448K, 99% used [0x00000000c0000000,0x00000000c65b6cd8,0x00000000c6600000)
 Metaspace       used 67439K, committed 68544K, reserved 1114112K
  class space    used 7034K, committed 7552K, reserved 1048576K
}
Event: 937.789 GC heap after
{Heap after GC invocations=11386 (full 11327):
 PSYoungGen      total 16384K, used 11617K [0x00000000eab00000, 0x00000000ebe00000, 0x0000000100000000)
  eden space 13824K, 84% used [0x00000000eab00000,0x00000000eb658560,0x00000000eb880000)
  from space 2560K, 0% used [0x00000000ebb00000,0x00000000ebb00000,0x00000000ebd80000)
  to   space 2560K, 0% used [0x00000000eb880000,0x00000000eb880000,0x00000000ebb00000)
 ParOldGen       total 104448K, used 104145K [0x00000000c0000000, 0x00000000c6600000, 0x00000000eab00000)
  object space 104448K, 99% used [0x00000000c0000000,0x00000000c65b4600,0x00000000c6600000)
 Metaspace       used 67439K, committed 68544K, reserved 1114112K
  class space    used 7034K, committed 7552K, reserved 1048576K
}
Event: 937.799 GC heap before
{Heap before GC invocations=11387 (full 11328):
 PSYoungGen      total 16384K, used 13824K [0x00000000eab00000, 0x00000000ebe00000, 0x0000000100000000)
  eden space 13824K, 100% used [0x00000000eab00000,0x00000000eb880000,0x00000000eb880000)
  from space 2560K, 0% used [0x00000000ebb00000,0x00000000ebb00000,0x00000000ebd80000)
  to   space 2560K, 0% used [0x00000000eb880000,0x00000000eb880000,0x00000000ebb00000)
 ParOldGen       total 104448K, used 104155K [0x00000000c0000000, 0x00000000c6600000, 0x00000000eab00000)
  object space 104448K, 99% used [0x00000000c0000000,0x00000000c65b6d50,0x00000000c6600000)
 Metaspace       used 67456K, committed 68544K, reserved 1114112K
  class space    used 7037K, committed 7552K, reserved 1048576K
}
Event: 937.955 GC heap after
{Heap after GC invocations=11387 (full 11328):
 PSYoungGen      total 16384K, used 10392K [0x00000000eab00000, 0x00000000ebe00000, 0x0000000100000000)
  eden space 13824K, 75% used [0x00000000eab00000,0x00000000eb5261b8,0x00000000eb880000)
  from space 2560K, 0% used [0x00000000eb880000,0x00000000eb880000,0x00000000ebb00000)
  to   space 2560K, 0% used [0x00000000ebb00000,0x00000000ebb00000,0x00000000ebd80000)
 ParOldGen       total 104448K, used 104044K [0x00000000c0000000, 0x00000000c6600000, 0x00000000eab00000)
  object space 104448K, 99% used [0x00000000c0000000,0x00000000c659b1c0,0x00000000c6600000)
 Metaspace       used 67456K, committed 68544K, reserved 1114112K
  class space    used 7037K, committed 7552K, reserved 1048576K
}
Event: 937.971 GC heap before
{Heap before GC invocations=11388 (full 11329):
 PSYoungGen      total 16384K, used 13824K [0x00000000eab00000, 0x00000000ebe00000, 0x0000000100000000)
  eden space 13824K, 100% used [0x00000000eab00000,0x00000000eb880000,0x00000000eb880000)
  from space 2560K, 0% used [0x00000000eb880000,0x00000000eb880000,0x00000000ebb00000)
  to   space 2560K, 0% used [0x00000000ebb00000,0x00000000ebb00000,0x00000000ebd80000)
 ParOldGen       total 104448K, used 104044K [0x00000000c0000000, 0x00000000c6600000, 0x00000000eab00000)
  object space 104448K, 99% used [0x00000000c0000000,0x00000000c659b1c0,0x00000000c6600000)
 Metaspace       used 67467K, committed 68544K, reserved 1114112K
  class space    used 7040K, committed 7552K, reserved 1048576K
}
Event: 938.116 GC heap after
{Heap after GC invocations=11388 (full 11329):
 PSYoungGen      total 16384K, used 10914K [0x00000000eab00000, 0x00000000ebe00000, 0x0000000100000000)
  eden space 13824K, 78% used [0x00000000eab00000,0x00000000eb5a8ab8,0x00000000eb880000)
  from space 2560K, 0% used [0x00000000ebb00000,0x00000000ebb00000,0x00000000ebd80000)
  to   space 2560K, 0% used [0x00000000eb880000,0x00000000eb880000,0x00000000ebb00000)
 ParOldGen       total 104448K, used 104031K [0x00000000c0000000, 0x00000000c6600000, 0x00000000eab00000)
  object space 104448K, 99% used [0x00000000c0000000,0x00000000c6597f90,0x00000000c6600000)
 Metaspace       used 67467K, committed 68544K, reserved 1114112K
  class space    used 7040K, committed 7552K, reserved 1048576K
}
Event: 938.133 GC heap before
{Heap before GC invocations=11389 (full 11330):
 PSYoungGen      total 16384K, used 13824K [0x00000000eab00000, 0x00000000ebe00000, 0x0000000100000000)
  eden space 13824K, 100% used [0x00000000eab00000,0x00000000eb880000,0x00000000eb880000)
  from space 2560K, 0% used [0x00000000ebb00000,0x00000000ebb00000,0x00000000ebd80000)
  to   space 2560K, 0% used [0x00000000eb880000,0x00000000eb880000,0x00000000ebb00000)
 ParOldGen       total 104448K, used 104031K [0x00000000c0000000, 0x00000000c6600000, 0x00000000eab00000)
  object space 104448K, 99% used [0x00000000c0000000,0x00000000c6597f90,0x00000000c6600000)
 Metaspace       used 67473K, committed 68544K, reserved 1114112K
  class space    used 7041K, committed 7552K, reserved 1048576K
}
Event: 938.253 GC heap after
{Heap after GC invocations=11389 (full 11330):
 PSYoungGen      total 16384K, used 11291K [0x00000000eab00000, 0x00000000ebe00000, 0x0000000100000000)
  eden space 13824K, 81% used [0x00000000eab00000,0x00000000eb606c50,0x00000000eb880000)
  from space 2560K, 0% used [0x00000000eb880000,0x00000000eb880000,0x00000000ebb00000)
  to   space 2560K, 0% used [0x00000000ebb00000,0x00000000ebb00000,0x00000000ebd80000)
 ParOldGen       total 104448K, used 104026K [0x00000000c0000000, 0x00000000c6600000, 0x00000000eab00000)
  object space 104448K, 99% used [0x00000000c0000000,0x00000000c65969d0,0x00000000c6600000)
 Metaspace       used 67473K, committed 68544K, reserved 1114112K
  class space    used 7041K, committed 7552K, reserved 1048576K
}
Event: 938.270 GC heap before
{Heap before GC invocations=11390 (full 11331):
 PSYoungGen      total 16384K, used 13824K [0x00000000eab00000, 0x00000000ebe00000, 0x0000000100000000)
  eden space 13824K, 100% used [0x00000000eab00000,0x00000000eb880000,0x00000000eb880000)
  from space 2560K, 0% used [0x00000000eb880000,0x00000000eb880000,0x00000000ebb00000)
  to   space 2560K, 0% used [0x00000000ebb00000,0x00000000ebb00000,0x00000000ebd80000)
 ParOldGen       total 104448K, used 104027K [0x00000000c0000000, 0x00000000c6600000, 0x00000000eab00000)
  object space 104448K, 99% used [0x00000000c0000000,0x00000000c6596c20,0x00000000c6600000)
 Metaspace       used 67477K, committed 68608K, reserved 1114112K
  class space    used 7041K, committed 7552K, reserved 1048576K
}
Event: 938.387 GC heap after
{Heap after GC invocations=11390 (full 11331):
 PSYoungGen      total 16384K, used 11657K [0x00000000eab00000, 0x00000000ebe00000, 0x0000000100000000)
  eden space 13824K, 84% used [0x00000000eab00000,0x00000000eb6626e0,0x00000000eb880000)
  from space 2560K, 0% used [0x00000000ebb00000,0x00000000ebb00000,0x00000000ebd80000)
  to   space 2560K, 0% used [0x00000000eb880000,0x00000000eb880000,0x00000000ebb00000)
 ParOldGen       total 104448K, used 104019K [0x00000000c0000000, 0x00000000c6600000, 0x00000000eab00000)
  object space 104448K, 99% used [0x00000000c0000000,0x00000000c6594c10,0x00000000c6600000)
 Metaspace       used 67477K, committed 68608K, reserved 1114112K
  class space    used 7041K, committed 7552K, reserved 1048576K
}
Event: 938.405 GC heap before
{Heap before GC invocations=11391 (full 11332):
 PSYoungGen      total 16384K, used 13824K [0x00000000eab00000, 0x00000000ebe00000, 0x0000000100000000)
  eden space 13824K, 100% used [0x00000000eab00000,0x00000000eb880000,0x00000000eb880000)
  from space 2560K, 0% used [0x00000000ebb00000,0x00000000ebb00000,0x00000000ebd80000)
  to   space 2560K, 0% used [0x00000000eb880000,0x00000000eb880000,0x00000000ebb00000)
 ParOldGen       total 104448K, used 104021K [0x00000000c0000000, 0x00000000c6600000, 0x00000000eab00000)
  object space 104448K, 99% used [0x00000000c0000000,0x00000000c65956d8,0x00000000c6600000)
 Metaspace       used 67482K, committed 68672K, reserved 1114112K
  class space    used 7041K, committed 7552K, reserved 1048576K
}
Event: 938.518 GC heap after
{Heap after GC invocations=11391 (full 11332):
 PSYoungGen      total 16384K, used 12003K [0x00000000eab00000, 0x00000000ebe00000, 0x0000000100000000)
  eden space 13824K, 86% used [0x00000000eab00000,0x00000000eb6b8f70,0x00000000eb880000)
  from space 2560K, 0% used [0x00000000eb880000,0x00000000eb880000,0x00000000ebb00000)
  to   space 2560K, 0% used [0x00000000ebb00000,0x00000000ebb00000,0x00000000ebd80000)
 ParOldGen       total 104448K, used 104013K [0x00000000c0000000, 0x00000000c6600000, 0x00000000eab00000)
  object space 104448K, 99% used [0x00000000c0000000,0x00000000c6593530,0x00000000c6600000)
 Metaspace       used 67482K, committed 68672K, reserved 1114112K
  class space    used 7041K, committed 7552K, reserved 1048576K
}
Event: 938.534 GC heap before
{Heap before GC invocations=11392 (full 11333):
 PSYoungGen      total 16384K, used 13818K [0x00000000eab00000, 0x00000000ebe00000, 0x0000000100000000)
  eden space 13824K, 99% used [0x00000000eab00000,0x00000000eb87e968,0x00000000eb880000)
  from space 2560K, 0% used [0x00000000eb880000,0x00000000eb880000,0x00000000ebb00000)
  to   space 2560K, 0% used [0x00000000ebb00000,0x00000000ebb00000,0x00000000ebd80000)
 ParOldGen       total 104448K, used 104013K [0x00000000c0000000, 0x00000000c6600000, 0x00000000eab00000)
  object space 104448K, 99% used [0x00000000c0000000,0x00000000c6593530,0x00000000c6600000)
 Metaspace       used 67482K, committed 68672K, reserved 1114112K
  class space    used 7041K, committed 7552K, reserved 1048576K
}

Dll operation events (10 events):
Event: 0.046 Loaded shared library c:\Users\russe\.vscode\extensions\redhat.java-1.38.0-win32-x64\jre\17.0.13-win32-x86_64\bin\java.dll
Event: 0.580 Loaded shared library c:\Users\russe\.vscode\extensions\redhat.java-1.38.0-win32-x64\jre\17.0.13-win32-x86_64\bin\zip.dll
Event: 0.587 Loaded shared library C:\Users\russe\.vscode\extensions\redhat.java-1.38.0-win32-x64\jre\17.0.13-win32-x86_64\bin\instrument.dll
Event: 0.609 Loaded shared library C:\Users\russe\.vscode\extensions\redhat.java-1.38.0-win32-x64\jre\17.0.13-win32-x86_64\bin\net.dll
Event: 0.612 Loaded shared library C:\Users\russe\.vscode\extensions\redhat.java-1.38.0-win32-x64\jre\17.0.13-win32-x86_64\bin\nio.dll
Event: 0.625 Loaded shared library C:\Users\russe\.vscode\extensions\redhat.java-1.38.0-win32-x64\jre\17.0.13-win32-x86_64\bin\zip.dll
Event: 0.654 Loaded shared library C:\Users\russe\.vscode\extensions\redhat.java-1.38.0-win32-x64\jre\17.0.13-win32-x86_64\bin\jimage.dll
Event: 0.784 Loaded shared library c:\Users\russe\.vscode\extensions\redhat.java-1.38.0-win32-x64\jre\17.0.13-win32-x86_64\bin\verify.dll
Event: 3.650 Loaded shared library C:\Users\russe\AppData\Roaming\Code\User\globalStorage\redhat.java\1.38.0\config_win\org.eclipse.equinox.launcher\org.eclipse.equinox.launcher.win32.win32.x86_64_1.2.1100.v20240722-2106\eclipse_11904.dll
Event: 11.026 Loaded shared library C:\Users\russe\AppData\Local\Temp\jna-108881122\jna5449077974751872179.dll

Deoptimization events (20 events):
Event: 932.368 Thread 0x00000218fd5dcfc0 DEOPT PACKING pc=0x00000218eda6f1e0 sp=0x000000e3d89fc740
Event: 932.368 Thread 0x00000218fd5dcfc0 DEOPT UNPACKING pc=0x00000218ed0866a3 sp=0x000000e3d89fc6d0 mode 2
Event: 932.368 Thread 0x00000218fd5db160 DEOPT PACKING pc=0x00000218e659351f sp=0x000000e3d86febd0
Event: 932.368 Thread 0x00000218fd5db160 DEOPT UNPACKING pc=0x00000218ed086e43 sp=0x000000e3d86fe0d8 mode 0
Event: 932.621 Thread 0x00000218fd5dcfc0 DEOPT PACKING pc=0x00000218e66a468d sp=0x000000e3d89f95a0
Event: 932.621 Thread 0x00000218fd5dcfc0 DEOPT UNPACKING pc=0x00000218ed086e43 sp=0x000000e3d89f8aa8 mode 0
Event: 932.756 Thread 0x00000218fd5db160 DEOPT PACKING pc=0x00000218e659351f sp=0x000000e3d86febd0
Event: 932.756 Thread 0x00000218fd5db160 DEOPT UNPACKING pc=0x00000218ed086e43 sp=0x000000e3d86fe0d8 mode 0
Event: 933.285 Thread 0x00000218fd5db160 DEOPT PACKING pc=0x00000218e659351f sp=0x000000e3d86febd0
Event: 933.285 Thread 0x00000218fd5db160 DEOPT UNPACKING pc=0x00000218ed086e43 sp=0x000000e3d86fe0d8 mode 0
Event: 933.503 Thread 0x00000218fd5db160 DEOPT PACKING pc=0x00000218e659351f sp=0x000000e3d86febd0
Event: 933.503 Thread 0x00000218fd5db160 DEOPT UNPACKING pc=0x00000218ed086e43 sp=0x000000e3d86fe0d8 mode 0
Event: 934.112 Thread 0x00000218fd5db160 DEOPT PACKING pc=0x00000218e659351f sp=0x000000e3d86febd0
Event: 934.112 Thread 0x00000218fd5db160 DEOPT UNPACKING pc=0x00000218ed086e43 sp=0x000000e3d86fe0d8 mode 0
Event: 934.239 Thread 0x00000218fd5db160 DEOPT PACKING pc=0x00000218e659351f sp=0x000000e3d86febd0
Event: 934.239 Thread 0x00000218fd5db160 DEOPT UNPACKING pc=0x00000218ed086e43 sp=0x000000e3d86fe0d8 mode 0
Event: 934.240 Thread 0x00000218fd5dcfc0 Uncommon trap: trap_request=0xffffff45 fr.pc=0x00000218ed9d1f38 relative=0x0000000000001878
Event: 934.240 Thread 0x00000218fd5dcfc0 Uncommon trap: reason=unstable_if action=reinterpret pc=0x00000218ed9d1f38 method=sun.nio.ch.ChannelInputStream.read([BII)I @ 19 c2
Event: 934.240 Thread 0x00000218fd5dcfc0 DEOPT PACKING pc=0x00000218ed9d1f38 sp=0x000000e3d89fce40
Event: 934.240 Thread 0x00000218fd5dcfc0 DEOPT UNPACKING pc=0x00000218ed0866a3 sp=0x000000e3d89fce60 mode 2

Classes loaded (20 events):
Event: 138.974 Loading class sun/nio/cs/Surrogate
Event: 138.978 Loading class sun/nio/cs/Surrogate done
Event: 313.228 Loading class java/util/AbstractList$RandomAccessSpliterator
Event: 313.333 Loading class java/util/AbstractList$RandomAccessSpliterator done
Event: 419.428 Loading class java/util/stream/DistinctOps
Event: 419.430 Loading class java/util/stream/DistinctOps done
Event: 419.430 Loading class java/util/stream/DistinctOps$1
Event: 419.433 Loading class java/util/stream/DistinctOps$1 done
Event: 419.435 Loading class java/util/stream/DistinctOps$1$2
Event: 419.435 Loading class java/util/stream/DistinctOps$1$2 done
Event: 752.047 Loading class java/util/LinkedList$LLSpliterator
Event: 752.050 Loading class java/util/LinkedList$LLSpliterator done
Event: 933.820 Loading class java/io/CharArrayWriter
Event: 933.936 Loading class java/io/CharArrayWriter done
Event: 934.241 Loading class java/nio/file/attribute/PosixFileAttributes
Event: 934.242 Loading class java/nio/file/attribute/PosixFileAttributes done
Event: 934.369 Loading class sun/nio/fs/WindowsFileCopy
Event: 934.370 Loading class sun/nio/fs/WindowsFileCopy done
Event: 937.794 Loading class java/util/regex/PatternSyntaxException
Event: 937.795 Loading class java/util/regex/PatternSyntaxException done

Classes unloaded (20 events):
Event: 929.156 Thread 0x00000218fbe214b0 Unloading class 0x0000000100233000 'java/lang/invoke/LambdaForm$MH+0x0000000100233000'
Event: 929.156 Thread 0x00000218fbe214b0 Unloading class 0x0000000100226c00 'java/lang/invoke/LambdaForm$MH+0x0000000100226c00'
Event: 929.156 Thread 0x00000218fbe214b0 Unloading class 0x0000000100226800 'java/lang/invoke/LambdaForm$MH+0x0000000100226800'
Event: 929.156 Thread 0x00000218fbe214b0 Unloading class 0x0000000100226000 'java/lang/invoke/LambdaForm$MH+0x0000000100226000'
Event: 933.979 Thread 0x00000218fbe214b0 Unloading class 0x0000000100227800 'java/lang/invoke/LambdaForm$MH+0x0000000100227800'
Event: 933.979 Thread 0x00000218fbe214b0 Unloading class 0x00000001001a1c00 'java/lang/invoke/LambdaForm$MH+0x00000001001a1c00'
Event: 933.979 Thread 0x00000218fbe214b0 Unloading class 0x00000001001a1400 'java/lang/invoke/LambdaForm$MH+0x00000001001a1400'
Event: 933.979 Thread 0x00000218fbe214b0 Unloading class 0x00000001001a1000 'java/lang/invoke/LambdaForm$MH+0x00000001001a1000'
Event: 933.979 Thread 0x00000218fbe214b0 Unloading class 0x00000001001a0c00 'java/lang/invoke/LambdaForm$MH+0x00000001001a0c00'
Event: 933.979 Thread 0x00000218fbe214b0 Unloading class 0x00000001001a0800 'java/lang/invoke/LambdaForm$MH+0x00000001001a0800'
Event: 933.979 Thread 0x00000218fbe214b0 Unloading class 0x00000001001a0000 'java/lang/invoke/LambdaForm$MH+0x00000001001a0000'
Event: 935.152 Thread 0x00000218fbe214b0 Unloading class 0x000000010031d800 'java/lang/invoke/LambdaForm$MH+0x000000010031d800'
Event: 935.152 Thread 0x00000218fbe214b0 Unloading class 0x000000010031d400 'java/lang/invoke/LambdaForm$MH+0x000000010031d400'
Event: 935.152 Thread 0x00000218fbe214b0 Unloading class 0x0000000100318800 'java/lang/invoke/LambdaForm$MH+0x0000000100318800'
Event: 935.152 Thread 0x00000218fbe214b0 Unloading class 0x0000000100318400 'java/lang/invoke/LambdaForm$MH+0x0000000100318400'
Event: 935.152 Thread 0x00000218fbe214b0 Unloading class 0x0000000100290000 'java/lang/invoke/LambdaForm$MH+0x0000000100290000'
Event: 935.152 Thread 0x00000218fbe214b0 Unloading class 0x000000010028dc00 'java/lang/invoke/LambdaForm$MH+0x000000010028dc00'
Event: 935.152 Thread 0x00000218fbe214b0 Unloading class 0x000000010028d400 'java/lang/invoke/LambdaForm$MH+0x000000010028d400'
Event: 936.564 Thread 0x00000218fbe214b0 Unloading class 0x0000000100330c00 'jdk/internal/reflect/GeneratedMethodAccessor9'
Event: 936.564 Thread 0x00000218fbe214b0 Unloading class 0x000000010031f000 'jdk/internal/reflect/GeneratedMethodAccessor7'

Classes redefined (0 events):
No events

Internal exceptions (20 events):
Event: 935.004 Thread 0x00000218fd5dcfc0 Exception <a 'sun/nio/fs/WindowsException'{0x00000000eb74d6f0}> (0x00000000eb74d6f0) 
thrown [s\src\hotspot\share\prims\jni.cpp, line 516]
Event: 935.112 Thread 0x00000218fd5dcfc0 Exception <a 'sun/nio/fs/WindowsException'{0x00000000eb8032b0}> (0x00000000eb8032b0) 
thrown [s\src\hotspot\share\prims\jni.cpp, line 516]
Event: 935.287 Thread 0x00000218fd5dcfc0 Exception <a 'sun/nio/fs/WindowsException'{0x00000000eb2bce00}> (0x00000000eb2bce00) 
thrown [s\src\hotspot\share\prims\jni.cpp, line 516]
Event: 935.428 Thread 0x00000218fd5dcfc0 Exception <a 'sun/nio/fs/WindowsException'{0x00000000eb3fee68}> (0x00000000eb3fee68) 
thrown [s\src\hotspot\share\prims\jni.cpp, line 516]
Event: 935.436 Thread 0x00000218fd5dcfc0 Exception <a 'sun/nio/fs/WindowsException'{0x00000000eb527fc0}> (0x00000000eb527fc0) 
thrown [s\src\hotspot\share\prims\jni.cpp, line 516]
Event: 935.557 Thread 0x00000218fd5dcfc0 Exception <a 'sun/nio/fs/WindowsException'{0x00000000eb584068}> (0x00000000eb584068) 
thrown [s\src\hotspot\share\prims\jni.cpp, line 516]
Event: 935.562 Thread 0x00000218fd5dcfc0 Exception <a 'sun/nio/fs/WindowsException'{0x00000000eb69fca8}> (0x00000000eb69fca8) 
thrown [s\src\hotspot\share\prims\jni.cpp, line 516]
Event: 935.680 Thread 0x00000218fd5dcfc0 Exception <a 'sun/nio/fs/WindowsException'{0x00000000eb56d138}> (0x00000000eb56d138) 
thrown [s\src\hotspot\share\prims\jni.cpp, line 516]
Event: 935.687 Thread 0x00000218fd5dcfc0 Exception <a 'sun/nio/fs/WindowsException'{0x00000000eb7b35b0}> (0x00000000eb7b35b0) 
thrown [s\src\hotspot\share\prims\jni.cpp, line 516]
Event: 935.797 Thread 0x00000218fd5dcfc0 Exception <a 'sun/nio/fs/WindowsException'{0x00000000eb5bf7b8}> (0x00000000eb5bf7b8) 
thrown [s\src\hotspot\share\prims\jni.cpp, line 516]
Event: 935.801 Thread 0x00000218fd5dcfc0 Exception <a 'sun/nio/fs/WindowsException'{0x00000000eb6e6cd8}> (0x00000000eb6e6cd8) 
thrown [s\src\hotspot\share\prims\jni.cpp, line 516]
Event: 935.912 Thread 0x00000218fd5dcfc0 Exception <a 'sun/nio/fs/WindowsException'{0x00000000eb63da50}> (0x00000000eb63da50) 
thrown [s\src\hotspot\share\prims\jni.cpp, line 516]
Event: 935.920 Thread 0x00000218fd5dcfc0 Exception <a 'sun/nio/fs/WindowsException'{0x00000000eb7dd270}> (0x00000000eb7dd270) 
thrown [s\src\hotspot\share\prims\jni.cpp, line 516]
Event: 936.047 Thread 0x00000218fd5dcfc0 Exception <a 'sun/nio/fs/WindowsException'{0x00000000eb67dec8}> (0x00000000eb67dec8) 
thrown [s\src\hotspot\share\prims\jni.cpp, line 516]
Event: 936.051 Thread 0x00000218fd5dcfc0 Exception <a 'sun/nio/fs/WindowsException'{0x00000000eb70fd78}> (0x00000000eb70fd78) 
thrown [s\src\hotspot\share\prims\jni.cpp, line 516]
Event: 936.056 Thread 0x00000218fd5dcfc0 Exception <a 'sun/nio/fs/WindowsException'{0x00000000eb7e5bd8}> (0x00000000eb7e5bd8) 
thrown [s\src\hotspot\share\prims\jni.cpp, line 516]
Event: 936.180 Thread 0x00000218fd5dcfc0 Exception <a 'sun/nio/fs/WindowsException'{0x00000000eb6c9eb0}> (0x00000000eb6c9eb0) 
thrown [s\src\hotspot\share\prims\jni.cpp, line 516]
Event: 936.187 Thread 0x00000218fd5dcfc0 Exception <a 'sun/nio/fs/WindowsException'{0x00000000eb7adff8}> (0x00000000eb7adff8) 
thrown [s\src\hotspot\share\prims\jni.cpp, line 516]
Event: 936.354 Thread 0x00000218fd5dcfc0 Exception <a 'sun/nio/fs/WindowsException'{0x00000000eb5d5b08}> (0x00000000eb5d5b08) 
thrown [s\src\hotspot\share\prims\jni.cpp, line 516]
Event: 936.397 Thread 0x00000218fd5dcfc0 Exception <a 'sun/nio/fs/WindowsException'{0x00000000eb7aee68}> (0x00000000eb7aee68) 
thrown [s\src\hotspot\share\prims\jni.cpp, line 516]

VM Operations (20 events):
Event: 937.464 Executing VM operation: ParallelGCFailedAllocation done
Event: 937.493 Executing VM operation: ParallelGCFailedAllocation
Event: 937.637 Executing VM operation: ParallelGCFailedAllocation done
Event: 937.653 Executing VM operation: ParallelGCFailedAllocation
Event: 937.653 Executing VM operation: ParallelGCFailedAllocation done
Event: 937.653 Executing VM operation: ParallelGCSystemGC
Event: 937.789 Executing VM operation: ParallelGCSystemGC done
Event: 937.799 Executing VM operation: ParallelGCFailedAllocation
Event: 937.955 Executing VM operation: ParallelGCFailedAllocation done
Event: 937.971 Executing VM operation: ParallelGCFailedAllocation
Event: 938.116 Executing VM operation: ParallelGCFailedAllocation done
Event: 938.133 Executing VM operation: ParallelGCFailedAllocation
Event: 938.253 Executing VM operation: ParallelGCFailedAllocation done
Event: 938.270 Executing VM operation: ParallelGCFailedAllocation
Event: 938.270 Executing VM operation: ParallelGCFailedAllocation done
Event: 938.270 Executing VM operation: ParallelGCSystemGC
Event: 938.387 Executing VM operation: ParallelGCSystemGC done
Event: 938.405 Executing VM operation: ParallelGCFailedAllocation
Event: 938.518 Executing VM operation: ParallelGCFailedAllocation done
Event: 938.534 Executing VM operation: ParallelGCFailedAllocation

Memory protections (0 events):
No events

Nmethod flushes (20 events):
Event: 377.954 Thread 0x00000218fbedc7b0 flushing  nmethod 0x00000218e6cb8310
Event: 377.954 Thread 0x00000218fbedc7b0 flushing  nmethod 0x00000218e6cc1490
Event: 377.954 Thread 0x00000218fbedc7b0 flushing  nmethod 0x00000218e6cc2a10
Event: 377.954 Thread 0x00000218fbedc7b0 flushing  nmethod 0x00000218e6cc4690
Event: 377.954 Thread 0x00000218fbedc7b0 flushing  nmethod 0x00000218e6cc4c10
Event: 377.954 Thread 0x00000218fbedc7b0 flushing  nmethod 0x00000218e6cc5110
Event: 377.954 Thread 0x00000218fbedc7b0 flushing  nmethod 0x00000218e6cc5c90
Event: 378.030 Thread 0x00000218fbedc7b0 flushing  nmethod 0x00000218e6ccaf10
Event: 378.030 Thread 0x00000218fbedc7b0 flushing  nmethod 0x00000218e6ccf610
Event: 378.030 Thread 0x00000218fbedc7b0 flushing  nmethod 0x00000218e6cd0890
Event: 378.030 Thread 0x00000218fbedc7b0 flushing  nmethod 0x00000218e6cd1390
Event: 378.104 Thread 0x00000218fbedc7b0 flushing  nmethod 0x00000218e6cdc890
Event: 378.181 Thread 0x00000218fbedc7b0 flushing  nmethod 0x00000218e6cde390
Event: 378.181 Thread 0x00000218fbedc7b0 flushing  nmethod 0x00000218e6cde910
Event: 378.181 Thread 0x00000218fbedc7b0 flushing  nmethod 0x00000218e6cdf810
Event: 378.253 Thread 0x00000218fbedc7b0 flushing  nmethod 0x00000218e6cff910
Event: 378.468 Thread 0x00000218fbedc7b0 flushing  nmethod 0x00000218e6d32010
Event: 378.468 Thread 0x00000218fbedc7b0 flushing  nmethod 0x00000218e6d33990
Event: 378.468 Thread 0x00000218fbedc7b0 flushing  nmethod 0x00000218e6d34810
Event: 378.535 Thread 0x00000218fbedc7b0 flushing  nmethod 0x00000218e6d38010

Events (20 events):
Event: 325.294 Thread 0x00000218fe020ad0 Thread exited: 0x00000218fe020ad0
Event: 325.854 Thread 0x00000218fe01dd40 Thread exited: 0x00000218fe01dd40
Event: 325.854 Thread 0x00000218ffb862b0 Thread exited: 0x00000218ffb862b0
Event: 326.687 Thread 0x00000218ffb85da0 Thread exited: 0x00000218ffb85da0
Event: 370.783 Thread 0x00000218ff896e00 Thread exited: 0x00000218ff896e00
Event: 387.100 Thread 0x00000218ffb88110 Thread exited: 0x00000218ffb88110
Event: 447.328 Thread 0x00000218ffb825f0 Thread exited: 0x00000218ffb825f0
Event: 507.532 Thread 0x00000218ffb811b0 Thread exited: 0x00000218ffb811b0
Event: 897.483 Thread 0x00000218fbeb9b20 Thread added: 0x00000218800b6980
Event: 926.647 Thread 0x00000218fd5dcfc0 Thread added: 0x00000218fe01e250
Event: 926.718 Thread 0x00000218fd5dcfc0 Thread added: 0x00000218fe01d320
Event: 926.719 Thread 0x00000218fd5dcfc0 Thread added: 0x00000218fe01e760
Event: 926.719 Thread 0x00000218fd5dcfc0 Thread added: 0x00000218fe0200b0
Event: 926.719 Thread 0x00000218fd5dcfc0 Thread added: 0x00000218fe01d830
Event: 929.400 Thread 0x00000218fe01e760 Thread exited: 0x00000218fe01e760
Event: 929.400 Thread 0x00000218fe01d830 Thread exited: 0x00000218fe01d830
Event: 929.400 Thread 0x00000218fe01e250 Thread exited: 0x00000218fe01e250
Event: 929.400 Thread 0x00000218fe0200b0 Thread exited: 0x00000218fe0200b0
Event: 929.400 Thread 0x00000218fe01d320 Thread exited: 0x00000218fe01d320
Event: 935.108 Thread 0x00000218800b6980 Thread exited: 0x00000218800b6980


Dynamic libraries:
0x00007ff7cef70000 - 0x00007ff7cef7e000 	c:\Users\russe\.vscode\extensions\redhat.java-1.38.0-win32-x64\jre\17.0.13-win32-x86_64\bin\java.exe
0x00007ff886890000 - 0x00007ff886aa7000 	C:\WINDOWS\SYSTEM32\ntdll.dll
0x00007ff885ed0000 - 0x00007ff885f94000 	C:\WINDOWS\System32\KERNEL32.DLL
0x00007ff883d50000 - 0x00007ff88410a000 	C:\WINDOWS\System32\KERNELBASE.dll
0x00007ff880440000 - 0x00007ff8804d7000 	C:\WINDOWS\SYSTEM32\apphelp.dll
0x00007ff884110000 - 0x00007ff884221000 	C:\WINDOWS\System32\ucrtbase.dll
0x00007ff862da0000 - 0x00007ff862db7000 	c:\Users\russe\.vscode\extensions\redhat.java-1.38.0-win32-x64\jre\17.0.13-win32-x86_64\bin\jli.dll
0x00007ff885620000 - 0x00007ff8857ce000 	C:\WINDOWS\System32\USER32.dll
0x00007ff884560000 - 0x00007ff884586000 	C:\WINDOWS\System32\win32u.dll
0x00007ff885c60000 - 0x00007ff885c89000 	C:\WINDOWS\System32\GDI32.dll
0x00007ff884230000 - 0x00007ff88434b000 	C:\WINDOWS\System32\gdi32full.dll
0x00007ff8844c0000 - 0x00007ff88455a000 	C:\WINDOWS\System32\msvcp_win.dll
0x00007ff862490000 - 0x00007ff8624ae000 	c:\Users\russe\.vscode\extensions\redhat.java-1.38.0-win32-x64\jre\17.0.13-win32-x86_64\bin\VCRUNTIME140.dll
0x00007ff860550000 - 0x00007ff8607e2000 	C:\WINDOWS\WinSxS\amd64_microsoft.windows.common-controls_6595b64144ccf1df_6.0.22621.4541_none_2710d1c57384c085\COMCTL32.dll
0x00007ff886590000 - 0x00007ff886637000 	C:\WINDOWS\System32\msvcrt.dll
0x00007ff886250000 - 0x00007ff886281000 	C:\WINDOWS\System32\IMM32.DLL
0x00007ff8806f0000 - 0x00007ff8806fc000 	c:\Users\russe\.vscode\extensions\redhat.java-1.38.0-win32-x64\jre\17.0.13-win32-x86_64\bin\vcruntime140_1.dll
0x00007ff82da90000 - 0x00007ff82db1d000 	c:\Users\russe\.vscode\extensions\redhat.java-1.38.0-win32-x64\jre\17.0.13-win32-x86_64\bin\msvcp140.dll
0x00007ff814da0000 - 0x00007ff815a0b000 	c:\Users\russe\.vscode\extensions\redhat.java-1.38.0-win32-x64\jre\17.0.13-win32-x86_64\bin\server\jvm.dll
0x00007ff8864d0000 - 0x00007ff886582000 	C:\WINDOWS\System32\ADVAPI32.dll
0x00007ff885cb0000 - 0x00007ff885d57000 	C:\WINDOWS\System32\sechost.dll
0x00007ff884350000 - 0x00007ff884378000 	C:\WINDOWS\System32\bcrypt.dll
0x00007ff885940000 - 0x00007ff885a54000 	C:\WINDOWS\System32\RPCRT4.dll
0x00007ff885b60000 - 0x00007ff885bd1000 	C:\WINDOWS\System32\WS2_32.dll
0x00007ff883a70000 - 0x00007ff883abd000 	C:\WINDOWS\SYSTEM32\POWRPROF.dll
0x00007ff879340000 - 0x00007ff879374000 	C:\WINDOWS\SYSTEM32\WINMM.dll
0x00007ff8786e0000 - 0x00007ff8786ea000 	C:\WINDOWS\SYSTEM32\VERSION.dll
0x00007ff883a50000 - 0x00007ff883a63000 	C:\WINDOWS\SYSTEM32\UMPDC.dll
0x00007ff882b00000 - 0x00007ff882b18000 	C:\WINDOWS\SYSTEM32\kernel.appcore.dll
0x00007ff8802e0000 - 0x00007ff8802ea000 	c:\Users\russe\.vscode\extensions\redhat.java-1.38.0-win32-x64\jre\17.0.13-win32-x86_64\bin\jimage.dll
0x00007ff881590000 - 0x00007ff8817c2000 	C:\WINDOWS\SYSTEM32\DBGHELP.DLL
0x00007ff885290000 - 0x00007ff88561f000 	C:\WINDOWS\System32\combase.dll
0x00007ff885fa0000 - 0x00007ff886077000 	C:\WINDOWS\System32\OLEAUT32.dll
0x00007ff85d0e0000 - 0x00007ff85d112000 	C:\WINDOWS\SYSTEM32\dbgcore.DLL
0x00007ff883b60000 - 0x00007ff883bdb000 	C:\WINDOWS\System32\bcryptPrimitives.dll
0x00007ff87bdc0000 - 0x00007ff87bdce000 	c:\Users\russe\.vscode\extensions\redhat.java-1.38.0-win32-x64\jre\17.0.13-win32-x86_64\bin\instrument.dll
0x00007ff837250000 - 0x00007ff837275000 	c:\Users\russe\.vscode\extensions\redhat.java-1.38.0-win32-x64\jre\17.0.13-win32-x86_64\bin\java.dll
0x00007ff85abb0000 - 0x00007ff85abc8000 	c:\Users\russe\.vscode\extensions\redhat.java-1.38.0-win32-x64\jre\17.0.13-win32-x86_64\bin\zip.dll
0x00007ff884590000 - 0x00007ff884e08000 	C:\WINDOWS\System32\SHELL32.dll
0x00007ff8818c0000 - 0x00007ff8821c8000 	C:\WINDOWS\SYSTEM32\windows.storage.dll
0x00007ff882210000 - 0x00007ff88234f000 	C:\WINDOWS\SYSTEM32\wintypes.dll
0x00007ff886150000 - 0x00007ff88624a000 	C:\WINDOWS\System32\SHCORE.dll
0x00007ff885b00000 - 0x00007ff885b5e000 	C:\WINDOWS\System32\shlwapi.dll
0x00007ff8838e0000 - 0x00007ff88390b000 	C:\WINDOWS\SYSTEM32\profapi.dll
0x00007ff857b50000 - 0x00007ff857b69000 	C:\Users\russe\.vscode\extensions\redhat.java-1.38.0-win32-x64\jre\17.0.13-win32-x86_64\bin\net.dll
0x00007ff878c10000 - 0x00007ff878d46000 	C:\WINDOWS\SYSTEM32\WINHTTP.dll
0x00007ff882fd0000 - 0x00007ff883039000 	C:\WINDOWS\system32\mswsock.dll
0x00007ff841530000 - 0x00007ff841546000 	C:\Users\russe\.vscode\extensions\redhat.java-1.38.0-win32-x64\jre\17.0.13-win32-x86_64\bin\nio.dll
0x00007ff87b010000 - 0x00007ff87b020000 	c:\Users\russe\.vscode\extensions\redhat.java-1.38.0-win32-x64\jre\17.0.13-win32-x86_64\bin\verify.dll
0x00007ff837280000 - 0x00007ff8372c5000 	C:\Users\russe\AppData\Roaming\Code\User\globalStorage\redhat.java\1.38.0\config_win\org.eclipse.equinox.launcher\org.eclipse.equinox.launcher.win32.win32.x86_64_1.2.1100.v20240722-2106\eclipse_11904.dll
0x00007ff886640000 - 0x00007ff8867e5000 	C:\WINDOWS\System32\ole32.dll
0x00007ff883660000 - 0x00007ff88367b000 	C:\WINDOWS\SYSTEM32\CRYPTSP.dll
0x00007ff882ac0000 - 0x00007ff882af5000 	C:\WINDOWS\system32\rsaenh.dll
0x00007ff883070000 - 0x00007ff883098000 	C:\WINDOWS\SYSTEM32\USERENV.dll
0x00007ff8834a0000 - 0x00007ff8834ac000 	C:\WINDOWS\SYSTEM32\CRYPTBASE.dll
0x00007ff882550000 - 0x00007ff88257d000 	C:\WINDOWS\SYSTEM32\IPHLPAPI.DLL
0x00007ff885be0000 - 0x00007ff885be9000 	C:\WINDOWS\System32\NSI.dll
0x00007ff878630000 - 0x00007ff878649000 	C:\WINDOWS\SYSTEM32\dhcpcsvc6.DLL
0x00007ff8783a0000 - 0x00007ff8783bf000 	C:\WINDOWS\SYSTEM32\dhcpcsvc.DLL
0x00007ff882580000 - 0x00007ff882682000 	C:\WINDOWS\SYSTEM32\DNSAPI.dll
0x00007ff836060000 - 0x00007ff8360a9000 	C:\Users\russe\AppData\Local\Temp\jna-108881122\jna5449077974751872179.dll
0x00007ff886840000 - 0x00007ff886848000 	C:\WINDOWS\System32\PSAPI.DLL
0x00007ff882c70000 - 0x00007ff882ca4000 	C:\WINDOWS\SYSTEM32\ntmarta.dll

dbghelp: loaded successfully - version: 4.0.5 - missing functions: none
symbol engine: initialized successfully - sym options: 0x614 - pdb path: .;c:\Users\russe\.vscode\extensions\redhat.java-1.38.0-win32-x64\jre\17.0.13-win32-x86_64\bin;C:\WINDOWS\SYSTEM32;C:\WINDOWS\WinSxS\amd64_microsoft.windows.common-controls_6595b64144ccf1df_6.0.22621.4541_none_2710d1c57384c085;c:\Users\russe\.vscode\extensions\redhat.java-1.38.0-win32-x64\jre\17.0.13-win32-x86_64\bin\server;C:\Users\russe\AppData\Roaming\Code\User\globalStorage\redhat.java\1.38.0\config_win\org.eclipse.equinox.launcher\org.eclipse.equinox.launcher.win32.win32.x86_64_1.2.1100.v20240722-2106;C:\Users\russe\AppData\Local\Temp\jna-108881122

VM Arguments:
jvm_args: --add-modules=ALL-SYSTEM --add-opens=java.base/java.util=ALL-UNNAMED --add-opens=java.base/java.lang=ALL-UNNAMED --add-opens=java.base/sun.nio.fs=ALL-UNNAMED -Declipse.application=org.eclipse.jdt.ls.core.id1 -Dosgi.bundles.defaultStartLevel=4 -Declipse.product=org.eclipse.jdt.ls.core.product -Djava.import.generatesMetadataFilesAtProjectRoot=false -DDetectVMInstallationsJob.disabled=true -Dfile.encoding=utf8 -XX:+UseParallelGC -XX:GCTimeRatio=4 -XX:AdaptiveSizePolicyWeight=90 -Dsun.zip.disableMemoryMapping=true -Xmx1G -Xms100m -Xlog:disable -javaagent:c:\Users\russe\.vscode\extensions\redhat.java-1.38.0-win32-x64\lombok\lombok-1.18.34.jar -XX:+HeapDumpOnOutOfMemoryError -XX:HeapDumpPath=c:\Users\russe\AppData\Roaming\Code\User\workspaceStorage\afca193dd01d36fe25fef58204043005\redhat.java -Daether.dependencyCollector.impl=bf 
java_command: c:\Users\russe\.vscode\extensions\redhat.java-1.38.0-win32-x64\server\plugins\org.eclipse.equinox.launcher_1.6.900.v20240613-2009.jar -configuration c:\Users\russe\AppData\Roaming\Code\User\globalStorage\redhat.java\1.38.0\config_win -data c:\Users\russe\AppData\Roaming\Code\User\workspaceStorage\afca193dd01d36fe25fef58204043005\redhat.java\jdt_ws --pipe=\\.\pipe\lsp-c883e088afe8bd335a6509b10eddcd69-sock
java_class_path (initial): c:\Users\russe\.vscode\extensions\redhat.java-1.38.0-win32-x64\server\plugins\org.eclipse.equinox.launcher_1.6.900.v20240613-2009.jar
Launcher Type: SUN_STANDARD

[Global flags]
    uintx AdaptiveSizePolicyWeight                 = 90                                        {product} {command line}
     intx CICompilerCount                          = 4                                         {product} {ergonomic}
    uintx GCTimeRatio                              = 4                                         {product} {command line}
     bool HeapDumpOnOutOfMemoryError               = true                                   {manageable} {command line}
    ccstr HeapDumpPath                             = c:\Users\russe\AppData\Roaming\Code\User\workspaceStorage\afca193dd01d36fe25fef58204043005\redhat.java         {manageable} {command line}
   size_t InitialHeapSize                          = 104857600                                 {product} {command line}
   size_t MaxHeapSize                              = 1073741824                                {product} {command line}
   size_t MaxNewSize                               = 357564416                                 {product} {ergonomic}
   size_t MinHeapDeltaBytes                        = 524288                                    {product} {ergonomic}
   size_t MinHeapSize                              = 104857600                                 {product} {command line}
   size_t NewSize                                  = 34603008                                  {product} {ergonomic}
    uintx NonNMethodCodeHeapSize                   = 5839372                                {pd product} {ergonomic}
    uintx NonProfiledCodeHeapSize                  = 122909434                              {pd product} {ergonomic}
   size_t OldSize                                  = 70254592                                  {product} {ergonomic}
    uintx ProfiledCodeHeapSize                     = 122909434                              {pd product} {ergonomic}
    uintx ReservedCodeCacheSize                    = 251658240                              {pd product} {ergonomic}
     bool SegmentedCodeCache                       = true                                      {product} {ergonomic}
   size_t SoftMaxHeapSize                          = 1073741824                             {manageable} {ergonomic}
     bool UseCompressedClassPointers               = true                           {product lp64_product} {ergonomic}
     bool UseCompressedOops                        = true                           {product lp64_product} {ergonomic}
     bool UseLargePagesIndividualAllocation        = false                                  {pd product} {ergonomic}
     bool UseParallelGC                            = true                                      {product} {command line}

Logging:
Log output configuration:
 #0: stdout all=off uptime,level,tags
 #1: stderr all=off uptime,level,tags

Environment Variables:
PATH=C:\Program Files\Eclipse Adoptium\jdk-21.0.5.11-hotspot\bin;C:\app\russe\product\21c\dbhomeXE\bin;C:\Python312\Scripts\;C:\Python312\;C:\Program Files\Common Files\Oracle\Java\javapath;C:\WINDOWS\system32;C:\WINDOWS;C:\WINDOWS\System32\Wbem;C:\WINDOWS\System32\WindowsPowerShell\v1.0\;C:\WINDOWS\System32\OpenSSH\;C:\Program Files (x86)\Intel\Intel(R) Management Engine Components\DAL;C:\Program Files\Intel\Intel(R) Management Engine Components\DAL;C:\Program Files\Azure Data Studio\bin;C:\Program Files (x86)\Microsoft SQL Server\160\Tools\Binn\;C:\Program Files\Microsoft SQL Server\160\Tools\Binn\;C:\Program Files\Microsoft SQL Server\Client SDK\ODBC\170\Tools\Binn\;C:\Program Files\Microsoft SQL Server\160\DTS\Binn\;C:\Program Files\dotnet\;C:\Program Files (x86)\Microsoft SQL Server\150\Tools\Binn\;C:\Program Files\Microsoft SQL Server\150\Tools\Binn\;C:\Program Files\Microsoft SQL Server\150\DTS\Binn\;C:\Program Files (x86)\Microsoft SQL Server\160\DTS\Binn\;C:\Program Files\PowerShell\7\;C:\ProgramData\chocolatey\bin;C:\Program Files\Git\cmd;C:\Program Files\nodejs\;C:\Users\russe\AppData\Local\Microsoft\WindowsApps;C:\Program Files\Azure Data Studio\bin;C:\Users\russe\.dotnet\tools;C:\Program Files\Java\Java3D\1.5.1\bin;C:\Users\russe\AppData\Local\Programs\Microsoft VS Code\bin;C:\Users\russe\AppData\Roaming\npm
USERNAME=russe
OS=Windows_NT
PROCESSOR_IDENTIFIER=Intel64 Family 6 Model 142 Stepping 11, GenuineIntel
TMP=C:\Users\russe\AppData\Local\Temp
TEMP=C:\Users\russe\AppData\Local\Temp



Periodic native trim disabled


---------------  S Y S T E M  ---------------

OS:
 Windows 11 , 64 bit Build 22621 (10.0.22621.4391)
OS uptime: 5 days 5:17 hours
Hyper-V role detected

CPU: total 8 (initial active 8) (4 cores per cpu, 2 threads per core) family 6 model 142 stepping 11 microcode 0xde, cx8, cmov, fxsr, ht, mmx, 3dnowpref, sse, sse2, sse3, ssse3, sse4.1, sse4.2, popcnt, lzcnt, tsc, tscinvbit, avx, avx2, aes, erms, clmul, bmi1, bmi2, adx, fma, vzeroupper, clflush, clflushopt, hv
Processor Information for all 8 processors :
  Max Mhz: 1800, Current Mhz: 1600, Mhz Limit: 1584

Memory: 4k page, system-wide physical 3917M (250M free)
TotalPageFile size 11917M (AvailPageFile size 10M)
current process WorkingSet (physical memory assigned to process): 264M, peak: 286M
current process commit charge ("private bytes"): 335M, peak: 937M

vm_info: OpenJDK 64-Bit Server VM (17.0.13+11) for windows-amd64 JRE (17.0.13+11), built on Oct 16 2024 00:10:08 by "admin" with MS VC++ 17.7 (VS2022)

END.
