#
# There is insufficient memory for the Java Runtime Environment to continue.
# Native memory allocation (malloc) failed to allocate 1626608 bytes. Error detail: Chunk::new
# Possible reasons:
#   The system is out of physical RAM or swap space
#   This process is running with CompressedOops enabled, and the Java Heap may be blocking the growth of the native heap
# Possible solutions:
#   Reduce memory load on the system
#   Increase physical memory or swap space
#   Check if swap backing store is full
#   Decrease Java heap size (-Xmx/-Xms)
#   Decrease number of Java threads
#   Decrease Java thread stack sizes (-Xss)
#   Set larger code cache with -XX:ReservedCodeCacheSize=
#   JVM is running with Unscaled Compressed Oops mode in which the Java heap is
#     placed in the first 4GB address space. The Java Heap base address is the
#     maximum limit for the native heap growth. Please use -XX:HeapBaseMinAddress
#     to set the Java Heap base and to place the Java Heap above 4GB virtual address.
# This output file may be truncated or incomplete.
#
#  Out of Memory Error (arena.cpp:191), pid=15036, tid=12420
#
# JRE version: OpenJDK Runtime Environment Temurin-17.0.13+11 (17.0.13+11) (build 17.0.13+11)
# Java VM: OpenJDK 64-Bit Server VM Temurin-17.0.13+11 (17.0.13+11, mixed mode, tiered, compressed oops, compressed class ptrs, g1 gc, windows-amd64)
# No core dump will be written. Minidumps are not enabled by default on client versions of Windows
#

---------------  S U M M A R Y ------------

Command Line: -XX:+ShowCodeDetailsInExceptionMessages -Dspring.jmx.enabled=true -Dmanagement.endpoints.jmx.exposure.include=* -Dspring.application.admin.enabled=true -Dspring.boot.project.name=lavanderia -Djava.rmi.server.hostname=localhost -Dcom.sun.management.jmxremote.port=45556 -Dcom.sun.management.jmxremote.authenticate=false -Dcom.sun.management.jmxremote.ssl=false com.laundry.lavanderia.LavanderiaApplication

Host: Intel(R) Core(TM) i5-8265U CPU @ 1.60GHz, 8 cores, 3G,  Windows 11 , 64 bit Build 22621 (10.0.22621.4391)
Time: Mon Dec  2 16:40:20 2024 Hora est. Pacífico, Sudamérica elapsed time: 18.834632 seconds (0d 0h 0m 18s)

---------------  T H R E A D  ---------------

Current thread (0x0000025a6d6cd960):  JavaThread "C2 CompilerThread0" daemon [_thread_in_native, id=12420, stack(0x0000008030900000,0x0000008030a00000)]


Current CompileTask:
C2:  18834 5153       4       java.lang.invoke.LambdaForm$Name::replaceNames (175 bytes)

Stack: [0x0000008030900000,0x0000008030a00000]
Native frames: (J=compiled Java code, j=interpreted, Vv=VM code, C=native code)
V  [jvm.dll+0x682a19]
V  [jvm.dll+0x839538]
V  [jvm.dll+0x83afe3]
V  [jvm.dll+0x83b653]
V  [jvm.dll+0x24704f]
V  [jvm.dll+0xace34]
V  [jvm.dll+0xad4cc]
V  [jvm.dll+0x36597e]
V  [jvm.dll+0x1ba989]
V  [jvm.dll+0x2181a7]
V  [jvm.dll+0x21748f]
V  [jvm.dll+0x1a3070]
V  [jvm.dll+0x22788c]
V  [jvm.dll+0x2259eb]
V  [jvm.dll+0x7eec98]
V  [jvm.dll+0x7e8ffc]
V  [jvm.dll+0x6818f7]
C  [ucrtbase.dll+0x29333]
C  [KERNEL32.DLL+0x1259d]
C  [ntdll.dll+0x5af38]


---------------  P R O C E S S  ---------------

Threads class SMR info:
_java_thread_list=0x0000025a748bfc70, length=36, elements={
0x0000025a6d69e390, 0x0000025a6d69f8c0, 0x0000025a6d81e4b0, 0x0000025a6d81ef80,
0x0000025a6d81f850, 0x0000025a6d6cc5c0, 0x0000025a6d6cd960, 0x0000025a6d6d1890,
0x0000025a6d6d76b0, 0x0000025a6d624440, 0x0000025a6da0bca0, 0x0000025a72334600,
0x0000025a723181b0, 0x0000025a72318e30, 0x0000025a736c8320, 0x0000025a736c5fb0,
0x0000025a736c8830, 0x0000025a736c9760, 0x0000025a736c69d0, 0x0000025a736c64c0,
0x0000025a736c8d40, 0x0000025a736c6ee0, 0x0000025a736c7900, 0x0000025a736c73f0,
0x0000025a736c7e10, 0x0000025a74992b80, 0x0000025a74992160, 0x0000025a74991c50,
0x0000025a74990d20, 0x0000025a7498fdf0, 0x0000025a74992670, 0x0000025a74994ef0,
0x0000025a74993090, 0x0000025a74990810, 0x0000025a74991230, 0x0000025a74993ab0
}

Java Threads: ( => current thread )
  0x0000025a6d69e390 JavaThread "Reference Handler" daemon [_thread_blocked, id=1448, stack(0x0000008030300000,0x0000008030400000)]
  0x0000025a6d69f8c0 JavaThread "Finalizer" daemon [_thread_blocked, id=9388, stack(0x0000008030400000,0x0000008030500000)]
  0x0000025a6d81e4b0 JavaThread "Signal Dispatcher" daemon [_thread_blocked, id=11128, stack(0x0000008030500000,0x0000008030600000)]
  0x0000025a6d81ef80 JavaThread "Attach Listener" daemon [_thread_blocked, id=14500, stack(0x0000008030600000,0x0000008030700000)]
  0x0000025a6d81f850 JavaThread "Service Thread" daemon [_thread_blocked, id=8832, stack(0x0000008030700000,0x0000008030800000)]
  0x0000025a6d6cc5c0 JavaThread "Monitor Deflation Thread" daemon [_thread_blocked, id=12700, stack(0x0000008030800000,0x0000008030900000)]
=>0x0000025a6d6cd960 JavaThread "C2 CompilerThread0" daemon [_thread_in_native, id=12420, stack(0x0000008030900000,0x0000008030a00000)]
  0x0000025a6d6d1890 JavaThread "C1 CompilerThread0" daemon [_thread_blocked, id=11616, stack(0x0000008030a00000,0x0000008030b00000)]
  0x0000025a6d6d76b0 JavaThread "Sweeper thread" daemon [_thread_blocked, id=10768, stack(0x0000008030b00000,0x0000008030c00000)]
  0x0000025a6d624440 JavaThread "Common-Cleaner" daemon [_thread_blocked, id=12736, stack(0x0000008030c00000,0x0000008030d00000)]
  0x0000025a6da0bca0 JavaThread "Notification Thread" daemon [_thread_blocked, id=4272, stack(0x0000008030d00000,0x0000008030e00000)]
  0x0000025a72334600 JavaThread "RMI TCP Accept-0" daemon [_thread_in_native, id=17464, stack(0x0000008030e00000,0x0000008030f00000)]
  0x0000025a723181b0 JavaThread "RMI TCP Accept-45556" daemon [_thread_in_native, id=2876, stack(0x0000008030f00000,0x0000008031000000)]
  0x0000025a72318e30 JavaThread "RMI TCP Accept-0" daemon [_thread_in_native, id=8244, stack(0x0000008031000000,0x0000008031100000)]
  0x0000025a736c8320 JavaThread "RMI TCP Connection(1)-127.0.0.1" daemon [_thread_in_native, id=6192, stack(0x0000008031d00000,0x0000008031e00000)]
  0x0000025a736c5fb0 JavaThread "RMI Scheduler(0)" daemon [_thread_blocked, id=13768, stack(0x0000008031f00000,0x0000008032000000)]
  0x0000025a736c8830 JavaThread "RMI TCP Connection(2)-127.0.0.1" daemon [_thread_in_native, id=8372, stack(0x0000008032000000,0x0000008032100000)]
  0x0000025a736c9760 JavaThread "JMX server connection timeout 28" daemon [_thread_blocked, id=8140, stack(0x0000008032100000,0x0000008032200000)]
  0x0000025a736c69d0 JavaThread "Catalina-utility-1" [_thread_blocked, id=15612, stack(0x0000008032200000,0x0000008032300000)]
  0x0000025a736c64c0 JavaThread "Catalina-utility-2" [_thread_blocked, id=14372, stack(0x0000008032300000,0x0000008032400000)]
  0x0000025a736c8d40 JavaThread "container-0" [_thread_blocked, id=14484, stack(0x0000008032400000,0x0000008032500000)]
  0x0000025a736c6ee0 JavaThread "File Watcher" daemon [_thread_blocked, id=15672, stack(0x0000008032500000,0x0000008032600000)]
  0x0000025a736c7900 JavaThread "Live Reload Server" daemon [_thread_in_native, id=15412, stack(0x0000008032700000,0x0000008032800000)]
  0x0000025a736c73f0 JavaThread "http-nio-8080-exec-1" daemon [_thread_blocked, id=16524, stack(0x0000008032600000,0x0000008032700000)]
  0x0000025a736c7e10 JavaThread "http-nio-8080-exec-2" daemon [_thread_blocked, id=15368, stack(0x0000008032800000,0x0000008032900000)]
  0x0000025a74992b80 JavaThread "http-nio-8080-exec-3" daemon [_thread_blocked, id=11324, stack(0x0000008032900000,0x0000008032a00000)]
  0x0000025a74992160 JavaThread "http-nio-8080-exec-4" daemon [_thread_blocked, id=16420, stack(0x0000008032a00000,0x0000008032b00000)]
  0x0000025a74991c50 JavaThread "http-nio-8080-exec-5" daemon [_thread_blocked, id=14344, stack(0x0000008032b00000,0x0000008032c00000)]
  0x0000025a74990d20 JavaThread "http-nio-8080-exec-6" daemon [_thread_blocked, id=1240, stack(0x0000008032c00000,0x0000008032d00000)]
  0x0000025a7498fdf0 JavaThread "http-nio-8080-exec-7" daemon [_thread_blocked, id=1432, stack(0x0000008032d00000,0x0000008032e00000)]
  0x0000025a74992670 JavaThread "http-nio-8080-exec-8" daemon [_thread_blocked, id=17212, stack(0x0000008032e00000,0x0000008032f00000)]
  0x0000025a74994ef0 JavaThread "http-nio-8080-exec-9" daemon [_thread_blocked, id=10560, stack(0x0000008032f00000,0x0000008033000000)]
  0x0000025a74993090 JavaThread "http-nio-8080-exec-10" daemon [_thread_blocked, id=15452, stack(0x0000008033000000,0x0000008033100000)]
  0x0000025a74990810 JavaThread "http-nio-8080-Poller" daemon [_thread_in_native, id=13220, stack(0x0000008033100000,0x0000008033200000)]
  0x0000025a74991230 JavaThread "http-nio-8080-Acceptor" daemon [_thread_in_native, id=5896, stack(0x0000008033200000,0x0000008033300000)]
  0x0000025a74993ab0 JavaThread "DestroyJavaVM" [_thread_blocked, id=18412, stack(0x000000802fc00000,0x000000802fd00000)]

Other Threads:
  0x0000025a6d6866f0 VMThread "VM Thread" [stack: 0x0000008030200000,0x0000008030300000] [id=10468]
  0x0000025a56843350 WatcherThread [stack: 0x0000008031100000,0x0000008031200000] [id=12776]
  0x0000025a56886570 GCTaskThread "GC Thread#0" [stack: 0x000000802fd00000,0x000000802fe00000] [id=13704]
  0x0000025a729a7a00 GCTaskThread "GC Thread#1" [stack: 0x0000008031200000,0x0000008031300000] [id=4928]
  0x0000025a727d5b10 GCTaskThread "GC Thread#2" [stack: 0x0000008031300000,0x0000008031400000] [id=9468]
  0x0000025a729f60a0 GCTaskThread "GC Thread#3" [stack: 0x0000008031400000,0x0000008031500000] [id=12132]
  0x0000025a729f6360 GCTaskThread "GC Thread#4" [stack: 0x0000008031500000,0x0000008031600000] [id=8072]
  0x0000025a729d7990 GCTaskThread "GC Thread#5" [stack: 0x0000008031600000,0x0000008031700000] [id=11936]
  0x0000025a729d7c50 GCTaskThread "GC Thread#6" [stack: 0x0000008031700000,0x0000008031800000] [id=9168]
  0x0000025a72a9f2c0 GCTaskThread "GC Thread#7" [stack: 0x0000008031800000,0x0000008031900000] [id=17248]
  0x0000025a5688ee50 ConcurrentGCThread "G1 Main Marker" [stack: 0x000000802fe00000,0x000000802ff00000] [id=16264]
  0x0000025a5688ff20 ConcurrentGCThread "G1 Conc#0" [stack: 0x000000802ff00000,0x0000008030000000] [id=2648]
  0x0000025a72d35ca0 ConcurrentGCThread "G1 Conc#1" [stack: 0x0000008031e00000,0x0000008031f00000] [id=7104]
  0x0000025a6d4f40b0 ConcurrentGCThread "G1 Refine#0" [stack: 0x0000008030000000,0x0000008030100000] [id=13256]
  0x0000025a729a7cc0 ConcurrentGCThread "G1 Refine#1" [stack: 0x0000008031900000,0x0000008031a00000] [id=9428]
  0x0000025a729decc0 ConcurrentGCThread "G1 Refine#2" [stack: 0x0000008031a00000,0x0000008031b00000] [id=10808]
  0x0000025a6d4f49f0 ConcurrentGCThread "G1 Service" [stack: 0x0000008030100000,0x0000008030200000] [id=3148]

Threads with active compile tasks:
C2 CompilerThread0    18875 5153       4       java.lang.invoke.LambdaForm$Name::replaceNames (175 bytes)

VM state: not at safepoint (normal execution)

VM Mutex/Monitor currently owned by a thread: None

Heap address: 0x00000000c2c00000, size: 980 MB, Compressed Oops mode: 32-bit

CDS archive(s) not mapped
Compressed class space mapped at: 0x0000000100000000-0x0000000140000000, reserved size: 1073741824
Narrow klass base: 0x0000000000000000, Narrow klass shift: 3, Narrow klass range: 0x140000000

GC Precious Log:
 CPUs: 8 total, 8 available
 Memory: 3917M
 Large Page Support: Disabled
 NUMA Support: Disabled
 Compressed Oops: Enabled (32-bit)
 Heap Region Size: 1M
 Heap Min Capacity: 8M
 Heap Initial Capacity: 62M
 Heap Max Capacity: 980M
 Pre-touch: Disabled
 Parallel Workers: 8
 Concurrent Workers: 2
 Concurrent Refinement Workers: 8
 Periodic GC: Disabled

Heap:
 garbage-first heap   total 55296K, used 33491K [0x00000000c2c00000, 0x0000000100000000)
  region size 1024K, 14 young (14336K), 1 survivors (1024K)
 Metaspace       used 48717K, committed 49280K, reserved 1114112K
  class space    used 6185K, committed 6464K, reserved 1048576K

Heap Regions: E=young(eden), S=young(survivor), O=old, HS=humongous(starts), HC=humongous(continues), CS=collection set, F=free, OA=open archive, CA=closed archive, TAMS=top-at-mark-start (previous, next)
|   0|0x00000000c2c00000, 0x00000000c2d00000, 0x00000000c2d00000|100%| O|  |TAMS 0x00000000c2d00000, 0x00000000c2c00000| Untracked 
|   1|0x00000000c2d00000, 0x00000000c2e00000, 0x00000000c2e00000|100%| O|  |TAMS 0x00000000c2e00000, 0x00000000c2d00000| Untracked 
|   2|0x00000000c2e00000, 0x00000000c2f00000, 0x00000000c2f00000|100%| O|  |TAMS 0x00000000c2f00000, 0x00000000c2e00000| Untracked 
|   3|0x00000000c2f00000, 0x00000000c3000000, 0x00000000c3000000|100%| O|  |TAMS 0x00000000c3000000, 0x00000000c2f00000| Untracked 
|   4|0x00000000c3000000, 0x00000000c3100000, 0x00000000c3100000|100%| O|  |TAMS 0x00000000c3100000, 0x00000000c3000000| Untracked 
|   5|0x00000000c3100000, 0x00000000c3200000, 0x00000000c3200000|100%| O|  |TAMS 0x00000000c3200000, 0x00000000c3100000| Untracked 
|   6|0x00000000c3200000, 0x00000000c3300000, 0x00000000c3300000|100%| O|  |TAMS 0x00000000c3300000, 0x00000000c3200000| Untracked 
|   7|0x00000000c3300000, 0x00000000c3400000, 0x00000000c3400000|100%| O|  |TAMS 0x00000000c3400000, 0x00000000c3300000| Untracked 
|   8|0x00000000c3400000, 0x00000000c3500000, 0x00000000c3500000|100%| O|  |TAMS 0x00000000c3500000, 0x00000000c3400000| Untracked 
|   9|0x00000000c3500000, 0x00000000c3600000, 0x00000000c3600000|100%| O|  |TAMS 0x00000000c3600000, 0x00000000c3500000| Untracked 
|  10|0x00000000c3600000, 0x00000000c3700000, 0x00000000c3700000|100%| O|  |TAMS 0x00000000c3700000, 0x00000000c3600000| Untracked 
|  11|0x00000000c3700000, 0x00000000c3800000, 0x00000000c3800000|100%| O|  |TAMS 0x00000000c3800000, 0x00000000c3700000| Untracked 
|  12|0x00000000c3800000, 0x00000000c3900000, 0x00000000c3900000|100%| O|  |TAMS 0x00000000c3900000, 0x00000000c3800000| Untracked 
|  13|0x00000000c3900000, 0x00000000c3a00000, 0x00000000c3a00000|100%| O|  |TAMS 0x00000000c3906200, 0x00000000c3900000| Untracked 
|  14|0x00000000c3a00000, 0x00000000c3b00000, 0x00000000c3b00000|100%| O|  |TAMS 0x00000000c3a00000, 0x00000000c3a00000| Untracked 
|  15|0x00000000c3b00000, 0x00000000c3c00000, 0x00000000c3c00000|100%| O|  |TAMS 0x00000000c3b00000, 0x00000000c3b00000| Untracked 
|  16|0x00000000c3c00000, 0x00000000c3d00000, 0x00000000c3d00000|100%| O|  |TAMS 0x00000000c3c00000, 0x00000000c3c00000| Untracked 
|  17|0x00000000c3d00000, 0x00000000c3e00000, 0x00000000c3e00000|100%| O|  |TAMS 0x00000000c3d00000, 0x00000000c3d00000| Untracked 
|  18|0x00000000c3e00000, 0x00000000c3f00000, 0x00000000c3f00000|100%| O|  |TAMS 0x00000000c3e00000, 0x00000000c3e00000| Untracked 
|  19|0x00000000c3f00000, 0x00000000c4000000, 0x00000000c4000000|100%| O|  |TAMS 0x00000000c3f00000, 0x00000000c3f00000| Untracked 
|  20|0x00000000c4000000, 0x00000000c40b4e00, 0x00000000c4100000| 70%| O|  |TAMS 0x00000000c4000000, 0x00000000c4000000| Untracked 
|  21|0x00000000c4100000, 0x00000000c4100000, 0x00000000c4200000|  0%| F|  |TAMS 0x00000000c4100000, 0x00000000c4100000| Untracked 
|  22|0x00000000c4200000, 0x00000000c4200000, 0x00000000c4300000|  0%| F|  |TAMS 0x00000000c4200000, 0x00000000c4200000| Untracked 
|  23|0x00000000c4300000, 0x00000000c4300000, 0x00000000c4400000|  0%| F|  |TAMS 0x00000000c4300000, 0x00000000c4300000| Untracked 
|  24|0x00000000c4400000, 0x00000000c4400000, 0x00000000c4500000|  0%| F|  |TAMS 0x00000000c4400000, 0x00000000c4400000| Untracked 
|  25|0x00000000c4500000, 0x00000000c4500000, 0x00000000c4600000|  0%| F|  |TAMS 0x00000000c4500000, 0x00000000c4500000| Untracked 
|  26|0x00000000c4600000, 0x00000000c4600000, 0x00000000c4700000|  0%| F|  |TAMS 0x00000000c4600000, 0x00000000c4600000| Untracked 
|  27|0x00000000c4700000, 0x00000000c4700000, 0x00000000c4800000|  0%| F|  |TAMS 0x00000000c4700000, 0x00000000c4700000| Untracked 
|  28|0x00000000c4800000, 0x00000000c4800000, 0x00000000c4900000|  0%| F|  |TAMS 0x00000000c4800000, 0x00000000c4800000| Untracked 
|  29|0x00000000c4900000, 0x00000000c4900000, 0x00000000c4a00000|  0%| F|  |TAMS 0x00000000c4900000, 0x00000000c4900000| Untracked 
|  30|0x00000000c4a00000, 0x00000000c4b00000, 0x00000000c4b00000|100%| S|CS|TAMS 0x00000000c4a00000, 0x00000000c4a00000| Complete 
|  31|0x00000000c4b00000, 0x00000000c4b00000, 0x00000000c4c00000|  0%| F|  |TAMS 0x00000000c4b00000, 0x00000000c4b00000| Untracked 
|  32|0x00000000c4c00000, 0x00000000c4c00000, 0x00000000c4d00000|  0%| F|  |TAMS 0x00000000c4c00000, 0x00000000c4c00000| Untracked 
|  33|0x00000000c4d00000, 0x00000000c4d00000, 0x00000000c4e00000|  0%| F|  |TAMS 0x00000000c4d00000, 0x00000000c4d00000| Untracked 
|  34|0x00000000c4e00000, 0x00000000c4e00000, 0x00000000c4f00000|  0%| F|  |TAMS 0x00000000c4e00000, 0x00000000c4e00000| Untracked 
|  35|0x00000000c4f00000, 0x00000000c4f00000, 0x00000000c5000000|  0%| F|  |TAMS 0x00000000c4f00000, 0x00000000c4f00000| Untracked 
|  36|0x00000000c5000000, 0x00000000c5000000, 0x00000000c5100000|  0%| F|  |TAMS 0x00000000c5000000, 0x00000000c5000000| Untracked 
|  37|0x00000000c5100000, 0x00000000c5100000, 0x00000000c5200000|  0%| F|  |TAMS 0x00000000c5100000, 0x00000000c5100000| Untracked 
|  38|0x00000000c5200000, 0x00000000c5200000, 0x00000000c5300000|  0%| F|  |TAMS 0x00000000c5200000, 0x00000000c5200000| Untracked 
|  39|0x00000000c5300000, 0x00000000c5300000, 0x00000000c5400000|  0%| F|  |TAMS 0x00000000c5300000, 0x00000000c5300000| Untracked 
|  40|0x00000000c5400000, 0x00000000c5400000, 0x00000000c5500000|  0%| F|  |TAMS 0x00000000c5400000, 0x00000000c5400000| Untracked 
|  41|0x00000000c5500000, 0x00000000c555d238, 0x00000000c5600000| 36%| E|  |TAMS 0x00000000c5500000, 0x00000000c5500000| Complete 
|  42|0x00000000c5600000, 0x00000000c5700000, 0x00000000c5700000|100%| E|CS|TAMS 0x00000000c5600000, 0x00000000c5600000| Complete 
|  43|0x00000000c5700000, 0x00000000c5800000, 0x00000000c5800000|100%| E|CS|TAMS 0x00000000c5700000, 0x00000000c5700000| Complete 
|  44|0x00000000c5800000, 0x00000000c5900000, 0x00000000c5900000|100%| E|  |TAMS 0x00000000c5800000, 0x00000000c5800000| Complete 
|  45|0x00000000c5900000, 0x00000000c5a00000, 0x00000000c5a00000|100%| E|CS|TAMS 0x00000000c5900000, 0x00000000c5900000| Complete 
|  46|0x00000000c5a00000, 0x00000000c5b00000, 0x00000000c5b00000|100%| E|CS|TAMS 0x00000000c5a00000, 0x00000000c5a00000| Complete 
|  47|0x00000000c5b00000, 0x00000000c5c00000, 0x00000000c5c00000|100%| E|CS|TAMS 0x00000000c5b00000, 0x00000000c5b00000| Complete 
|  48|0x00000000c5c00000, 0x00000000c5d00000, 0x00000000c5d00000|100%| E|CS|TAMS 0x00000000c5c00000, 0x00000000c5c00000| Complete 
|  49|0x00000000c5d00000, 0x00000000c5e00000, 0x00000000c5e00000|100%| E|CS|TAMS 0x00000000c5d00000, 0x00000000c5d00000| Complete 
|  50|0x00000000c5e00000, 0x00000000c5f00000, 0x00000000c5f00000|100%| E|CS|TAMS 0x00000000c5e00000, 0x00000000c5e00000| Complete 
|  57|0x00000000c6500000, 0x00000000c6600000, 0x00000000c6600000|100%| E|CS|TAMS 0x00000000c6500000, 0x00000000c6500000| Complete 
|  58|0x00000000c6600000, 0x00000000c6700000, 0x00000000c6700000|100%| E|CS|TAMS 0x00000000c6600000, 0x00000000c6600000| Complete 
|  61|0x00000000c6900000, 0x00000000c6a00000, 0x00000000c6a00000|100%| E|CS|TAMS 0x00000000c6900000, 0x00000000c6900000| Complete 

Card table byte_map: [0x0000025a689c0000,0x0000025a68bb0000] _byte_map_base: 0x0000025a683aa000

Marking Bits (Prev, Next): (CMBitMap*) 0x0000025a56886aa0, (CMBitMap*) 0x0000025a56886ae0
 Prev Bits: [0x0000025a68da0000, 0x0000025a69cf0000)
 Next Bits: [0x0000025a69cf0000, 0x0000025a6ac40000)

Polling page: 0x0000025a54770000

Metaspace:

Usage:
  Non-class:     41.53 MB used.
      Class:      6.04 MB used.
       Both:     47.58 MB used.

Virtual space:
  Non-class space:       64.00 MB reserved,      41.81 MB ( 65%) committed,  1 nodes.
      Class space:        1.00 GB reserved,       6.31 MB ( <1%) committed,  1 nodes.
             Both:        1.06 GB reserved,      48.12 MB (  4%) committed. 

Chunk freelists:
   Non-Class:  5.50 MB
       Class:  9.73 MB
        Both:  15.23 MB

MaxMetaspaceSize: unlimited
CompressedClassSpaceSize: 1.00 GB
Initial GC threshold: 21.00 MB
Current GC threshold: 59.38 MB
CDS: off
MetaspaceReclaimPolicy: balanced
 - commit_granule_bytes: 65536.
 - commit_granule_words: 8192.
 - virtual_space_node_default_size: 8388608.
 - enlarge_chunks_in_place: 1.
 - new_chunks_are_fully_committed: 0.
 - uncommit_free_chunks: 1.
 - use_allocation_guard: 0.
 - handle_deallocations: 1.


Internal statistics:

num_allocs_failed_limit: 6.
num_arena_births: 810.
num_arena_deaths: 0.
num_vsnodes_births: 2.
num_vsnodes_deaths: 0.
num_space_committed: 770.
num_space_uncommitted: 0.
num_chunks_returned_to_freelist: 6.
num_chunks_taken_from_freelist: 2338.
num_chunk_merges: 6.
num_chunk_splits: 1516.
num_chunks_enlarged: 1033.
num_inconsistent_stats: 0.

CodeHeap 'non-profiled nmethods': size=120000Kb used=2206Kb max_used=2206Kb free=117793Kb
 bounds [0x0000025a60f60000, 0x0000025a611d0000, 0x0000025a68490000]
CodeHeap 'profiled nmethods': size=120000Kb used=10161Kb max_used=10161Kb free=109839Kb
 bounds [0x0000025a59490000, 0x0000025a59e80000, 0x0000025a609c0000]
CodeHeap 'non-nmethods': size=5760Kb used=1274Kb max_used=1325Kb free=4486Kb
 bounds [0x0000025a609c0000, 0x0000025a60c30000, 0x0000025a60f60000]
 total_blobs=5903 nmethods=5310 adapters=505
 compilation: enabled
              stopped_count=0, restarted_count=0
 full_count=0

Compilation events (20 events):
Event: 18.634 Thread 0x0000025a6d6d1890 5331       2       java.nio.CharBuffer::reset (5 bytes)
Event: 18.634 Thread 0x0000025a6d6d1890 nmethod 5331 0x0000025a59e77990 code [0x0000025a59e77b40, 0x0000025a59e77ca8]
Event: 18.634 Thread 0x0000025a6d6d1890 5327       2       java.nio.Buffer::checkScope (16 bytes)
Event: 18.634 Thread 0x0000025a6d6d1890 nmethod 5327 0x0000025a59e77d90 code [0x0000025a59e77f40, 0x0000025a59e780b8]
Event: 18.634 Thread 0x0000025a6d6d1890 5328       1       org.attoparser.AbstractChainedMarkupHandler::getNext (5 bytes)
Event: 18.634 Thread 0x0000025a6d6d1890 nmethod 5328 0x0000025a61187310 code [0x0000025a611874a0, 0x0000025a61187578]
Event: 18.634 Thread 0x0000025a6d6d1890 5332       3       org.attoparser.ParsingLocatorUtil::countChar (26 bytes)
Event: 18.634 Thread 0x0000025a6d6d1890 nmethod 5332 0x0000025a59e78190 code [0x0000025a59e78340, 0x0000025a59e78518]
Event: 18.635 Thread 0x0000025a6d6d1890 5333       3       org.thymeleaf.engine.AbstractTextualTemplateEvent::charAtContent (43 bytes)
Event: 18.635 Thread 0x0000025a6d6d1890 nmethod 5333 0x0000025a59e78690 code [0x0000025a59e78920, 0x0000025a59e79468]
Event: 18.636 Thread 0x0000025a6d6d1890 5334       2       java.lang.invoke.LambdaFormEditor::foldArgumentsForm (102 bytes)
Event: 18.636 Thread 0x0000025a6d6d1890 nmethod 5334 0x0000025a59e79890 code [0x0000025a59e79a60, 0x0000025a59e79c78]
Event: 18.639 Thread 0x0000025a6d6d1890 5335       2       io.micrometer.core.instrument.binder.logging.MetricsTurboFilter::decide (62 bytes)
Event: 18.640 Thread 0x0000025a6d6d1890 nmethod 5335 0x0000025a59e79e10 code [0x0000025a59e7a040, 0x0000025a59e7a4c8]
Event: 18.640 Thread 0x0000025a6d6d1890 5337       2       java.lang.invoke.MethodHandles$Lookup::linkMethodHandleConstant (222 bytes)
Event: 18.642 Thread 0x0000025a6d6d1890 nmethod 5337 0x0000025a59e7a810 code [0x0000025a59e7ab00, 0x0000025a59e7b508]
Event: 18.642 Thread 0x0000025a6d6d1890 5338       1       java.lang.Double::doubleValue (5 bytes)
Event: 18.642 Thread 0x0000025a6d6d1890 nmethod 5338 0x0000025a61187610 code [0x0000025a611877a0, 0x0000025a61187878]
Event: 18.642 Thread 0x0000025a6d6d1890 5336       2       java.lang.invoke.MethodHandles::foldArgumentsWithCombiner (9 bytes)
Event: 18.642 Thread 0x0000025a6d6d1890 nmethod 5336 0x0000025a59e7bb10 code [0x0000025a59e7bca0, 0x0000025a59e7bdc8]

GC Heap History (20 events):
Event: 3.070 GC heap before
{Heap before GC invocations=7 (full 0):
 garbage-first heap   total 30720K, used 23073K [0x00000000c2c00000, 0x0000000100000000)
  region size 1024K, 14 young (14336K), 2 survivors (2048K)
 Metaspace       used 28676K, committed 29056K, reserved 1114112K
  class space    used 3427K, committed 3584K, reserved 1048576K
}
Event: 3.074 GC heap after
{Heap after GC invocations=8 (full 0):
 garbage-first heap   total 30720K, used 12005K [0x00000000c2c00000, 0x0000000100000000)
  region size 1024K, 2 young (2048K), 2 survivors (2048K)
 Metaspace       used 28676K, committed 29056K, reserved 1114112K
  class space    used 3427K, committed 3584K, reserved 1048576K
}
Event: 3.280 GC heap before
{Heap before GC invocations=8 (full 0):
 garbage-first heap   total 30720K, used 22245K [0x00000000c2c00000, 0x0000000100000000)
  region size 1024K, 12 young (12288K), 2 survivors (2048K)
 Metaspace       used 29210K, committed 29504K, reserved 1114112K
  class space    used 3486K, committed 3648K, reserved 1048576K
}
Event: 3.282 GC heap after
{Heap after GC invocations=9 (full 0):
 garbage-first heap   total 30720K, used 12618K [0x00000000c2c00000, 0x0000000100000000)
  region size 1024K, 2 young (2048K), 2 survivors (2048K)
 Metaspace       used 29210K, committed 29504K, reserved 1114112K
  class space    used 3486K, committed 3648K, reserved 1048576K
}
Event: 3.532 GC heap before
{Heap before GC invocations=9 (full 0):
 garbage-first heap   total 30720K, used 21834K [0x00000000c2c00000, 0x0000000100000000)
  region size 1024K, 12 young (12288K), 2 survivors (2048K)
 Metaspace       used 30571K, committed 30912K, reserved 1114112K
  class space    used 3671K, committed 3840K, reserved 1048576K
}
Event: 3.535 GC heap after
{Heap after GC invocations=10 (full 0):
 garbage-first heap   total 30720K, used 13434K [0x00000000c2c00000, 0x0000000100000000)
  region size 1024K, 2 young (2048K), 2 survivors (2048K)
 Metaspace       used 30571K, committed 30912K, reserved 1114112K
  class space    used 3671K, committed 3840K, reserved 1048576K
}
Event: 3.781 GC heap before
{Heap before GC invocations=10 (full 0):
 garbage-first heap   total 30720K, used 23674K [0x00000000c2c00000, 0x0000000100000000)
  region size 1024K, 12 young (12288K), 2 survivors (2048K)
 Metaspace       used 31818K, committed 32192K, reserved 1114112K
  class space    used 3868K, committed 4032K, reserved 1048576K
}
Event: 3.784 GC heap after
{Heap after GC invocations=11 (full 0):
 garbage-first heap   total 30720K, used 14351K [0x00000000c2c00000, 0x0000000100000000)
  region size 1024K, 2 young (2048K), 2 survivors (2048K)
 Metaspace       used 31818K, committed 32192K, reserved 1114112K
  class space    used 3868K, committed 4032K, reserved 1048576K
}
Event: 3.975 GC heap before
{Heap before GC invocations=11 (full 0):
 garbage-first heap   total 30720K, used 22543K [0x00000000c2c00000, 0x0000000100000000)
  region size 1024K, 11 young (11264K), 2 survivors (2048K)
 Metaspace       used 33368K, committed 33856K, reserved 1114112K
  class space    used 4092K, committed 4352K, reserved 1048576K
}
Event: 3.978 GC heap after
{Heap after GC invocations=12 (full 0):
 garbage-first heap   total 46080K, used 15120K [0x00000000c2c00000, 0x0000000100000000)
  region size 1024K, 2 young (2048K), 2 survivors (2048K)
 Metaspace       used 33368K, committed 33856K, reserved 1114112K
  class space    used 4092K, committed 4352K, reserved 1048576K
}
Event: 4.410 GC heap before
{Heap before GC invocations=12 (full 0):
 garbage-first heap   total 46080K, used 29456K [0x00000000c2c00000, 0x0000000100000000)
  region size 1024K, 17 young (17408K), 2 survivors (2048K)
 Metaspace       used 35878K, committed 36288K, reserved 1114112K
  class space    used 4425K, committed 4608K, reserved 1048576K
}
Event: 4.413 GC heap after
{Heap after GC invocations=13 (full 0):
 garbage-first heap   total 46080K, used 16641K [0x00000000c2c00000, 0x0000000100000000)
  region size 1024K, 3 young (3072K), 3 survivors (3072K)
 Metaspace       used 35878K, committed 36288K, reserved 1114112K
  class space    used 4425K, committed 4608K, reserved 1048576K
}
Event: 4.826 GC heap before
{Heap before GC invocations=14 (full 0):
 garbage-first heap   total 46080K, used 34049K [0x00000000c2c00000, 0x0000000100000000)
  region size 1024K, 21 young (21504K), 3 survivors (3072K)
 Metaspace       used 38960K, committed 39424K, reserved 1114112K
  class space    used 4829K, committed 5056K, reserved 1048576K
}
Event: 4.830 GC heap after
{Heap after GC invocations=15 (full 0):
 garbage-first heap   total 46080K, used 18078K [0x00000000c2c00000, 0x0000000100000000)
  region size 1024K, 3 young (3072K), 3 survivors (3072K)
 Metaspace       used 38960K, committed 39424K, reserved 1114112K
  class space    used 4829K, committed 5056K, reserved 1048576K
}
Event: 5.233 GC heap before
{Heap before GC invocations=15 (full 0):
 garbage-first heap   total 46080K, used 34462K [0x00000000c2c00000, 0x0000000100000000)
  region size 1024K, 20 young (20480K), 3 survivors (3072K)
 Metaspace       used 41603K, committed 42048K, reserved 1114112K
  class space    used 5193K, committed 5376K, reserved 1048576K
}
Event: 5.238 GC heap after
{Heap after GC invocations=16 (full 0):
 garbage-first heap   total 46080K, used 20146K [0x00000000c2c00000, 0x0000000100000000)
  region size 1024K, 2 young (2048K), 2 survivors (2048K)
 Metaspace       used 41603K, committed 42048K, reserved 1114112K
  class space    used 5193K, committed 5376K, reserved 1048576K
}
Event: 5.564 GC heap before
{Heap before GC invocations=16 (full 0):
 garbage-first heap   total 46080K, used 35506K [0x00000000c2c00000, 0x0000000100000000)
  region size 1024K, 17 young (17408K), 2 survivors (2048K)
 Metaspace       used 43337K, committed 43776K, reserved 1114112K
  class space    used 5469K, committed 5696K, reserved 1048576K
}
Event: 5.568 GC heap after
{Heap after GC invocations=17 (full 0):
 garbage-first heap   total 46080K, used 21215K [0x00000000c2c00000, 0x0000000100000000)
  region size 1024K, 2 young (2048K), 2 survivors (2048K)
 Metaspace       used 43337K, committed 43776K, reserved 1114112K
  class space    used 5469K, committed 5696K, reserved 1048576K
}
Event: 18.146 GC heap before
{Heap before GC invocations=17 (full 0):
 garbage-first heap   total 46080K, used 34527K [0x00000000c2c00000, 0x0000000100000000)
  region size 1024K, 16 young (16384K), 2 survivors (2048K)
 Metaspace       used 46123K, committed 46656K, reserved 1114112K
  class space    used 5843K, committed 6080K, reserved 1048576K
}
Event: 18.149 GC heap after
{Heap after GC invocations=18 (full 0):
 garbage-first heap   total 55296K, used 22227K [0x00000000c2c00000, 0x0000000100000000)
  region size 1024K, 1 young (1024K), 1 survivors (1024K)
 Metaspace       used 46123K, committed 46656K, reserved 1114112K
  class space    used 5843K, committed 6080K, reserved 1048576K
}

Dll operation events (9 events):
Event: 0.014 Loaded shared library C:\Users\russe\.vscode\extensions\redhat.java-1.37.0-win32-x64\jre\17.0.13-win32-x86_64\bin\java.dll
Event: 0.197 Loaded shared library C:\Users\russe\.vscode\extensions\redhat.java-1.37.0-win32-x64\jre\17.0.13-win32-x86_64\bin\jimage.dll
Event: 0.213 Loaded shared library C:\Users\russe\.vscode\extensions\redhat.java-1.37.0-win32-x64\jre\17.0.13-win32-x86_64\bin\net.dll
Event: 0.214 Loaded shared library C:\Users\russe\.vscode\extensions\redhat.java-1.37.0-win32-x64\jre\17.0.13-win32-x86_64\bin\nio.dll
Event: 0.218 Loaded shared library C:\Users\russe\.vscode\extensions\redhat.java-1.37.0-win32-x64\jre\17.0.13-win32-x86_64\bin\zip.dll
Event: 0.279 Loaded shared library C:\Users\russe\.vscode\extensions\redhat.java-1.37.0-win32-x64\jre\17.0.13-win32-x86_64\bin\management.dll
Event: 0.300 Loaded shared library C:\Users\russe\.vscode\extensions\redhat.java-1.37.0-win32-x64\jre\17.0.13-win32-x86_64\bin\management_ext.dll
Event: 0.611 Loaded shared library C:\Users\russe\.vscode\extensions\redhat.java-1.37.0-win32-x64\jre\17.0.13-win32-x86_64\bin\extnet.dll
Event: 2.372 Loaded shared library C:\Users\russe\.vscode\extensions\redhat.java-1.37.0-win32-x64\jre\17.0.13-win32-x86_64\bin\sunmscapi.dll

Deoptimization events (20 events):
Event: 6.898 Thread 0x0000025a736c8830 Uncommon trap: trap_request=0xffffffd6 fr.pc=0x0000025a6113c2e4 relative=0x00000000000003a4
Event: 6.898 Thread 0x0000025a736c8830 Uncommon trap: reason=array_check action=maybe_recompile pc=0x0000025a6113c2e4 method=java.util.AbstractCollection.toArray([Ljava/lang/Object;)[Ljava/lang/Object; @ 116 c2
Event: 6.898 Thread 0x0000025a736c8830 DEOPT PACKING pc=0x0000025a6113c2e4 sp=0x00000080320fdd00
Event: 6.898 Thread 0x0000025a736c8830 DEOPT UNPACKING pc=0x0000025a60a169a3 sp=0x00000080320fdca0 mode 2
Event: 7.096 Thread 0x0000025a736c8830 DEOPT PACKING pc=0x0000025a59d9913c sp=0x00000080320fca70
Event: 7.096 Thread 0x0000025a736c8830 DEOPT UNPACKING pc=0x0000025a60a17143 sp=0x00000080320fbf20 mode 0
Event: 7.106 Thread 0x0000025a736c8830 DEOPT PACKING pc=0x0000025a59b7e307 sp=0x00000080320fc9a0
Event: 7.106 Thread 0x0000025a736c8830 DEOPT UNPACKING pc=0x0000025a60a17143 sp=0x00000080320fbe60 mode 0
Event: 17.944 Thread 0x0000025a74990810 Uncommon trap: trap_request=0xffffff45 fr.pc=0x0000025a60f9e938 relative=0x0000000000000178
Event: 17.944 Thread 0x0000025a74990810 Uncommon trap: reason=unstable_if action=reinterpret pc=0x0000025a60f9e938 method=java.lang.invoke.VarHandle.checkExactAccessMode(Ljava/lang/invoke/VarHandle$AccessDescriptor;)V @ 4 c2
Event: 17.944 Thread 0x0000025a74990810 DEOPT PACKING pc=0x0000025a60f9e938 sp=0x00000080331ff420
Event: 17.944 Thread 0x0000025a74990810 DEOPT UNPACKING pc=0x0000025a60a169a3 sp=0x00000080331ff360 mode 2
Event: 18.444 Thread 0x0000025a736c73f0 DEOPT PACKING pc=0x0000025a59e5d40c sp=0x00000080326fcdf0
Event: 18.445 Thread 0x0000025a736c73f0 DEOPT UNPACKING pc=0x0000025a60a17143 sp=0x00000080326fc308 mode 0
Event: 18.606 Thread 0x0000025a736c73f0 Uncommon trap: trap_request=0xffffff45 fr.pc=0x0000025a60f9d0b4 relative=0x00000000000001b4
Event: 18.606 Thread 0x0000025a736c73f0 Uncommon trap: reason=unstable_if action=reinterpret pc=0x0000025a60f9d0b4 method=java.lang.StringCoding.hasNegatives([BII)Z @ 12 c2
Event: 18.606 Thread 0x0000025a736c73f0 DEOPT PACKING pc=0x0000025a60f9d0b4 sp=0x00000080326fc550
Event: 18.606 Thread 0x0000025a736c73f0 DEOPT UNPACKING pc=0x0000025a60a169a3 sp=0x00000080326fc4f8 mode 2
Event: 18.616 Thread 0x0000025a736c73f0 DEOPT PACKING pc=0x0000025a59d61b82 sp=0x00000080326fbf70
Event: 18.616 Thread 0x0000025a736c73f0 DEOPT UNPACKING pc=0x0000025a60a17143 sp=0x00000080326fb420 mode 0

Classes loaded (20 events):
Event: 17.942 Loading class java/nio/channels/SelectionKey
Event: 17.943 Loading class java/nio/channels/SelectionKey done
Event: 17.943 Loading class java/nio/channels/spi/AbstractSelectionKey done
Event: 17.943 Loading class sun/nio/ch/SelectionKeyImpl done
Event: 17.943 Loading class java/lang/invoke/ConstantBootstraps
Event: 17.943 Loading class java/lang/invoke/ConstantBootstraps done
Event: 18.129 Loading class sun/nio/cs/ThreadLocalCoders
Event: 18.129 Loading class sun/nio/cs/ThreadLocalCoders done
Event: 18.129 Loading class sun/nio/cs/ThreadLocalCoders$1
Event: 18.129 Loading class sun/nio/cs/ThreadLocalCoders$Cache
Event: 18.129 Loading class sun/nio/cs/ThreadLocalCoders$Cache done
Event: 18.129 Loading class sun/nio/cs/ThreadLocalCoders$1 done
Event: 18.129 Loading class sun/nio/cs/ThreadLocalCoders$2
Event: 18.129 Loading class sun/nio/cs/ThreadLocalCoders$2 done
Event: 18.195 Loading class java/util/concurrent/ArrayBlockingQueue
Event: 18.196 Loading class java/util/concurrent/ArrayBlockingQueue done
Event: 18.196 Loading class java/util/concurrent/ArrayBlockingQueue$Itr
Event: 18.197 Loading class java/util/concurrent/ArrayBlockingQueue$Itr done
Event: 18.639 Loading class java/util/ArrayDeque$DescendingIterator
Event: 18.639 Loading class java/util/ArrayDeque$DescendingIterator done

Classes unloaded (0 events):
No events

Classes redefined (0 events):
No events

Internal exceptions (20 events):
Event: 7.192 Thread 0x0000025a736c8830 Exception <a 'java/lang/ClassNotFoundException'{0x00000000c4fa40b0}: org/springframework/boot/actuate/endpoint/jmx/DataEndpointMBean> (0x00000000c4fa40b0) 
thrown [s\src\hotspot\share\classfile\systemDictionary.cpp, line 256]
Event: 7.192 Thread 0x0000025a736c8830 Exception <a 'java/lang/ClassNotFoundException'{0x00000000c4fa4468}: org/springframework/context/support/LiveBeansView> (0x00000000c4fa4468) 
thrown [s\src\hotspot\share\classfile\systemDictionary.cpp, line 256]
Event: 7.192 Thread 0x0000025a736c8830 Exception <a 'java/lang/ClassNotFoundException'{0x00000000c4fa4818}: org/springframework/boot/actuate/endpoint/jmx/EndpointMBean> (0x00000000c4fa4818) 
thrown [s\src\hotspot\share\classfile\systemDictionary.cpp, line 256]
Event: 7.192 Thread 0x0000025a736c8830 Exception <a 'java/lang/ClassNotFoundException'{0x00000000c4fa4bc8}: org/springframework/boot/actuate/endpoint/jmx/DataEndpointMBean> (0x00000000c4fa4bc8) 
thrown [s\src\hotspot\share\classfile\systemDictionary.cpp, line 256]
Event: 7.192 Thread 0x0000025a736c8830 Exception <a 'java/lang/ClassNotFoundException'{0x00000000c4fa4f70}: org/springframework/context/support/LiveBeansView> (0x00000000c4fa4f70) 
thrown [s\src\hotspot\share\classfile\systemDictionary.cpp, line 256]
Event: 7.196 Thread 0x0000025a736c8830 Exception <a 'java/lang/ClassNotFoundException'{0x00000000c4ff2648}: org/springframework/boot/actuate/endpoint/jmx/EndpointMBean> (0x00000000c4ff2648) 
thrown [s\src\hotspot\share\classfile\systemDictionary.cpp, line 256]
Event: 7.199 Thread 0x0000025a736c8830 Exception <a 'java/lang/ClassNotFoundException'{0x00000000c4e3cda0}: org/springframework/boot/actuate/endpoint/jmx/DataEndpointMBean> (0x00000000c4e3cda0) 
thrown [s\src\hotspot\share\classfile\systemDictionary.cpp, line 256]
Event: 7.201 Thread 0x0000025a736c8830 Exception <a 'java/lang/ClassNotFoundException'{0x00000000c4e87260}: org/springframework/context/support/LiveBeansView> (0x00000000c4e87260) 
thrown [s\src\hotspot\share\classfile\systemDictionary.cpp, line 256]
Event: 7.201 Thread 0x0000025a736c8830 Exception <a 'java/lang/ClassNotFoundException'{0x00000000c4e87768}: org/springframework/boot/actuate/endpoint/jmx/EndpointMBean> (0x00000000c4e87768) 
thrown [s\src\hotspot\share\classfile\systemDictionary.cpp, line 256]
Event: 7.201 Thread 0x0000025a736c8830 Exception <a 'java/lang/ClassNotFoundException'{0x00000000c4e87b38}: org/springframework/boot/actuate/endpoint/jmx/DataEndpointMBean> (0x00000000c4e87b38) 
thrown [s\src\hotspot\share\classfile\systemDictionary.cpp, line 256]
Event: 7.201 Thread 0x0000025a736c8830 Exception <a 'java/lang/ClassNotFoundException'{0x00000000c4e87f00}: org/springframework/context/support/LiveBeansView> (0x00000000c4e87f00) 
thrown [s\src\hotspot\share\classfile\systemDictionary.cpp, line 256]
Event: 7.201 Thread 0x0000025a736c8830 Exception <a 'java/lang/ClassNotFoundException'{0x00000000c4e882b8}: org/springframework/boot/actuate/endpoint/jmx/EndpointMBean> (0x00000000c4e882b8) 
thrown [s\src\hotspot\share\classfile\systemDictionary.cpp, line 256]
Event: 7.201 Thread 0x0000025a736c8830 Exception <a 'java/lang/ClassNotFoundException'{0x00000000c4e88670}: org/springframework/boot/actuate/endpoint/jmx/DataEndpointMBean> (0x00000000c4e88670) 
thrown [s\src\hotspot\share\classfile\systemDictionary.cpp, line 256]
Event: 7.201 Thread 0x0000025a736c8830 Exception <a 'java/lang/ClassNotFoundException'{0x00000000c4e88a20}: org/springframework/context/support/LiveBeansView> (0x00000000c4e88a20) 
thrown [s\src\hotspot\share\classfile\systemDictionary.cpp, line 256]
Event: 7.202 Thread 0x0000025a736c8830 Exception <a 'java/lang/ClassNotFoundException'{0x00000000c4e88dd8}: org/springframework/boot/actuate/endpoint/jmx/EndpointMBean> (0x00000000c4e88dd8) 
thrown [s\src\hotspot\share\classfile\systemDictionary.cpp, line 256]
Event: 7.202 Thread 0x0000025a736c8830 Exception <a 'java/lang/ClassNotFoundException'{0x00000000c4e89190}: org/springframework/boot/actuate/endpoint/jmx/DataEndpointMBean> (0x00000000c4e89190) 
thrown [s\src\hotspot\share\classfile\systemDictionary.cpp, line 256]
Event: 7.202 Thread 0x0000025a736c8830 Exception <a 'java/lang/ClassNotFoundException'{0x00000000c4e89540}: org/springframework/context/support/LiveBeansView> (0x00000000c4e89540) 
thrown [s\src\hotspot\share\classfile\systemDictionary.cpp, line 256]
Event: 7.209 Thread 0x0000025a736c8830 Exception <a 'java/lang/NoSuchMethodError'{0x00000000c4eae370}: 'double java.lang.invoke.DirectMethodHandle$Holder.invokeInterface(java.lang.Object, java.lang.Object)'> (0x00000000c4eae370) 
thrown [s\src\hotspot\share\interpreter\linkResolver.cpp, line 759]
Event: 18.124 Thread 0x0000025a736c73f0 Exception <a 'java/lang/NoSuchMethodError'{0x00000000c4b74d28}: 'java.lang.Object java.lang.invoke.DirectMethodHandle$Holder.invokeSpecial(java.lang.Object, java.lang.Object, java.lang.Object, java.lang.Object, java.lang.Object, long)'> (0x00000000c4b74d28) 
thrown [s\src\hotspot\share\interpreter\linkResolver.cpp, line 759]
Event: 18.124 Thread 0x0000025a736c73f0 Exception <a 'java/lang/NoSuchMethodError'{0x00000000c4b789b0}: 'java.lang.Object java.lang.invoke.Invokers$Holder.linkToTargetMethod(java.lang.Object, java.lang.Object, java.lang.Object, long, java.lang.Object)'> (0x00000000c4b789b0) 
thrown [s\src\hotspot\share\interpreter\linkResolver.cpp, line 759]

VM Operations (20 events):
Event: 8.098 Executing VM operation: Cleanup
Event: 8.098 Executing VM operation: Cleanup done
Event: 10.107 Executing VM operation: Cleanup
Event: 10.107 Executing VM operation: Cleanup done
Event: 14.125 Executing VM operation: Cleanup
Event: 14.125 Executing VM operation: Cleanup done
Event: 15.131 Executing VM operation: Cleanup
Event: 15.131 Executing VM operation: Cleanup done
Event: 18.142 Executing VM operation: Cleanup
Event: 18.142 Executing VM operation: Cleanup done
Event: 18.146 Executing VM operation: G1CollectForAllocation
Event: 18.149 Executing VM operation: G1CollectForAllocation done
Event: 18.153 Executing VM operation: HandshakeAllThreads
Event: 18.153 Executing VM operation: HandshakeAllThreads done
Event: 18.236 Executing VM operation: HandshakeAllThreads
Event: 18.236 Executing VM operation: HandshakeAllThreads done
Event: 18.240 Executing VM operation: HandshakeAllThreads
Event: 18.240 Executing VM operation: HandshakeAllThreads done
Event: 18.250 Executing VM operation: HandshakeAllThreads
Event: 18.250 Executing VM operation: HandshakeAllThreads done

Memory protections (0 events):
No events

Nmethod flushes (0 events):
No events

Events (20 events):
Event: 5.475 Thread 0x0000025a729f79f0 Thread added: 0x0000025a736c6ee0
Event: 5.480 Thread 0x0000025a729f79f0 Thread added: 0x0000025a736c73f0
Event: 5.480 Thread 0x0000025a736c73f0 Thread exited: 0x0000025a736c73f0
Event: 5.480 Thread 0x0000025a729f79f0 Thread added: 0x0000025a736c7900
Event: 5.563 Thread 0x0000025a729f79f0 Thread added: 0x0000025a736c73f0
Event: 5.563 Thread 0x0000025a729f79f0 Thread added: 0x0000025a736c7e10
Event: 5.563 Thread 0x0000025a729f79f0 Thread added: 0x0000025a74992b80
Event: 5.563 Thread 0x0000025a729f79f0 Thread added: 0x0000025a74992160
Event: 5.563 Thread 0x0000025a729f79f0 Thread added: 0x0000025a74991c50
Event: 5.564 Thread 0x0000025a729f79f0 Thread added: 0x0000025a74990d20
Event: 5.564 Thread 0x0000025a729f79f0 Thread added: 0x0000025a7498fdf0
Event: 5.564 Thread 0x0000025a729f79f0 Thread added: 0x0000025a74992670
Event: 5.564 Thread 0x0000025a729f79f0 Thread added: 0x0000025a74994ef0
Event: 5.568 Thread 0x0000025a729f79f0 Thread added: 0x0000025a74993090
Event: 5.590 Thread 0x0000025a729f79f0 Thread added: 0x0000025a74990810
Event: 5.592 Thread 0x0000025a729f79f0 Thread added: 0x0000025a74991230
Event: 5.627 Thread 0x0000025a729f79f0 Thread exited: 0x0000025a729f79f0
Event: 5.631 Thread 0x0000025a727e5510 Thread exited: 0x0000025a727e5510
Event: 5.631 Thread 0x0000025a568423b0 Thread exited: 0x0000025a568423b0
Event: 5.631 Thread 0x0000025a74993ab0 Thread added: 0x0000025a74993ab0


Dynamic libraries:
0x00007ff7f92f0000 - 0x00007ff7f92fe000 	C:\Users\russe\.vscode\extensions\redhat.java-1.37.0-win32-x64\jre\17.0.13-win32-x86_64\bin\java.exe
0x00007ff80c370000 - 0x00007ff80c587000 	C:\WINDOWS\SYSTEM32\ntdll.dll
0x00007ff80adb0000 - 0x00007ff80ae74000 	C:\WINDOWS\System32\KERNEL32.DLL
0x00007ff809710000 - 0x00007ff809ac9000 	C:\WINDOWS\System32\KERNELBASE.dll
0x00007ff809b90000 - 0x00007ff809ca1000 	C:\WINDOWS\System32\ucrtbase.dll
0x00007fffc70e0000 - 0x00007fffc70fe000 	C:\Users\russe\.vscode\extensions\redhat.java-1.37.0-win32-x64\jre\17.0.13-win32-x86_64\bin\VCRUNTIME140.dll
0x00007fffc6e50000 - 0x00007fffc6e67000 	C:\Users\russe\.vscode\extensions\redhat.java-1.37.0-win32-x64\jre\17.0.13-win32-x86_64\bin\jli.dll
0x00007ff80a0a0000 - 0x00007ff80a24e000 	C:\WINDOWS\System32\USER32.dll
0x00007ff809670000 - 0x00007ff809696000 	C:\WINDOWS\System32\win32u.dll
0x00007ff80ae80000 - 0x00007ff80aea9000 	C:\WINDOWS\System32\GDI32.dll
0x00007ff809dd0000 - 0x00007ff809eeb000 	C:\WINDOWS\System32\gdi32full.dll
0x00007ff809cb0000 - 0x00007ff809d4a000 	C:\WINDOWS\System32\msvcp_win.dll
0x00007fffd8f00000 - 0x00007fffd9192000 	C:\WINDOWS\WinSxS\amd64_microsoft.windows.common-controls_6595b64144ccf1df_6.0.22621.4391_none_2715d37f73803e96\COMCTL32.dll
0x00007ff80a2b0000 - 0x00007ff80a357000 	C:\WINDOWS\System32\msvcrt.dll
0x00007ff80a460000 - 0x00007ff80a491000 	C:\WINDOWS\System32\IMM32.DLL
0x00007fffe9780000 - 0x00007fffe978c000 	C:\Users\russe\.vscode\extensions\redhat.java-1.37.0-win32-x64\jre\17.0.13-win32-x86_64\bin\vcruntime140_1.dll
0x00007fffba9d0000 - 0x00007fffbaa5d000 	C:\Users\russe\.vscode\extensions\redhat.java-1.37.0-win32-x64\jre\17.0.13-win32-x86_64\bin\msvcp140.dll
0x00007fff88020000 - 0x00007fff88c8b000 	C:\Users\russe\.vscode\extensions\redhat.java-1.37.0-win32-x64\jre\17.0.13-win32-x86_64\bin\server\jvm.dll
0x00007ff80b9a0000 - 0x00007ff80ba52000 	C:\WINDOWS\System32\ADVAPI32.dll
0x00007ff80b090000 - 0x00007ff80b137000 	C:\WINDOWS\System32\sechost.dll
0x00007ff809ef0000 - 0x00007ff809f18000 	C:\WINDOWS\System32\bcrypt.dll
0x00007ff80bfa0000 - 0x00007ff80c0b4000 	C:\WINDOWS\System32\RPCRT4.dll
0x00007ff80c0c0000 - 0x00007ff80c131000 	C:\WINDOWS\System32\WS2_32.dll
0x00007ff809390000 - 0x00007ff8093dd000 	C:\WINDOWS\SYSTEM32\POWRPROF.dll
0x00007ff805380000 - 0x00007ff8053b4000 	C:\WINDOWS\SYSTEM32\WINMM.dll
0x00007ff802280000 - 0x00007ff80228a000 	C:\WINDOWS\SYSTEM32\VERSION.dll
0x00007ff809100000 - 0x00007ff809113000 	C:\WINDOWS\SYSTEM32\UMPDC.dll
0x00007ff808670000 - 0x00007ff808688000 	C:\WINDOWS\SYSTEM32\kernel.appcore.dll
0x00007fffe96c0000 - 0x00007fffe96ca000 	C:\Users\russe\.vscode\extensions\redhat.java-1.37.0-win32-x64\jre\17.0.13-win32-x86_64\bin\jimage.dll
0x00007ffff5ff0000 - 0x00007ffff6222000 	C:\WINDOWS\SYSTEM32\DBGHELP.DLL
0x00007ff80bc10000 - 0x00007ff80bf9f000 	C:\WINDOWS\System32\combase.dll
0x00007ff80c140000 - 0x00007ff80c217000 	C:\WINDOWS\System32\OLEAUT32.dll
0x00007fffee5a0000 - 0x00007fffee5d2000 	C:\WINDOWS\SYSTEM32\dbgcore.DLL
0x00007ff809d50000 - 0x00007ff809dcb000 	C:\WINDOWS\System32\bcryptPrimitives.dll
0x00007fffc28d0000 - 0x00007fffc28f5000 	C:\Users\russe\.vscode\extensions\redhat.java-1.37.0-win32-x64\jre\17.0.13-win32-x86_64\bin\java.dll
0x00007fffc8540000 - 0x00007fffc8558000 	C:\Users\russe\.vscode\extensions\redhat.java-1.37.0-win32-x64\jre\17.0.13-win32-x86_64\bin\zip.dll
0x00007ff80a530000 - 0x00007ff80ada6000 	C:\WINDOWS\System32\SHELL32.dll
0x00007ff807530000 - 0x00007ff807e33000 	C:\WINDOWS\SYSTEM32\windows.storage.dll
0x00007ff8073f0000 - 0x00007ff80752f000 	C:\WINDOWS\SYSTEM32\wintypes.dll
0x00007ff80b380000 - 0x00007ff80b479000 	C:\WINDOWS\System32\SHCORE.dll
0x00007ff80a250000 - 0x00007ff80a2ae000 	C:\WINDOWS\System32\shlwapi.dll
0x00007ff8095a0000 - 0x00007ff8095cb000 	C:\WINDOWS\SYSTEM32\profapi.dll
0x00007fffc28b0000 - 0x00007fffc28c9000 	C:\Users\russe\.vscode\extensions\redhat.java-1.37.0-win32-x64\jre\17.0.13-win32-x86_64\bin\net.dll
0x00007ff805680000 - 0x00007ff8057b6000 	C:\WINDOWS\SYSTEM32\WINHTTP.dll
0x00007ff808ae0000 - 0x00007ff808b49000 	C:\WINDOWS\system32\mswsock.dll
0x00007fffc0580000 - 0x00007fffc0596000 	C:\Users\russe\.vscode\extensions\redhat.java-1.37.0-win32-x64\jre\17.0.13-win32-x86_64\bin\nio.dll
0x00007ff802ee0000 - 0x00007ff802eea000 	C:\Users\russe\.vscode\extensions\redhat.java-1.37.0-win32-x64\jre\17.0.13-win32-x86_64\bin\management.dll
0x00007ff802ed0000 - 0x00007ff802edb000 	C:\Users\russe\.vscode\extensions\redhat.java-1.37.0-win32-x64\jre\17.0.13-win32-x86_64\bin\management_ext.dll
0x00007ff80a090000 - 0x00007ff80a098000 	C:\WINDOWS\System32\PSAPI.DLL
0x00007fffd8a80000 - 0x00007fffd8a97000 	C:\WINDOWS\system32\napinsp.dll
0x00007fffd8a60000 - 0x00007fffd8a7b000 	C:\WINDOWS\system32\pnrpnsp.dll
0x00007ff808160000 - 0x00007ff808262000 	C:\WINDOWS\SYSTEM32\DNSAPI.dll
0x00007ff808130000 - 0x00007ff80815d000 	C:\WINDOWS\SYSTEM32\IPHLPAPI.DLL
0x00007ff80b490000 - 0x00007ff80b499000 	C:\WINDOWS\System32\NSI.dll
0x00007fffd8720000 - 0x00007fffd8731000 	C:\WINDOWS\System32\winrnr.dll
0x00007fffd8700000 - 0x00007fffd8715000 	C:\WINDOWS\system32\wshbth.dll
0x00007fffd86d0000 - 0x00007fffd86f7000 	C:\WINDOWS\system32\nlansp_c.dll
0x00007ffff5980000 - 0x00007ffff598a000 	C:\Windows\System32\rasadhlp.dll
0x00007ff803040000 - 0x00007ff8030c3000 	C:\WINDOWS\System32\fwpuclnt.dll
0x00007ff808e30000 - 0x00007ff808e4b000 	C:\WINDOWS\SYSTEM32\CRYPTSP.dll
0x00007ff8085d0000 - 0x00007ff808605000 	C:\WINDOWS\system32\rsaenh.dll
0x00007ff808b80000 - 0x00007ff808ba8000 	C:\WINDOWS\SYSTEM32\USERENV.dll
0x00007ff808e10000 - 0x00007ff808e1c000 	C:\WINDOWS\SYSTEM32\CRYPTBASE.dll
0x00007ff805b40000 - 0x00007ff805b59000 	C:\WINDOWS\SYSTEM32\dhcpcsvc6.DLL
0x00007ff805660000 - 0x00007ff80567f000 	C:\WINDOWS\SYSTEM32\dhcpcsvc.DLL
0x00007ff802ec0000 - 0x00007ff802ec9000 	C:\Users\russe\.vscode\extensions\redhat.java-1.37.0-win32-x64\jre\17.0.13-win32-x86_64\bin\extnet.dll
0x00007fffe9820000 - 0x00007fffe982e000 	C:\Users\russe\.vscode\extensions\redhat.java-1.37.0-win32-x64\jre\17.0.13-win32-x86_64\bin\sunmscapi.dll
0x00007ff809f20000 - 0x00007ff80a086000 	C:\WINDOWS\System32\CRYPT32.dll
0x00007ff808fa0000 - 0x00007ff808fcd000 	C:\WINDOWS\SYSTEM32\ncrypt.dll
0x00007ff808f60000 - 0x00007ff808f97000 	C:\WINDOWS\SYSTEM32\NTASN1.dll
0x00007ff802230000 - 0x00007ff802238000 	C:\WINDOWS\system32\wshunix.dll

dbghelp: loaded successfully - version: 4.0.5 - missing functions: none
symbol engine: initialized successfully - sym options: 0x614 - pdb path: .;C:\Users\russe\.vscode\extensions\redhat.java-1.37.0-win32-x64\jre\17.0.13-win32-x86_64\bin;C:\WINDOWS\SYSTEM32;C:\WINDOWS\WinSxS\amd64_microsoft.windows.common-controls_6595b64144ccf1df_6.0.22621.4391_none_2715d37f73803e96;C:\Users\russe\.vscode\extensions\redhat.java-1.37.0-win32-x64\jre\17.0.13-win32-x86_64\bin\server

VM Arguments:
jvm_args: -XX:+ShowCodeDetailsInExceptionMessages -Dspring.jmx.enabled=true -Dmanagement.endpoints.jmx.exposure.include=* -Dspring.application.admin.enabled=true -Dspring.boot.project.name=lavanderia -Djava.rmi.server.hostname=localhost -Dcom.sun.management.jmxremote.port=45556 -Dcom.sun.management.jmxremote.authenticate=false -Dcom.sun.management.jmxremote.ssl=false 
java_command: com.laundry.lavanderia.LavanderiaApplication
java_class_path (initial): C:\Users\russe\OneDrive\Escritorio\Documentos\Netbeans-Project\Java-web\lavanderia\target\classes;C:\Users\russe\.m2\repository\org\springframework\boot\spring-boot-starter-actuator\3.4.0\spring-boot-starter-actuator-3.4.0.jar;C:\Users\russe\.m2\repository\org\springframework\boot\spring-boot-starter\3.4.0\spring-boot-starter-3.4.0.jar;C:\Users\russe\.m2\repository\org\springframework\boot\spring-boot-starter-logging\3.4.0\spring-boot-starter-logging-3.4.0.jar;C:\Users\russe\.m2\repository\ch\qos\logback\logback-classic\1.5.12\logback-classic-1.5.12.jar;C:\Users\russe\.m2\repository\ch\qos\logback\logback-core\1.5.12\logback-core-1.5.12.jar;C:\Users\russe\.m2\repository\org\apache\logging\log4j\log4j-to-slf4j\2.24.1\log4j-to-slf4j-2.24.1.jar;C:\Users\russe\.m2\repository\org\apache\logging\log4j\log4j-api\2.24.1\log4j-api-2.24.1.jar;C:\Users\russe\.m2\repository\org\slf4j\jul-to-slf4j\2.0.16\jul-to-slf4j-2.0.16.jar;C:\Users\russe\.m2\repository\jakarta\annotation\jakarta.annotation-api\2.1.1\jakarta.annotation-api-2.1.1.jar;C:\Users\russe\.m2\repository\org\yaml\snakeyaml\2.3\snakeyaml-2.3.jar;C:\Users\russe\.m2\repository\org\springframework\boot\spring-boot-actuator-autoconfigure\3.4.0\spring-boot-actuator-autoconfigure-3.4.0.jar;C:\Users\russe\.m2\repository\org\springframework\boot\spring-boot-actuator\3.4.0\spring-boot-actuator-3.4.0.jar;C:\Users\russe\.m2\repository\com\fasterxml\jackson\core\jackson-databind\2.18.1\jackson-databind-2.18.1.jar;C:\Users\russe\.m2\repository\com\fasterxml\jackson\core\jackson-annotations\2.18.1\jackson-annotations-2.18.1.jar;C:\Users\russe\.m2\repository\com\fasterxml\jackson\core\jackson-core\2.18.1\jackson-core-2.18.1.jar;C:\Users\russe\.m2\repository\com\fasterxml\jackson\datatype\jackson-datatype-jsr310\2.18.1\jackson-datatype-jsr310-2.18.1.jar;C:\Users\russe\.m2\repository\io\micrometer\micrometer-observation\1.14.1\micrometer-observation-1.14.1.jar;C:\Users\russe\.m2\repository\io\micrometer\mi
Launcher Type: SUN_STANDARD

[Global flags]
     intx CICompilerCount                          = 4                                         {product} {ergonomic}
     uint ConcGCThreads                            = 2                                         {product} {ergonomic}
     uint G1ConcRefinementThreads                  = 8                                         {product} {ergonomic}
   size_t G1HeapRegionSize                         = 1048576                                   {product} {ergonomic}
    uintx GCDrainStackTargetSize                   = 64                                        {product} {ergonomic}
   size_t InitialHeapSize                          = 65011712                                  {product} {ergonomic}
     bool ManagementServer                         = true                                      {product} {command line}
   size_t MarkStackSize                            = 4194304                                   {product} {ergonomic}
   size_t MaxHeapSize                              = 1027604480                                {product} {ergonomic}
   size_t MaxNewSize                               = 616562688                                 {product} {ergonomic}
   size_t MinHeapDeltaBytes                        = 1048576                                   {product} {ergonomic}
   size_t MinHeapSize                              = 8388608                                   {product} {ergonomic}
    uintx NonNMethodCodeHeapSize                   = 5839372                                {pd product} {ergonomic}
    uintx NonProfiledCodeHeapSize                  = 122909434                              {pd product} {ergonomic}
    uintx ProfiledCodeHeapSize                     = 122909434                              {pd product} {ergonomic}
    uintx ReservedCodeCacheSize                    = 251658240                              {pd product} {ergonomic}
     bool SegmentedCodeCache                       = true                                      {product} {ergonomic}
     bool ShowCodeDetailsInExceptionMessages       = true                                   {manageable} {command line}
   size_t SoftMaxHeapSize                          = 1027604480                             {manageable} {ergonomic}
     bool UseCompressedClassPointers               = true                           {product lp64_product} {ergonomic}
     bool UseCompressedOops                        = true                           {product lp64_product} {ergonomic}
     bool UseG1GC                                  = true                                      {product} {ergonomic}
     bool UseLargePagesIndividualAllocation        = false                                  {pd product} {ergonomic}

Logging:
Log output configuration:
 #0: stdout all=warning uptime,level,tags
 #1: stderr all=off uptime,level,tags

Environment Variables:
PATH=C:\Program Files\PowerShell\7;C:\Program Files\Eclipse Adoptium\jdk-21.0.5.11-hotspot\bin;C:\app\russe\product\21c\dbhomeXE\bin;C:\Python312\Scripts\;C:\Python312\;C:\Program Files\Common Files\Oracle\Java\javapath;C:\WINDOWS\system32;C:\WINDOWS;C:\WINDOWS\System32\Wbem;C:\WINDOWS\System32\WindowsPowerShell\v1.0\;C:\WINDOWS\System32\OpenSSH\;C:\Program Files (x86)\Intel\Intel(R) Management Engine Components\DAL;C:\Program Files\Intel\Intel(R) Management Engine Components\DAL;C:\Program Files\Azure Data Studio\bin;C:\Program Files (x86)\Microsoft SQL Server\160\Tools\Binn\;C:\Program Files\Microsoft SQL Server\160\Tools\Binn\;C:\Program Files\Microsoft SQL Server\Client SDK\ODBC\170\Tools\Binn\;C:\Program Files\Microsoft SQL Server\160\DTS\Binn\;C:\Program Files\dotnet\;C:\Program Files (x86)\Microsoft SQL Server\150\Tools\Binn\;C:\Program Files\Microsoft SQL Server\150\Tools\Binn\;C:\Program Files\Microsoft SQL Server\150\DTS\Binn\;C:\Program Files (x86)\Microsoft SQL Server\160\DTS\Binn\;C:\Program Files\PowerShell\7\;C:\ProgramData\chocolatey\bin;C:\Program Files\Git\cmd;C:\Users\russe\AppData\Local\Microsoft\WindowsApps;C:\Program Files\Azure Data Studio\bin;C:\Users\russe\.dotnet\tools;C:\Program Files\Java\Java3D\1.5.1\bin;C:\Users\russe\AppData\Local\Programs\Microsoft VS Code\bin
USERNAME=russe
LANG=en_US.UTF-8
OS=Windows_NT
PROCESSOR_IDENTIFIER=Intel64 Family 6 Model 142 Stepping 11, GenuineIntel
TMP=C:\Users\russe\AppData\Local\Temp
TEMP=C:\Users\russe\AppData\Local\Temp



Periodic native trim disabled


---------------  S Y S T E M  ---------------

OS:
 Windows 11 , 64 bit Build 22621 (10.0.22621.4391)
OS uptime: 1 days 4:12 hours
Hyper-V role detected

CPU: total 8 (initial active 8) (4 cores per cpu, 2 threads per core) family 6 model 142 stepping 11 microcode 0xde, cx8, cmov, fxsr, ht, mmx, 3dnowpref, sse, sse2, sse3, ssse3, sse4.1, sse4.2, popcnt, lzcnt, tsc, tscinvbit, avx, avx2, aes, erms, clmul, bmi1, bmi2, adx, fma, vzeroupper, clflush, clflushopt, hv
Processor Information for all 8 processors :
  Max Mhz: 1800, Current Mhz: 1600, Mhz Limit: 1584

Memory: 4k page, system-wide physical 3917M (233M free)
TotalPageFile size 11917M (AvailPageFile size 6M)
current process WorkingSet (physical memory assigned to process): 193M, peak: 195M
current process commit charge ("private bytes"): 225M, peak: 227M

vm_info: OpenJDK 64-Bit Server VM (17.0.13+11) for windows-amd64 JRE (17.0.13+11), built on Oct 16 2024 00:10:08 by "admin" with MS VC++ 17.7 (VS2022)

END.
