#
# There is insufficient memory for the Java Runtime Environment to continue.
# Native memory allocation (malloc) failed to allocate 32784 bytes. Error detail: Chunk::new
# Possible reasons:
#   The system is out of physical RAM or swap space
#   This process is running with CompressedOops enabled, and the Java Heap may be blocking the growth of the native heap
# Possible solutions:
#   Reduce memory load on the system
#   Increase physical memory or swap space
#   Check if swap backing store is full
#   Decrease Java heap size (-Xmx/-Xms)
#   Decrease number of Java threads
#   Decrease Java thread stack sizes (-Xss)
#   Set larger code cache with -XX:ReservedCodeCacheSize=
#   JVM is running with Unscaled Compressed Oops mode in which the Java heap is
#     placed in the first 4GB address space. The Java Heap base address is the
#     maximum limit for the native heap growth. Please use -XX:HeapBaseMinAddress
#     to set the Java Heap base and to place the Java Heap above 4GB virtual address.
# This output file may be truncated or incomplete.
#
#  Out of Memory Error (arena.cpp:191), pid=616, tid=8300
#
# JRE version: OpenJDK Runtime Environment Temurin-17.0.13+11 (17.0.13+11) (build 17.0.13+11)
# Java VM: OpenJDK 64-Bit Server VM Temurin-17.0.13+11 (17.0.13+11, mixed mode, tiered, compressed oops, compressed class ptrs, parallel gc, windows-amd64)
# No core dump will be written. Minidumps are not enabled by default on client versions of Windows
#

---------------  S U M M A R Y ------------

Command Line: --add-modules=ALL-SYSTEM --add-opens=java.base/java.util=ALL-UNNAMED --add-opens=java.base/java.lang=ALL-UNNAMED --add-opens=java.base/sun.nio.fs=ALL-UNNAMED -Declipse.application=org.eclipse.jdt.ls.core.id1 -Dosgi.bundles.defaultStartLevel=4 -Declipse.product=org.eclipse.jdt.ls.core.product -Djava.import.generatesMetadataFilesAtProjectRoot=false -DDetectVMInstallationsJob.disabled=true -Dfile.encoding=utf8 -XX:+UseParallelGC -XX:GCTimeRatio=4 -XX:AdaptiveSizePolicyWeight=90 -Dsun.zip.disableMemoryMapping=true -Xmx1G -Xms100m -Xlog:disable -javaagent:c:\Users\russe\.vscode\extensions\redhat.java-1.37.0-win32-x64\lombok\lombok-1.18.34.jar -XX:+HeapDumpOnOutOfMemoryError -XX:HeapDumpPath=c:\Users\russe\AppData\Roaming\Code\User\workspaceStorage\4fb0ec10d9468569eff1f30371c4b890\redhat.java -Daether.dependencyCollector.impl=bf c:\Users\russe\.vscode\extensions\redhat.java-1.37.0-win32-x64\server\plugins\org.eclipse.equinox.launcher_1.6.900.v20240613-2009.jar -configuration c:\Users\russe\AppData\Roaming\Code\User\globalStorage\redhat.java\1.37.0\config_win -data c:\Users\russe\AppData\Roaming\Code\User\workspaceStorage\4fb0ec10d9468569eff1f30371c4b890\redhat.java\jdt_ws --pipe=\\.\pipe\lsp-8948770162183c3ecb7ac6d51a8a89e1-sock

Host: Intel(R) Core(TM) i5-8265U CPU @ 1.60GHz, 8 cores, 3G,  Windows 11 , 64 bit Build 22621 (10.0.22621.4391)
Time: Mon Dec  2 16:35:57 2024 Hora est. Pacífico, Sudamérica elapsed time: 29.419018 seconds (0d 0h 0m 29s)

---------------  T H R E A D  ---------------

Current thread (0x0000022238e49450):  JavaThread "C2 CompilerThread0" daemon [_thread_in_native, id=8300, stack(0x0000007e62800000,0x0000007e62900000)]


Current CompileTask:
C2:  29419 10894   !   4       org.eclipse.jdt.internal.core.search.indexing.BinaryIndexer::indexDocument (1157 bytes)

Stack: [0x0000007e62800000,0x0000007e62900000]
Native frames: (J=compiled Java code, j=interpreted, Vv=VM code, C=native code)
V  [jvm.dll+0x682a19]
V  [jvm.dll+0x839538]
V  [jvm.dll+0x83afe3]
V  [jvm.dll+0x83b653]
V  [jvm.dll+0x24704f]
V  [jvm.dll+0xace34]
V  [jvm.dll+0xad4cc]
V  [jvm.dll+0xba43d]
V  [jvm.dll+0x57924c]
V  [jvm.dll+0x577490]
V  [jvm.dll+0x577e50]
V  [jvm.dll+0x5772ae]
V  [jvm.dll+0x5772c1]
V  [jvm.dll+0x5772c1]
V  [jvm.dll+0x5772c1]
V  [jvm.dll+0x5772c1]
V  [jvm.dll+0x5772c1]
V  [jvm.dll+0x5772c1]
V  [jvm.dll+0x5772c1]
V  [jvm.dll+0x5772c1]
V  [jvm.dll+0x5772c1]
V  [jvm.dll+0x5772c1]
V  [jvm.dll+0x5772c1]
V  [jvm.dll+0x5772c1]
V  [jvm.dll+0x5772c1]
V  [jvm.dll+0x5772c1]
V  [jvm.dll+0x5772c1]
V  [jvm.dll+0x5772c1]
V  [jvm.dll+0x5772c1]
V  [jvm.dll+0x5892bc]
V  [jvm.dll+0x220ea2]
V  [jvm.dll+0x219cd2]
V  [jvm.dll+0x21738b]
V  [jvm.dll+0x1a3070]
V  [jvm.dll+0x22788c]
V  [jvm.dll+0x2259eb]
V  [jvm.dll+0x7eec98]
V  [jvm.dll+0x7e8ffc]
V  [jvm.dll+0x6818f7]
C  [ucrtbase.dll+0x29333]
C  [KERNEL32.DLL+0x1259d]
C  [ntdll.dll+0x5af38]


---------------  P R O C E S S  ---------------

Threads class SMR info:
_java_thread_list=0x0000022240326af0, length=60, elements={
0x000002221fe616c0, 0x0000022238e136f0, 0x0000022238e15760, 0x0000022238e36c00,
0x0000022238e374d0, 0x0000022238e3e700, 0x0000022238e40930, 0x0000022238e49450,
0x0000022238e4a5b0, 0x0000022238e4b6c0, 0x0000022238e41d70, 0x0000022238e42790,
0x0000022238e42280, 0x0000022238e431b0, 0x0000022238e436c0, 0x0000022238e43bd0,
0x0000022238e440e0, 0x0000022238e40e40, 0x000002223aeee3e0, 0x000002223aeee8f0,
0x000002223aeed4b0, 0x000002223aeeee00, 0x000002223aeef310, 0x000002223aeeb140,
0x000002223aee9d00, 0x000002223aeea210, 0x000002223aee8dd0, 0x000002223aeea720,
0x000002223aeef820, 0x000002223aee83b0, 0x000002223aee92e0, 0x000002223aee88c0,
0x000002223aee97f0, 0x000002223aeeac30, 0x000002223aeeb650, 0x000002223aeebb60,
0x000002223aeec070, 0x000002223aeec580, 0x000002223aeeca90, 0x000002223aeecfa0,
0x000002223c935650, 0x000002223c936a90, 0x000002223c9388f0, 0x000002223c935140,
0x000002223c9374b0, 0x000002223c935b60, 0x000002223c936070, 0x000002223c936fa0,
0x000002223aeed9c0, 0x000002223aee7ea0, 0x0000022238e41350, 0x0000022240125950,
0x0000022240126880, 0x0000022240126370, 0x0000022240126d90, 0x00000222401272a0,
0x0000022240129100, 0x000002224012a540, 0x00000222401277b0, 0x000002224012aa50
}

Java Threads: ( => current thread )
  0x000002221fe616c0 JavaThread "main" [_thread_blocked, id=10292, stack(0x0000007e61f00000,0x0000007e62000000)]
  0x0000022238e136f0 JavaThread "Reference Handler" daemon [_thread_blocked, id=1264, stack(0x0000007e62200000,0x0000007e62300000)]
  0x0000022238e15760 JavaThread "Finalizer" daemon [_thread_blocked, id=10760, stack(0x0000007e62300000,0x0000007e62400000)]
  0x0000022238e36c00 JavaThread "Signal Dispatcher" daemon [_thread_blocked, id=17740, stack(0x0000007e62400000,0x0000007e62500000)]
  0x0000022238e374d0 JavaThread "Attach Listener" daemon [_thread_blocked, id=18248, stack(0x0000007e62500000,0x0000007e62600000)]
  0x0000022238e3e700 JavaThread "Service Thread" daemon [_thread_blocked, id=15056, stack(0x0000007e62600000,0x0000007e62700000)]
  0x0000022238e40930 JavaThread "Monitor Deflation Thread" daemon [_thread_blocked, id=7788, stack(0x0000007e62700000,0x0000007e62800000)]
=>0x0000022238e49450 JavaThread "C2 CompilerThread0" daemon [_thread_in_native, id=8300, stack(0x0000007e62800000,0x0000007e62900000)]
  0x0000022238e4a5b0 JavaThread "C1 CompilerThread0" daemon [_thread_in_vm, id=16544, stack(0x0000007e62900000,0x0000007e62a00000)]
  0x0000022238e4b6c0 JavaThread "Sweeper thread" daemon [_thread_blocked, id=14668, stack(0x0000007e62a00000,0x0000007e62b00000)]
  0x0000022238e41d70 JavaThread "Common-Cleaner" daemon [_thread_blocked, id=13260, stack(0x0000007e62b00000,0x0000007e62c00000)]
  0x0000022238e42790 JavaThread "Notification Thread" daemon [_thread_blocked, id=3236, stack(0x0000007e62d00000,0x0000007e62e00000)]
  0x0000022238e42280 JavaThread "Active Thread: Equinox Container: c5bcab4c-4d24-43e1-a6f8-b279e4ff08c7" [_thread_blocked, id=5380, stack(0x0000007e63500000,0x0000007e63600000)]
  0x0000022238e431b0 JavaThread "Refresh Thread: Equinox Container: c5bcab4c-4d24-43e1-a6f8-b279e4ff08c7" daemon [_thread_blocked, id=15052, stack(0x0000007e63600000,0x0000007e63700000)]
  0x0000022238e436c0 JavaThread "Framework Event Dispatcher: Equinox Container: c5bcab4c-4d24-43e1-a6f8-b279e4ff08c7" daemon [_thread_blocked, id=11788, stack(0x0000007e63700000,0x0000007e63800000)]
  0x0000022238e43bd0 JavaThread "Start Level: Equinox Container: c5bcab4c-4d24-43e1-a6f8-b279e4ff08c7" daemon [_thread_blocked, id=7440, stack(0x0000007e63800000,0x0000007e63900000)]
  0x0000022238e440e0 JavaThread "Bundle File Closer" daemon [_thread_blocked, id=16236, stack(0x0000007e63a00000,0x0000007e63b00000)]
  0x0000022238e40e40 JavaThread "SCR Component Actor" daemon [_thread_blocked, id=14200, stack(0x0000007e63b00000,0x0000007e63c00000)]
  0x000002223aeee3e0 JavaThread "Worker-JM" [_thread_blocked, id=16480, stack(0x0000007e62c00000,0x0000007e62d00000)]
  0x000002223aeee8f0 JavaThread "JNA Cleaner" daemon [_thread_blocked, id=2532, stack(0x0000007e63d00000,0x0000007e63e00000)]
  0x000002223aeed4b0 JavaThread "Worker-0" [_thread_blocked, id=16400, stack(0x0000007e63e00000,0x0000007e63f00000)]
  0x000002223aeeee00 JavaThread "Worker-1" [_thread_blocked, id=11332, stack(0x0000007e63f00000,0x0000007e64000000)]
  0x000002223aeef310 JavaThread "Worker-2: Check JDK Index" [_thread_blocked, id=12048, stack(0x0000007e64000000,0x0000007e64100000)]
  0x000002223aeeb140 JavaThread "Java indexing" daemon [_thread_in_native, id=8904, stack(0x0000007e64100000,0x0000007e64200000)]
  0x000002223aee9d00 JavaThread "Worker-3: Java indexing... " [_thread_blocked, id=15112, stack(0x0000007e64200000,0x0000007e64300000)]
  0x000002223aeea210 JavaThread "Worker-4" [_thread_blocked, id=15808, stack(0x0000007e64300000,0x0000007e64400000)]
  0x000002223aee8dd0 JavaThread "Thread-2" daemon [_thread_in_native, id=9748, stack(0x0000007e64600000,0x0000007e64700000)]
  0x000002223aeea720 JavaThread "Thread-3" daemon [_thread_in_native, id=3948, stack(0x0000007e64700000,0x0000007e64800000)]
  0x000002223aeef820 JavaThread "Thread-4" daemon [_thread_in_native, id=18296, stack(0x0000007e64800000,0x0000007e64900000)]
  0x000002223aee83b0 JavaThread "Thread-5" daemon [_thread_in_native, id=11568, stack(0x0000007e64900000,0x0000007e64a00000)]
  0x000002223aee92e0 JavaThread "Thread-6" daemon [_thread_in_native, id=3096, stack(0x0000007e64a00000,0x0000007e64b00000)]
  0x000002223aee88c0 JavaThread "Thread-7" daemon [_thread_in_native, id=15700, stack(0x0000007e64b00000,0x0000007e64c00000)]
  0x000002223aee97f0 JavaThread "Thread-8" daemon [_thread_in_native, id=18192, stack(0x0000007e64c00000,0x0000007e64d00000)]
  0x000002223aeeac30 JavaThread "Thread-9" daemon [_thread_in_native, id=9728, stack(0x0000007e64d00000,0x0000007e64e00000)]
  0x000002223aeeb650 JavaThread "Thread-10" daemon [_thread_in_native, id=14828, stack(0x0000007e64e00000,0x0000007e64f00000)]
  0x000002223aeebb60 JavaThread "pool-2-thread-1" [_thread_blocked, id=15240, stack(0x0000007e64f00000,0x0000007e65000000)]
  0x000002223aeec070 JavaThread "WorkspaceEventsHandler" [_thread_blocked, id=12312, stack(0x0000007e65000000,0x0000007e65100000)]
  0x000002223aeec580 JavaThread "pool-1-thread-1" [_thread_blocked, id=13888, stack(0x0000007e65100000,0x0000007e65200000)]
  0x000002223aeeca90 JavaThread "Worker-5: Building" [_thread_in_native, id=3420, stack(0x0000007e65200000,0x0000007e65300000)]
  0x000002223aeecfa0 JavaThread "Worker-6" [_thread_blocked, id=15276, stack(0x0000007e65300000,0x0000007e65400000)]
  0x000002223c935650 JavaThread "Worker-7" [_thread_blocked, id=13748, stack(0x0000007e65400000,0x0000007e65500000)]
  0x000002223c936a90 JavaThread "LocalFile Deleter" daemon [_thread_blocked, id=16964, stack(0x0000007e65500000,0x0000007e65600000)]
  0x000002223c9388f0 JavaThread "LocalFile Deleter" daemon [_thread_blocked, id=11932, stack(0x0000007e65600000,0x0000007e65700000)]
  0x000002223c935140 JavaThread "LocalFile Deleter" daemon [_thread_blocked, id=5268, stack(0x0000007e65700000,0x0000007e65800000)]
  0x000002223c9374b0 JavaThread "LocalFile Deleter" daemon [_thread_blocked, id=14464, stack(0x0000007e65800000,0x0000007e65900000)]
  0x000002223c935b60 JavaThread "LocalFile Deleter" daemon [_thread_blocked, id=13160, stack(0x0000007e65900000,0x0000007e65a00000)]
  0x000002223c936070 JavaThread "LocalFile Deleter" daemon [_thread_blocked, id=8672, stack(0x0000007e65a00000,0x0000007e65b00000)]
  0x000002223c936fa0 JavaThread "LocalFile Deleter" daemon [_thread_blocked, id=13392, stack(0x0000007e65b00000,0x0000007e65c00000)]
  0x000002223aeed9c0 JavaThread "Compiler Source File Reader" daemon [_thread_blocked, id=18256, stack(0x0000007e65c00000,0x0000007e65d00000)]
  0x000002223aee7ea0 JavaThread "Compiler Source File Reader" daemon [_thread_blocked, id=1244, stack(0x0000007e65d00000,0x0000007e65e00000)]
  0x0000022238e41350 JavaThread "Compiler Source File Reader" daemon [_thread_blocked, id=7096, stack(0x0000007e65e00000,0x0000007e65f00000)]
  0x0000022240125950 JavaThread "Compiler Processing Task" daemon [_thread_blocked, id=4980, stack(0x0000007e63c00000,0x0000007e63d00000)]
  0x0000022240126880 JavaThread "Compiler Class File Writer" daemon [_thread_blocked, id=13508, stack(0x0000007e65f00000,0x0000007e66000000)]
  0x0000022240126370 JavaThread "Compiler Class File Writer" daemon [_thread_blocked, id=10184, stack(0x0000007e66000000,0x0000007e66100000)]
  0x0000022240126d90 JavaThread "Compiler Class File Writer" daemon [_thread_blocked, id=8284, stack(0x0000007e66100000,0x0000007e66200000)]
  0x00000222401272a0 JavaThread "LocalFile Deleter" daemon [_thread_blocked, id=4524, stack(0x0000007e66200000,0x0000007e66300000)]
  0x0000022240129100 JavaThread "Compiler Source File Reader" daemon [_thread_blocked, id=9552, stack(0x0000007e66300000,0x0000007e66400000)]
  0x000002224012a540 JavaThread "Compiler Class File Writer" daemon [_thread_blocked, id=15400, stack(0x0000007e66400000,0x0000007e66500000)]
  0x00000222401277b0 JavaThread "ForkJoinPool.commonPool-worker-1" daemon [_thread_blocked, id=13884, stack(0x0000007e66500000,0x0000007e66600000)]
  0x000002224012aa50 JavaThread "ForkJoinPool.commonPool-worker-2" daemon [_thread_blocked, id=17952, stack(0x0000007e66600000,0x0000007e66700000)]

Other Threads:
  0x000002221ff0e7a0 VMThread "VM Thread" [stack: 0x0000007e62100000,0x0000007e62200000] [id=6424]
  0x000002223a077780 WatcherThread [stack: 0x0000007e62e00000,0x0000007e62f00000] [id=11632]
  0x000002221fe75280 GCTaskThread "GC Thread#0" [stack: 0x0000007e62000000,0x0000007e62100000] [id=17916]
  0x000002223a661cc0 GCTaskThread "GC Thread#1" [stack: 0x0000007e62f00000,0x0000007e63000000] [id=952]
  0x000002223a757ad0 GCTaskThread "GC Thread#2" [stack: 0x0000007e63000000,0x0000007e63100000] [id=12000]
  0x00000222391a1990 GCTaskThread "GC Thread#3" [stack: 0x0000007e63100000,0x0000007e63200000] [id=16016]
  0x000002223a23bcb0 GCTaskThread "GC Thread#4" [stack: 0x0000007e63200000,0x0000007e63300000] [id=12512]
  0x000002223aa31820 GCTaskThread "GC Thread#5" [stack: 0x0000007e63300000,0x0000007e63400000] [id=13128]
  0x000002223aa31ae0 GCTaskThread "GC Thread#6" [stack: 0x0000007e63400000,0x0000007e63500000] [id=18408]
  0x000002223a7b0fe0 GCTaskThread "GC Thread#7" [stack: 0x0000007e63900000,0x0000007e63a00000] [id=10472]

Threads with active compile tasks:
C2 CompilerThread0    29506 10894   !   4       org.eclipse.jdt.internal.core.search.indexing.BinaryIndexer::indexDocument (1157 bytes)

VM state: not at safepoint (normal execution)

VM Mutex/Monitor currently owned by a thread: None

Heap address: 0x00000000c0000000, size: 1024 MB, Compressed Oops mode: 32-bit

CDS archive(s) not mapped
Compressed class space mapped at: 0x0000000100000000-0x0000000140000000, reserved size: 1073741824
Narrow klass base: 0x0000000000000000, Narrow klass shift: 3, Narrow klass range: 0x140000000

GC Precious Log:
 CPUs: 8 total, 8 available
 Memory: 3917M
 Large Page Support: Disabled
 NUMA Support: Disabled
 Compressed Oops: Enabled (32-bit)
 Alignments: Space 512K, Generation 512K, Heap 2M
 Heap Min Capacity: 100M
 Heap Initial Capacity: 100M
 Heap Max Capacity: 1G
 Pre-touch: Disabled
 Parallel Workers: 8

Heap:
 PSYoungGen      total 65024K, used 28810K [0x00000000eab00000, 0x00000000f1000000, 0x0000000100000000)
  eden space 37376K, 4% used [0x00000000eab00000,0x00000000eac88140,0x00000000ecf80000)
  from space 27648K, 98% used [0x00000000ecf80000,0x00000000eea1a6f0,0x00000000eea80000)
  to   space 31744K, 0% used [0x00000000ef100000,0x00000000ef100000,0x00000000f1000000)
 ParOldGen       total 331264K, used 231364K [0x00000000c0000000, 0x00000000d4380000, 0x00000000eab00000)
  object space 331264K, 69% used [0x00000000c0000000,0x00000000ce1f1090,0x00000000d4380000)
 Metaspace       used 69164K, committed 70592K, reserved 1114112K
  class space    used 7331K, committed 8000K, reserved 1048576K

Card table byte_map: [0x000002221f7f0000,0x000002221fa00000] _byte_map_base: 0x000002221f1f0000

Marking Bits: (ParMarkBitMap*) 0x00007fff88bc6940
 Begin Bits: [0x0000022231af0000, 0x0000022232af0000)
 End Bits:   [0x0000022232af0000, 0x0000022233af0000)

Polling page: 0x000002221ddb0000

Metaspace:

Usage:
  Non-class:     60.38 MB used.
      Class:      7.16 MB used.
       Both:     67.54 MB used.

Virtual space:
  Non-class space:       64.00 MB reserved,      61.12 MB ( 96%) committed,  1 nodes.
      Class space:        1.00 GB reserved,       7.81 MB ( <1%) committed,  1 nodes.
             Both:        1.06 GB reserved,      68.94 MB (  6%) committed. 

Chunk freelists:
   Non-Class:  2.16 MB
       Class:  8.17 MB
        Both:  10.32 MB

MaxMetaspaceSize: unlimited
CompressedClassSpaceSize: 1.00 GB
Initial GC threshold: 21.00 MB
Current GC threshold: 114.19 MB
CDS: off
MetaspaceReclaimPolicy: balanced
 - commit_granule_bytes: 65536.
 - commit_granule_words: 8192.
 - virtual_space_node_default_size: 8388608.
 - enlarge_chunks_in_place: 1.
 - new_chunks_are_fully_committed: 0.
 - uncommit_free_chunks: 1.
 - use_allocation_guard: 0.
 - handle_deallocations: 1.


Internal statistics:

num_allocs_failed_limit: 17.
num_arena_births: 928.
num_arena_deaths: 26.
num_vsnodes_births: 2.
num_vsnodes_deaths: 0.
num_space_committed: 1103.
num_space_uncommitted: 0.
num_chunks_returned_to_freelist: 49.
num_chunks_taken_from_freelist: 4025.
num_chunk_merges: 29.
num_chunk_splits: 2373.
num_chunks_enlarged: 1191.
num_inconsistent_stats: 0.

CodeHeap 'non-profiled nmethods': size=120000Kb used=3834Kb max_used=3834Kb free=116165Kb
 bounds [0x000002222a5c0000, 0x000002222a990000, 0x0000022231af0000]
CodeHeap 'profiled nmethods': size=120000Kb used=17367Kb max_used=19140Kb free=102632Kb
 bounds [0x0000022222af0000, 0x0000022223db0000, 0x000002222a020000]
CodeHeap 'non-nmethods': size=5760Kb used=1359Kb max_used=1442Kb free=4400Kb
 bounds [0x000002222a020000, 0x000002222a290000, 0x000002222a5c0000]
 total_blobs=9722 nmethods=9011 adapters=622
 compilation: enabled
              stopped_count=0, restarted_count=0
 full_count=0

Compilation events (20 events):
Event: 29.331 Thread 0x0000022238e4a5b0 11004       2       org.eclipse.jdt.apt.core.internal.VarJarFactoryContainer::<init> (42 bytes)
Event: 29.331 Thread 0x0000022238e4a5b0 nmethod 11004 0x0000022223408690 code [0x0000022223408860, 0x0000022223408b58]
Event: 29.331 Thread 0x0000022238e4a5b0 11005       2       org.eclipse.jdt.apt.core.internal.JarFactoryContainer::<init> (5 bytes)
Event: 29.331 Thread 0x0000022238e4a5b0 nmethod 11005 0x000002222352f710 code [0x000002222352f8a0, 0x000002222352f998]
Event: 29.332 Thread 0x0000022238e4a5b0 11006       2       org.eclipse.jdt.apt.core.internal.util.FactoryContainer::<init> (5 bytes)
Event: 29.332 Thread 0x0000022238e4a5b0 nmethod 11006 0x0000022222df9010 code [0x0000022222df91a0, 0x0000022222df9298]
Event: 29.337 Thread 0x0000022238e4a5b0 11008       3       org.eclipse.jdt.internal.compiler.classfmt.MethodInfo::createMethod (710 bytes)
Event: 29.340 Thread 0x0000022238e4a5b0 nmethod 11008 0x0000022223364210 code [0x00000222233646e0, 0x0000022223367558]
Event: 29.353 Thread 0x0000022238e4a5b0 11009       2       org.eclipse.sisu.inject.MildKeys$Weak::<init> (15 bytes)
Event: 29.354 Thread 0x0000022238e4a5b0 nmethod 11009 0x00000222235cdc10 code [0x00000222235cdda0, 0x00000222235cdf28]
Event: 29.392 Thread 0x0000022238e4a5b0 11013       2       org.eclipse.sisu.inject.RankedSequence$Itr::hasNext (119 bytes)
Event: 29.393 Thread 0x0000022238e4a5b0 nmethod 11013 0x0000022222ecd310 code [0x0000022222ecd4c0, 0x0000022222ecd768]
Event: 29.393 Thread 0x0000022238e4a5b0 11014       2       org.eclipse.sisu.inject.InjectorBindings::subscribe (46 bytes)
Event: 29.394 Thread 0x0000022238e4a5b0 nmethod 11014 0x00000222234ebe10 code [0x00000222234ebfe0, 0x00000222234ec1d8]
Event: 29.394 Thread 0x0000022238e4a5b0 11015       2       org.eclipse.sisu.inject.RankedSequence::removeThis (44 bytes)
Event: 29.395 Thread 0x0000022238e4a5b0 nmethod 11015 0x00000222237c3b10 code [0x00000222237c3ce0, 0x00000222237c3f98]
Event: 29.409 Thread 0x0000022238e4a5b0 11017       2       org.codehaus.plexus.util.SelectorUtils::equals (37 bytes)
Event: 29.410 Thread 0x0000022238e4a5b0 nmethod 11017 0x000002222349ba90 code [0x000002222349bca0, 0x000002222349bf78]
Event: 29.411 Thread 0x0000022238e4a5b0 11018       2       org.codehaus.plexus.util.MatchPattern::tokenizePathToString (53 bytes)
Event: 29.412 Thread 0x0000022238e4a5b0 nmethod 11018 0x00000222232c2190 code [0x00000222232c2380, 0x00000222232c2868]

GC Heap History (20 events):
Event: 26.424 GC heap before
{Heap before GC invocations=155 (full 6):
 PSYoungGen      total 50688K, used 50665K [0x00000000eab00000, 0x00000000ef580000, 0x0000000100000000)
  eden space 27648K, 100% used [0x00000000eab00000,0x00000000ec600000,0x00000000ec600000)
  from space 23040K, 99% used [0x00000000edd80000,0x00000000ef3fa5a0,0x00000000ef400000)
  to   space 24064K, 0% used [0x00000000ec600000,0x00000000ec600000,0x00000000edd80000)
 ParOldGen       total 331264K, used 205635K [0x00000000c0000000, 0x00000000d4380000, 0x00000000eab00000)
  object space 331264K, 62% used [0x00000000c0000000,0x00000000cc8d0fb0,0x00000000d4380000)
 Metaspace       used 68817K, committed 70144K, reserved 1114112K
  class space    used 7294K, committed 7936K, reserved 1048576K
}
Event: 26.442 GC heap after
{Heap after GC invocations=155 (full 6):
 PSYoungGen      total 51712K, used 24055K [0x00000000eab00000, 0x00000000eff80000, 0x0000000100000000)
  eden space 27648K, 0% used [0x00000000eab00000,0x00000000eab00000,0x00000000ec600000)
  from space 24064K, 99% used [0x00000000ec600000,0x00000000edd7dc68,0x00000000edd80000)
  to   space 28672K, 0% used [0x00000000ee380000,0x00000000ee380000,0x00000000eff80000)
 ParOldGen       total 331264K, used 208862K [0x00000000c0000000, 0x00000000d4380000, 0x00000000eab00000)
  object space 331264K, 63% used [0x00000000c0000000,0x00000000ccbf7b60,0x00000000d4380000)
 Metaspace       used 68817K, committed 70144K, reserved 1114112K
  class space    used 7294K, committed 7936K, reserved 1048576K
}
Event: 26.576 GC heap before
{Heap before GC invocations=156 (full 6):
 PSYoungGen      total 51712K, used 51703K [0x00000000eab00000, 0x00000000eff80000, 0x0000000100000000)
  eden space 27648K, 100% used [0x00000000eab00000,0x00000000ec600000,0x00000000ec600000)
  from space 24064K, 99% used [0x00000000ec600000,0x00000000edd7dc68,0x00000000edd80000)
  to   space 28672K, 0% used [0x00000000ee380000,0x00000000ee380000,0x00000000eff80000)
 ParOldGen       total 331264K, used 208862K [0x00000000c0000000, 0x00000000d4380000, 0x00000000eab00000)
  object space 331264K, 63% used [0x00000000c0000000,0x00000000ccbf7b60,0x00000000d4380000)
 Metaspace       used 68817K, committed 70144K, reserved 1114112K
  class space    used 7294K, committed 7936K, reserved 1048576K
}
Event: 26.595 GC heap after
{Heap after GC invocations=156 (full 6):
 PSYoungGen      total 57856K, used 27544K [0x00000000eab00000, 0x00000000eff00000, 0x0000000100000000)
  eden space 29696K, 0% used [0x00000000eab00000,0x00000000eab00000,0x00000000ec800000)
  from space 28160K, 97% used [0x00000000ee380000,0x00000000efe66268,0x00000000eff00000)
  to   space 28160K, 0% used [0x00000000ec800000,0x00000000ec800000,0x00000000ee380000)
 ParOldGen       total 331264K, used 209785K [0x00000000c0000000, 0x00000000d4380000, 0x00000000eab00000)
  object space 331264K, 63% used [0x00000000c0000000,0x00000000cccde748,0x00000000d4380000)
 Metaspace       used 68817K, committed 70144K, reserved 1114112K
  class space    used 7294K, committed 7936K, reserved 1048576K
}
Event: 26.686 GC heap before
{Heap before GC invocations=157 (full 6):
 PSYoungGen      total 57856K, used 57240K [0x00000000eab00000, 0x00000000eff00000, 0x0000000100000000)
  eden space 29696K, 100% used [0x00000000eab00000,0x00000000ec800000,0x00000000ec800000)
  from space 28160K, 97% used [0x00000000ee380000,0x00000000efe66268,0x00000000eff00000)
  to   space 28160K, 0% used [0x00000000ec800000,0x00000000ec800000,0x00000000ee380000)
 ParOldGen       total 331264K, used 209785K [0x00000000c0000000, 0x00000000d4380000, 0x00000000eab00000)
  object space 331264K, 63% used [0x00000000c0000000,0x00000000cccde748,0x00000000d4380000)
 Metaspace       used 68817K, committed 70144K, reserved 1114112K
  class space    used 7294K, committed 7936K, reserved 1048576K
}
Event: 26.707 GC heap after
{Heap after GC invocations=157 (full 6):
 PSYoungGen      total 57856K, used 28140K [0x00000000eab00000, 0x00000000f0a80000, 0x0000000100000000)
  eden space 29696K, 0% used [0x00000000eab00000,0x00000000eab00000,0x00000000ec800000)
  from space 28160K, 99% used [0x00000000ec800000,0x00000000ee37b2c0,0x00000000ee380000)
  to   space 32768K, 0% used [0x00000000eea80000,0x00000000eea80000,0x00000000f0a80000)
 ParOldGen       total 331264K, used 213601K [0x00000000c0000000, 0x00000000d4380000, 0x00000000eab00000)
  object space 331264K, 64% used [0x00000000c0000000,0x00000000cd0985a8,0x00000000d4380000)
 Metaspace       used 68817K, committed 70144K, reserved 1114112K
  class space    used 7294K, committed 7936K, reserved 1048576K
}
Event: 26.783 GC heap before
{Heap before GC invocations=158 (full 6):
 PSYoungGen      total 57856K, used 57836K [0x00000000eab00000, 0x00000000f0a80000, 0x0000000100000000)
  eden space 29696K, 100% used [0x00000000eab00000,0x00000000ec800000,0x00000000ec800000)
  from space 28160K, 99% used [0x00000000ec800000,0x00000000ee37b2c0,0x00000000ee380000)
  to   space 32768K, 0% used [0x00000000eea80000,0x00000000eea80000,0x00000000f0a80000)
 ParOldGen       total 331264K, used 213601K [0x00000000c0000000, 0x00000000d4380000, 0x00000000eab00000)
  object space 331264K, 64% used [0x00000000c0000000,0x00000000cd0985a8,0x00000000d4380000)
 Metaspace       used 68817K, committed 70144K, reserved 1114112K
  class space    used 7294K, committed 7936K, reserved 1048576K
}
Event: 26.800 GC heap after
{Heap after GC invocations=158 (full 6):
 PSYoungGen      total 64000K, used 31318K [0x00000000eab00000, 0x00000000f0980000, 0x0000000100000000)
  eden space 32256K, 0% used [0x00000000eab00000,0x00000000eab00000,0x00000000eca80000)
  from space 31744K, 98% used [0x00000000eea80000,0x00000000f0915848,0x00000000f0980000)
  to   space 31744K, 0% used [0x00000000ecb80000,0x00000000ecb80000,0x00000000eea80000)
 ParOldGen       total 331264K, used 215001K [0x00000000c0000000, 0x00000000d4380000, 0x00000000eab00000)
  object space 331264K, 64% used [0x00000000c0000000,0x00000000cd1f6480,0x00000000d4380000)
 Metaspace       used 68817K, committed 70144K, reserved 1114112K
  class space    used 7294K, committed 7936K, reserved 1048576K
}
Event: 26.867 GC heap before
{Heap before GC invocations=159 (full 6):
 PSYoungGen      total 64000K, used 63574K [0x00000000eab00000, 0x00000000f0980000, 0x0000000100000000)
  eden space 32256K, 100% used [0x00000000eab00000,0x00000000eca80000,0x00000000eca80000)
  from space 31744K, 98% used [0x00000000eea80000,0x00000000f0915848,0x00000000f0980000)
  to   space 31744K, 0% used [0x00000000ecb80000,0x00000000ecb80000,0x00000000eea80000)
 ParOldGen       total 331264K, used 215001K [0x00000000c0000000, 0x00000000d4380000, 0x00000000eab00000)
  object space 331264K, 64% used [0x00000000c0000000,0x00000000cd1f6480,0x00000000d4380000)
 Metaspace       used 68817K, committed 70144K, reserved 1114112K
  class space    used 7294K, committed 7936K, reserved 1048576K
}
Event: 26.888 GC heap after
{Heap after GC invocations=159 (full 6):
 PSYoungGen      total 65024K, used 31732K [0x00000000eab00000, 0x00000000f1680000, 0x0000000100000000)
  eden space 33280K, 0% used [0x00000000eab00000,0x00000000eab00000,0x00000000ecb80000)
  from space 31744K, 99% used [0x00000000ecb80000,0x00000000eea7d2e0,0x00000000eea80000)
  to   space 37376K, 0% used [0x00000000ef200000,0x00000000ef200000,0x00000000f1680000)
 ParOldGen       total 331264K, used 219568K [0x00000000c0000000, 0x00000000d4380000, 0x00000000eab00000)
  object space 331264K, 66% used [0x00000000c0000000,0x00000000cd66c3d8,0x00000000d4380000)
 Metaspace       used 68817K, committed 70144K, reserved 1114112K
  class space    used 7294K, committed 7936K, reserved 1048576K
}
Event: 27.003 GC heap before
{Heap before GC invocations=160 (full 6):
 PSYoungGen      total 65024K, used 65012K [0x00000000eab00000, 0x00000000f1680000, 0x0000000100000000)
  eden space 33280K, 100% used [0x00000000eab00000,0x00000000ecb80000,0x00000000ecb80000)
  from space 31744K, 99% used [0x00000000ecb80000,0x00000000eea7d2e0,0x00000000eea80000)
  to   space 37376K, 0% used [0x00000000ef200000,0x00000000ef200000,0x00000000f1680000)
 ParOldGen       total 331264K, used 219568K [0x00000000c0000000, 0x00000000d4380000, 0x00000000eab00000)
  object space 331264K, 66% used [0x00000000c0000000,0x00000000cd66c3d8,0x00000000d4380000)
 Metaspace       used 68817K, committed 70144K, reserved 1114112K
  class space    used 7294K, committed 7936K, reserved 1048576K
}
Event: 27.020 GC heap after
{Heap after GC invocations=160 (full 6):
 PSYoungGen      total 71680K, used 35004K [0x00000000eab00000, 0x00000000f1480000, 0x0000000100000000)
  eden space 36352K, 0% used [0x00000000eab00000,0x00000000eab00000,0x00000000ece80000)
  from space 35328K, 99% used [0x00000000ef200000,0x00000000f142f100,0x00000000f1480000)
  to   space 35840K, 0% used [0x00000000ece80000,0x00000000ece80000,0x00000000ef180000)
 ParOldGen       total 331264K, used 221992K [0x00000000c0000000, 0x00000000d4380000, 0x00000000eab00000)
  object space 331264K, 67% used [0x00000000c0000000,0x00000000cd8ca2d8,0x00000000d4380000)
 Metaspace       used 68817K, committed 70144K, reserved 1114112K
  class space    used 7294K, committed 7936K, reserved 1048576K
}
Event: 27.594 GC heap before
{Heap before GC invocations=161 (full 6):
 PSYoungGen      total 71680K, used 71356K [0x00000000eab00000, 0x00000000f1480000, 0x0000000100000000)
  eden space 36352K, 100% used [0x00000000eab00000,0x00000000ece80000,0x00000000ece80000)
  from space 35328K, 99% used [0x00000000ef200000,0x00000000f142f100,0x00000000f1480000)
  to   space 35840K, 0% used [0x00000000ece80000,0x00000000ece80000,0x00000000ef180000)
 ParOldGen       total 331264K, used 221992K [0x00000000c0000000, 0x00000000d4380000, 0x00000000eab00000)
  object space 331264K, 67% used [0x00000000c0000000,0x00000000cd8ca2d8,0x00000000d4380000)
 Metaspace       used 68857K, committed 70208K, reserved 1114112K
  class space    used 7297K, committed 7936K, reserved 1048576K
}
Event: 27.612 GC heap after
{Heap after GC invocations=161 (full 6):
 PSYoungGen      total 72192K, used 35815K [0x00000000eab00000, 0x00000000f1980000, 0x0000000100000000)
  eden space 36352K, 0% used [0x00000000eab00000,0x00000000eab00000,0x00000000ece80000)
  from space 35840K, 99% used [0x00000000ece80000,0x00000000ef179eb0,0x00000000ef180000)
  to   space 36864K, 0% used [0x00000000ef580000,0x00000000ef580000,0x00000000f1980000)
 ParOldGen       total 331264K, used 222492K [0x00000000c0000000, 0x00000000d4380000, 0x00000000eab00000)
  object space 331264K, 67% used [0x00000000c0000000,0x00000000cd947028,0x00000000d4380000)
 Metaspace       used 68857K, committed 70208K, reserved 1114112K
  class space    used 7297K, committed 7936K, reserved 1048576K
}
Event: 28.019 GC heap before
{Heap before GC invocations=162 (full 6):
 PSYoungGen      total 72192K, used 72167K [0x00000000eab00000, 0x00000000f1980000, 0x0000000100000000)
  eden space 36352K, 100% used [0x00000000eab00000,0x00000000ece80000,0x00000000ece80000)
  from space 35840K, 99% used [0x00000000ece80000,0x00000000ef179eb0,0x00000000ef180000)
  to   space 36864K, 0% used [0x00000000ef580000,0x00000000ef580000,0x00000000f1980000)
 ParOldGen       total 331264K, used 222492K [0x00000000c0000000, 0x00000000d4380000, 0x00000000eab00000)
  object space 331264K, 67% used [0x00000000c0000000,0x00000000cd947028,0x00000000d4380000)
 Metaspace       used 68861K, committed 70208K, reserved 1114112K
  class space    used 7297K, committed 7936K, reserved 1048576K
}
Event: 28.046 GC heap after
{Heap after GC invocations=162 (full 6):
 PSYoungGen      total 75264K, used 35330K [0x00000000eab00000, 0x00000000f1880000, 0x0000000100000000)
  eden space 39424K, 0% used [0x00000000eab00000,0x00000000eab00000,0x00000000ed180000)
  from space 35840K, 98% used [0x00000000ef580000,0x00000000f1800b88,0x00000000f1880000)
  to   space 35840K, 0% used [0x00000000ed280000,0x00000000ed280000,0x00000000ef580000)
 ParOldGen       total 331264K, used 225043K [0x00000000c0000000, 0x00000000d4380000, 0x00000000eab00000)
  object space 331264K, 67% used [0x00000000c0000000,0x00000000cdbc4d20,0x00000000d4380000)
 Metaspace       used 68861K, committed 70208K, reserved 1114112K
  class space    used 7297K, committed 7936K, reserved 1048576K
}
Event: 28.544 GC heap before
{Heap before GC invocations=163 (full 6):
 PSYoungGen      total 75264K, used 74754K [0x00000000eab00000, 0x00000000f1880000, 0x0000000100000000)
  eden space 39424K, 100% used [0x00000000eab00000,0x00000000ed180000,0x00000000ed180000)
  from space 35840K, 98% used [0x00000000ef580000,0x00000000f1800b88,0x00000000f1880000)
  to   space 35840K, 0% used [0x00000000ed280000,0x00000000ed280000,0x00000000ef580000)
 ParOldGen       total 331264K, used 225043K [0x00000000c0000000, 0x00000000d4380000, 0x00000000eab00000)
  object space 331264K, 67% used [0x00000000c0000000,0x00000000cdbc4d20,0x00000000d4380000)
 Metaspace       used 68871K, committed 70208K, reserved 1114112K
  class space    used 7297K, committed 7936K, reserved 1048576K
}
Event: 28.563 GC heap after
{Heap after GC invocations=163 (full 6):
 PSYoungGen      total 76288K, used 34547K [0x00000000eab00000, 0x00000000f1900000, 0x0000000100000000)
  eden space 40448K, 0% used [0x00000000eab00000,0x00000000eab00000,0x00000000ed280000)
  from space 35840K, 96% used [0x00000000ed280000,0x00000000ef43cd20,0x00000000ef580000)
  to   space 35328K, 0% used [0x00000000ef680000,0x00000000ef680000,0x00000000f1900000)
 ParOldGen       total 331264K, used 225051K [0x00000000c0000000, 0x00000000d4380000, 0x00000000eab00000)
  object space 331264K, 67% used [0x00000000c0000000,0x00000000cdbc6d20,0x00000000d4380000)
 Metaspace       used 68871K, committed 70208K, reserved 1114112K
  class space    used 7297K, committed 7936K, reserved 1048576K
}
Event: 28.758 GC heap before
{Heap before GC invocations=164 (full 6):
 PSYoungGen      total 76288K, used 74995K [0x00000000eab00000, 0x00000000f1900000, 0x0000000100000000)
  eden space 40448K, 100% used [0x00000000eab00000,0x00000000ed280000,0x00000000ed280000)
  from space 35840K, 96% used [0x00000000ed280000,0x00000000ef43cd20,0x00000000ef580000)
  to   space 35328K, 0% used [0x00000000ef680000,0x00000000ef680000,0x00000000f1900000)
 ParOldGen       total 331264K, used 225051K [0x00000000c0000000, 0x00000000d4380000, 0x00000000eab00000)
  object space 331264K, 67% used [0x00000000c0000000,0x00000000cdbc6d20,0x00000000d4380000)
 Metaspace       used 68871K, committed 70208K, reserved 1114112K
  class space    used 7297K, committed 7936K, reserved 1048576K
}
Event: 28.784 GC heap after
{Heap after GC invocations=164 (full 6):
 PSYoungGen      total 72704K, used 35313K [0x00000000eab00000, 0x00000000f2380000, 0x0000000100000000)
  eden space 37376K, 0% used [0x00000000eab00000,0x00000000eab00000,0x00000000ecf80000)
  from space 35328K, 99% used [0x00000000ef680000,0x00000000f18fc6f0,0x00000000f1900000)
  to   space 39936K, 0% used [0x00000000ecf80000,0x00000000ecf80000,0x00000000ef680000)
 ParOldGen       total 331264K, used 228561K [0x00000000c0000000, 0x00000000d4380000, 0x00000000eab00000)
  object space 331264K, 68% used [0x00000000c0000000,0x00000000cdf34450,0x00000000d4380000)
 Metaspace       used 68871K, committed 70208K, reserved 1114112K
  class space    used 7297K, committed 7936K, reserved 1048576K
}

Dll operation events (10 events):
Event: 0.028 Loaded shared library c:\Users\russe\.vscode\extensions\redhat.java-1.37.0-win32-x64\jre\17.0.13-win32-x86_64\bin\java.dll
Event: 0.208 Loaded shared library c:\Users\russe\.vscode\extensions\redhat.java-1.37.0-win32-x64\jre\17.0.13-win32-x86_64\bin\zip.dll
Event: 0.213 Loaded shared library C:\Users\russe\.vscode\extensions\redhat.java-1.37.0-win32-x64\jre\17.0.13-win32-x86_64\bin\instrument.dll
Event: 0.231 Loaded shared library C:\Users\russe\.vscode\extensions\redhat.java-1.37.0-win32-x64\jre\17.0.13-win32-x86_64\bin\net.dll
Event: 0.234 Loaded shared library C:\Users\russe\.vscode\extensions\redhat.java-1.37.0-win32-x64\jre\17.0.13-win32-x86_64\bin\nio.dll
Event: 0.241 Loaded shared library C:\Users\russe\.vscode\extensions\redhat.java-1.37.0-win32-x64\jre\17.0.13-win32-x86_64\bin\zip.dll
Event: 0.286 Loaded shared library C:\Users\russe\.vscode\extensions\redhat.java-1.37.0-win32-x64\jre\17.0.13-win32-x86_64\bin\jimage.dll
Event: 0.370 Loaded shared library c:\Users\russe\.vscode\extensions\redhat.java-1.37.0-win32-x64\jre\17.0.13-win32-x86_64\bin\verify.dll
Event: 1.932 Loaded shared library C:\Users\russe\AppData\Roaming\Code\User\globalStorage\redhat.java\1.37.0\config_win\org.eclipse.equinox.launcher\org.eclipse.equinox.launcher.win32.win32.x86_64_1.2.1100.v20240722-2106\eclipse_11904.dll
Event: 5.009 Loaded shared library C:\Users\russe\AppData\Local\Temp\jna-108881122\jna15085707075263776133.dll

Deoptimization events (20 events):
Event: 29.151 Thread 0x000002223aeeb140 DEOPT PACKING pc=0x0000022222da7429 sp=0x0000007e641fee70
Event: 29.151 Thread 0x000002223aeeb140 DEOPT UNPACKING pc=0x000002222a076e43 sp=0x0000007e641fe228 mode 0
Event: 29.156 Thread 0x000002223aeeb140 DEOPT PACKING pc=0x00000222233d6f12 sp=0x0000007e641fed20
Event: 29.156 Thread 0x000002223aeeb140 DEOPT UNPACKING pc=0x000002222a076e43 sp=0x0000007e641fe1c0 mode 0
Event: 29.160 Thread 0x000002223aeeb140 DEOPT PACKING pc=0x0000022222da7429 sp=0x0000007e641fedf0
Event: 29.160 Thread 0x000002223aeeb140 DEOPT UNPACKING pc=0x000002222a076e43 sp=0x0000007e641fe1a8 mode 0
Event: 29.165 Thread 0x000002223aeeb140 DEOPT PACKING pc=0x00000222233d6f12 sp=0x0000007e641fed20
Event: 29.165 Thread 0x000002223aeeb140 DEOPT UNPACKING pc=0x000002222a076e43 sp=0x0000007e641fe1c0 mode 0
Event: 29.260 Thread 0x000002223aeeb140 DEOPT PACKING pc=0x0000022222da7429 sp=0x0000007e641fee70
Event: 29.260 Thread 0x000002223aeeb140 DEOPT UNPACKING pc=0x000002222a076e43 sp=0x0000007e641fe228 mode 0
Event: 29.269 Thread 0x000002223aeeb140 DEOPT PACKING pc=0x00000222233d6f12 sp=0x0000007e641fed80
Event: 29.269 Thread 0x000002223aeeb140 DEOPT UNPACKING pc=0x000002222a076e43 sp=0x0000007e641fe220 mode 0
Event: 29.281 Thread 0x000002223aeeb140 DEOPT PACKING pc=0x0000022222da7429 sp=0x0000007e641fee50
Event: 29.281 Thread 0x000002223aeeb140 DEOPT UNPACKING pc=0x000002222a076e43 sp=0x0000007e641fe208 mode 0
Event: 29.333 Thread 0x000002223aeeb140 Uncommon trap: trap_request=0xffffff45 fr.pc=0x000002222a981c68 relative=0x0000000000002f28
Event: 29.333 Thread 0x000002223aeeb140 Uncommon trap: reason=unstable_if action=reinterpret pc=0x000002222a981c68 method=org.eclipse.jdt.internal.compiler.classfmt.MethodInfo.decodeMethodAnnotations(IZLorg/eclipse/jdt/internal/compiler/classfmt/MethodInfo;)[Lorg/eclipse/jdt/internal/compiler/c
Event: 29.333 Thread 0x000002223aeeb140 DEOPT PACKING pc=0x000002222a981c68 sp=0x0000007e641feee0
Event: 29.333 Thread 0x000002223aeeb140 DEOPT UNPACKING pc=0x000002222a0766a3 sp=0x0000007e641fede0 mode 2
Event: 29.335 Thread 0x000002223aeeb140 DEOPT PACKING pc=0x00000222233d6f12 sp=0x0000007e641feda0
Event: 29.335 Thread 0x000002223aeeb140 DEOPT UNPACKING pc=0x000002222a076e43 sp=0x0000007e641fe240 mode 0

Classes loaded (20 events):
Event: 22.280 Loading class java/util/stream/ReduceOps$5
Event: 22.281 Loading class java/util/stream/ReduceOps$5 done
Event: 22.281 Loading class java/util/stream/ReduceOps$CountingSink$OfRef
Event: 22.281 Loading class java/util/stream/ReduceOps$CountingSink
Event: 22.281 Loading class java/util/stream/ReduceOps$CountingSink done
Event: 22.281 Loading class java/util/stream/ReduceOps$CountingSink$OfRef done
Event: 22.441 Loading class java/util/stream/ReduceOps$1
Event: 22.442 Loading class java/util/stream/ReduceOps$1 done
Event: 22.442 Loading class java/util/stream/ReduceOps$1ReducingSink
Event: 22.442 Loading class java/util/stream/ReduceOps$1ReducingSink done
Event: 29.065 Loading class org/xml/sax/SAXNotRecognizedException
Event: 29.066 Loading class org/xml/sax/SAXNotRecognizedException done
Event: 29.066 Loading class org/xml/sax/SAXNotSupportedException
Event: 29.066 Loading class org/xml/sax/SAXNotSupportedException done
Event: 29.073 Loading class com/sun/org/apache/xerces/internal/util/URI
Event: 29.076 Loading class com/sun/org/apache/xerces/internal/util/URI done
Event: 29.079 Loading class com/sun/org/apache/xerces/internal/xni/XNIException
Event: 29.079 Loading class com/sun/org/apache/xerces/internal/xni/XNIException done
Event: 29.082 Loading class com/sun/org/apache/xerces/internal/xni/parser/XMLParseException
Event: 29.082 Loading class com/sun/org/apache/xerces/internal/xni/parser/XMLParseException done

Classes unloaded (13 events):
Event: 6.855 Thread 0x000002221ff0e7a0 Unloading class 0x0000000100250000 'java/lang/invoke/LambdaForm$MH+0x0000000100250000'
Event: 6.855 Thread 0x000002221ff0e7a0 Unloading class 0x000000010024fc00 'java/lang/invoke/LambdaForm$MH+0x000000010024fc00'
Event: 6.855 Thread 0x000002221ff0e7a0 Unloading class 0x000000010024f800 'java/lang/invoke/LambdaForm$MH+0x000000010024f800'
Event: 6.855 Thread 0x000002221ff0e7a0 Unloading class 0x000000010024f400 'java/lang/invoke/LambdaForm$MH+0x000000010024f400'
Event: 6.855 Thread 0x000002221ff0e7a0 Unloading class 0x000000010024f000 'java/lang/invoke/LambdaForm$BMH+0x000000010024f000'
Event: 6.855 Thread 0x000002221ff0e7a0 Unloading class 0x000000010024ec00 'java/lang/invoke/LambdaForm$DMH+0x000000010024ec00'
Event: 6.855 Thread 0x000002221ff0e7a0 Unloading class 0x000000010024c400 'java/lang/invoke/LambdaForm$DMH+0x000000010024c400'
Event: 14.837 Thread 0x000002221ff0e7a0 Unloading class 0x000000010071dc00 'java/lang/invoke/LambdaForm$MH+0x000000010071dc00'
Event: 14.837 Thread 0x000002221ff0e7a0 Unloading class 0x000000010071d800 'java/lang/invoke/LambdaForm$MH+0x000000010071d800'
Event: 14.837 Thread 0x000002221ff0e7a0 Unloading class 0x000000010071d400 'java/lang/invoke/LambdaForm$MH+0x000000010071d400'
Event: 14.837 Thread 0x000002221ff0e7a0 Unloading class 0x000000010071cc00 'java/lang/invoke/LambdaForm$DMH+0x000000010071cc00'
Event: 14.837 Thread 0x000002221ff0e7a0 Unloading class 0x000000010071c800 'java/lang/invoke/LambdaForm$DMH+0x000000010071c800'
Event: 14.837 Thread 0x000002221ff0e7a0 Unloading class 0x000000010071c400 'java/lang/invoke/LambdaForm$DMH+0x000000010071c400'

Classes redefined (0 events):
No events

Internal exceptions (20 events):
Event: 27.509 Thread 0x000002223aeeb140 Exception <a 'sun/nio/fs/WindowsException'{0x00000000ec900aa8}> (0x00000000ec900aa8) 
thrown [s\src\hotspot\share\prims\jni.cpp, line 516]
Event: 27.556 Thread 0x000002223aeeb140 Exception <a 'sun/nio/fs/WindowsException'{0x00000000ec9912d0}> (0x00000000ec9912d0) 
thrown [s\src\hotspot\share\prims\jni.cpp, line 516]
Event: 27.564 Thread 0x000002223aeeb140 Implicit null exception at 0x000002222a885b40 to 0x000002222a886701
Event: 27.721 Thread 0x000002223aeeb140 Exception <a 'sun/nio/fs/WindowsException'{0x00000000eb1efc70}> (0x00000000eb1efc70) 
thrown [s\src\hotspot\share\prims\jni.cpp, line 516]
Event: 27.737 Thread 0x000002223aeeb140 Exception <a 'sun/nio/fs/WindowsException'{0x00000000eb20aa98}> (0x00000000eb20aa98) 
thrown [s\src\hotspot\share\prims\jni.cpp, line 516]
Event: 27.791 Thread 0x000002223aeeb140 Exception <a 'sun/nio/fs/WindowsException'{0x00000000eb275850}> (0x00000000eb275850) 
thrown [s\src\hotspot\share\prims\jni.cpp, line 516]
Event: 27.886 Thread 0x000002223aeeb140 Exception <a 'sun/nio/fs/WindowsException'{0x00000000ebb9e3e0}> (0x00000000ebb9e3e0) 
thrown [s\src\hotspot\share\prims\jni.cpp, line 516]
Event: 28.215 Thread 0x000002223aeeb140 Exception <a 'sun/nio/fs/WindowsException'{0x00000000eb2652f0}> (0x00000000eb2652f0) 
thrown [s\src\hotspot\share\prims\jni.cpp, line 516]
Event: 28.483 Thread 0x000002223aeeb140 Exception <a 'sun/nio/fs/WindowsException'{0x00000000ec7f6b90}> (0x00000000ec7f6b90) 
thrown [s\src\hotspot\share\prims\jni.cpp, line 516]
Event: 28.908 Thread 0x000002223aeeb140 Exception <a 'sun/nio/fs/WindowsException'{0x00000000eb0217f0}> (0x00000000eb0217f0) 
thrown [s\src\hotspot\share\prims\jni.cpp, line 516]
Event: 28.951 Thread 0x000002223aeeb140 Exception <a 'sun/nio/fs/WindowsException'{0x00000000eb2bbfe8}> (0x00000000eb2bbfe8) 
thrown [s\src\hotspot\share\prims\jni.cpp, line 516]
Event: 29.026 Thread 0x000002223aeec070 Exception <a 'java/lang/NoSuchMethodError'{0x00000000eb365ee8}: 'java.lang.Object java.lang.invoke.DirectMethodHandle$Holder.invokeStatic(java.lang.Object, java.lang.Object, int, java.lang.Object)'> (0x00000000eb365ee8) 
thrown [s\src\hotspot\share\interpreter\linkResolver.cpp, line 759]
Event: 29.221 Thread 0x000002223aeeb140 Exception <a 'sun/nio/fs/WindowsException'{0x00000000ec1961a8}> (0x00000000ec1961a8) 
thrown [s\src\hotspot\share\prims\jni.cpp, line 516]
Event: 29.237 Thread 0x000002223aeeca90 Exception <a 'sun/nio/fs/WindowsException'{0x00000000ec2af898}> (0x00000000ec2af898) 
thrown [s\src\hotspot\share\prims\jni.cpp, line 516]
Event: 29.238 Thread 0x000002223aeeca90 Exception <a 'sun/nio/fs/WindowsException'{0x00000000ec2b0358}> (0x00000000ec2b0358) 
thrown [s\src\hotspot\share\prims\jni.cpp, line 516]
Event: 29.268 Thread 0x000002223aeeca90 Exception <a 'sun/nio/fs/WindowsException'{0x00000000ec3b7928}> (0x00000000ec3b7928) 
thrown [s\src\hotspot\share\prims\jni.cpp, line 516]
Event: 29.269 Thread 0x000002223aeeca90 Exception <a 'sun/nio/fs/WindowsException'{0x00000000ec3b8688}> (0x00000000ec3b8688) 
thrown [s\src\hotspot\share\prims\jni.cpp, line 516]
Event: 29.323 Thread 0x000002223aeeb140 Exception <a 'sun/nio/fs/WindowsException'{0x00000000ec6e08e0}> (0x00000000ec6e08e0) 
thrown [s\src\hotspot\share\prims\jni.cpp, line 516]
Event: 29.371 Thread 0x000002223aeeca90 Exception <a 'java/lang/NoSuchMethodError'{0x00000000ecb5eac0}: 'int java.lang.invoke.DirectMethodHandle$Holder.invokeStatic(java.lang.Object, java.lang.Object, java.lang.Object, java.lang.Object, java.lang.Object, java.lang.Object)'> (0x00000000ecb5eac0) 
thrown [s\src\hotspot\share\interpreter\linkResolver.cpp, line 759]
Event: 29.378 Thread 0x000002223aeeb140 Exception <a 'sun/nio/fs/WindowsException'{0x00000000ecad94e0}> (0x00000000ecad94e0) 
thrown [s\src\hotspot\share\prims\jni.cpp, line 516]

VM Operations (20 events):
Event: 26.866 Executing VM operation: ParallelGCFailedAllocation
Event: 26.888 Executing VM operation: ParallelGCFailedAllocation done
Event: 27.003 Executing VM operation: ParallelGCFailedAllocation
Event: 27.020 Executing VM operation: ParallelGCFailedAllocation done
Event: 27.072 Executing VM operation: HandshakeAllThreads
Event: 27.072 Executing VM operation: HandshakeAllThreads done
Event: 27.074 Executing VM operation: HandshakeAllThreads
Event: 27.074 Executing VM operation: HandshakeAllThreads done
Event: 27.594 Executing VM operation: ParallelGCFailedAllocation
Event: 27.612 Executing VM operation: ParallelGCFailedAllocation done
Event: 27.617 Executing VM operation: HandshakeAllThreads
Event: 27.617 Executing VM operation: HandshakeAllThreads done
Event: 28.019 Executing VM operation: ParallelGCFailedAllocation
Event: 28.047 Executing VM operation: ParallelGCFailedAllocation done
Event: 28.544 Executing VM operation: ParallelGCFailedAllocation
Event: 28.563 Executing VM operation: ParallelGCFailedAllocation done
Event: 28.758 Executing VM operation: ParallelGCFailedAllocation
Event: 28.784 Executing VM operation: ParallelGCFailedAllocation done
Event: 29.081 Executing VM operation: HandshakeAllThreads
Event: 29.081 Executing VM operation: HandshakeAllThreads done

Memory protections (0 events):
No events

Nmethod flushes (20 events):
Event: 22.138 Thread 0x0000022238e4b6c0 flushing  nmethod 0x0000022223cacb90
Event: 22.138 Thread 0x0000022238e4b6c0 flushing  nmethod 0x0000022223caf410
Event: 22.138 Thread 0x0000022238e4b6c0 flushing  nmethod 0x0000022223cb5910
Event: 22.138 Thread 0x0000022238e4b6c0 flushing  nmethod 0x0000022223cb8290
Event: 22.138 Thread 0x0000022238e4b6c0 flushing  nmethod 0x0000022223cbd110
Event: 22.138 Thread 0x0000022238e4b6c0 flushing  nmethod 0x0000022223cbd610
Event: 22.138 Thread 0x0000022238e4b6c0 flushing  nmethod 0x0000022223cc1310
Event: 22.138 Thread 0x0000022238e4b6c0 flushing  nmethod 0x0000022223cc1710
Event: 22.138 Thread 0x0000022238e4b6c0 flushing  nmethod 0x0000022223cc2a10
Event: 22.138 Thread 0x0000022238e4b6c0 flushing  nmethod 0x0000022223cd7d10
Event: 22.138 Thread 0x0000022238e4b6c0 flushing  nmethod 0x0000022223cd8b10
Event: 22.138 Thread 0x0000022238e4b6c0 flushing  nmethod 0x0000022223cdcc10
Event: 22.138 Thread 0x0000022238e4b6c0 flushing  nmethod 0x0000022223cf1b90
Event: 22.138 Thread 0x0000022238e4b6c0 flushing  nmethod 0x0000022223d0e290
Event: 22.138 Thread 0x0000022238e4b6c0 flushing  nmethod 0x0000022223d0e810
Event: 22.138 Thread 0x0000022238e4b6c0 flushing  nmethod 0x0000022223d0ee90
Event: 22.138 Thread 0x0000022238e4b6c0 flushing  nmethod 0x0000022223d0fb90
Event: 22.138 Thread 0x0000022238e4b6c0 flushing  nmethod 0x0000022223d10610
Event: 22.138 Thread 0x0000022238e4b6c0 flushing  nmethod 0x0000022223d13410
Event: 22.138 Thread 0x0000022238e4b6c0 flushing  nmethod 0x0000022223d58690

Events (20 events):
Event: 13.991 Thread 0x000002223aeed4b0 Thread added: 0x00000222401281d0
Event: 14.494 Thread 0x0000022240127cc0 Thread exited: 0x0000022240127cc0
Event: 14.494 Thread 0x0000022240128bf0 Thread exited: 0x0000022240128bf0
Event: 14.494 Thread 0x0000022240129610 Thread exited: 0x0000022240129610
Event: 14.494 Thread 0x00000222401277b0 Thread exited: 0x00000222401277b0
Event: 14.494 Thread 0x00000222401281d0 Thread exited: 0x00000222401281d0
Event: 16.659 Thread 0x000002223aeed4b0 Thread added: 0x000002224012aa50
Event: 16.660 Thread 0x000002223aeed4b0 Thread added: 0x00000222401277b0
Event: 16.660 Thread 0x000002223aeed4b0 Thread added: 0x0000022240129b20
Event: 16.661 Thread 0x000002223aeed4b0 Thread added: 0x0000022240129610
Event: 16.661 Thread 0x000002223aeed4b0 Thread added: 0x00000222401281d0
Event: 16.782 Thread 0x0000022240129b20 Thread exited: 0x0000022240129b20
Event: 16.782 Thread 0x0000022240129610 Thread exited: 0x0000022240129610
Event: 16.782 Thread 0x000002224012aa50 Thread exited: 0x000002224012aa50
Event: 16.782 Thread 0x00000222401281d0 Thread exited: 0x00000222401281d0
Event: 16.784 Thread 0x00000222401277b0 Thread exited: 0x00000222401277b0
Event: 18.268 Thread 0x000002223aeec580 Thread added: 0x00000222401277b0
Event: 18.271 Thread 0x00000222401277b0 Thread added: 0x000002224012aa50
Event: 18.527 Thread 0x000002223c935650 Thread added: 0x00000222401281d0
Event: 23.541 Thread 0x00000222401281d0 Thread exited: 0x00000222401281d0


Dynamic libraries:
0x00007ff7f92f0000 - 0x00007ff7f92fe000 	c:\Users\russe\.vscode\extensions\redhat.java-1.37.0-win32-x64\jre\17.0.13-win32-x86_64\bin\java.exe
0x00007ff80c370000 - 0x00007ff80c587000 	C:\WINDOWS\SYSTEM32\ntdll.dll
0x00007ff80adb0000 - 0x00007ff80ae74000 	C:\WINDOWS\System32\KERNEL32.DLL
0x00007ff809710000 - 0x00007ff809ac9000 	C:\WINDOWS\System32\KERNELBASE.dll
0x00007ff809b90000 - 0x00007ff809ca1000 	C:\WINDOWS\System32\ucrtbase.dll
0x00007fffc70e0000 - 0x00007fffc70fe000 	c:\Users\russe\.vscode\extensions\redhat.java-1.37.0-win32-x64\jre\17.0.13-win32-x86_64\bin\VCRUNTIME140.dll
0x00007fffc6e50000 - 0x00007fffc6e67000 	c:\Users\russe\.vscode\extensions\redhat.java-1.37.0-win32-x64\jre\17.0.13-win32-x86_64\bin\jli.dll
0x00007ff80a0a0000 - 0x00007ff80a24e000 	C:\WINDOWS\System32\USER32.dll
0x00007ff809670000 - 0x00007ff809696000 	C:\WINDOWS\System32\win32u.dll
0x00007fffd8f00000 - 0x00007fffd9192000 	C:\WINDOWS\WinSxS\amd64_microsoft.windows.common-controls_6595b64144ccf1df_6.0.22621.4391_none_2715d37f73803e96\COMCTL32.dll
0x00007ff80ae80000 - 0x00007ff80aea9000 	C:\WINDOWS\System32\GDI32.dll
0x00007ff80a2b0000 - 0x00007ff80a357000 	C:\WINDOWS\System32\msvcrt.dll
0x00007ff809dd0000 - 0x00007ff809eeb000 	C:\WINDOWS\System32\gdi32full.dll
0x00007ff809cb0000 - 0x00007ff809d4a000 	C:\WINDOWS\System32\msvcp_win.dll
0x00007ff80a460000 - 0x00007ff80a491000 	C:\WINDOWS\System32\IMM32.DLL
0x00007fffe9780000 - 0x00007fffe978c000 	c:\Users\russe\.vscode\extensions\redhat.java-1.37.0-win32-x64\jre\17.0.13-win32-x86_64\bin\vcruntime140_1.dll
0x00007fffba9d0000 - 0x00007fffbaa5d000 	c:\Users\russe\.vscode\extensions\redhat.java-1.37.0-win32-x64\jre\17.0.13-win32-x86_64\bin\msvcp140.dll
0x00007fff88020000 - 0x00007fff88c8b000 	c:\Users\russe\.vscode\extensions\redhat.java-1.37.0-win32-x64\jre\17.0.13-win32-x86_64\bin\server\jvm.dll
0x00007ff80b9a0000 - 0x00007ff80ba52000 	C:\WINDOWS\System32\ADVAPI32.dll
0x00007ff80b090000 - 0x00007ff80b137000 	C:\WINDOWS\System32\sechost.dll
0x00007ff809ef0000 - 0x00007ff809f18000 	C:\WINDOWS\System32\bcrypt.dll
0x00007ff80bfa0000 - 0x00007ff80c0b4000 	C:\WINDOWS\System32\RPCRT4.dll
0x00007ff80c0c0000 - 0x00007ff80c131000 	C:\WINDOWS\System32\WS2_32.dll
0x00007ff805380000 - 0x00007ff8053b4000 	C:\WINDOWS\SYSTEM32\WINMM.dll
0x00007ff802280000 - 0x00007ff80228a000 	C:\WINDOWS\SYSTEM32\VERSION.dll
0x00007ff809390000 - 0x00007ff8093dd000 	C:\WINDOWS\SYSTEM32\POWRPROF.dll
0x00007ff809100000 - 0x00007ff809113000 	C:\WINDOWS\SYSTEM32\UMPDC.dll
0x00007ff808670000 - 0x00007ff808688000 	C:\WINDOWS\SYSTEM32\kernel.appcore.dll
0x00007fffe96c0000 - 0x00007fffe96ca000 	c:\Users\russe\.vscode\extensions\redhat.java-1.37.0-win32-x64\jre\17.0.13-win32-x86_64\bin\jimage.dll
0x00007ffff5ff0000 - 0x00007ffff6222000 	C:\WINDOWS\SYSTEM32\DBGHELP.DLL
0x00007ff80bc10000 - 0x00007ff80bf9f000 	C:\WINDOWS\System32\combase.dll
0x00007ff80c140000 - 0x00007ff80c217000 	C:\WINDOWS\System32\OLEAUT32.dll
0x00007fffee5a0000 - 0x00007fffee5d2000 	C:\WINDOWS\SYSTEM32\dbgcore.DLL
0x00007ff809d50000 - 0x00007ff809dcb000 	C:\WINDOWS\System32\bcryptPrimitives.dll
0x00007ff804db0000 - 0x00007ff804dbe000 	c:\Users\russe\.vscode\extensions\redhat.java-1.37.0-win32-x64\jre\17.0.13-win32-x86_64\bin\instrument.dll
0x00007fffc28d0000 - 0x00007fffc28f5000 	c:\Users\russe\.vscode\extensions\redhat.java-1.37.0-win32-x64\jre\17.0.13-win32-x86_64\bin\java.dll
0x00007fffc8540000 - 0x00007fffc8558000 	c:\Users\russe\.vscode\extensions\redhat.java-1.37.0-win32-x64\jre\17.0.13-win32-x86_64\bin\zip.dll
0x00007ff80a530000 - 0x00007ff80ada6000 	C:\WINDOWS\System32\SHELL32.dll
0x00007ff807530000 - 0x00007ff807e33000 	C:\WINDOWS\SYSTEM32\windows.storage.dll
0x00007ff8073f0000 - 0x00007ff80752f000 	C:\WINDOWS\SYSTEM32\wintypes.dll
0x00007ff80b380000 - 0x00007ff80b479000 	C:\WINDOWS\System32\SHCORE.dll
0x00007ff80a250000 - 0x00007ff80a2ae000 	C:\WINDOWS\System32\shlwapi.dll
0x00007ff8095a0000 - 0x00007ff8095cb000 	C:\WINDOWS\SYSTEM32\profapi.dll
0x00007fffc28b0000 - 0x00007fffc28c9000 	C:\Users\russe\.vscode\extensions\redhat.java-1.37.0-win32-x64\jre\17.0.13-win32-x86_64\bin\net.dll
0x00007ff805680000 - 0x00007ff8057b6000 	C:\WINDOWS\SYSTEM32\WINHTTP.dll
0x00007ff808ae0000 - 0x00007ff808b49000 	C:\WINDOWS\system32\mswsock.dll
0x00007fffc0580000 - 0x00007fffc0596000 	C:\Users\russe\.vscode\extensions\redhat.java-1.37.0-win32-x64\jre\17.0.13-win32-x86_64\bin\nio.dll
0x00007fffddde0000 - 0x00007fffdddf0000 	c:\Users\russe\.vscode\extensions\redhat.java-1.37.0-win32-x64\jre\17.0.13-win32-x86_64\bin\verify.dll
0x00007fffc2fe0000 - 0x00007fffc3025000 	C:\Users\russe\AppData\Roaming\Code\User\globalStorage\redhat.java\1.37.0\config_win\org.eclipse.equinox.launcher\org.eclipse.equinox.launcher.win32.win32.x86_64_1.2.1100.v20240722-2106\eclipse_11904.dll
0x00007ff80ba60000 - 0x00007ff80bc05000 	C:\WINDOWS\System32\ole32.dll
0x00007ff808e30000 - 0x00007ff808e4b000 	C:\WINDOWS\SYSTEM32\CRYPTSP.dll
0x00007ff8085d0000 - 0x00007ff808605000 	C:\WINDOWS\system32\rsaenh.dll
0x00007ff808b80000 - 0x00007ff808ba8000 	C:\WINDOWS\SYSTEM32\USERENV.dll
0x00007ff808e10000 - 0x00007ff808e1c000 	C:\WINDOWS\SYSTEM32\CRYPTBASE.dll
0x00007ff808130000 - 0x00007ff80815d000 	C:\WINDOWS\SYSTEM32\IPHLPAPI.DLL
0x00007ff80b490000 - 0x00007ff80b499000 	C:\WINDOWS\System32\NSI.dll
0x00007ff805b40000 - 0x00007ff805b59000 	C:\WINDOWS\SYSTEM32\dhcpcsvc6.DLL
0x00007ff805660000 - 0x00007ff80567f000 	C:\WINDOWS\SYSTEM32\dhcpcsvc.DLL
0x00007ff808160000 - 0x00007ff808262000 	C:\WINDOWS\SYSTEM32\DNSAPI.dll
0x00007fffb7e30000 - 0x00007fffb7e79000 	C:\Users\russe\AppData\Local\Temp\jna-108881122\jna15085707075263776133.dll
0x00007ff80a090000 - 0x00007ff80a098000 	C:\WINDOWS\System32\PSAPI.DLL
0x00007ff808780000 - 0x00007ff8087b4000 	C:\WINDOWS\SYSTEM32\ntmarta.dll

dbghelp: loaded successfully - version: 4.0.5 - missing functions: none
symbol engine: initialized successfully - sym options: 0x614 - pdb path: .;c:\Users\russe\.vscode\extensions\redhat.java-1.37.0-win32-x64\jre\17.0.13-win32-x86_64\bin;C:\WINDOWS\SYSTEM32;C:\WINDOWS\WinSxS\amd64_microsoft.windows.common-controls_6595b64144ccf1df_6.0.22621.4391_none_2715d37f73803e96;c:\Users\russe\.vscode\extensions\redhat.java-1.37.0-win32-x64\jre\17.0.13-win32-x86_64\bin\server;C:\Users\russe\AppData\Roaming\Code\User\globalStorage\redhat.java\1.37.0\config_win\org.eclipse.equinox.launcher\org.eclipse.equinox.launcher.win32.win32.x86_64_1.2.1100.v20240722-2106;C:\Users\russe\AppData\Local\Temp\jna-108881122

VM Arguments:
jvm_args: --add-modules=ALL-SYSTEM --add-opens=java.base/java.util=ALL-UNNAMED --add-opens=java.base/java.lang=ALL-UNNAMED --add-opens=java.base/sun.nio.fs=ALL-UNNAMED -Declipse.application=org.eclipse.jdt.ls.core.id1 -Dosgi.bundles.defaultStartLevel=4 -Declipse.product=org.eclipse.jdt.ls.core.product -Djava.import.generatesMetadataFilesAtProjectRoot=false -DDetectVMInstallationsJob.disabled=true -Dfile.encoding=utf8 -XX:+UseParallelGC -XX:GCTimeRatio=4 -XX:AdaptiveSizePolicyWeight=90 -Dsun.zip.disableMemoryMapping=true -Xmx1G -Xms100m -Xlog:disable -javaagent:c:\Users\russe\.vscode\extensions\redhat.java-1.37.0-win32-x64\lombok\lombok-1.18.34.jar -XX:+HeapDumpOnOutOfMemoryError -XX:HeapDumpPath=c:\Users\russe\AppData\Roaming\Code\User\workspaceStorage\4fb0ec10d9468569eff1f30371c4b890\redhat.java -Daether.dependencyCollector.impl=bf 
java_command: c:\Users\russe\.vscode\extensions\redhat.java-1.37.0-win32-x64\server\plugins\org.eclipse.equinox.launcher_1.6.900.v20240613-2009.jar -configuration c:\Users\russe\AppData\Roaming\Code\User\globalStorage\redhat.java\1.37.0\config_win -data c:\Users\russe\AppData\Roaming\Code\User\workspaceStorage\4fb0ec10d9468569eff1f30371c4b890\redhat.java\jdt_ws --pipe=\\.\pipe\lsp-8948770162183c3ecb7ac6d51a8a89e1-sock
java_class_path (initial): c:\Users\russe\.vscode\extensions\redhat.java-1.37.0-win32-x64\server\plugins\org.eclipse.equinox.launcher_1.6.900.v20240613-2009.jar
Launcher Type: SUN_STANDARD

[Global flags]
    uintx AdaptiveSizePolicyWeight                 = 90                                        {product} {command line}
     intx CICompilerCount                          = 4                                         {product} {ergonomic}
    uintx GCTimeRatio                              = 4                                         {product} {command line}
     bool HeapDumpOnOutOfMemoryError               = true                                   {manageable} {command line}
    ccstr HeapDumpPath                             = c:\Users\russe\AppData\Roaming\Code\User\workspaceStorage\4fb0ec10d9468569eff1f30371c4b890\redhat.java         {manageable} {command line}
   size_t InitialHeapSize                          = 104857600                                 {product} {command line}
   size_t MaxHeapSize                              = 1073741824                                {product} {command line}
   size_t MaxNewSize                               = 357564416                                 {product} {ergonomic}
   size_t MinHeapDeltaBytes                        = 524288                                    {product} {ergonomic}
   size_t MinHeapSize                              = 104857600                                 {product} {command line}
   size_t NewSize                                  = 34603008                                  {product} {ergonomic}
    uintx NonNMethodCodeHeapSize                   = 5839372                                {pd product} {ergonomic}
    uintx NonProfiledCodeHeapSize                  = 122909434                              {pd product} {ergonomic}
   size_t OldSize                                  = 70254592                                  {product} {ergonomic}
    uintx ProfiledCodeHeapSize                     = 122909434                              {pd product} {ergonomic}
    uintx ReservedCodeCacheSize                    = 251658240                              {pd product} {ergonomic}
     bool SegmentedCodeCache                       = true                                      {product} {ergonomic}
   size_t SoftMaxHeapSize                          = 1073741824                             {manageable} {ergonomic}
     bool UseCompressedClassPointers               = true                           {product lp64_product} {ergonomic}
     bool UseCompressedOops                        = true                           {product lp64_product} {ergonomic}
     bool UseLargePagesIndividualAllocation        = false                                  {pd product} {ergonomic}
     bool UseParallelGC                            = true                                      {product} {command line}

Logging:
Log output configuration:
 #0: stdout all=off uptime,level,tags
 #1: stderr all=off uptime,level,tags

Environment Variables:
PATH=C:\Program Files\Eclipse Adoptium\jdk-21.0.5.11-hotspot\bin;C:\app\russe\product\21c\dbhomeXE\bin;C:\Python312\Scripts\;C:\Python312\;C:\Program Files\Common Files\Oracle\Java\javapath;C:\WINDOWS\system32;C:\WINDOWS;C:\WINDOWS\System32\Wbem;C:\WINDOWS\System32\WindowsPowerShell\v1.0\;C:\WINDOWS\System32\OpenSSH\;C:\Program Files (x86)\Intel\Intel(R) Management Engine Components\DAL;C:\Program Files\Intel\Intel(R) Management Engine Components\DAL;C:\Program Files\Azure Data Studio\bin;C:\Program Files (x86)\Microsoft SQL Server\160\Tools\Binn\;C:\Program Files\Microsoft SQL Server\160\Tools\Binn\;C:\Program Files\Microsoft SQL Server\Client SDK\ODBC\170\Tools\Binn\;C:\Program Files\Microsoft SQL Server\160\DTS\Binn\;C:\Program Files\dotnet\;C:\Program Files (x86)\Microsoft SQL Server\150\Tools\Binn\;C:\Program Files\Microsoft SQL Server\150\Tools\Binn\;C:\Program Files\Microsoft SQL Server\150\DTS\Binn\;C:\Program Files (x86)\Microsoft SQL Server\160\DTS\Binn\;C:\Program Files\PowerShell\7\;C:\ProgramData\chocolatey\bin;C:\Program Files\Git\cmd;C:\Users\russe\AppData\Local\Microsoft\WindowsApps;C:\Program Files\Azure Data Studio\bin;C:\Users\russe\.dotnet\tools;C:\Program Files\Java\Java3D\1.5.1\bin;C:\Users\russe\AppData\Local\Programs\Microsoft VS Code\bin
USERNAME=russe
OS=Windows_NT
PROCESSOR_IDENTIFIER=Intel64 Family 6 Model 142 Stepping 11, GenuineIntel
TMP=C:\Users\russe\AppData\Local\Temp
TEMP=C:\Users\russe\AppData\Local\Temp



Periodic native trim disabled


---------------  S Y S T E M  ---------------

OS:
 Windows 11 , 64 bit Build 22621 (10.0.22621.4391)
OS uptime: 1 days 4:08 hours
Hyper-V role detected

CPU: total 8 (initial active 8) (4 cores per cpu, 2 threads per core) family 6 model 142 stepping 11 microcode 0xde, cx8, cmov, fxsr, ht, mmx, 3dnowpref, sse, sse2, sse3, ssse3, sse4.1, sse4.2, popcnt, lzcnt, tsc, tscinvbit, avx, avx2, aes, erms, clmul, bmi1, bmi2, adx, fma, vzeroupper, clflush, clflushopt, hv
Processor Information for all 8 processors :
  Max Mhz: 1800, Current Mhz: 1600, Mhz Limit: 1584

Memory: 4k page, system-wide physical 3917M (280M free)
TotalPageFile size 11917M (AvailPageFile size 103M)
current process WorkingSet (physical memory assigned to process): 446M, peak: 454M
current process commit charge ("private bytes"): 657M, peak: 683M

vm_info: OpenJDK 64-Bit Server VM (17.0.13+11) for windows-amd64 JRE (17.0.13+11), built on Oct 16 2024 00:10:08 by "admin" with MS VC++ 17.7 (VS2022)

END.
