#
# There is insufficient memory for the Java Runtime Environment to continue.
# Native memory allocation (malloc) failed to allocate 32744 bytes. Error detail: ChunkPool::allocate
# Possible reasons:
#   The system is out of physical RAM or swap space
#   This process is running with CompressedOops enabled, and the Java Heap may be blocking the growth of the native heap
# Possible solutions:
#   Reduce memory load on the system
#   Increase physical memory or swap space
#   Check if swap backing store is full
#   Decrease Java heap size (-Xmx/-Xms)
#   Decrease number of Java threads
#   Decrease Java thread stack sizes (-Xss)
#   Set larger code cache with -XX:ReservedCodeCacheSize=
#   JVM is running with Unscaled Compressed Oops mode in which the Java heap is
#     placed in the first 4GB address space. The Java Heap base address is the
#     maximum limit for the native heap growth. Please use -XX:HeapBaseMinAddress
#     to set the Java Heap base and to place the Java Heap above 4GB virtual address.
# This output file may be truncated or incomplete.
#
#  Out of Memory Error (arena.cpp:79), pid=7636, tid=13244
#
# JRE version: OpenJDK Runtime Environment Temurin-17.0.13+11 (17.0.13+11) (build 17.0.13+11)
# Java VM: OpenJDK 64-Bit Server VM Temurin-17.0.13+11 (17.0.13+11, mixed mode, tiered, compressed oops, compressed class ptrs, g1 gc, windows-amd64)
# No core dump will be written. Minidumps are not enabled by default on client versions of Windows
#

---------------  S U M M A R Y ------------

Command Line: -agentlib:jdwp=transport=dt_socket,server=n,suspend=y,address=localhost:58075 -XX:+ShowCodeDetailsInExceptionMessages -Dspring.jmx.enabled=true -Dmanagement.endpoints.jmx.exposure.include=* -Dspring.application.admin.enabled=true -Dspring.boot.project.name=lavanderia -Djava.rmi.server.hostname=localhost -Dcom.sun.management.jmxremote.port=45556 -Dcom.sun.management.jmxremote.authenticate=false -Dcom.sun.management.jmxremote.ssl=false com.laundry.lavanderia.LavanderiaApplication

Host: Intel(R) Core(TM) i5-8265U CPU @ 1.60GHz, 8 cores, 3G,  Windows 11 , 64 bit Build 22621 (10.0.22621.4391)
Time: Mon Dec  9 20:16:34 2024 Hora est. Pacífico, Sudamérica elapsed time: 1542.093831 seconds (0d 0h 25m 42s)

---------------  T H R E A D  ---------------

Current thread (0x000001755aef04e0):  JavaThread "C2 CompilerThread0" daemon [_thread_in_native, id=13244, stack(0x00000009c7300000,0x00000009c7400000)]


Current CompileTask:
C2:1542094 8217       4       org.attoparser.HtmlElement::handleCloseElementEnd (15 bytes)

Stack: [0x00000009c7300000,0x00000009c7400000]
Native frames: (J=compiled Java code, j=interpreted, Vv=VM code, C=native code)
V  [jvm.dll+0x682a19]
V  [jvm.dll+0x839538]
V  [jvm.dll+0x83afe3]
V  [jvm.dll+0x83b653]
V  [jvm.dll+0x24704f]
V  [jvm.dll+0xad03c]
V  [jvm.dll+0xad4cc]
V  [jvm.dll+0x6cfe92]
V  [jvm.dll+0x1ba891]
V  [jvm.dll+0x2181a7]
V  [jvm.dll+0x21748f]
V  [jvm.dll+0x1a3070]
V  [jvm.dll+0x22788c]
V  [jvm.dll+0x2259eb]
V  [jvm.dll+0x7eec98]
V  [jvm.dll+0x7e8ffc]
V  [jvm.dll+0x6818f7]
C  [ucrtbase.dll+0x29333]
C  [KERNEL32.DLL+0x1259d]
C  [ntdll.dll+0x5af38]


---------------  P R O C E S S  ---------------

Threads class SMR info:
_java_thread_list=0x0000017562b39b80, length=38, elements={
0x000001755aeae390, 0x000001755aeaf120, 0x000001755aec6fd0, 0x000001755aec7aa0,
0x000001755aec8370, 0x000001755aeec330, 0x000001755aef04e0, 0x000001755aef8eb0,
0x000001755aefb7d0, 0x000001755f19a3d0, 0x000001755f3ccbf0, 0x000001755f39ec30,
0x000001755f39f4c0, 0x000001755f40c3b0, 0x000001755fca2b20, 0x000001755fb4b350,
0x000001755fb4ccd0, 0x00000175602eb4f0, 0x00000175605aa860, 0x000001756037f7d0,
0x000001756037e390, 0x000001756037cf50, 0x000001756037d460, 0x000001756037de80,
0x0000017562f20ac0, 0x0000017562f23340, 0x0000017562f24780, 0x0000017562f214e0,
0x0000017562f22920, 0x0000017562f251a0, 0x0000017562f20fd0, 0x0000017562f200a0,
0x0000017562f256b0, 0x0000017562f25bc0, 0x0000017562f27510, 0x0000017562f205b0,
0x0000017562f219f0, 0x0000017562f24c90
}

Java Threads: ( => current thread )
  0x000001755aeae390 JavaThread "Reference Handler" daemon [_thread_blocked, id=12356, stack(0x00000009c6d00000,0x00000009c6e00000)]
  0x000001755aeaf120 JavaThread "Finalizer" daemon [_thread_blocked, id=7812, stack(0x00000009c6e00000,0x00000009c6f00000)]
  0x000001755aec6fd0 JavaThread "Signal Dispatcher" daemon [_thread_blocked, id=17188, stack(0x00000009c6f00000,0x00000009c7000000)]
  0x000001755aec7aa0 JavaThread "Attach Listener" daemon [_thread_blocked, id=9976, stack(0x00000009c7000000,0x00000009c7100000)]
  0x000001755aec8370 JavaThread "Service Thread" daemon [_thread_blocked, id=15776, stack(0x00000009c7100000,0x00000009c7200000)]
  0x000001755aeec330 JavaThread "Monitor Deflation Thread" daemon [_thread_blocked, id=9132, stack(0x00000009c7200000,0x00000009c7300000)]
=>0x000001755aef04e0 JavaThread "C2 CompilerThread0" daemon [_thread_in_native, id=13244, stack(0x00000009c7300000,0x00000009c7400000)]
  0x000001755aef8eb0 JavaThread "C1 CompilerThread0" daemon [_thread_blocked, id=10908, stack(0x00000009c7400000,0x00000009c7500000)]
  0x000001755aefb7d0 JavaThread "Sweeper thread" daemon [_thread_blocked, id=15588, stack(0x00000009c7500000,0x00000009c7600000)]
  0x000001755f19a3d0 JavaThread "Common-Cleaner" daemon [_thread_blocked, id=2784, stack(0x00000009c7600000,0x00000009c7700000)]
  0x000001755f3ccbf0 JavaThread "JDWP Transport Listener: dt_socket" daemon [_thread_blocked, id=14848, stack(0x00000009c7700000,0x00000009c7800000)]
  0x000001755f39ec30 JavaThread "JDWP Event Helper Thread" daemon [_thread_blocked, id=6132, stack(0x00000009c7800000,0x00000009c7900000)]
  0x000001755f39f4c0 JavaThread "JDWP Command Reader" daemon [_thread_in_native, id=13620, stack(0x00000009c7900000,0x00000009c7a00000)]
  0x000001755f40c3b0 JavaThread "Notification Thread" daemon [_thread_blocked, id=14256, stack(0x00000009c7a00000,0x00000009c7b00000)]
  0x000001755fca2b20 JavaThread "RMI TCP Accept-0" daemon [_thread_in_native, id=13360, stack(0x00000009c7b00000,0x00000009c7c00000)]
  0x000001755fb4b350 JavaThread "RMI TCP Accept-45556" daemon [_thread_in_native, id=12048, stack(0x00000009c7c00000,0x00000009c7d00000)]
  0x000001755fb4ccd0 JavaThread "RMI TCP Accept-0" daemon [_thread_in_native, id=12196, stack(0x00000009c7d00000,0x00000009c7e00000)]
  0x00000175602eb4f0 JavaThread "RMI Scheduler(0)" daemon [_thread_blocked, id=12668, stack(0x00000009c8000000,0x00000009c8100000)]
  0x00000175605aa860 JavaThread "RMI TCP Connection(2)-127.0.0.1" daemon [_thread_in_native, id=9740, stack(0x00000009c8100000,0x00000009c8200000)]
  0x000001756037f7d0 JavaThread "JMX server connection timeout 25" daemon [_thread_blocked, id=13736, stack(0x00000009c8a00000,0x00000009c8b00000)]
  0x000001756037e390 JavaThread "Catalina-utility-1" [_thread_blocked, id=14112, stack(0x00000009c8d00000,0x00000009c8e00000)]
  0x000001756037cf50 JavaThread "Catalina-utility-2" [_thread_blocked, id=5744, stack(0x00000009c8f00000,0x00000009c9000000)]
  0x000001756037d460 JavaThread "container-0" [_thread_blocked, id=14232, stack(0x00000009c9000000,0x00000009c9100000)]
  0x000001756037de80 JavaThread "File Watcher" daemon [_thread_blocked, id=16656, stack(0x00000009c9100000,0x00000009c9200000)]
  0x0000017562f20ac0 JavaThread "Live Reload Server" daemon [_thread_in_native, id=14804, stack(0x00000009c9300000,0x00000009c9400000)]
  0x0000017562f23340 JavaThread "http-nio-8080-exec-1" daemon [_thread_blocked, id=11572, stack(0x00000009c9200000,0x00000009c9300000)]
  0x0000017562f24780 JavaThread "http-nio-8080-exec-2" daemon [_thread_blocked, id=11576, stack(0x00000009c9400000,0x00000009c9500000)]
  0x0000017562f214e0 JavaThread "http-nio-8080-exec-3" daemon [_thread_blocked, id=5096, stack(0x00000009c9500000,0x00000009c9600000)]
  0x0000017562f22920 JavaThread "http-nio-8080-exec-4" daemon [_thread_blocked, id=16564, stack(0x00000009c9600000,0x00000009c9700000)]
  0x0000017562f251a0 JavaThread "http-nio-8080-exec-5" daemon [_thread_blocked, id=16956, stack(0x00000009c9700000,0x00000009c9800000)]
  0x0000017562f20fd0 JavaThread "http-nio-8080-exec-6" daemon [_thread_blocked, id=17228, stack(0x00000009c9800000,0x00000009c9900000)]
  0x0000017562f200a0 JavaThread "http-nio-8080-exec-7" daemon [_thread_blocked, id=2508, stack(0x00000009c9900000,0x00000009c9a00000)]
  0x0000017562f256b0 JavaThread "http-nio-8080-exec-8" daemon [_thread_blocked, id=15868, stack(0x00000009c9a00000,0x00000009c9b00000)]
  0x0000017562f25bc0 JavaThread "http-nio-8080-exec-9" daemon [_thread_blocked, id=9468, stack(0x00000009c9b00000,0x00000009c9c00000)]
  0x0000017562f27510 JavaThread "http-nio-8080-exec-10" daemon [_thread_blocked, id=9656, stack(0x00000009c9c00000,0x00000009c9d00000)]
  0x0000017562f205b0 JavaThread "http-nio-8080-Poller" daemon [_thread_in_native, id=6056, stack(0x00000009c9d00000,0x00000009c9e00000)]
  0x0000017562f219f0 JavaThread "http-nio-8080-Acceptor" daemon [_thread_in_native, id=10356, stack(0x00000009c9e00000,0x00000009c9f00000)]
  0x0000017562f24c90 JavaThread "DestroyJavaVM" [_thread_blocked, id=8816, stack(0x00000009c6600000,0x00000009c6700000)]

Other Threads:
  0x000001755ae973e0 VMThread "VM Thread" [stack: 0x00000009c6c00000,0x00000009c6d00000] [id=4988]
  0x00000175420f2ad0 WatcherThread [stack: 0x00000009c7e00000,0x00000009c7f00000] [id=14640]
  0x0000017542135a90 GCTaskThread "GC Thread#0" [stack: 0x00000009c6700000,0x00000009c6800000] [id=14380]
  0x000001756028d870 GCTaskThread "GC Thread#1" [stack: 0x00000009c8200000,0x00000009c8300000] [id=2844]
  0x000001756058ffe0 GCTaskThread "GC Thread#2" [stack: 0x00000009c8300000,0x00000009c8400000] [id=6576]
  0x000001756029fa20 GCTaskThread "GC Thread#3" [stack: 0x00000009c8400000,0x00000009c8500000] [id=15664]
  0x00000175602680a0 GCTaskThread "GC Thread#4" [stack: 0x00000009c8500000,0x00000009c8600000] [id=10416]
  0x0000017560269960 GCTaskThread "GC Thread#5" [stack: 0x00000009c8600000,0x00000009c8700000] [id=6316]
  0x0000017560269c20 GCTaskThread "GC Thread#6" [stack: 0x00000009c8700000,0x00000009c8800000] [id=13052]
  0x0000017560268620 GCTaskThread "GC Thread#7" [stack: 0x00000009c8800000,0x00000009c8900000] [id=7752]
  0x000001754213e370 ConcurrentGCThread "G1 Main Marker" [stack: 0x00000009c6800000,0x00000009c6900000] [id=15516]
  0x000001754213f440 ConcurrentGCThread "G1 Conc#0" [stack: 0x00000009c6900000,0x00000009c6a00000] [id=15452]
  0x0000017560268ba0 ConcurrentGCThread "G1 Conc#1" [stack: 0x00000009c8e00000,0x00000009c8f00000] [id=7540]
  0x000001754218f0b0 ConcurrentGCThread "G1 Refine#0" [stack: 0x00000009c6a00000,0x00000009c6b00000] [id=4392]
  0x00000175602f28a0 ConcurrentGCThread "G1 Refine#1" [stack: 0x00000009c8900000,0x00000009c8a00000] [id=17056]
  0x000001754218f9f0 ConcurrentGCThread "G1 Service" [stack: 0x00000009c6b00000,0x00000009c6c00000] [id=8900]

Threads with active compile tasks:
C2 CompilerThread0  1542351 8217       4       org.attoparser.HtmlElement::handleCloseElementEnd (15 bytes)

VM state: not at safepoint (normal execution)

VM Mutex/Monitor currently owned by a thread: None

Heap address: 0x00000000c2c00000, size: 980 MB, Compressed Oops mode: 32-bit

CDS archive(s) not mapped
Compressed class space mapped at: 0x0000000100000000-0x0000000140000000, reserved size: 1073741824
Narrow klass base: 0x0000000000000000, Narrow klass shift: 3, Narrow klass range: 0x140000000

GC Precious Log:
 CPUs: 8 total, 8 available
 Memory: 3917M
 Large Page Support: Disabled
 NUMA Support: Disabled
 Compressed Oops: Enabled (32-bit)
 Heap Region Size: 1M
 Heap Min Capacity: 8M
 Heap Initial Capacity: 62M
 Heap Max Capacity: 980M
 Pre-touch: Disabled
 Parallel Workers: 8
 Concurrent Workers: 2
 Concurrent Refinement Workers: 8
 Periodic GC: Disabled

Heap:
 garbage-first heap   total 47104K, used 36775K [0x00000000c2c00000, 0x0000000100000000)
  region size 1024K, 18 young (18432K), 1 survivors (1024K)
 Metaspace       used 51721K, committed 52352K, reserved 1114112K
  class space    used 6252K, committed 6592K, reserved 1048576K

Heap Regions: E=young(eden), S=young(survivor), O=old, HS=humongous(starts), HC=humongous(continues), CS=collection set, F=free, OA=open archive, CA=closed archive, TAMS=top-at-mark-start (previous, next)
|   0|0x00000000c2c00000, 0x00000000c2d00000, 0x00000000c2d00000|100%| O|  |TAMS 0x00000000c2d00000, 0x00000000c2c00000| Untracked 
|   1|0x00000000c2d00000, 0x00000000c2e00000, 0x00000000c2e00000|100%| O|  |TAMS 0x00000000c2e00000, 0x00000000c2d00000| Untracked 
|   2|0x00000000c2e00000, 0x00000000c2f00000, 0x00000000c2f00000|100%| O|  |TAMS 0x00000000c2f00000, 0x00000000c2e00000| Untracked 
|   3|0x00000000c2f00000, 0x00000000c3000000, 0x00000000c3000000|100%| O|  |TAMS 0x00000000c3000000, 0x00000000c2f00000| Untracked 
|   4|0x00000000c3000000, 0x00000000c3100000, 0x00000000c3100000|100%| O|  |TAMS 0x00000000c3100000, 0x00000000c3000000| Untracked 
|   5|0x00000000c3100000, 0x00000000c3200000, 0x00000000c3200000|100%| O|  |TAMS 0x00000000c3200000, 0x00000000c3100000| Untracked 
|   6|0x00000000c3200000, 0x00000000c3300000, 0x00000000c3300000|100%| O|  |TAMS 0x00000000c3300000, 0x00000000c3200000| Untracked 
|   7|0x00000000c3300000, 0x00000000c3400000, 0x00000000c3400000|100%| O|  |TAMS 0x00000000c3400000, 0x00000000c3300000| Untracked 
|   8|0x00000000c3400000, 0x00000000c3500000, 0x00000000c3500000|100%| O|  |TAMS 0x00000000c3500000, 0x00000000c3400000| Untracked 
|   9|0x00000000c3500000, 0x00000000c3600000, 0x00000000c3600000|100%| O|  |TAMS 0x00000000c3600000, 0x00000000c3500000| Untracked 
|  10|0x00000000c3600000, 0x00000000c3700000, 0x00000000c3700000|100%| O|  |TAMS 0x00000000c3700000, 0x00000000c3600000| Untracked 
|  11|0x00000000c3700000, 0x00000000c3800000, 0x00000000c3800000|100%| O|  |TAMS 0x00000000c3800000, 0x00000000c3700000| Untracked 
|  12|0x00000000c3800000, 0x00000000c3900000, 0x00000000c3900000|100%| O|  |TAMS 0x00000000c3900000, 0x00000000c3800000| Untracked 
|  13|0x00000000c3900000, 0x00000000c3a00000, 0x00000000c3a00000|100%| O|  |TAMS 0x00000000c3a00000, 0x00000000c3900000| Untracked 
|  14|0x00000000c3a00000, 0x00000000c3b00000, 0x00000000c3b00000|100%| O|  |TAMS 0x00000000c3b00000, 0x00000000c3a00000| Complete 
|  15|0x00000000c3b00000, 0x00000000c3bb1400, 0x00000000c3c00000| 69%| O|  |TAMS 0x00000000c3bb1400, 0x00000000c3b00000| Untracked 
|  16|0x00000000c3c00000, 0x00000000c3c00000, 0x00000000c3d00000|  0%| F|  |TAMS 0x00000000c3c00000, 0x00000000c3c00000| Untracked 
|  17|0x00000000c3d00000, 0x00000000c3d00000, 0x00000000c3e00000|  0%| F|  |TAMS 0x00000000c3d00000, 0x00000000c3d00000| Untracked 
|  18|0x00000000c3e00000, 0x00000000c3f00000, 0x00000000c3f00000|100%| O|  |TAMS 0x00000000c3f00000, 0x00000000c3e00000| Untracked 
|  19|0x00000000c3f00000, 0x00000000c3f00000, 0x00000000c4000000|  0%| F|  |TAMS 0x00000000c3f00000, 0x00000000c3f00000| Untracked 
|  20|0x00000000c4000000, 0x00000000c4000000, 0x00000000c4100000|  0%| F|  |TAMS 0x00000000c4000000, 0x00000000c4000000| Untracked 
|  21|0x00000000c4100000, 0x00000000c4200000, 0x00000000c4200000|100%| O|  |TAMS 0x00000000c4200000, 0x00000000c4100000| Untracked 
|  22|0x00000000c4200000, 0x00000000c4300000, 0x00000000c4300000|100%| O|  |TAMS 0x00000000c4300000, 0x00000000c4200000| Untracked 
|  23|0x00000000c4300000, 0x00000000c4400000, 0x00000000c4400000|100%| O|  |TAMS 0x00000000c4400000, 0x00000000c4300000| Untracked 
|  24|0x00000000c4400000, 0x00000000c4500000, 0x00000000c4500000|100%| O|  |TAMS 0x00000000c4500000, 0x00000000c4400000| Untracked 
|  25|0x00000000c4500000, 0x00000000c4500000, 0x00000000c4600000|  0%| F|  |TAMS 0x00000000c4500000, 0x00000000c4500000| Untracked 
|  26|0x00000000c4600000, 0x00000000c4600000, 0x00000000c4700000|  0%| F|  |TAMS 0x00000000c4600000, 0x00000000c4600000| Untracked 
|  27|0x00000000c4700000, 0x00000000c4738ac0, 0x00000000c4800000| 22%| S|CS|TAMS 0x00000000c4700000, 0x00000000c4700000| Complete 
|  28|0x00000000c4800000, 0x00000000c4800000, 0x00000000c4900000|  0%| F|  |TAMS 0x00000000c4800000, 0x00000000c4800000| Untracked 
|  29|0x00000000c4900000, 0x00000000c49071e8, 0x00000000c4a00000|  2%| E|  |TAMS 0x00000000c4900000, 0x00000000c4900000| Complete 
|  30|0x00000000c4a00000, 0x00000000c4b00000, 0x00000000c4b00000|100%| E|CS|TAMS 0x00000000c4a00000, 0x00000000c4a00000| Complete 
|  31|0x00000000c4b00000, 0x00000000c4c00000, 0x00000000c4c00000|100%| E|CS|TAMS 0x00000000c4b00000, 0x00000000c4b00000| Complete 
|  32|0x00000000c4c00000, 0x00000000c4d00000, 0x00000000c4d00000|100%| E|CS|TAMS 0x00000000c4c00000, 0x00000000c4c00000| Complete 
|  33|0x00000000c4d00000, 0x00000000c4e00000, 0x00000000c4e00000|100%| E|CS|TAMS 0x00000000c4d00000, 0x00000000c4d00000| Complete 
|  34|0x00000000c4e00000, 0x00000000c4f00000, 0x00000000c4f00000|100%| E|CS|TAMS 0x00000000c4e00000, 0x00000000c4e00000| Complete 
|  35|0x00000000c4f00000, 0x00000000c5000000, 0x00000000c5000000|100%| E|CS|TAMS 0x00000000c4f00000, 0x00000000c4f00000| Complete 
|  36|0x00000000c5000000, 0x00000000c5100000, 0x00000000c5100000|100%| E|CS|TAMS 0x00000000c5000000, 0x00000000c5000000| Complete 
|  37|0x00000000c5100000, 0x00000000c5200000, 0x00000000c5200000|100%| E|  |TAMS 0x00000000c5100000, 0x00000000c5100000| Complete 
|  38|0x00000000c5200000, 0x00000000c5300000, 0x00000000c5300000|100%| E|CS|TAMS 0x00000000c5200000, 0x00000000c5200000| Complete 
|  39|0x00000000c5300000, 0x00000000c5400000, 0x00000000c5400000|100%| E|CS|TAMS 0x00000000c5300000, 0x00000000c5300000| Complete 
|  40|0x00000000c5400000, 0x00000000c5500000, 0x00000000c5500000|100%| E|CS|TAMS 0x00000000c5400000, 0x00000000c5400000| Complete 
|  41|0x00000000c5500000, 0x00000000c5600000, 0x00000000c5600000|100%| E|CS|TAMS 0x00000000c5500000, 0x00000000c5500000| Complete 
|  42|0x00000000c5600000, 0x00000000c5700000, 0x00000000c5700000|100%| E|CS|TAMS 0x00000000c5600000, 0x00000000c5600000| Complete 
|  55|0x00000000c6300000, 0x00000000c6400000, 0x00000000c6400000|100%| E|CS|TAMS 0x00000000c6300000, 0x00000000c6300000| Complete 
|  56|0x00000000c6400000, 0x00000000c6500000, 0x00000000c6500000|100%| E|CS|TAMS 0x00000000c6400000, 0x00000000c6400000| Complete 
|  61|0x00000000c6900000, 0x00000000c6a00000, 0x00000000c6a00000|100%| E|CS|TAMS 0x00000000c6900000, 0x00000000c6900000| Complete 

Card table byte_map: [0x00000175561d0000,0x00000175563c0000] _byte_map_base: 0x0000017555bba000

Marking Bits (Prev, Next): (CMBitMap*) 0x0000017542136000, (CMBitMap*) 0x0000017542135fc0
 Prev Bits: [0x0000017557500000, 0x0000017558450000)
 Next Bits: [0x00000175565b0000, 0x0000017557500000)

Polling page: 0x00000175421a0000

Metaspace:

Usage:
  Non-class:     44.40 MB used.
      Class:      6.11 MB used.
       Both:     50.51 MB used.

Virtual space:
  Non-class space:       64.00 MB reserved,      44.69 MB ( 70%) committed,  1 nodes.
      Class space:        1.00 GB reserved,       6.44 MB ( <1%) committed,  1 nodes.
             Both:        1.06 GB reserved,      51.12 MB (  5%) committed. 

Chunk freelists:
   Non-Class:  3.33 MB
       Class:  9.74 MB
        Both:  13.07 MB

MaxMetaspaceSize: unlimited
CompressedClassSpaceSize: 1.00 GB
Initial GC threshold: 21.00 MB
Current GC threshold: 85.12 MB
CDS: off
MetaspaceReclaimPolicy: balanced
 - commit_granule_bytes: 65536.
 - commit_granule_words: 8192.
 - virtual_space_node_default_size: 8388608.
 - enlarge_chunks_in_place: 1.
 - new_chunks_are_fully_committed: 0.
 - uncommit_free_chunks: 1.
 - use_allocation_guard: 0.
 - handle_deallocations: 1.


Internal statistics:

num_allocs_failed_limit: 5.
num_arena_births: 852.
num_arena_deaths: 336.
num_vsnodes_births: 2.
num_vsnodes_deaths: 0.
num_space_committed: 818.
num_space_uncommitted: 0.
num_chunks_returned_to_freelist: 402.
num_chunks_taken_from_freelist: 2479.
num_chunk_merges: 141.
num_chunk_splits: 1614.
num_chunks_enlarged: 1135.
num_inconsistent_stats: 0.

CodeHeap 'non-profiled nmethods': size=120000Kb used=4187Kb max_used=4187Kb free=115813Kb
 bounds [0x000001754e050000, 0x000001754e470000, 0x0000017555580000]
CodeHeap 'profiled nmethods': size=120000Kb used=14536Kb max_used=14536Kb free=105463Kb
 bounds [0x0000017546580000, 0x00000175473c0000, 0x000001754dab0000]
CodeHeap 'non-nmethods': size=5760Kb used=1346Kb max_used=1436Kb free=4413Kb
 bounds [0x000001754dab0000, 0x000001754dd20000, 0x000001754e050000]
 total_blobs=7906 nmethods=7310 adapters=507
 compilation: enabled
              stopped_count=0, restarted_count=0
 full_count=0

Compilation events (20 events):
Event: 1541.630 Thread 0x000001755aef8eb0 8227       3       org.apache.tomcat.util.buf.CharChunk::toString (29 bytes)
Event: 1541.631 Thread 0x000001755aef8eb0 nmethod 8227 0x00000175473aeb90 code [0x00000175473aed60, 0x00000175473af0e8]
Event: 1541.631 Thread 0x000001755aef8eb0 8225       3       org.apache.catalina.mapper.Mapper::exactFindIgnoreCase (29 bytes)
Event: 1541.633 Thread 0x000001755aef8eb0 nmethod 8225 0x00000175473af190 code [0x00000175473af360, 0x00000175473af758]
Event: 1541.633 Thread 0x000001755aef8eb0 8215   !   3       org.springframework.web.servlet.resource.ResourceUrlProviderExposingInterceptor::preHandle (35 bytes)
Event: 1541.636 Thread 0x000001755aef8eb0 nmethod 8215 0x00000175473af910 code [0x00000175473afae0, 0x00000175473afea8]
Event: 1541.636 Thread 0x000001755aef8eb0 8226       3       org.apache.catalina.mapper.Mapper::findIgnoreCase (14 bytes)
Event: 1541.637 Thread 0x000001755aef8eb0 nmethod 8226 0x00000175473b0090 code [0x00000175473b0240, 0x00000175473b04a8]
Event: 1541.637 Thread 0x000001755aef8eb0 8228       3       org.apache.catalina.connector.RequestFacade::getHttpServletMapping (12 bytes)
Event: 1541.645 Thread 0x000001755aef8eb0 nmethod 8228 0x00000175473b0590 code [0x00000175473b0780, 0x00000175473b0b08]
Event: 1541.645 Thread 0x000001755aef8eb0 8216       3       org.attoparser.HtmlVoidAutoOpenCloseElement::handleStandaloneElementStart (78 bytes)
Event: 1541.656 Thread 0x000001755aef8eb0 nmethod 8216 0x00000175473b0d10 code [0x00000175473b0ee0, 0x00000175473b14c8]
Event: 1541.661 Thread 0x000001755aef8eb0 8229       3       io.micrometer.observation.Observation$Context::<init> (38 bytes)
Event: 1541.662 Thread 0x000001755aef8eb0 nmethod 8229 0x00000175473b1710 code [0x00000175473b1920, 0x00000175473b20d8]
Event: 1541.662 Thread 0x000001755aef8eb0 8230       3       io.micrometer.observation.SimpleObservation::<init> (107 bytes)
Event: 1541.668 Thread 0x000001755aef8eb0 nmethod 8230 0x00000175473b2310 code [0x00000175473b25a0, 0x00000175473b2fc8]
Event: 1541.668 Thread 0x000001755aef8eb0 8231       3       org.springframework.web.servlet.support.SessionFlashMapManager::retrieveFlashMaps (29 bytes)
Event: 1541.673 Thread 0x000001755aef8eb0 nmethod 8231 0x00000175473b3390 code [0x00000175473b3560, 0x00000175473b3978]
Event: 1541.674 Thread 0x000001755aef8eb0 8232       3       org.springframework.http.server.RequestPath::parse (10 bytes)
Event: 1541.674 Thread 0x000001755aef8eb0 nmethod 8232 0x00000175473b3a90 code [0x00000175473b3c40, 0x00000175473b3dc8]

GC Heap History (20 events):
Event: 620.342 GC heap before
{Heap before GC invocations=30 (full 0):
 garbage-first heap   total 47104K, used 37173K [0x00000000c2c00000, 0x0000000100000000)
  region size 1024K, 14 young (14336K), 1 survivors (1024K)
 Metaspace       used 51019K, committed 51584K, reserved 1114112K
  class space    used 6332K, committed 6592K, reserved 1048576K
}
Event: 620.545 GC heap after
{Heap after GC invocations=31 (full 0):
 garbage-first heap   total 47104K, used 23861K [0x00000000c2c00000, 0x0000000100000000)
  region size 1024K, 1 young (1024K), 1 survivors (1024K)
 Metaspace       used 51019K, committed 51584K, reserved 1114112K
  class space    used 6332K, committed 6592K, reserved 1048576K
}
Event: 627.121 GC heap before
{Heap before GC invocations=31 (full 0):
 garbage-first heap   total 47104K, used 24885K [0x00000000c2c00000, 0x0000000100000000)
  region size 1024K, 2 young (2048K), 1 survivors (1024K)
 Metaspace       used 51030K, committed 51584K, reserved 1114112K
  class space    used 6332K, committed 6592K, reserved 1048576K
}
Event: 627.177 GC heap after
{Heap after GC invocations=32 (full 0):
 garbage-first heap   total 47104K, used 23629K [0x00000000c2c00000, 0x0000000100000000)
  region size 1024K, 1 young (1024K), 1 survivors (1024K)
 Metaspace       used 51030K, committed 51584K, reserved 1114112K
  class space    used 6332K, committed 6592K, reserved 1048576K
}
Event: 793.745 GC heap before
{Heap before GC invocations=32 (full 0):
 garbage-first heap   total 47104K, used 37965K [0x00000000c2c00000, 0x0000000100000000)
  region size 1024K, 15 young (15360K), 1 survivors (1024K)
 Metaspace       used 51154K, committed 51712K, reserved 1114112K
  class space    used 6334K, committed 6592K, reserved 1048576K
}
Event: 793.906 GC heap after
{Heap after GC invocations=33 (full 0):
 garbage-first heap   total 47104K, used 23770K [0x00000000c2c00000, 0x0000000100000000)
  region size 1024K, 1 young (1024K), 1 survivors (1024K)
 Metaspace       used 51154K, committed 51712K, reserved 1114112K
  class space    used 6334K, committed 6592K, reserved 1048576K
}
Event: 941.179 GC heap before
{Heap before GC invocations=34 (full 0):
 garbage-first heap   total 47104K, used 38106K [0x00000000c2c00000, 0x0000000100000000)
  region size 1024K, 16 young (16384K), 1 survivors (1024K)
 Metaspace       used 51324K, committed 51840K, reserved 1114112K
  class space    used 6334K, committed 6592K, reserved 1048576K
}
Event: 941.241 GC heap after
{Heap after GC invocations=35 (full 0):
 garbage-first heap   total 47104K, used 23706K [0x00000000c2c00000, 0x0000000100000000)
  region size 1024K, 1 young (1024K), 1 survivors (1024K)
 Metaspace       used 51324K, committed 51840K, reserved 1114112K
  class space    used 6334K, committed 6592K, reserved 1048576K
}
Event: 956.734 GC heap before
{Heap before GC invocations=35 (full 0):
 garbage-first heap   total 47104K, used 24730K [0x00000000c2c00000, 0x0000000100000000)
  region size 1024K, 2 young (2048K), 1 survivors (1024K)
 Metaspace       used 51325K, committed 51840K, reserved 1114112K
  class space    used 6334K, committed 6592K, reserved 1048576K
}
Event: 956.800 GC heap after
{Heap after GC invocations=36 (full 0):
 garbage-first heap   total 47104K, used 23467K [0x00000000c2c00000, 0x0000000100000000)
  region size 1024K, 1 young (1024K), 1 survivors (1024K)
 Metaspace       used 51325K, committed 51840K, reserved 1114112K
  class space    used 6334K, committed 6592K, reserved 1048576K
}
Event: 1103.298 GC heap before
{Heap before GC invocations=36 (full 0):
 garbage-first heap   total 47104K, used 38827K [0x00000000c2c00000, 0x0000000100000000)
  region size 1024K, 16 young (16384K), 1 survivors (1024K)
 Metaspace       used 51514K, committed 52096K, reserved 1114112K
  class space    used 6334K, committed 6592K, reserved 1048576K
}
Event: 1103.342 GC heap after
{Heap after GC invocations=37 (full 0):
 garbage-first heap   total 47104K, used 23644K [0x00000000c2c00000, 0x0000000100000000)
  region size 1024K, 1 young (1024K), 1 survivors (1024K)
 Metaspace       used 51514K, committed 52096K, reserved 1114112K
  class space    used 6334K, committed 6592K, reserved 1048576K
}
Event: 1213.018 GC heap before
{Heap before GC invocations=38 (full 0):
 garbage-first heap   total 47104K, used 37980K [0x00000000c2c00000, 0x0000000100000000)
  region size 1024K, 16 young (16384K), 1 survivors (1024K)
 Metaspace       used 51357K, committed 52160K, reserved 1114112K
  class space    used 6249K, committed 6592K, reserved 1048576K
}
Event: 1213.105 GC heap after
{Heap after GC invocations=39 (full 0):
 garbage-first heap   total 47104K, used 23476K [0x00000000c2c00000, 0x0000000100000000)
  region size 1024K, 1 young (1024K), 1 survivors (1024K)
 Metaspace       used 51357K, committed 52160K, reserved 1114112K
  class space    used 6249K, committed 6592K, reserved 1048576K
}
Event: 1213.227 GC heap before
{Heap before GC invocations=39 (full 0):
 garbage-first heap   total 47104K, used 24500K [0x00000000c2c00000, 0x0000000100000000)
  region size 1024K, 2 young (2048K), 1 survivors (1024K)
 Metaspace       used 51385K, committed 52160K, reserved 1114112K
  class space    used 6251K, committed 6592K, reserved 1048576K
}
Event: 1213.288 GC heap after
{Heap after GC invocations=40 (full 0):
 garbage-first heap   total 47104K, used 21462K [0x00000000c2c00000, 0x0000000100000000)
  region size 1024K, 1 young (1024K), 1 survivors (1024K)
 Metaspace       used 51385K, committed 52160K, reserved 1114112K
  class space    used 6251K, committed 6592K, reserved 1048576K
}
Event: 1221.044 GC heap before
{Heap before GC invocations=40 (full 0):
 garbage-first heap   total 47104K, used 22486K [0x00000000c2c00000, 0x0000000100000000)
  region size 1024K, 2 young (2048K), 1 survivors (1024K)
 Metaspace       used 51428K, committed 52224K, reserved 1114112K
  class space    used 6251K, committed 6592K, reserved 1048576K
}
Event: 1221.054 GC heap after
{Heap after GC invocations=41 (full 0):
 garbage-first heap   total 47104K, used 21389K [0x00000000c2c00000, 0x0000000100000000)
  region size 1024K, 1 young (1024K), 1 survivors (1024K)
 Metaspace       used 51428K, committed 52224K, reserved 1114112K
  class space    used 6251K, committed 6592K, reserved 1048576K
}
Event: 1365.207 GC heap before
{Heap before GC invocations=41 (full 0):
 garbage-first heap   total 47104K, used 38797K [0x00000000c2c00000, 0x0000000100000000)
  region size 1024K, 18 young (18432K), 1 survivors (1024K)
 Metaspace       used 51530K, committed 52288K, reserved 1114112K
  class space    used 6251K, committed 6592K, reserved 1048576K
}
Event: 1365.262 GC heap after
{Heap after GC invocations=42 (full 0):
 garbage-first heap   total 47104K, used 21415K [0x00000000c2c00000, 0x0000000100000000)
  region size 1024K, 1 young (1024K), 1 survivors (1024K)
 Metaspace       used 51530K, committed 52288K, reserved 1114112K
  class space    used 6251K, committed 6592K, reserved 1048576K
}

Dll operation events (9 events):
Event: 0.077 Loaded shared library C:\Users\russe\.vscode\extensions\redhat.java-1.37.0-win32-x64\jre\17.0.13-win32-x86_64\bin\java.dll
Event: 1.640 Loaded shared library C:\Users\russe\.vscode\extensions\redhat.java-1.37.0-win32-x64\jre\17.0.13-win32-x86_64\bin\jimage.dll
Event: 1.668 Loaded shared library C:\Users\russe\.vscode\extensions\redhat.java-1.37.0-win32-x64\jre\17.0.13-win32-x86_64\bin\net.dll
Event: 1.672 Loaded shared library C:\Users\russe\.vscode\extensions\redhat.java-1.37.0-win32-x64\jre\17.0.13-win32-x86_64\bin\nio.dll
Event: 1.686 Loaded shared library C:\Users\russe\.vscode\extensions\redhat.java-1.37.0-win32-x64\jre\17.0.13-win32-x86_64\bin\zip.dll
Event: 1.867 Loaded shared library C:\Users\russe\.vscode\extensions\redhat.java-1.37.0-win32-x64\jre\17.0.13-win32-x86_64\bin\management.dll
Event: 1.925 Loaded shared library C:\Users\russe\.vscode\extensions\redhat.java-1.37.0-win32-x64\jre\17.0.13-win32-x86_64\bin\management_ext.dll
Event: 3.714 Loaded shared library C:\Users\russe\.vscode\extensions\redhat.java-1.37.0-win32-x64\jre\17.0.13-win32-x86_64\bin\extnet.dll
Event: 7.029 Loaded shared library C:\Users\russe\.vscode\extensions\redhat.java-1.37.0-win32-x64\jre\17.0.13-win32-x86_64\bin\sunmscapi.dll

Deoptimization events (20 events):
Event: 1528.181 Thread 0x0000017562f25bc0 DEOPT PACKING pc=0x0000017546642944 sp=0x00000009c9bfe9b0
Event: 1528.183 Thread 0x0000017562f251a0 DEOPT PACKING pc=0x0000017546642944 sp=0x00000009c97fe7c0
Event: 1528.183 Thread 0x0000017562f25bc0 DEOPT UNPACKING pc=0x000001754db07143 sp=0x00000009c9bfdec0 mode 1
Event: 1528.184 Thread 0x0000017562f25bc0 DEOPT PACKING pc=0x00000175471336a4 sp=0x00000009c9bfeab0
Event: 1528.184 Thread 0x0000017562f25bc0 DEOPT UNPACKING pc=0x000001754db07143 sp=0x00000009c9bfdfe0 mode 1
Event: 1528.184 Thread 0x0000017562f25bc0 DEOPT PACKING pc=0x0000017546b365b4 sp=0x00000009c9bfeba0
Event: 1528.184 Thread 0x0000017562f251a0 DEOPT UNPACKING pc=0x000001754db07143 sp=0x00000009c97fdcd0 mode 1
Event: 1528.184 Thread 0x0000017562f25bc0 DEOPT UNPACKING pc=0x000001754db07143 sp=0x00000009c9bfe0f8 mode 1
Event: 1528.184 Thread 0x0000017562f25bc0 DEOPT PACKING pc=0x000001754e444b1c sp=0x00000009c9bfecc0
Event: 1528.184 Thread 0x0000017562f251a0 DEOPT PACKING pc=0x00000175471336a4 sp=0x00000009c97fe8c0
Event: 1528.184 Thread 0x0000017562f25bc0 DEOPT UNPACKING pc=0x000001754db07143 sp=0x00000009c9bfe178 mode 1
Event: 1528.184 Thread 0x0000017562f251a0 DEOPT UNPACKING pc=0x000001754db07143 sp=0x00000009c97fddf0 mode 1
Event: 1528.184 Thread 0x0000017562f251a0 DEOPT PACKING pc=0x0000017546b365b4 sp=0x00000009c97fe9b0
Event: 1528.184 Thread 0x0000017562f25bc0 DEOPT PACKING pc=0x0000017547276fd4 sp=0x00000009c9bfed50
Event: 1528.184 Thread 0x0000017562f251a0 DEOPT UNPACKING pc=0x000001754db07143 sp=0x00000009c97fdf08 mode 1
Event: 1528.184 Thread 0x0000017562f251a0 DEOPT PACKING pc=0x000001754e444b1c sp=0x00000009c97fead0
Event: 1528.184 Thread 0x0000017562f25bc0 DEOPT UNPACKING pc=0x000001754db07143 sp=0x00000009c9bfe358 mode 1
Event: 1528.184 Thread 0x0000017562f251a0 DEOPT UNPACKING pc=0x000001754db07143 sp=0x00000009c97fdf88 mode 1
Event: 1528.184 Thread 0x0000017562f251a0 DEOPT PACKING pc=0x0000017547276fd4 sp=0x00000009c97feb60
Event: 1528.184 Thread 0x0000017562f251a0 DEOPT UNPACKING pc=0x000001754db07143 sp=0x00000009c97fe168 mode 1

Classes loaded (20 events):
Event: 34.443 Loading class sun/nio/cs/ThreadLocalCoders$Cache done
Event: 34.443 Loading class sun/nio/cs/ThreadLocalCoders$1 done
Event: 34.444 Loading class sun/nio/cs/ThreadLocalCoders$2
Event: 34.444 Loading class sun/nio/cs/ThreadLocalCoders$2 done
Event: 34.498 Loading class java/util/concurrent/locks/ReentrantReadWriteLock$Sync$HoldCounter
Event: 34.498 Loading class java/util/concurrent/locks/ReentrantReadWriteLock$Sync$HoldCounter done
Event: 34.552 Loading class java/util/concurrent/ArrayBlockingQueue
Event: 34.553 Loading class java/util/concurrent/ArrayBlockingQueue done
Event: 34.554 Loading class java/util/concurrent/ArrayBlockingQueue$Itr
Event: 34.555 Loading class java/util/concurrent/ArrayBlockingQueue$Itr done
Event: 34.604 Loading class java/util/ArrayList$SubList$2
Event: 34.604 Loading class java/util/ArrayList$SubList$2 done
Event: 34.620 Loading class java/time/format/DateTimeFormatterBuilder$ZoneTextPrinterParser
Event: 34.621 Loading class java/time/format/DateTimeFormatterBuilder$ZoneTextPrinterParser done
Event: 34.621 Loading class java/time/format/DateTimeFormatterBuilder$ReducedPrinterParser
Event: 34.621 Loading class java/time/format/DateTimeFormatterBuilder$ReducedPrinterParser done
Event: 34.636 Loading class java/util/ArrayDeque$DescendingIterator
Event: 34.636 Loading class java/util/ArrayDeque$DescendingIterator done
Event: 163.004 Loading class java/util/concurrent/atomic/Striped64$Cell
Event: 163.015 Loading class java/util/concurrent/atomic/Striped64$Cell done

Classes unloaded (20 events):
Event: 1103.604 Thread 0x000001755ae973e0 Unloading class 0x0000000100143000 'java/lang/invoke/LambdaForm$MH+0x0000000100143000'
Event: 1103.605 Thread 0x000001755ae973e0 Unloading class 0x0000000100141800 'jdk/internal/reflect/GeneratedSerializationConstructorAccessor3'
Event: 1103.605 Thread 0x000001755ae973e0 Unloading class 0x0000000100141400 'jdk/internal/reflect/GeneratedSerializationConstructorAccessor2'
Event: 1103.605 Thread 0x000001755ae973e0 Unloading class 0x0000000100141000 'jdk/internal/reflect/GeneratedSerializationConstructorAccessor1'
Event: 1103.605 Thread 0x000001755ae973e0 Unloading class 0x0000000100140800 'java/lang/invoke/LambdaForm$DMH+0x0000000100140800'
Event: 1103.605 Thread 0x000001755ae973e0 Unloading class 0x0000000100140000 'java/lang/invoke/LambdaForm$DMH+0x0000000100140000'
Event: 1103.605 Thread 0x000001755ae973e0 Unloading class 0x00000001000c6c00 'jdk/internal/reflect/GeneratedConstructorAccessor1'
Event: 1103.606 Thread 0x000001755ae973e0 Unloading class 0x00000001000c6000 'java/lang/invoke/LambdaForm$MH+0x00000001000c6000'
Event: 1103.606 Thread 0x000001755ae973e0 Unloading class 0x00000001000c5c00 'java/lang/invoke/LambdaForm$MH+0x00000001000c5c00'
Event: 1103.606 Thread 0x000001755ae973e0 Unloading class 0x00000001000c5800 'java/lang/invoke/LambdaForm$MH+0x00000001000c5800'
Event: 1103.606 Thread 0x000001755ae973e0 Unloading class 0x00000001000c5400 'java/lang/invoke/LambdaForm$MH+0x00000001000c5400'
Event: 1103.606 Thread 0x000001755ae973e0 Unloading class 0x00000001000c5000 'java/lang/invoke/LambdaForm$MH+0x00000001000c5000'
Event: 1103.606 Thread 0x000001755ae973e0 Unloading class 0x00000001000c4c00 'java/lang/invoke/LambdaForm$MH+0x00000001000c4c00'
Event: 1103.606 Thread 0x000001755ae973e0 Unloading class 0x00000001000c3c00 'java/lang/invoke/LambdaForm$MH+0x00000001000c3c00'
Event: 1103.606 Thread 0x000001755ae973e0 Unloading class 0x00000001000c3800 'java/lang/invoke/LambdaForm$MH+0x00000001000c3800'
Event: 1103.606 Thread 0x000001755ae973e0 Unloading class 0x00000001000c3000 'java/lang/invoke/LambdaForm$MH+0x00000001000c3000'
Event: 1103.606 Thread 0x000001755ae973e0 Unloading class 0x00000001000c2400 'java/lang/invoke/LambdaForm$MH+0x00000001000c2400'
Event: 1103.606 Thread 0x000001755ae973e0 Unloading class 0x00000001000c1c00 'java/lang/invoke/LambdaForm$MH+0x00000001000c1c00'
Event: 1103.606 Thread 0x000001755ae973e0 Unloading class 0x00000001000c1400 'java/lang/invoke/LambdaForm$MH+0x00000001000c1400'
Event: 1103.606 Thread 0x000001755ae973e0 Unloading class 0x00000001000c0c00 'java/lang/invoke/LambdaForm$MH+0x00000001000c0c00'

Classes redefined (0 events):
No events

Internal exceptions (20 events):
Event: 12.267 Thread 0x00000175605aa860 Exception <a 'java/lang/ClassNotFoundException'{0x00000000c4cef920}: org/springframework/boot/actuate/endpoint/jmx/EndpointMBean> (0x00000000c4cef920) 
thrown [s\src\hotspot\share\classfile\systemDictionary.cpp, line 256]
Event: 12.267 Thread 0x00000175605aa860 Exception <a 'java/lang/ClassNotFoundException'{0x00000000c4cefcd0}: org/springframework/boot/actuate/endpoint/jmx/DataEndpointMBean> (0x00000000c4cefcd0) 
thrown [s\src\hotspot\share\classfile\systemDictionary.cpp, line 256]
Event: 12.267 Thread 0x00000175605aa860 Exception <a 'java/lang/ClassNotFoundException'{0x00000000c4cf0078}: org/springframework/context/support/LiveBeansView> (0x00000000c4cf0078) 
thrown [s\src\hotspot\share\classfile\systemDictionary.cpp, line 256]
Event: 12.271 Thread 0x00000175605aa860 Exception <a 'java/lang/ClassNotFoundException'{0x00000000c4b3f0c0}: org/springframework/boot/actuate/endpoint/jmx/EndpointMBean> (0x00000000c4b3f0c0) 
thrown [s\src\hotspot\share\classfile\systemDictionary.cpp, line 256]
Event: 12.274 Thread 0x00000175605aa860 Exception <a 'java/lang/ClassNotFoundException'{0x00000000c4b8add8}: org/springframework/boot/actuate/endpoint/jmx/DataEndpointMBean> (0x00000000c4b8add8) 
thrown [s\src\hotspot\share\classfile\systemDictionary.cpp, line 256]
Event: 12.277 Thread 0x00000175605aa860 Exception <a 'java/lang/ClassNotFoundException'{0x00000000c4bd6a68}: org/springframework/context/support/LiveBeansView> (0x00000000c4bd6a68) 
thrown [s\src\hotspot\share\classfile\systemDictionary.cpp, line 256]
Event: 12.277 Thread 0x00000175605aa860 Exception <a 'java/lang/ClassNotFoundException'{0x00000000c4bd6f70}: org/springframework/boot/actuate/endpoint/jmx/EndpointMBean> (0x00000000c4bd6f70) 
thrown [s\src\hotspot\share\classfile\systemDictionary.cpp, line 256]
Event: 12.278 Thread 0x00000175605aa860 Exception <a 'java/lang/ClassNotFoundException'{0x00000000c4bd7340}: org/springframework/boot/actuate/endpoint/jmx/DataEndpointMBean> (0x00000000c4bd7340) 
thrown [s\src\hotspot\share\classfile\systemDictionary.cpp, line 256]
Event: 12.278 Thread 0x00000175605aa860 Exception <a 'java/lang/ClassNotFoundException'{0x00000000c4bd7948}: org/springframework/context/support/LiveBeansView> (0x00000000c4bd7948) 
thrown [s\src\hotspot\share\classfile\systemDictionary.cpp, line 256]
Event: 12.278 Thread 0x00000175605aa860 Exception <a 'java/lang/ClassNotFoundException'{0x00000000c4bd7d00}: org/springframework/boot/actuate/endpoint/jmx/EndpointMBean> (0x00000000c4bd7d00) 
thrown [s\src\hotspot\share\classfile\systemDictionary.cpp, line 256]
Event: 12.278 Thread 0x00000175605aa860 Exception <a 'java/lang/ClassNotFoundException'{0x00000000c4bd80b8}: org/springframework/boot/actuate/endpoint/jmx/DataEndpointMBean> (0x00000000c4bd80b8) 
thrown [s\src\hotspot\share\classfile\systemDictionary.cpp, line 256]
Event: 12.278 Thread 0x00000175605aa860 Exception <a 'java/lang/ClassNotFoundException'{0x00000000c4bd8468}: org/springframework/context/support/LiveBeansView> (0x00000000c4bd8468) 
thrown [s\src\hotspot\share\classfile\systemDictionary.cpp, line 256]
Event: 12.278 Thread 0x00000175605aa860 Exception <a 'java/lang/ClassNotFoundException'{0x00000000c4bd8820}: org/springframework/boot/actuate/endpoint/jmx/EndpointMBean> (0x00000000c4bd8820) 
thrown [s\src\hotspot\share\classfile\systemDictionary.cpp, line 256]
Event: 12.278 Thread 0x00000175605aa860 Exception <a 'java/lang/ClassNotFoundException'{0x00000000c4bd8bd8}: org/springframework/boot/actuate/endpoint/jmx/DataEndpointMBean> (0x00000000c4bd8bd8) 
thrown [s\src\hotspot\share\classfile\systemDictionary.cpp, line 256]
Event: 12.278 Thread 0x00000175605aa860 Exception <a 'java/lang/ClassNotFoundException'{0x00000000c4bd8f88}: org/springframework/context/support/LiveBeansView> (0x00000000c4bd8f88) 
thrown [s\src\hotspot\share\classfile\systemDictionary.cpp, line 256]
Event: 12.291 Thread 0x00000175605aa860 Exception <a 'java/lang/NoSuchMethodError'{0x00000000c4a00110}: 'double java.lang.invoke.DirectMethodHandle$Holder.invokeInterface(java.lang.Object, java.lang.Object)'> (0x00000000c4a00110) 
thrown [s\src\hotspot\share\interpreter\linkResolver.cpp, line 759]
Event: 34.437 Thread 0x0000017562f24780 Exception <a 'java/lang/NoSuchMethodError'{0x00000000c559f758}: 'java.lang.Object java.lang.invoke.DirectMethodHandle$Holder.invokeSpecial(java.lang.Object, java.lang.Object, java.lang.Object, java.lang.Object, java.lang.Object, long)'> (0x00000000c559f758) 
thrown [s\src\hotspot\share\interpreter\linkResolver.cpp, line 759]
Event: 34.437 Thread 0x0000017562f24780 Exception <a 'java/lang/NoSuchMethodError'{0x00000000c55a3198}: 'java.lang.Object java.lang.invoke.Invokers$Holder.linkToTargetMethod(java.lang.Object, java.lang.Object, java.lang.Object, long, java.lang.Object)'> (0x00000000c55a3198) 
thrown [s\src\hotspot\share\interpreter\linkResolver.cpp, line 759]
Event: 34.603 Thread 0x0000017562f23340 Exception <a 'java/lang/NoSuchMethodError'{0x00000000c521cb18}: 'java.lang.Object java.lang.invoke.DirectMethodHandle$Holder.invokeStatic(java.lang.Object, int, int)'> (0x00000000c521cb18) 
thrown [s\src\hotspot\share\interpreter\linkResolver.cpp, line 759]
Event: 34.603 Thread 0x0000017562f24780 Exception <a 'java/lang/NoSuchMethodError'{0x00000000c52278b8}: 'java.lang.Object java.lang.invoke.DirectMethodHandle$Holder.invokeStatic(java.lang.Object, int, int)'> (0x00000000c52278b8) 
thrown [s\src\hotspot\share\interpreter\linkResolver.cpp, line 759]

VM Operations (20 events):
Event: 1426.800 Executing VM operation: Cleanup
Event: 1426.800 Executing VM operation: Cleanup done
Event: 1442.616 Executing VM operation: HandshakeAllThreads
Event: 1442.617 Executing VM operation: HandshakeAllThreads done
Event: 1448.686 Executing VM operation: Cleanup
Event: 1448.686 Executing VM operation: Cleanup done
Event: 1449.691 Executing VM operation: Cleanup
Event: 1449.691 Executing VM operation: Cleanup done
Event: 1450.697 Executing VM operation: Cleanup
Event: 1450.697 Executing VM operation: Cleanup done
Event: 1502.661 Executing VM operation: HandshakeAllThreads
Event: 1502.663 Executing VM operation: HandshakeAllThreads done
Event: 1525.829 Executing VM operation: Cleanup
Event: 1526.396 Executing VM operation: Cleanup done
Event: 1527.400 Executing VM operation: Cleanup
Event: 1527.401 Executing VM operation: Cleanup done
Event: 1539.503 Executing VM operation: Cleanup
Event: 1539.504 Executing VM operation: Cleanup done
Event: 1541.532 Executing VM operation: Cleanup
Event: 1541.532 Executing VM operation: Cleanup done

Memory protections (0 events):
No events

Nmethod flushes (20 events):
Event: 170.490 Thread 0x000001755aefb7d0 flushing  nmethod 0x0000017546fdbe10
Event: 170.490 Thread 0x000001755aefb7d0 flushing  nmethod 0x0000017546fdd590
Event: 170.490 Thread 0x000001755aefb7d0 flushing  nmethod 0x0000017546fde890
Event: 170.490 Thread 0x000001755aefb7d0 flushing  nmethod 0x0000017546fded10
Event: 170.490 Thread 0x000001755aefb7d0 flushing  nmethod 0x0000017546fe0490
Event: 170.490 Thread 0x000001755aefb7d0 flushing  nmethod 0x0000017546fe1190
Event: 170.490 Thread 0x000001755aefb7d0 flushing  nmethod 0x0000017546fe1690
Event: 170.490 Thread 0x000001755aefb7d0 flushing  nmethod 0x0000017546fe3590
Event: 170.490 Thread 0x000001755aefb7d0 flushing  nmethod 0x0000017546fe4c10
Event: 170.490 Thread 0x000001755aefb7d0 flushing  nmethod 0x0000017546fe5710
Event: 170.491 Thread 0x000001755aefb7d0 flushing  nmethod 0x0000017546fe9790
Event: 170.491 Thread 0x000001755aefb7d0 flushing  nmethod 0x0000017546fe9f10
Event: 170.491 Thread 0x000001755aefb7d0 flushing  nmethod 0x0000017546fea890
Event: 170.491 Thread 0x000001755aefb7d0 flushing  nmethod 0x0000017546fecc90
Event: 170.491 Thread 0x000001755aefb7d0 flushing  nmethod 0x0000017546fed090
Event: 170.491 Thread 0x000001755aefb7d0 flushing  nmethod 0x0000017546fed690
Event: 170.491 Thread 0x000001755aefb7d0 flushing  nmethod 0x0000017546fedf90
Event: 170.491 Thread 0x000001755aefb7d0 flushing  nmethod 0x0000017546fee790
Event: 170.491 Thread 0x000001755aefb7d0 flushing  nmethod 0x0000017546fef410
Event: 170.491 Thread 0x000001755aefb7d0 flushing  nmethod 0x0000017546ff0090

Events (20 events):
Event: 11.414 Thread 0x000001756037d970 Thread added: 0x0000017562f20ac0
Event: 11.578 Thread 0x000001756037d970 Thread added: 0x0000017562f23340
Event: 11.578 Thread 0x000001756037d970 Thread added: 0x0000017562f24780
Event: 11.578 Thread 0x000001756037d970 Thread added: 0x0000017562f214e0
Event: 11.578 Thread 0x000001756037d970 Thread added: 0x0000017562f22920
Event: 11.579 Thread 0x000001756037d970 Thread added: 0x0000017562f251a0
Event: 11.579 Thread 0x000001756037d970 Thread added: 0x0000017562f20fd0
Event: 11.579 Thread 0x000001756037d970 Thread added: 0x0000017562f200a0
Event: 11.579 Thread 0x000001756037d970 Thread added: 0x0000017562f256b0
Event: 11.579 Thread 0x000001756037d970 Thread added: 0x0000017562f25bc0
Event: 11.579 Thread 0x000001756037d970 Thread added: 0x0000017562f27510
Event: 11.642 Thread 0x000001756037d970 Thread added: 0x0000017562f205b0
Event: 11.645 Thread 0x000001756037d970 Thread added: 0x0000017562f219f0
Event: 11.704 Thread 0x000001756037d970 Thread exited: 0x000001756037d970
Event: 11.710 Thread 0x000001756037c530 Thread exited: 0x000001756037c530
Event: 11.710 Thread 0x00000175420f1d40 Thread exited: 0x00000175420f1d40
Event: 11.710 Thread 0x0000017562f24c90 Thread added: 0x0000017562f24c90
Event: 13.504 Thread 0x000001755aef04e0 Thread added: 0x0000017562e26a60
Event: 14.069 Thread 0x0000017562e26a60 Thread exited: 0x0000017562e26a60
Event: 95.328 Thread 0x00000175603c3f60 Thread exited: 0x00000175603c3f60


Dynamic libraries:
0x00007ff79d140000 - 0x00007ff79d14e000 	C:\Users\russe\.vscode\extensions\redhat.java-1.37.0-win32-x64\jre\17.0.13-win32-x86_64\bin\java.exe
0x00007ffe31a70000 - 0x00007ffe31c87000 	C:\WINDOWS\SYSTEM32\ntdll.dll
0x00007ffe300b0000 - 0x00007ffe30174000 	C:\WINDOWS\System32\KERNEL32.DLL
0x00007ffe2eed0000 - 0x00007ffe2f289000 	C:\WINDOWS\System32\KERNELBASE.dll
0x00007ffe2f670000 - 0x00007ffe2f781000 	C:\WINDOWS\System32\ucrtbase.dll
0x00007ffdcdea0000 - 0x00007ffdcdeb7000 	C:\Users\russe\.vscode\extensions\redhat.java-1.37.0-win32-x64\jre\17.0.13-win32-x86_64\bin\jli.dll
0x00007ffdab440000 - 0x00007ffdab45e000 	C:\Users\russe\.vscode\extensions\redhat.java-1.37.0-win32-x64\jre\17.0.13-win32-x86_64\bin\VCRUNTIME140.dll
0x00007ffe305b0000 - 0x00007ffe3075e000 	C:\WINDOWS\System32\USER32.dll
0x00007ffe2ed70000 - 0x00007ffe2ed96000 	C:\WINDOWS\System32\win32u.dll
0x00007ffe0a3d0000 - 0x00007ffe0a662000 	C:\WINDOWS\WinSxS\amd64_microsoft.windows.common-controls_6595b64144ccf1df_6.0.22621.4391_none_2715d37f73803e96\COMCTL32.dll
0x00007ffe2f9e0000 - 0x00007ffe2fa87000 	C:\WINDOWS\System32\msvcrt.dll
0x00007ffe2f9b0000 - 0x00007ffe2f9d9000 	C:\WINDOWS\System32\GDI32.dll
0x00007ffe2f550000 - 0x00007ffe2f66b000 	C:\WINDOWS\System32\gdi32full.dll
0x00007ffe2f4b0000 - 0x00007ffe2f54a000 	C:\WINDOWS\System32\msvcp_win.dll
0x00007ffe2fc30000 - 0x00007ffe2fc61000 	C:\WINDOWS\System32\IMM32.DLL
0x00007ffdf7310000 - 0x00007ffdf731c000 	C:\Users\russe\.vscode\extensions\redhat.java-1.37.0-win32-x64\jre\17.0.13-win32-x86_64\bin\vcruntime140_1.dll
0x00007ffd9c340000 - 0x00007ffd9c3cd000 	C:\Users\russe\.vscode\extensions\redhat.java-1.37.0-win32-x64\jre\17.0.13-win32-x86_64\bin\msvcp140.dll
0x00007ffd9b6d0000 - 0x00007ffd9c33b000 	C:\Users\russe\.vscode\extensions\redhat.java-1.37.0-win32-x64\jre\17.0.13-win32-x86_64\bin\server\jvm.dll
0x00007ffe2faf0000 - 0x00007ffe2fba2000 	C:\WINDOWS\System32\ADVAPI32.dll
0x00007ffe2fc70000 - 0x00007ffe2fd17000 	C:\WINDOWS\System32\sechost.dll
0x00007ffe2f480000 - 0x00007ffe2f4a8000 	C:\WINDOWS\System32\bcrypt.dll
0x00007ffe302c0000 - 0x00007ffe303d4000 	C:\WINDOWS\System32\RPCRT4.dll
0x00007ffe2fbb0000 - 0x00007ffe2fc21000 	C:\WINDOWS\System32\WS2_32.dll
0x00007ffe2ec50000 - 0x00007ffe2ec9d000 	C:\WINDOWS\SYSTEM32\POWRPROF.dll
0x00007ffe24860000 - 0x00007ffe24894000 	C:\WINDOWS\SYSTEM32\WINMM.dll
0x00007ffe23dd0000 - 0x00007ffe23dda000 	C:\WINDOWS\SYSTEM32\VERSION.dll
0x00007ffe2ec20000 - 0x00007ffe2ec33000 	C:\WINDOWS\SYSTEM32\UMPDC.dll
0x00007ffe2dd70000 - 0x00007ffe2dd88000 	C:\WINDOWS\SYSTEM32\kernel.appcore.dll
0x00007ffdf5ee0000 - 0x00007ffdf5eea000 	C:\Users\russe\.vscode\extensions\redhat.java-1.37.0-win32-x64\jre\17.0.13-win32-x86_64\bin\jimage.dll
0x00007ffe2c7c0000 - 0x00007ffe2c9f2000 	C:\WINDOWS\SYSTEM32\DBGHELP.DLL
0x00007ffe2fd20000 - 0x00007ffe300af000 	C:\WINDOWS\System32\combase.dll
0x00007ffe318c0000 - 0x00007ffe31997000 	C:\WINDOWS\System32\OLEAUT32.dll
0x00007ffe01b10000 - 0x00007ffe01b42000 	C:\WINDOWS\SYSTEM32\dbgcore.DLL
0x00007ffe2f290000 - 0x00007ffe2f30b000 	C:\WINDOWS\System32\bcryptPrimitives.dll
0x00007ffe0c6f0000 - 0x00007ffe0c72b000 	C:\Users\russe\.vscode\extensions\redhat.java-1.37.0-win32-x64\jre\17.0.13-win32-x86_64\bin\jdwp.dll
0x00007ffda3ff0000 - 0x00007ffda4015000 	C:\Users\russe\.vscode\extensions\redhat.java-1.37.0-win32-x64\jre\17.0.13-win32-x86_64\bin\java.dll
0x00007ffda9a30000 - 0x00007ffda9a48000 	C:\Users\russe\.vscode\extensions\redhat.java-1.37.0-win32-x64\jre\17.0.13-win32-x86_64\bin\zip.dll
0x00007ffe30de0000 - 0x00007ffe31656000 	C:\WINDOWS\System32\SHELL32.dll
0x00007ffe2cc30000 - 0x00007ffe2d533000 	C:\WINDOWS\SYSTEM32\windows.storage.dll
0x00007ffe2caf0000 - 0x00007ffe2cc2f000 	C:\WINDOWS\SYSTEM32\wintypes.dll
0x00007ffe30760000 - 0x00007ffe30859000 	C:\WINDOWS\System32\SHCORE.dll
0x00007ffe2fa90000 - 0x00007ffe2faee000 	C:\WINDOWS\System32\shlwapi.dll
0x00007ffe2eca0000 - 0x00007ffe2eccb000 	C:\WINDOWS\SYSTEM32\profapi.dll
0x00007ffe184a0000 - 0x00007ffe184ac000 	C:\Users\russe\.vscode\extensions\redhat.java-1.37.0-win32-x64\jre\17.0.13-win32-x86_64\bin\dt_socket.dll
0x00007ffe2d7e0000 - 0x00007ffe2d80d000 	C:\WINDOWS\SYSTEM32\IPHLPAPI.DLL
0x00007ffe2e1e0000 - 0x00007ffe2e249000 	C:\WINDOWS\system32\mswsock.dll
0x00007ffe2d860000 - 0x00007ffe2d962000 	C:\WINDOWS\SYSTEM32\DNSAPI.dll
0x00007ffe303e0000 - 0x00007ffe303e9000 	C:\WINDOWS\System32\NSI.dll
0x00007ffe23120000 - 0x00007ffe2312a000 	C:\Windows\System32\rasadhlp.dll
0x00007ffe21bc0000 - 0x00007ffe21c43000 	C:\WINDOWS\System32\fwpuclnt.dll
0x00007ffd9b690000 - 0x00007ffd9b6a9000 	C:\Users\russe\.vscode\extensions\redhat.java-1.37.0-win32-x64\jre\17.0.13-win32-x86_64\bin\net.dll
0x00007ffe24150000 - 0x00007ffe24286000 	C:\WINDOWS\SYSTEM32\WINHTTP.dll
0x00007ffd9b670000 - 0x00007ffd9b686000 	C:\Users\russe\.vscode\extensions\redhat.java-1.37.0-win32-x64\jre\17.0.13-win32-x86_64\bin\nio.dll
0x00007ffe00870000 - 0x00007ffe0087a000 	C:\Users\russe\.vscode\extensions\redhat.java-1.37.0-win32-x64\jre\17.0.13-win32-x86_64\bin\management.dll
0x00007ffe00860000 - 0x00007ffe0086b000 	C:\Users\russe\.vscode\extensions\redhat.java-1.37.0-win32-x64\jre\17.0.13-win32-x86_64\bin\management_ext.dll
0x00007ffe31a20000 - 0x00007ffe31a28000 	C:\WINDOWS\System32\PSAPI.DLL
0x00007ffde4eb0000 - 0x00007ffde4ec7000 	C:\WINDOWS\system32\napinsp.dll
0x00007ffde4e90000 - 0x00007ffde4eab000 	C:\WINDOWS\system32\pnrpnsp.dll
0x00007ffde4d80000 - 0x00007ffde4d91000 	C:\WINDOWS\System32\winrnr.dll
0x00007ffe1fbd0000 - 0x00007ffe1fbe5000 	C:\WINDOWS\system32\wshbth.dll
0x00007ffde4bf0000 - 0x00007ffde4c17000 	C:\WINDOWS\system32\nlansp_c.dll
0x00007ffe2e5a0000 - 0x00007ffe2e5bb000 	C:\WINDOWS\SYSTEM32\CRYPTSP.dll
0x00007ffe2dcd0000 - 0x00007ffe2dd05000 	C:\WINDOWS\system32\rsaenh.dll
0x00007ffe2e280000 - 0x00007ffe2e2a8000 	C:\WINDOWS\SYSTEM32\USERENV.dll
0x00007ffe2e510000 - 0x00007ffe2e51c000 	C:\WINDOWS\SYSTEM32\CRYPTBASE.dll
0x00007ffe23e60000 - 0x00007ffe23e79000 	C:\WINDOWS\SYSTEM32\dhcpcsvc6.DLL
0x00007ffe23e40000 - 0x00007ffe23e5f000 	C:\WINDOWS\SYSTEM32\dhcpcsvc.DLL
0x00007ffdea830000 - 0x00007ffdea839000 	C:\Users\russe\.vscode\extensions\redhat.java-1.37.0-win32-x64\jre\17.0.13-win32-x86_64\bin\extnet.dll
0x00007ffdea890000 - 0x00007ffdea89e000 	C:\Users\russe\.vscode\extensions\redhat.java-1.37.0-win32-x64\jre\17.0.13-win32-x86_64\bin\sunmscapi.dll
0x00007ffe2f310000 - 0x00007ffe2f476000 	C:\WINDOWS\System32\CRYPT32.dll
0x00007ffe2e560000 - 0x00007ffe2e58d000 	C:\WINDOWS\SYSTEM32\ncrypt.dll
0x00007ffe2e520000 - 0x00007ffe2e557000 	C:\WINDOWS\SYSTEM32\NTASN1.dll
0x00007ffe2b900000 - 0x00007ffe2b908000 	C:\WINDOWS\system32\wshunix.dll

dbghelp: loaded successfully - version: 4.0.5 - missing functions: none
symbol engine: initialized successfully - sym options: 0x614 - pdb path: .;C:\Users\russe\.vscode\extensions\redhat.java-1.37.0-win32-x64\jre\17.0.13-win32-x86_64\bin;C:\WINDOWS\SYSTEM32;C:\WINDOWS\WinSxS\amd64_microsoft.windows.common-controls_6595b64144ccf1df_6.0.22621.4391_none_2715d37f73803e96;C:\Users\russe\.vscode\extensions\redhat.java-1.37.0-win32-x64\jre\17.0.13-win32-x86_64\bin\server

VM Arguments:
jvm_args: -agentlib:jdwp=transport=dt_socket,server=n,suspend=y,address=localhost:58075 -XX:+ShowCodeDetailsInExceptionMessages -Dspring.jmx.enabled=true -Dmanagement.endpoints.jmx.exposure.include=* -Dspring.application.admin.enabled=true -Dspring.boot.project.name=lavanderia -Djava.rmi.server.hostname=localhost -Dcom.sun.management.jmxremote.port=45556 -Dcom.sun.management.jmxremote.authenticate=false -Dcom.sun.management.jmxremote.ssl=false 
java_command: com.laundry.lavanderia.LavanderiaApplication
java_class_path (initial): C:\Users\russe\OneDrive\Escritorio\Documentos\VS Code\Java-web\lavanderia\target\classes;C:\Users\russe\.m2\repository\org\springframework\boot\spring-boot-starter-actuator\3.4.0\spring-boot-starter-actuator-3.4.0.jar;C:\Users\russe\.m2\repository\org\springframework\boot\spring-boot-starter\3.4.0\spring-boot-starter-3.4.0.jar;C:\Users\russe\.m2\repository\org\springframework\boot\spring-boot-starter-logging\3.4.0\spring-boot-starter-logging-3.4.0.jar;C:\Users\russe\.m2\repository\ch\qos\logback\logback-classic\1.5.12\logback-classic-1.5.12.jar;C:\Users\russe\.m2\repository\ch\qos\logback\logback-core\1.5.12\logback-core-1.5.12.jar;C:\Users\russe\.m2\repository\org\apache\logging\log4j\log4j-to-slf4j\2.24.1\log4j-to-slf4j-2.24.1.jar;C:\Users\russe\.m2\repository\org\apache\logging\log4j\log4j-api\2.24.1\log4j-api-2.24.1.jar;C:\Users\russe\.m2\repository\org\slf4j\jul-to-slf4j\2.0.16\jul-to-slf4j-2.0.16.jar;C:\Users\russe\.m2\repository\jakarta\annotation\jakarta.annotation-api\2.1.1\jakarta.annotation-api-2.1.1.jar;C:\Users\russe\.m2\repository\org\yaml\snakeyaml\2.3\snakeyaml-2.3.jar;C:\Users\russe\.m2\repository\org\springframework\boot\spring-boot-actuator-autoconfigure\3.4.0\spring-boot-actuator-autoconfigure-3.4.0.jar;C:\Users\russe\.m2\repository\org\springframework\boot\spring-boot-actuator\3.4.0\spring-boot-actuator-3.4.0.jar;C:\Users\russe\.m2\repository\com\fasterxml\jackson\core\jackson-databind\2.18.1\jackson-databind-2.18.1.jar;C:\Users\russe\.m2\repository\com\fasterxml\jackson\core\jackson-annotations\2.18.1\jackson-annotations-2.18.1.jar;C:\Users\russe\.m2\repository\com\fasterxml\jackson\core\jackson-core\2.18.1\jackson-core-2.18.1.jar;C:\Users\russe\.m2\repository\com\fasterxml\jackson\datatype\jackson-datatype-jsr310\2.18.1\jackson-datatype-jsr310-2.18.1.jar;C:\Users\russe\.m2\repository\io\micrometer\micrometer-observation\1.14.1\micrometer-observation-1.14.1.jar;C:\Users\russe\.m2\repository\io\micrometer\micrometer-
Launcher Type: SUN_STANDARD

[Global flags]
     intx CICompilerCount                          = 4                                         {product} {ergonomic}
     uint ConcGCThreads                            = 2                                         {product} {ergonomic}
     uint G1ConcRefinementThreads                  = 8                                         {product} {ergonomic}
   size_t G1HeapRegionSize                         = 1048576                                   {product} {ergonomic}
    uintx GCDrainStackTargetSize                   = 64                                        {product} {ergonomic}
   size_t InitialHeapSize                          = 65011712                                  {product} {ergonomic}
     bool ManagementServer                         = true                                      {product} {command line}
   size_t MarkStackSize                            = 4194304                                   {product} {ergonomic}
   size_t MaxHeapSize                              = 1027604480                                {product} {ergonomic}
   size_t MaxNewSize                               = 616562688                                 {product} {ergonomic}
   size_t MinHeapDeltaBytes                        = 1048576                                   {product} {ergonomic}
   size_t MinHeapSize                              = 8388608                                   {product} {ergonomic}
    uintx NonNMethodCodeHeapSize                   = 5839372                                {pd product} {ergonomic}
    uintx NonProfiledCodeHeapSize                  = 122909434                              {pd product} {ergonomic}
    uintx ProfiledCodeHeapSize                     = 122909434                              {pd product} {ergonomic}
    uintx ReservedCodeCacheSize                    = 251658240                              {pd product} {ergonomic}
     bool SegmentedCodeCache                       = true                                      {product} {ergonomic}
     bool ShowCodeDetailsInExceptionMessages       = true                                   {manageable} {command line}
   size_t SoftMaxHeapSize                          = 1027604480                             {manageable} {ergonomic}
     bool UseCompressedClassPointers               = true                           {product lp64_product} {ergonomic}
     bool UseCompressedOops                        = true                           {product lp64_product} {ergonomic}
     bool UseG1GC                                  = true                                      {product} {ergonomic}
     bool UseLargePagesIndividualAllocation        = false                                  {pd product} {ergonomic}

Logging:
Log output configuration:
 #0: stdout all=warning uptime,level,tags
 #1: stderr all=off uptime,level,tags

Environment Variables:
PATH=C:\Program Files\PowerShell\7;C:\Program Files\Eclipse Adoptium\jdk-21.0.5.11-hotspot\bin;C:\app\russe\product\21c\dbhomeXE\bin;C:\Python312\Scripts\;C:\Python312\;C:\Program Files\Common Files\Oracle\Java\javapath;C:\WINDOWS\system32;C:\WINDOWS;C:\WINDOWS\System32\Wbem;C:\WINDOWS\System32\WindowsPowerShell\v1.0\;C:\WINDOWS\System32\OpenSSH\;C:\Program Files (x86)\Intel\Intel(R) Management Engine Components\DAL;C:\Program Files\Intel\Intel(R) Management Engine Components\DAL;C:\Program Files\Azure Data Studio\bin;C:\Program Files (x86)\Microsoft SQL Server\160\Tools\Binn\;C:\Program Files\Microsoft SQL Server\160\Tools\Binn\;C:\Program Files\Microsoft SQL Server\Client SDK\ODBC\170\Tools\Binn\;C:\Program Files\Microsoft SQL Server\160\DTS\Binn\;C:\Program Files\dotnet\;C:\Program Files (x86)\Microsoft SQL Server\150\Tools\Binn\;C:\Program Files\Microsoft SQL Server\150\Tools\Binn\;C:\Program Files\Microsoft SQL Server\150\DTS\Binn\;C:\Program Files (x86)\Microsoft SQL Server\160\DTS\Binn\;C:\Program Files\PowerShell\7\;C:\ProgramData\chocolatey\bin;C:\Program Files\Git\cmd;C:\Users\russe\AppData\Local\Microsoft\WindowsApps;C:\Program Files\Azure Data Studio\bin;C:\Users\russe\.dotnet\tools;C:\Program Files\Java\Java3D\1.5.1\bin;C:\Users\russe\AppData\Local\Programs\Microsoft VS Code\bin
USERNAME=russe
LANG=en_US.UTF-8
OS=Windows_NT
PROCESSOR_IDENTIFIER=Intel64 Family 6 Model 142 Stepping 11, GenuineIntel
TMP=C:\Users\russe\AppData\Local\Temp
TEMP=C:\Users\russe\AppData\Local\Temp



Periodic native trim disabled


---------------  S Y S T E M  ---------------

OS:
 Windows 11 , 64 bit Build 22621 (10.0.22621.4391)
OS uptime: 1 days 5:09 hours
Hyper-V role detected

CPU: total 8 (initial active 8) (4 cores per cpu, 2 threads per core) family 6 model 142 stepping 11 microcode 0xde, cx8, cmov, fxsr, ht, mmx, 3dnowpref, sse, sse2, sse3, ssse3, sse4.1, sse4.2, popcnt, lzcnt, tsc, tscinvbit, avx, avx2, aes, erms, clmul, bmi1, bmi2, adx, fma, vzeroupper, clflush, clflushopt, hv
Processor Information for all 8 processors :
  Max Mhz: 1800, Current Mhz: 1600, Mhz Limit: 1584

Memory: 4k page, system-wide physical 3917M (237M free)
TotalPageFile size 11917M (AvailPageFile size 20M)
current process WorkingSet (physical memory assigned to process): 72M, peak: 206M
current process commit charge ("private bytes"): 227M, peak: 288M

vm_info: OpenJDK 64-Bit Server VM (17.0.13+11) for windows-amd64 JRE (17.0.13+11), built on Oct 16 2024 00:10:08 by "admin" with MS VC++ 17.7 (VS2022)

END.
