#
# There is insufficient memory for the Java Runtime Environment to continue.
# Native memory allocation (malloc) failed to allocate 2005008 bytes. Error detail: Chunk::new
# Possible reasons:
#   The system is out of physical RAM or swap space
#   This process is running with CompressedOops enabled, and the Java Heap may be blocking the growth of the native heap
# Possible solutions:
#   Reduce memory load on the system
#   Increase physical memory or swap space
#   Check if swap backing store is full
#   Decrease Java heap size (-Xmx/-Xms)
#   Decrease number of Java threads
#   Decrease Java thread stack sizes (-Xss)
#   Set larger code cache with -XX:ReservedCodeCacheSize=
#   JVM is running with Unscaled Compressed Oops mode in which the Java heap is
#     placed in the first 4GB address space. The Java Heap base address is the
#     maximum limit for the native heap growth. Please use -XX:HeapBaseMinAddress
#     to set the Java Heap base and to place the Java Heap above 4GB virtual address.
# This output file may be truncated or incomplete.
#
#  Out of Memory Error (arena.cpp:191), pid=12776, tid=17248
#
# JRE version: OpenJDK Runtime Environment Temurin-17.0.13+11 (17.0.13+11) (build 17.0.13+11)
# Java VM: OpenJDK 64-Bit Server VM Temurin-17.0.13+11 (17.0.13+11, mixed mode, tiered, compressed oops, compressed class ptrs, g1 gc, windows-amd64)
# No core dump will be written. Minidumps are not enabled by default on client versions of Windows
#

---------------  S U M M A R Y ------------

Command Line: -agentlib:jdwp=transport=dt_socket,server=n,suspend=y,address=localhost:51160 -XX:+ShowCodeDetailsInExceptionMessages -Dspring.jmx.enabled=true -Dmanagement.endpoints.jmx.exposure.include=* -Dspring.application.admin.enabled=true -Dspring.boot.project.name=lavanderia -Djava.rmi.server.hostname=localhost -Dcom.sun.management.jmxremote.port=45556 -Dcom.sun.management.jmxremote.authenticate=false -Dcom.sun.management.jmxremote.ssl=false com.laundry.lavanderia.LavanderiaApplication

Host: Intel(R) Core(TM) i5-8265U CPU @ 1.60GHz, 8 cores, 3G,  Windows 11 , 64 bit Build 22621 (10.0.22621.4391)
Time: Mon Dec  2 16:35:27 2024 Hora est. Pacífico, Sudamérica elapsed time: 2381.284760 seconds (0d 0h 39m 41s)

---------------  T H R E A D  ---------------

Current thread (0x000002e943e03270):  JavaThread "C2 CompilerThread0" daemon [_thread_in_native, id=17248, stack(0x000000ed3cc00000,0x000000ed3cd00000)]


Current CompileTask:
C2:2381284 8277       4       org.springframework.boot.context.properties.source.DefaultPropertyMapper::map (53 bytes)

Stack: [0x000000ed3cc00000,0x000000ed3cd00000]
Native frames: (J=compiled Java code, j=interpreted, Vv=VM code, C=native code)
V  [jvm.dll+0x682a19]
V  [jvm.dll+0x839538]
V  [jvm.dll+0x83afe3]
V  [jvm.dll+0x83b653]
V  [jvm.dll+0x24704f]
V  [jvm.dll+0xace34]
V  [jvm.dll+0xad4cc]
V  [jvm.dll+0x36597e]
V  [jvm.dll+0x1ba989]
V  [jvm.dll+0x2181a7]
V  [jvm.dll+0x21748f]
V  [jvm.dll+0x1a3070]
V  [jvm.dll+0x22788c]
V  [jvm.dll+0x2259eb]
V  [jvm.dll+0x7eec98]
V  [jvm.dll+0x7e8ffc]
V  [jvm.dll+0x6818f7]
C  [ucrtbase.dll+0x29333]
C  [KERNEL32.DLL+0x1259d]
C  [ntdll.dll+0x5af38]


---------------  P R O C E S S  ---------------

Threads class SMR info:
_java_thread_list=0x000002e94a7d6fe0, length=22, elements={
0x000002e943dcd030, 0x000002e943dcdeb0, 0x000002e943dfe740, 0x000002e943dff210,
0x000002e943dffce0, 0x000002e943e025c0, 0x000002e943e03270, 0x000002e943e1d0d0,
0x000002e9480206a0, 0x000002e9481836d0, 0x000002e948251840, 0x000002e94825bf90,
0x000002e948a6a9a0, 0x000002e948a9ccd0, 0x000002e948c30cb0, 0x000002e94a8cbd80,
0x000002e94a8cd1c0, 0x000002e94afe98e0, 0x000002e94afea810, 0x000002e94afebc50,
0x000002e94afe7a80, 0x000002e94afe9df0
}

Java Threads: ( => current thread )
  0x000002e943dcd030 JavaThread "Reference Handler" daemon [_thread_blocked, id=11944, stack(0x000000ed3c600000,0x000000ed3c700000)]
  0x000002e943dcdeb0 JavaThread "Finalizer" daemon [_thread_blocked, id=12480, stack(0x000000ed3c700000,0x000000ed3c800000)]
  0x000002e943dfe740 JavaThread "Signal Dispatcher" daemon [_thread_blocked, id=4896, stack(0x000000ed3c800000,0x000000ed3c900000)]
  0x000002e943dff210 JavaThread "Attach Listener" daemon [_thread_blocked, id=10936, stack(0x000000ed3c900000,0x000000ed3ca00000)]
  0x000002e943dffce0 JavaThread "Service Thread" daemon [_thread_blocked, id=8508, stack(0x000000ed3ca00000,0x000000ed3cb00000)]
  0x000002e943e025c0 JavaThread "Monitor Deflation Thread" daemon [_thread_blocked, id=7468, stack(0x000000ed3cb00000,0x000000ed3cc00000)]
=>0x000002e943e03270 JavaThread "C2 CompilerThread0" daemon [_thread_in_native, id=17248, stack(0x000000ed3cc00000,0x000000ed3cd00000)]
  0x000002e943e1d0d0 JavaThread "C1 CompilerThread0" daemon [_thread_blocked, id=17792, stack(0x000000ed3cd00000,0x000000ed3ce00000)]
  0x000002e9480206a0 JavaThread "Sweeper thread" daemon [_thread_blocked, id=3888, stack(0x000000ed3ce00000,0x000000ed3cf00000)]
  0x000002e9481836d0 JavaThread "Common-Cleaner" daemon [_thread_blocked, id=17908, stack(0x000000ed3cf00000,0x000000ed3d000000)]
  0x000002e948251840 JavaThread "JDWP Event Helper Thread" daemon [_thread_blocked, id=14252, stack(0x000000ed3d100000,0x000000ed3d200000)]
  0x000002e94825bf90 JavaThread "Notification Thread" daemon [_thread_blocked, id=15260, stack(0x000000ed3d300000,0x000000ed3d400000)]
  0x000002e948a6a9a0 JavaThread "RMI TCP Accept-0" daemon [_thread_in_native, id=5024, stack(0x000000ed3d400000,0x000000ed3d500000)]
  0x000002e948a9ccd0 JavaThread "RMI TCP Accept-45556" daemon [_thread_in_native, id=15560, stack(0x000000ed3d500000,0x000000ed3d600000)]
  0x000002e948c30cb0 JavaThread "RMI TCP Accept-0" daemon [_thread_in_native, id=8108, stack(0x000000ed3d600000,0x000000ed3d700000)]
  0x000002e94a8cbd80 JavaThread "RMI Scheduler(0)" daemon [_thread_blocked, id=4100, stack(0x000000ed3e500000,0x000000ed3e600000)]
  0x000002e94a8cd1c0 JavaThread "RMI TCP Connection(3)-127.0.0.1" daemon [_thread_in_native, id=17212, stack(0x000000ed3e600000,0x000000ed3e700000)]
  0x000002e94afe98e0 JavaThread "Live Reload Server" daemon [_thread_in_native, id=11600, stack(0x000000ed3ed00000,0x000000ed3ee00000)]
  0x000002e94afea810 JavaThread "DestroyJavaVM" [_thread_blocked, id=3844, stack(0x000000ed3bf00000,0x000000ed3c000000)]
  0x000002e94afebc50 JavaThread "mysql-cj-abandoned-connection-cleanup" daemon [_thread_blocked, id=11120, stack(0x000000ed3bd00000,0x000000ed3be00000)]
  0x000002e94afe7a80 JavaThread "Thread-15" [_thread_blocked, id=16604, stack(0x000000ed3bc00000,0x000000ed3bd00000)]
  0x000002e94afe9df0 JavaThread "restartedMain" [_thread_in_Java, id=3588, stack(0x000000ed3be00000,0x000000ed3bf00000)]

Other Threads:
  0x000002e943db5e40 VMThread "VM Thread" [stack: 0x000000ed3c500000,0x000000ed3c600000] [id=15416]
  0x000002e948c2a900 WatcherThread [stack: 0x000000ed3d700000,0x000000ed3d800000] [id=11528]
  0x000002e92cfa7540 GCTaskThread "GC Thread#0" [stack: 0x000000ed3c000000,0x000000ed3c100000] [id=8820]
  0x000002e94920f250 GCTaskThread "GC Thread#1" [stack: 0x000000ed3d800000,0x000000ed3d900000] [id=9312]
  0x000002e9491bde80 GCTaskThread "GC Thread#2" [stack: 0x000000ed3d900000,0x000000ed3da00000] [id=9704]
  0x000002e9491cab50 GCTaskThread "GC Thread#3" [stack: 0x000000ed3da00000,0x000000ed3db00000] [id=2140]
  0x000002e9491fbeb0 GCTaskThread "GC Thread#4" [stack: 0x000000ed3db00000,0x000000ed3dc00000] [id=14644]
  0x000002e9491fc980 GCTaskThread "GC Thread#5" [stack: 0x000000ed3dc00000,0x000000ed3dd00000] [id=7856]
  0x000002e949204c50 GCTaskThread "GC Thread#6" [stack: 0x000000ed3dd00000,0x000000ed3de00000] [id=13708]
  0x000002e9492097b0 GCTaskThread "GC Thread#7" [stack: 0x000000ed3de00000,0x000000ed3df00000] [id=9696]
  0x000002e92cfaff10 ConcurrentGCThread "G1 Main Marker" [stack: 0x000000ed3c100000,0x000000ed3c200000] [id=8060]
  0x000002e92cfb0930 ConcurrentGCThread "G1 Conc#0" [stack: 0x000000ed3c200000,0x000000ed3c300000] [id=10540]
  0x000002e94920a830 ConcurrentGCThread "G1 Conc#1" [stack: 0x000000ed3e400000,0x000000ed3e500000] [id=9212]
  0x000002e92d005e70 ConcurrentGCThread "G1 Refine#0" [stack: 0x000000ed3c300000,0x000000ed3c400000] [id=6388]
  0x000002e949240370 ConcurrentGCThread "G1 Refine#1" [stack: 0x000000ed3df00000,0x000000ed3e000000] [id=3564]
  0x000002e9488a1ca0 ConcurrentGCThread "G1 Refine#2" [stack: 0x000000ed3e000000,0x000000ed3e100000] [id=8336]
  0x000002e92d0068a0 ConcurrentGCThread "G1 Service" [stack: 0x000000ed3c400000,0x000000ed3c500000] [id=9844]

Threads with active compile tasks:
C2 CompilerThread0  2381359 8277       4       org.springframework.boot.context.properties.source.DefaultPropertyMapper::map (53 bytes)
C1 CompilerThread0  2381359 8365       3       java.net.URI::quote (214 bytes)

VM state: not at safepoint (normal execution)

VM Mutex/Monitor currently owned by a thread:  ([mutex/lock_event])
[0x000002e92cf60270] Compile_lock - owner thread: 0x000002e943e1d0d0

Heap address: 0x00000000c2c00000, size: 980 MB, Compressed Oops mode: 32-bit

CDS archive(s) not mapped
Compressed class space mapped at: 0x0000000100000000-0x0000000140000000, reserved size: 1073741824
Narrow klass base: 0x0000000000000000, Narrow klass shift: 3, Narrow klass range: 0x140000000

GC Precious Log:
 CPUs: 8 total, 8 available
 Memory: 3917M
 Large Page Support: Disabled
 NUMA Support: Disabled
 Compressed Oops: Enabled (32-bit)
 Heap Region Size: 1M
 Heap Min Capacity: 8M
 Heap Initial Capacity: 62M
 Heap Max Capacity: 980M
 Pre-touch: Disabled
 Parallel Workers: 8
 Concurrent Workers: 2
 Concurrent Refinement Workers: 8
 Periodic GC: Disabled

Heap:
 garbage-first heap   total 70656K, used 34120K [0x00000000c2c00000, 0x0000000100000000)
  region size 1024K, 12 young (12288K), 3 survivors (3072K)
 Metaspace       used 50921K, committed 51520K, reserved 1114112K
  class space    used 6179K, committed 6528K, reserved 1048576K

Heap Regions: E=young(eden), S=young(survivor), O=old, HS=humongous(starts), HC=humongous(continues), CS=collection set, F=free, OA=open archive, CA=closed archive, TAMS=top-at-mark-start (previous, next)
|   0|0x00000000c2c00000, 0x00000000c2cffff0, 0x00000000c2d00000| 99%| O|  |TAMS 0x00000000c2cffff0, 0x00000000c2c00000| Untracked 
|   1|0x00000000c2d00000, 0x00000000c2dfbf28, 0x00000000c2e00000| 98%| O|  |TAMS 0x00000000c2dfbf28, 0x00000000c2d00000| Untracked 
|   2|0x00000000c2e00000, 0x00000000c2effff0, 0x00000000c2f00000| 99%| O|  |TAMS 0x00000000c2effff0, 0x00000000c2e00000| Untracked 
|   3|0x00000000c2f00000, 0x00000000c2ffffe8, 0x00000000c3000000| 99%| O|  |TAMS 0x00000000c2ffffe8, 0x00000000c2f00000| Untracked 
|   4|0x00000000c3000000, 0x00000000c30fffb8, 0x00000000c3100000| 99%| O|  |TAMS 0x00000000c30fffb8, 0x00000000c3000000| Untracked 
|   5|0x00000000c3100000, 0x00000000c31fffe0, 0x00000000c3200000| 99%| O|  |TAMS 0x00000000c31fffe0, 0x00000000c3100000| Untracked 
|   6|0x00000000c3200000, 0x00000000c32ffff8, 0x00000000c3300000| 99%| O|  |TAMS 0x00000000c32ffff8, 0x00000000c3200000| Untracked 
|   7|0x00000000c3300000, 0x00000000c33ffff0, 0x00000000c3400000| 99%| O|  |TAMS 0x00000000c33ffff0, 0x00000000c3300000| Untracked 
|   8|0x00000000c3400000, 0x00000000c34ffff0, 0x00000000c3500000| 99%| O|  |TAMS 0x00000000c34ffff0, 0x00000000c3400000| Untracked 
|   9|0x00000000c3500000, 0x00000000c3600000, 0x00000000c3600000|100%| O|  |TAMS 0x00000000c3600000, 0x00000000c3500000| Untracked 
|  10|0x00000000c3600000, 0x00000000c36fffa0, 0x00000000c3700000| 99%| O|  |TAMS 0x00000000c36fffa0, 0x00000000c3600000| Untracked 
|  11|0x00000000c3700000, 0x00000000c37ffff8, 0x00000000c3800000| 99%| O|  |TAMS 0x00000000c37ffff8, 0x00000000c3700000| Untracked 
|  12|0x00000000c3800000, 0x00000000c38fffe0, 0x00000000c3900000| 99%| O|  |TAMS 0x00000000c38fffe0, 0x00000000c3800000| Untracked 
|  13|0x00000000c3900000, 0x00000000c39fffb0, 0x00000000c3a00000| 99%| O|  |TAMS 0x00000000c39fffb0, 0x00000000c3900000| Untracked 
|  14|0x00000000c3a00000, 0x00000000c3afffd8, 0x00000000c3b00000| 99%| O|  |TAMS 0x00000000c3afffd8, 0x00000000c3a00000| Untracked 
|  15|0x00000000c3b00000, 0x00000000c3c00000, 0x00000000c3c00000|100%| O|  |TAMS 0x00000000c3c00000, 0x00000000c3b00000| Untracked 
|  16|0x00000000c3c00000, 0x00000000c3d00000, 0x00000000c3d00000|100%| O|  |TAMS 0x00000000c3d00000, 0x00000000c3c00000| Untracked 
|  17|0x00000000c3d00000, 0x00000000c3dfff08, 0x00000000c3e00000| 99%| O|  |TAMS 0x00000000c3dfff08, 0x00000000c3d00000| Untracked 
|  18|0x00000000c3e00000, 0x00000000c3efffe8, 0x00000000c3f00000| 99%| O|  |TAMS 0x00000000c3efffe8, 0x00000000c3e00000| Untracked 
|  19|0x00000000c3f00000, 0x00000000c3ffffe0, 0x00000000c4000000| 99%| O|  |TAMS 0x00000000c3f00000, 0x00000000c3f00000| Untracked 
|  20|0x00000000c4000000, 0x00000000c40c5d30, 0x00000000c4100000| 77%| O|  |TAMS 0x00000000c4000000, 0x00000000c4000000| Untracked 
|  21|0x00000000c4100000, 0x00000000c41f4640, 0x00000000c4200000| 95%| O|  |TAMS 0x00000000c4100000, 0x00000000c4100000| Untracked 
|  22|0x00000000c4200000, 0x00000000c4294c40, 0x00000000c4300000| 58%| O|  |TAMS 0x00000000c4200000, 0x00000000c4200000| Untracked 
|  23|0x00000000c4300000, 0x00000000c4300000, 0x00000000c4400000|  0%| F|  |TAMS 0x00000000c4300000, 0x00000000c4300000| Untracked 
|  24|0x00000000c4400000, 0x00000000c4400000, 0x00000000c4500000|  0%| F|  |TAMS 0x00000000c4400000, 0x00000000c4400000| Untracked 
|  25|0x00000000c4500000, 0x00000000c4500000, 0x00000000c4600000|  0%| F|  |TAMS 0x00000000c4500000, 0x00000000c4500000| Untracked 
|  26|0x00000000c4600000, 0x00000000c4600000, 0x00000000c4700000|  0%| F|  |TAMS 0x00000000c4600000, 0x00000000c4600000| Untracked 
|  27|0x00000000c4700000, 0x00000000c4700000, 0x00000000c4800000|  0%| F|  |TAMS 0x00000000c4700000, 0x00000000c4700000| Untracked 
|  28|0x00000000c4800000, 0x00000000c4800000, 0x00000000c4900000|  0%| F|  |TAMS 0x00000000c4800000, 0x00000000c4800000| Untracked 
|  29|0x00000000c4900000, 0x00000000c4900000, 0x00000000c4a00000|  0%| F|  |TAMS 0x00000000c4900000, 0x00000000c4900000| Untracked 
|  30|0x00000000c4a00000, 0x00000000c4a00000, 0x00000000c4b00000|  0%| F|  |TAMS 0x00000000c4a00000, 0x00000000c4a00000| Untracked 
|  31|0x00000000c4b00000, 0x00000000c4b00000, 0x00000000c4c00000|  0%| F|  |TAMS 0x00000000c4b00000, 0x00000000c4b00000| Untracked 
|  32|0x00000000c4c00000, 0x00000000c4c02310, 0x00000000c4d00000|  0%| O|  |TAMS 0x00000000c4c00000, 0x00000000c4c00000| Untracked 
|  33|0x00000000c4d00000, 0x00000000c4d00000, 0x00000000c4e00000|  0%| F|  |TAMS 0x00000000c4d00000, 0x00000000c4d00000| Untracked 
|  34|0x00000000c4e00000, 0x00000000c4e00000, 0x00000000c4f00000|  0%| F|  |TAMS 0x00000000c4e00000, 0x00000000c4e00000| Untracked 
|  35|0x00000000c4f00000, 0x00000000c4f00000, 0x00000000c5000000|  0%| F|  |TAMS 0x00000000c4f00000, 0x00000000c4f00000| Untracked 
|  36|0x00000000c5000000, 0x00000000c5000000, 0x00000000c5100000|  0%| F|  |TAMS 0x00000000c5000000, 0x00000000c5000000| Untracked 
|  37|0x00000000c5100000, 0x00000000c5171cd0, 0x00000000c5200000| 44%| S|CS|TAMS 0x00000000c5100000, 0x00000000c5100000| Complete 
|  38|0x00000000c5200000, 0x00000000c52935e8, 0x00000000c5300000| 57%| O|  |TAMS 0x00000000c5200000, 0x00000000c5200000| Untracked 
|  39|0x00000000c5300000, 0x00000000c5400000, 0x00000000c5400000|100%| S|CS|TAMS 0x00000000c5300000, 0x00000000c5300000| Complete 
|  40|0x00000000c5400000, 0x00000000c5500000, 0x00000000c5500000|100%| S|CS|TAMS 0x00000000c5400000, 0x00000000c5400000| Complete 
|  41|0x00000000c5500000, 0x00000000c5500000, 0x00000000c5600000|  0%| F|  |TAMS 0x00000000c5500000, 0x00000000c5500000| Untracked 
|  42|0x00000000c5600000, 0x00000000c5600000, 0x00000000c5700000|  0%| F|  |TAMS 0x00000000c5600000, 0x00000000c5600000| Untracked 
|  43|0x00000000c5700000, 0x00000000c5700000, 0x00000000c5800000|  0%| F|  |TAMS 0x00000000c5700000, 0x00000000c5700000| Untracked 
|  44|0x00000000c5800000, 0x00000000c5800000, 0x00000000c5900000|  0%| F|  |TAMS 0x00000000c5800000, 0x00000000c5800000| Untracked 
|  45|0x00000000c5900000, 0x00000000c5900000, 0x00000000c5a00000|  0%| F|  |TAMS 0x00000000c5900000, 0x00000000c5900000| Untracked 
|  46|0x00000000c5a00000, 0x00000000c5a00000, 0x00000000c5b00000|  0%| F|  |TAMS 0x00000000c5a00000, 0x00000000c5a00000| Untracked 
|  47|0x00000000c5b00000, 0x00000000c5b00000, 0x00000000c5c00000|  0%| F|  |TAMS 0x00000000c5b00000, 0x00000000c5b00000| Untracked 
|  48|0x00000000c5c00000, 0x00000000c5c00000, 0x00000000c5d00000|  0%| F|  |TAMS 0x00000000c5c00000, 0x00000000c5c00000| Untracked 
|  49|0x00000000c5d00000, 0x00000000c5d00000, 0x00000000c5e00000|  0%| F|  |TAMS 0x00000000c5d00000, 0x00000000c5d00000| Untracked 
|  50|0x00000000c5e00000, 0x00000000c5e00000, 0x00000000c5f00000|  0%| F|  |TAMS 0x00000000c5e00000, 0x00000000c5e00000| Untracked 
|  51|0x00000000c5f00000, 0x00000000c5f00000, 0x00000000c6000000|  0%| F|  |TAMS 0x00000000c5f00000, 0x00000000c5f00000| Untracked 
|  52|0x00000000c6000000, 0x00000000c6000000, 0x00000000c6100000|  0%| F|  |TAMS 0x00000000c6000000, 0x00000000c6000000| Untracked 
|  53|0x00000000c6100000, 0x00000000c6100000, 0x00000000c6200000|  0%| F|  |TAMS 0x00000000c6100000, 0x00000000c6100000| Untracked 
|  54|0x00000000c6200000, 0x00000000c6200000, 0x00000000c6300000|  0%| F|  |TAMS 0x00000000c6200000, 0x00000000c6200000| Untracked 
|  55|0x00000000c6300000, 0x00000000c6300000, 0x00000000c6400000|  0%| F|  |TAMS 0x00000000c6300000, 0x00000000c6300000| Untracked 
|  56|0x00000000c6400000, 0x00000000c6400000, 0x00000000c6500000|  0%| F|  |TAMS 0x00000000c6400000, 0x00000000c6400000| Untracked 
|  57|0x00000000c6500000, 0x00000000c6500000, 0x00000000c6600000|  0%| F|  |TAMS 0x00000000c6500000, 0x00000000c6500000| Untracked 
|  58|0x00000000c6600000, 0x00000000c6600000, 0x00000000c6700000|  0%| F|  |TAMS 0x00000000c6600000, 0x00000000c6600000| Untracked 
|  59|0x00000000c6700000, 0x00000000c6700000, 0x00000000c6800000|  0%| F|  |TAMS 0x00000000c6700000, 0x00000000c6700000| Untracked 
|  60|0x00000000c6800000, 0x00000000c68e4b68, 0x00000000c6900000| 89%| E|  |TAMS 0x00000000c6800000, 0x00000000c6800000| Complete 
|  61|0x00000000c6900000, 0x00000000c6a00000, 0x00000000c6a00000|100%| E|CS|TAMS 0x00000000c6900000, 0x00000000c6900000| Complete 
|  62|0x00000000c6a00000, 0x00000000c6b00000, 0x00000000c6b00000|100%| E|CS|TAMS 0x00000000c6a00000, 0x00000000c6a00000| Complete 
|  63|0x00000000c6b00000, 0x00000000c6c00000, 0x00000000c6c00000|100%| E|CS|TAMS 0x00000000c6b00000, 0x00000000c6b00000| Complete 
|  64|0x00000000c6c00000, 0x00000000c6d00000, 0x00000000c6d00000|100%| E|CS|TAMS 0x00000000c6c00000, 0x00000000c6c00000| Complete 
|  65|0x00000000c6d00000, 0x00000000c6e00000, 0x00000000c6e00000|100%| E|CS|TAMS 0x00000000c6d00000, 0x00000000c6d00000| Complete 
|  66|0x00000000c6e00000, 0x00000000c6f00000, 0x00000000c6f00000|100%| E|CS|TAMS 0x00000000c6e00000, 0x00000000c6e00000| Complete 
|  67|0x00000000c6f00000, 0x00000000c7000000, 0x00000000c7000000|100%| E|CS|TAMS 0x00000000c6f00000, 0x00000000c6f00000| Complete 
|  68|0x00000000c7000000, 0x00000000c7100000, 0x00000000c7100000|100%| E|CS|TAMS 0x00000000c7000000, 0x00000000c7000000| Complete 

Card table byte_map: [0x000002e93f110000,0x000002e93f300000] _byte_map_base: 0x000002e93eafa000

Marking Bits (Prev, Next): (CMBitMap*) 0x000002e92cfa7ba0, (CMBitMap*) 0x000002e92cfa7b60
 Prev Bits: [0x000002e940440000, 0x000002e941390000)
 Next Bits: [0x000002e93f4f0000, 0x000002e940440000)

Polling page: 0x000002e92ae70000

Metaspace:

Usage:
  Non-class:     43.70 MB used.
      Class:      6.03 MB used.
       Both:     49.73 MB used.

Virtual space:
  Non-class space:       64.00 MB reserved,      43.94 MB ( 69%) committed,  1 nodes.
      Class space:        1.00 GB reserved,       6.38 MB ( <1%) committed,  1 nodes.
             Both:        1.06 GB reserved,      50.31 MB (  5%) committed. 

Chunk freelists:
   Non-Class:  4.05 MB
       Class:  9.82 MB
        Both:  13.86 MB

MaxMetaspaceSize: unlimited
CompressedClassSpaceSize: 1.00 GB
Initial GC threshold: 21.00 MB
Current GC threshold: 83.75 MB
CDS: off
MetaspaceReclaimPolicy: balanced
 - commit_granule_bytes: 65536.
 - commit_granule_words: 8192.
 - virtual_space_node_default_size: 8388608.
 - enlarge_chunks_in_place: 1.
 - new_chunks_are_fully_committed: 0.
 - uncommit_free_chunks: 1.
 - use_allocation_guard: 0.
 - handle_deallocations: 1.


Internal statistics:

num_allocs_failed_limit: 8.
num_arena_births: 878.
num_arena_deaths: 368.
num_vsnodes_births: 2.
num_vsnodes_deaths: 0.
num_space_committed: 805.
num_space_uncommitted: 0.
num_chunks_returned_to_freelist: 448.
num_chunks_taken_from_freelist: 2538.
num_chunk_merges: 162.
num_chunk_splits: 1587.
num_chunks_enlarged: 1102.
num_inconsistent_stats: 0.

CodeHeap 'non-profiled nmethods': size=120000Kb used=4501Kb max_used=4501Kb free=115498Kb
 bounds [0x000002e9376c0000, 0x000002e937b30000, 0x000002e93ebf0000]
CodeHeap 'profiled nmethods': size=120000Kb used=14061Kb max_used=14061Kb free=105939Kb
 bounds [0x000002e92fbf0000, 0x000002e9309b0000, 0x000002e937120000]
CodeHeap 'non-nmethods': size=5760Kb used=1344Kb max_used=1442Kb free=4415Kb
 bounds [0x000002e937120000, 0x000002e937390000, 0x000002e9376c0000]
 total_blobs=7971 nmethods=7376 adapters=507
 compilation: enabled
              stopped_count=0, restarted_count=0
 full_count=0

Compilation events (20 events):
Event: 2381.234 Thread 0x000002e943e1d0d0 8337       1       org.springframework.cglib.core.ClassEmitter$1::getType (5 bytes)
Event: 2381.234 Thread 0x000002e943e1d0d0 nmethod 8337 0x000002e937b24b10 code [0x000002e937b24ca0, 0x000002e937b24d78]
Event: 2381.246 Thread 0x000002e943e1d0d0 8338       2       java.util.stream.ForEachOps$ForEachOp$OfRef::evaluateSequential (7 bytes)
Event: 2381.247 Thread 0x000002e943e1d0d0 nmethod 8338 0x000002e93099a490 code [0x000002e93099a640, 0x000002e93099a7c8]
Event: 2381.247 Thread 0x000002e943e1d0d0 8339       2       org.springframework.beans.factory.support.DefaultListableBeanFactory::isSingleton (17 bytes)
Event: 2381.248 Thread 0x000002e943e1d0d0 nmethod 8339 0x000002e93099a910 code [0x000002e93099aac0, 0x000002e93099aca8]
Event: 2381.255 Thread 0x000002e943e1d0d0 8340       2       org.springframework.util.StringUtils::uncapitalizeAsProperty (45 bytes)
Event: 2381.256 Thread 0x000002e943e1d0d0 nmethod 8340 0x000002e93099ae10 code [0x000002e93099b040, 0x000002e93099b528]
Event: 2381.260 Thread 0x000002e943e1d0d0 8342       2       java.util.concurrent.CopyOnWriteArrayList::indexOfRange (63 bytes)
Event: 2381.260 Thread 0x000002e943e1d0d0 nmethod 8342 0x000002e93099b910 code [0x000002e93099bae0, 0x000002e93099bda8]
Event: 2381.266 Thread 0x000002e943e1d0d0 8343   !   2       org.springframework.core.annotation.AnnotationUtils::isSynthesizedAnnotation (33 bytes)
Event: 2381.268 Thread 0x000002e943e1d0d0 nmethod 8343 0x000002e93099bf90 code [0x000002e93099c1c0, 0x000002e93099c858]
Event: 2381.271 Thread 0x000002e943e1d0d0 8344       2       org.springframework.boot.context.properties.source.SpringIterableConfigurationPropertySource$Mappings::updateMappings (261 bytes)
Event: 2381.275 Thread 0x000002e943e1d0d0 nmethod 8344 0x000002e93099ce10 code [0x000002e93099d0e0, 0x000002e93099dda8]
Event: 2381.275 Thread 0x000002e943e1d0d0 8345       2       org.springframework.boot.context.properties.bind.Binder$$Lambda$205/0x0000000100225188::apply (24 bytes)
Event: 2381.275 Thread 0x000002e943e1d0d0 nmethod 8345 0x000002e93099e510 code [0x000002e93099e6c0, 0x000002e93099e868]
Event: 2381.275 Thread 0x000002e943e1d0d0 8346       2       org.springframework.boot.context.properties.bind.Binder::lambda$bindDataObject$6 (12 bytes)
Event: 2381.276 Thread 0x000002e943e1d0d0 nmethod 8346 0x000002e93099e910 code [0x000002e93099eaa0, 0x000002e93099ebe8]
Event: 2381.276 Thread 0x000002e943e1d0d0 8347       2       java.util.stream.IntPipeline$10$1::accept (27 bytes)
Event: 2381.276 Thread 0x000002e943e1d0d0 nmethod 8347 0x000002e93099ec90 code [0x000002e93099ee40, 0x000002e93099efd8]

GC Heap History (20 events):
Event: 1621.975 GC heap before
{Heap before GC invocations=36 (full 1):
 garbage-first heap   total 55296K, used 40670K [0x00000000c2c00000, 0x0000000100000000)
  region size 1024K, 19 young (19456K), 2 survivors (2048K)
 Metaspace       used 50780K, committed 51392K, reserved 1114112K
  class space    used 6256K, committed 6528K, reserved 1048576K
}
Event: 1622.011 GC heap after
{Heap after GC invocations=37 (full 1):
 garbage-first heap   total 55296K, used 25209K [0x00000000c2c00000, 0x0000000100000000)
  region size 1024K, 3 young (3072K), 3 survivors (3072K)
 Metaspace       used 50780K, committed 51392K, reserved 1114112K
  class space    used 6256K, committed 6528K, reserved 1048576K
}
Event: 2305.877 GC heap before
{Heap before GC invocations=37 (full 1):
 garbage-first heap   total 55296K, used 41593K [0x00000000c2c00000, 0x0000000100000000)
  region size 1024K, 19 young (19456K), 3 survivors (3072K)
 Metaspace       used 50868K, committed 51456K, reserved 1114112K
  class space    used 6257K, committed 6528K, reserved 1048576K
}
Event: 2305.899 GC heap after
{Heap after GC invocations=38 (full 1):
 garbage-first heap   total 55296K, used 25252K [0x00000000c2c00000, 0x0000000100000000)
  region size 1024K, 2 young (2048K), 2 survivors (2048K)
 Metaspace       used 50868K, committed 51456K, reserved 1114112K
  class space    used 6257K, committed 6528K, reserved 1048576K
}
Event: 2354.503 GC heap before
{Heap before GC invocations=38 (full 1):
 garbage-first heap   total 55296K, used 26276K [0x00000000c2c00000, 0x0000000100000000)
  region size 1024K, 4 young (4096K), 2 survivors (2048K)
 Metaspace       used 50892K, committed 51456K, reserved 1114112K
  class space    used 6257K, committed 6528K, reserved 1048576K
}
Event: 2356.707 GC heap after
{Heap after GC invocations=39 (full 2):
 garbage-first heap   total 55296K, used 17049K [0x00000000c2c00000, 0x0000000100000000)
  region size 1024K, 0 young (0K), 0 survivors (0K)
 Metaspace       used 50454K, committed 51456K, reserved 1114112K
  class space    used 6164K, committed 6528K, reserved 1048576K
}
Event: 2359.923 GC heap before
{Heap before GC invocations=39 (full 2):
 garbage-first heap   total 55296K, used 41625K [0x00000000c2c00000, 0x0000000100000000)
  region size 1024K, 25 young (25600K), 0 survivors (0K)
 Metaspace       used 50555K, committed 51456K, reserved 1114112K
  class space    used 6167K, committed 6528K, reserved 1048576K
}
Event: 2360.030 GC heap after
{Heap after GC invocations=40 (full 2):
 garbage-first heap   total 55296K, used 19357K [0x00000000c2c00000, 0x0000000100000000)
  region size 1024K, 3 young (3072K), 3 survivors (3072K)
 Metaspace       used 50555K, committed 51456K, reserved 1114112K
  class space    used 6167K, committed 6528K, reserved 1048576K
}
Event: 2361.084 GC heap before
{Heap before GC invocations=40 (full 2):
 garbage-first heap   total 55296K, used 41885K [0x00000000c2c00000, 0x0000000100000000)
  region size 1024K, 25 young (25600K), 3 survivors (3072K)
 Metaspace       used 50641K, committed 51456K, reserved 1114112K
  class space    used 6171K, committed 6528K, reserved 1048576K
}
Event: 2361.095 GC heap after
{Heap after GC invocations=41 (full 2):
 garbage-first heap   total 55296K, used 22595K [0x00000000c2c00000, 0x0000000100000000)
  region size 1024K, 4 young (4096K), 4 survivors (4096K)
 Metaspace       used 50641K, committed 51456K, reserved 1114112K
  class space    used 6171K, committed 6528K, reserved 1048576K
}
Event: 2363.344 GC heap before
{Heap before GC invocations=41 (full 2):
 garbage-first heap   total 55296K, used 32835K [0x00000000c2c00000, 0x0000000100000000)
  region size 1024K, 15 young (15360K), 4 survivors (4096K)
 Metaspace       used 50698K, committed 51456K, reserved 1114112K
  class space    used 6172K, committed 6528K, reserved 1048576K
}
Event: 2363.426 GC heap after
{Heap after GC invocations=42 (full 3):
 garbage-first heap   total 55296K, used 21204K [0x00000000c2c00000, 0x0000000100000000)
  region size 1024K, 0 young (0K), 0 survivors (0K)
 Metaspace       used 50698K, committed 51456K, reserved 1114112K
  class space    used 6172K, committed 6528K, reserved 1048576K
}
Event: 2364.208 GC heap before
{Heap before GC invocations=42 (full 3):
 garbage-first heap   total 55296K, used 40660K [0x00000000c2c00000, 0x0000000100000000)
  region size 1024K, 19 young (19456K), 0 survivors (0K)
 Metaspace       used 50727K, committed 51456K, reserved 1114112K
  class space    used 6173K, committed 6528K, reserved 1048576K
}
Event: 2364.214 GC heap after
{Heap after GC invocations=43 (full 3):
 garbage-first heap   total 70656K, used 23895K [0x00000000c2c00000, 0x0000000100000000)
  region size 1024K, 3 young (3072K), 3 survivors (3072K)
 Metaspace       used 50727K, committed 51456K, reserved 1114112K
  class space    used 6173K, committed 6528K, reserved 1048576K
}
Event: 2365.361 GC heap before
{Heap before GC invocations=43 (full 3):
 garbage-first heap   total 70656K, used 50519K [0x00000000c2c00000, 0x0000000100000000)
  region size 1024K, 29 young (29696K), 3 survivors (3072K)
 Metaspace       used 50790K, committed 51456K, reserved 1114112K
  class space    used 6175K, committed 6528K, reserved 1048576K
}
Event: 2365.375 GC heap after
{Heap after GC invocations=44 (full 3):
 garbage-first heap   total 70656K, used 25300K [0x00000000c2c00000, 0x0000000100000000)
  region size 1024K, 3 young (3072K), 3 survivors (3072K)
 Metaspace       used 50790K, committed 51456K, reserved 1114112K
  class space    used 6175K, committed 6528K, reserved 1048576K
}
Event: 2379.262 GC heap before
{Heap before GC invocations=44 (full 3):
 garbage-first heap   total 70656K, used 34516K [0x00000000c2c00000, 0x0000000100000000)
  region size 1024K, 13 young (13312K), 3 survivors (3072K)
 Metaspace       used 50839K, committed 51456K, reserved 1114112K
  class space    used 6176K, committed 6528K, reserved 1048576K
}
Event: 2379.355 GC heap after
{Heap after GC invocations=45 (full 4):
 garbage-first heap   total 70656K, used 23425K [0x00000000c2c00000, 0x0000000100000000)
  region size 1024K, 0 young (0K), 0 survivors (0K)
 Metaspace       used 50839K, committed 51456K, reserved 1114112K
  class space    used 6176K, committed 6528K, reserved 1048576K
}
Event: 2381.072 GC heap before
{Heap before GC invocations=45 (full 4):
 garbage-first heap   total 70656K, used 52097K [0x00000000c2c00000, 0x0000000100000000)
  region size 1024K, 28 young (28672K), 0 survivors (0K)
 Metaspace       used 50899K, committed 51520K, reserved 1114112K
  class space    used 6178K, committed 6528K, reserved 1048576K
}
Event: 2381.080 GC heap after
{Heap after GC invocations=46 (full 4):
 garbage-first heap   total 70656K, used 25928K [0x00000000c2c00000, 0x0000000100000000)
  region size 1024K, 3 young (3072K), 3 survivors (3072K)
 Metaspace       used 50899K, committed 51520K, reserved 1114112K
  class space    used 6178K, committed 6528K, reserved 1048576K
}

Dll operation events (9 events):
Event: 0.013 Loaded shared library C:\Users\russe\.vscode\extensions\redhat.java-1.37.0-win32-x64\jre\17.0.13-win32-x86_64\bin\java.dll
Event: 0.408 Loaded shared library C:\Users\russe\.vscode\extensions\redhat.java-1.37.0-win32-x64\jre\17.0.13-win32-x86_64\bin\jimage.dll
Event: 0.429 Loaded shared library C:\Users\russe\.vscode\extensions\redhat.java-1.37.0-win32-x64\jre\17.0.13-win32-x86_64\bin\net.dll
Event: 0.431 Loaded shared library C:\Users\russe\.vscode\extensions\redhat.java-1.37.0-win32-x64\jre\17.0.13-win32-x86_64\bin\nio.dll
Event: 0.438 Loaded shared library C:\Users\russe\.vscode\extensions\redhat.java-1.37.0-win32-x64\jre\17.0.13-win32-x86_64\bin\zip.dll
Event: 0.539 Loaded shared library C:\Users\russe\.vscode\extensions\redhat.java-1.37.0-win32-x64\jre\17.0.13-win32-x86_64\bin\management.dll
Event: 0.563 Loaded shared library C:\Users\russe\.vscode\extensions\redhat.java-1.37.0-win32-x64\jre\17.0.13-win32-x86_64\bin\management_ext.dll
Event: 1.047 Loaded shared library C:\Users\russe\.vscode\extensions\redhat.java-1.37.0-win32-x64\jre\17.0.13-win32-x86_64\bin\extnet.dll
Event: 2.607 Loaded shared library C:\Users\russe\.vscode\extensions\redhat.java-1.37.0-win32-x64\jre\17.0.13-win32-x86_64\bin\sunmscapi.dll

Deoptimization events (20 events):
Event: 2381.270 Thread 0x000002e94afe9df0 Uncommon trap: trap_request=0xffffffbe fr.pc=0x000002e937b03638 relative=0x0000000000002878
Event: 2381.270 Thread 0x000002e94afe9df0 Uncommon trap: reason=profile_predicate action=maybe_recompile pc=0x000002e937b03638 method=org.springframework.boot.context.properties.source.SpringIterableConfigurationPropertySource$Mappings.updateMappings([Ljava/lang/String;)V @ 97 c2
Event: 2381.270 Thread 0x000002e94afe9df0 DEOPT PACKING pc=0x000002e937b03638 sp=0x000000ed3befabb0
Event: 2381.270 Thread 0x000002e94afe9df0 DEOPT UNPACKING pc=0x000002e9371769a3 sp=0x000000ed3befabf8 mode 2
Event: 2381.270 Thread 0x000002e94afe9df0 Uncommon trap: trap_request=0xffffffbe fr.pc=0x000002e937b03638 relative=0x0000000000002878
Event: 2381.270 Thread 0x000002e94afe9df0 Uncommon trap: reason=profile_predicate action=maybe_recompile pc=0x000002e937b03638 method=org.springframework.boot.context.properties.source.SpringIterableConfigurationPropertySource$Mappings.updateMappings([Ljava/lang/String;)V @ 97 c2
Event: 2381.270 Thread 0x000002e94afe9df0 DEOPT PACKING pc=0x000002e937b03638 sp=0x000000ed3befacb0
Event: 2381.270 Thread 0x000002e94afe9df0 DEOPT UNPACKING pc=0x000002e9371769a3 sp=0x000000ed3befacf8 mode 2
Event: 2381.270 Thread 0x000002e94afe9df0 Uncommon trap: trap_request=0xffffffbe fr.pc=0x000002e937b03638 relative=0x0000000000002878
Event: 2381.270 Thread 0x000002e94afe9df0 Uncommon trap: reason=profile_predicate action=maybe_recompile pc=0x000002e937b03638 method=org.springframework.boot.context.properties.source.SpringIterableConfigurationPropertySource$Mappings.updateMappings([Ljava/lang/String;)V @ 97 c2
Event: 2381.270 Thread 0x000002e94afe9df0 DEOPT PACKING pc=0x000002e937b03638 sp=0x000000ed3befacb0
Event: 2381.270 Thread 0x000002e94afe9df0 DEOPT UNPACKING pc=0x000002e9371769a3 sp=0x000000ed3befacf8 mode 2
Event: 2381.272 Thread 0x000002e94afe9df0 DEOPT PACKING pc=0x000002e930834954 sp=0x000000ed3bef9990
Event: 2381.272 Thread 0x000002e94afe9df0 DEOPT UNPACKING pc=0x000002e937177143 sp=0x000000ed3bef8ef8 mode 1
Event: 2381.274 Thread 0x000002e94afe9df0 DEOPT PACKING pc=0x000002e9308d5ae9 sp=0x000000ed3bef92a0
Event: 2381.274 Thread 0x000002e94afe9df0 DEOPT UNPACKING pc=0x000002e937177143 sp=0x000000ed3bef87b0 mode 1
Event: 2381.275 Thread 0x000002e94afe9df0 DEOPT PACKING pc=0x000002e9308d5ae9 sp=0x000000ed3bef92a0
Event: 2381.275 Thread 0x000002e94afe9df0 DEOPT UNPACKING pc=0x000002e937177143 sp=0x000000ed3bef87b0 mode 1
Event: 2381.276 Thread 0x000002e94afe9df0 DEOPT PACKING pc=0x000002e9308d5ae9 sp=0x000000ed3bef92a0
Event: 2381.276 Thread 0x000002e94afe9df0 DEOPT UNPACKING pc=0x000002e937177143 sp=0x000000ed3bef87b0 mode 1

Classes loaded (20 events):
Event: 814.832 Loading class java/util/concurrent/Executors$FinalizableDelegatedExecutorService
Event: 814.833 Loading class java/util/concurrent/Executors$DelegatedExecutorService
Event: 814.833 Loading class java/util/concurrent/Executors$DelegatedExecutorService done
Event: 814.833 Loading class java/util/concurrent/Executors$FinalizableDelegatedExecutorService done
Event: 814.852 Loading class java/util/WeakHashMap$KeyIterator
Event: 814.853 Loading class java/util/WeakHashMap$HashIterator
Event: 814.853 Loading class java/util/WeakHashMap$HashIterator done
Event: 814.853 Loading class java/util/WeakHashMap$KeyIterator done
Event: 815.142 Loading class java/lang/ref/Finalizer$2
Event: 815.152 Loading class java/lang/ref/Finalizer$2 done
Event: 815.156 Loading class java/lang/ref/Finalizer$1
Event: 815.156 Loading class java/lang/ref/Finalizer$1 done
Event: 816.150 Loading class java/util/WeakHashMap$EntrySet
Event: 816.151 Loading class java/util/WeakHashMap$EntrySet done
Event: 816.151 Loading class java/util/WeakHashMap$EntryIterator
Event: 816.151 Loading class java/util/WeakHashMap$EntryIterator done
Event: 2304.774 Loading class java/rmi/server/UnicastRemoteObject
Event: 2305.277 Loading class java/rmi/server/UnicastRemoteObject done
Event: 2360.885 Loading class java/time/DurationEditor
Event: 2360.885 Loading class java/time/DurationEditor done

Classes unloaded (20 events):
Event: 2354.690 Thread 0x000002e943db5e40 Unloading class 0x0000000100143000 'java/lang/invoke/LambdaForm$MH+0x0000000100143000'
Event: 2354.691 Thread 0x000002e943db5e40 Unloading class 0x0000000100141800 'jdk/internal/reflect/GeneratedSerializationConstructorAccessor3'
Event: 2354.691 Thread 0x000002e943db5e40 Unloading class 0x0000000100141400 'jdk/internal/reflect/GeneratedSerializationConstructorAccessor2'
Event: 2354.692 Thread 0x000002e943db5e40 Unloading class 0x0000000100141000 'jdk/internal/reflect/GeneratedSerializationConstructorAccessor1'
Event: 2354.692 Thread 0x000002e943db5e40 Unloading class 0x0000000100140800 'java/lang/invoke/LambdaForm$DMH+0x0000000100140800'
Event: 2354.692 Thread 0x000002e943db5e40 Unloading class 0x0000000100140000 'java/lang/invoke/LambdaForm$DMH+0x0000000100140000'
Event: 2354.692 Thread 0x000002e943db5e40 Unloading class 0x00000001000c6c00 'jdk/internal/reflect/GeneratedConstructorAccessor1'
Event: 2354.692 Thread 0x000002e943db5e40 Unloading class 0x00000001000c6000 'java/lang/invoke/LambdaForm$MH+0x00000001000c6000'
Event: 2354.693 Thread 0x000002e943db5e40 Unloading class 0x00000001000c5c00 'java/lang/invoke/LambdaForm$MH+0x00000001000c5c00'
Event: 2354.693 Thread 0x000002e943db5e40 Unloading class 0x00000001000c5800 'java/lang/invoke/LambdaForm$MH+0x00000001000c5800'
Event: 2354.693 Thread 0x000002e943db5e40 Unloading class 0x00000001000c5400 'java/lang/invoke/LambdaForm$MH+0x00000001000c5400'
Event: 2354.693 Thread 0x000002e943db5e40 Unloading class 0x00000001000c5000 'java/lang/invoke/LambdaForm$MH+0x00000001000c5000'
Event: 2354.693 Thread 0x000002e943db5e40 Unloading class 0x00000001000c4c00 'java/lang/invoke/LambdaForm$MH+0x00000001000c4c00'
Event: 2354.694 Thread 0x000002e943db5e40 Unloading class 0x00000001000c3c00 'java/lang/invoke/LambdaForm$MH+0x00000001000c3c00'
Event: 2354.696 Thread 0x000002e943db5e40 Unloading class 0x00000001000c3800 'java/lang/invoke/LambdaForm$MH+0x00000001000c3800'
Event: 2354.696 Thread 0x000002e943db5e40 Unloading class 0x00000001000c3000 'java/lang/invoke/LambdaForm$MH+0x00000001000c3000'
Event: 2354.696 Thread 0x000002e943db5e40 Unloading class 0x00000001000c2400 'java/lang/invoke/LambdaForm$MH+0x00000001000c2400'
Event: 2354.696 Thread 0x000002e943db5e40 Unloading class 0x00000001000c1c00 'java/lang/invoke/LambdaForm$MH+0x00000001000c1c00'
Event: 2354.696 Thread 0x000002e943db5e40 Unloading class 0x00000001000c1400 'java/lang/invoke/LambdaForm$MH+0x00000001000c1400'
Event: 2354.696 Thread 0x000002e943db5e40 Unloading class 0x00000001000c0c00 'java/lang/invoke/LambdaForm$MH+0x00000001000c0c00'

Classes redefined (0 events):
No events

Internal exceptions (20 events):
Event: 2360.516 Thread 0x000002e94afead20 Exception <a 'sun/nio/fs/WindowsException'{0x00000000c55bd430}> (0x00000000c55bd430) 
thrown [s\src\hotspot\share\prims\jni.cpp, line 516]
Event: 2360.596 Thread 0x000002e94afead20 Exception <a 'java/io/FileNotFoundException'{0x00000000c55f9300}> (0x00000000c55f9300) 
thrown [s\src\hotspot\share\prims\jni.cpp, line 516]
Event: 2360.856 Thread 0x000002e94afead20 Exception <a 'java/io/FileNotFoundException'{0x00000000c5109c08}> (0x00000000c5109c08) 
thrown [s\src\hotspot\share\prims\jni.cpp, line 516]
Event: 2360.995 Thread 0x000002e94afead20 Exception <a 'sun/nio/fs/WindowsException'{0x00000000c4d99628}> (0x00000000c4d99628) 
thrown [s\src\hotspot\share\prims\jni.cpp, line 516]
Event: 2363.343 Thread 0x000002e94afe84a0 Exception <a 'java/lang/InterruptedException'{0x00000000c5771150}: sleep interrupted> (0x00000000c5771150) 
thrown [s\src\hotspot\share\prims\jvm.cpp, line 3064]
Event: 2363.478 Thread 0x000002e94afeb230 Exception <a 'sun/nio/fs/WindowsException'{0x00000000c697ae70}> (0x00000000c697ae70) 
thrown [s\src\hotspot\share\prims\jni.cpp, line 516]
Event: 2363.644 Thread 0x000002e94afeb230 Exception <a 'sun/nio/fs/WindowsException'{0x00000000c5e69cc0}> (0x00000000c5e69cc0) 
thrown [s\src\hotspot\share\prims\jni.cpp, line 516]
Event: 2364.788 Thread 0x000002e94afeb230 Exception <a 'java/lang/NoClassDefFoundError'{0x00000000c644d3f0}: org/flywaydb/core/Flyway> (0x00000000c644d3f0) 
thrown [s\src\hotspot\share\oops\constantPool.cpp, line 837]
Event: 2364.788 Thread 0x000002e94afeb230 Exception <a 'java/lang/NoClassDefFoundError'{0x00000000c644da40}: liquibase/integration/spring/SpringLiquibase> (0x00000000c644da40) 
thrown [s\src\hotspot\share\oops\constantPool.cpp, line 837]
Event: 2364.928 Thread 0x000002e94afeb230 Exception <a 'sun/nio/fs/WindowsException'{0x00000000c60ef678}> (0x00000000c60ef678) 
thrown [s\src\hotspot\share\prims\jni.cpp, line 516]
Event: 2364.928 Thread 0x000002e94afeb230 Exception <a 'sun/nio/fs/WindowsException'{0x00000000c60efce0}> (0x00000000c60efce0) 
thrown [s\src\hotspot\share\prims\jni.cpp, line 516]
Event: 2364.928 Thread 0x000002e94afeb230 Exception <a 'sun/nio/fs/WindowsException'{0x00000000c60f03b8}> (0x00000000c60f03b8) 
thrown [s\src\hotspot\share\prims\jni.cpp, line 516]
Event: 2364.954 Thread 0x000002e94afeb230 Exception <a 'java/io/FileNotFoundException'{0x00000000c5f1f2f8}> (0x00000000c5f1f2f8) 
thrown [s\src\hotspot\share\prims\jni.cpp, line 516]
Event: 2365.080 Thread 0x000002e94afeb230 Exception <a 'java/io/FileNotFoundException'{0x00000000c5df46b8}> (0x00000000c5df46b8) 
thrown [s\src\hotspot\share\prims\jni.cpp, line 516]
Event: 2365.232 Thread 0x000002e94afeb230 Exception <a 'sun/nio/fs/WindowsException'{0x00000000c5921870}> (0x00000000c5921870) 
thrown [s\src\hotspot\share\prims\jni.cpp, line 516]
Event: 2377.990 Thread 0x000002e94afe8ec0 Exception <a 'java/lang/InterruptedException'{0x00000000c67b4ea8}: sleep interrupted> (0x00000000c67b4ea8) 
thrown [s\src\hotspot\share\prims\jvm.cpp, line 3064]
Event: 2379.395 Thread 0x000002e94afe9df0 Exception <a 'sun/nio/fs/WindowsException'{0x00000000c70a4940}> (0x00000000c70a4940) 
thrown [s\src\hotspot\share\prims\jni.cpp, line 516]
Event: 2379.501 Thread 0x000002e94afe9df0 Exception <a 'sun/nio/fs/WindowsException'{0x00000000c6dad530}> (0x00000000c6dad530) 
thrown [s\src\hotspot\share\prims\jni.cpp, line 516]
Event: 2381.245 Thread 0x000002e94afe9df0 Exception <a 'java/lang/NoClassDefFoundError'{0x00000000c6ddcb18}: org/flywaydb/core/Flyway> (0x00000000c6ddcb18) 
thrown [s\src\hotspot\share\oops\constantPool.cpp, line 837]
Event: 2381.245 Thread 0x000002e94afe9df0 Exception <a 'java/lang/NoClassDefFoundError'{0x00000000c6ddd168}: liquibase/integration/spring/SpringLiquibase> (0x00000000c6ddd168) 
thrown [s\src\hotspot\share\oops\constantPool.cpp, line 837]

VM Operations (20 events):
Event: 2362.099 Executing VM operation: Cleanup
Event: 2362.099 Executing VM operation: Cleanup done
Event: 2363.107 Executing VM operation: Cleanup
Event: 2363.107 Executing VM operation: Cleanup done
Event: 2363.344 Executing VM operation: G1CollectFull
Event: 2363.426 Executing VM operation: G1CollectFull done
Event: 2364.208 Executing VM operation: G1CollectForAllocation
Event: 2364.214 Executing VM operation: G1CollectForAllocation done
Event: 2365.224 Executing VM operation: Cleanup
Event: 2365.225 Executing VM operation: Cleanup done
Event: 2365.361 Executing VM operation: G1CollectForAllocation
Event: 2365.375 Executing VM operation: G1CollectForAllocation done
Event: 2366.383 Executing VM operation: Cleanup
Event: 2366.383 Executing VM operation: Cleanup done
Event: 2377.990 Executing VM operation: G1CollectFull
Event: 2379.355 Executing VM operation: G1CollectFull done
Event: 2380.369 Executing VM operation: Cleanup
Event: 2380.369 Executing VM operation: Cleanup done
Event: 2381.072 Executing VM operation: G1CollectForAllocation
Event: 2381.080 Executing VM operation: G1CollectForAllocation done

Memory protections (0 events):
No events

Nmethod flushes (20 events):
Event: 815.366 Thread 0x000002e9480206a0 flushing  nmethod 0x000002e9305de090
Event: 815.366 Thread 0x000002e9480206a0 flushing  nmethod 0x000002e9305de490
Event: 815.366 Thread 0x000002e9480206a0 flushing  nmethod 0x000002e9305dea90
Event: 815.366 Thread 0x000002e9480206a0 flushing  nmethod 0x000002e9305e1190
Event: 815.366 Thread 0x000002e9480206a0 flushing  nmethod 0x000002e9305e1c10
Event: 815.366 Thread 0x000002e9480206a0 flushing  nmethod 0x000002e9305e6610
Event: 815.366 Thread 0x000002e9480206a0 flushing  nmethod 0x000002e9305e7710
Event: 815.366 Thread 0x000002e9480206a0 flushing  nmethod 0x000002e9305ea690
Event: 815.366 Thread 0x000002e9480206a0 flushing  nmethod 0x000002e930606b10
Event: 815.366 Thread 0x000002e9480206a0 flushing  nmethod 0x000002e93060a090
Event: 815.366 Thread 0x000002e9480206a0 flushing  nmethod 0x000002e93060a510
Event: 815.366 Thread 0x000002e9480206a0 flushing  nmethod 0x000002e93060b590
Event: 815.366 Thread 0x000002e9480206a0 flushing  nmethod 0x000002e93060be90
Event: 815.367 Thread 0x000002e9480206a0 flushing  nmethod 0x000002e930612c10
Event: 815.367 Thread 0x000002e9480206a0 flushing  nmethod 0x000002e93062f490
Event: 815.367 Thread 0x000002e9480206a0 flushing  nmethod 0x000002e930668090
Event: 815.367 Thread 0x000002e9480206a0 flushing  nmethod 0x000002e930674d90
Event: 815.367 Thread 0x000002e9480206a0 flushing  nmethod 0x000002e930675110
Event: 2360.436 Thread 0x000002e9480206a0 flushing  nmethod 0x000002e92fdd9690
Event: 2360.442 Thread 0x000002e9480206a0 flushing  nmethod 0x000002e930181710

Events (20 events):
Event: 2377.965 Thread 0x000002e94afe7f90 Thread exited: 0x000002e94afe7f90
Event: 2377.966 Thread 0x000002e94afedfc0 Thread exited: 0x000002e94afedfc0
Event: 2377.968 Thread 0x000002e94afedab0 Thread exited: 0x000002e94afedab0
Event: 2377.968 Thread 0x000002e94afe7570 Thread exited: 0x000002e94afe7570
Event: 2377.968 Thread 0x000002e94afe9df0 Thread exited: 0x000002e94afe9df0
Event: 2377.968 Thread 0x000002e94afec160 Thread exited: 0x000002e94afec160
Event: 2377.968 Thread 0x000002e94afee4d0 Thread exited: 0x000002e94afee4d0
Event: 2377.968 Thread 0x000002e94afec670 Thread exited: 0x000002e94afec670
Event: 2377.968 Thread 0x000002e94afe93d0 Thread exited: 0x000002e94afe93d0
Event: 2377.968 Thread 0x000002e94afed5a0 Thread exited: 0x000002e94afed5a0
Event: 2377.968 Thread 0x000002e94afed090 Thread exited: 0x000002e94afed090
Event: 2377.969 Thread 0x000002e94afe84a0 Thread exited: 0x000002e94afe84a0
Event: 2377.990 Thread 0x000002e94afe8ec0 Thread exited: 0x000002e94afe8ec0
Event: 2379.355 Thread 0x000002e94afe7a80 Thread added: 0x000002e94afe9df0
Event: 2379.356 Thread 0x000002e94afea300 Thread exited: 0x000002e94afea300
Event: 2379.356 Thread 0x000002e94afeb740 Thread exited: 0x000002e94afeb740
Event: 2379.356 Thread 0x000002e94afe9df0 Thread exited: 0x000002e94afe9df0
Event: 2379.356 Thread 0x000002e94afe7a80 Thread added: 0x000002e94afe9df0
Event: 2379.548 Thread 0x000002e94afe9df0 Thread added: 0x000002e94afeb230
Event: 2379.709 Thread 0x000002e94afeb230 Thread exited: 0x000002e94afeb230


Dynamic libraries:
0x00007ff7f92f0000 - 0x00007ff7f92fe000 	C:\Users\russe\.vscode\extensions\redhat.java-1.37.0-win32-x64\jre\17.0.13-win32-x86_64\bin\java.exe
0x00007ff80c370000 - 0x00007ff80c587000 	C:\WINDOWS\SYSTEM32\ntdll.dll
0x00007ff80adb0000 - 0x00007ff80ae74000 	C:\WINDOWS\System32\KERNEL32.DLL
0x00007ff809710000 - 0x00007ff809ac9000 	C:\WINDOWS\System32\KERNELBASE.dll
0x00007ff809b90000 - 0x00007ff809ca1000 	C:\WINDOWS\System32\ucrtbase.dll
0x00007fffc6e50000 - 0x00007fffc6e67000 	C:\Users\russe\.vscode\extensions\redhat.java-1.37.0-win32-x64\jre\17.0.13-win32-x86_64\bin\jli.dll
0x00007fffc70e0000 - 0x00007fffc70fe000 	C:\Users\russe\.vscode\extensions\redhat.java-1.37.0-win32-x64\jre\17.0.13-win32-x86_64\bin\VCRUNTIME140.dll
0x00007ff80a0a0000 - 0x00007ff80a24e000 	C:\WINDOWS\System32\USER32.dll
0x00007fffd8f00000 - 0x00007fffd9192000 	C:\WINDOWS\WinSxS\amd64_microsoft.windows.common-controls_6595b64144ccf1df_6.0.22621.4391_none_2715d37f73803e96\COMCTL32.dll
0x00007ff809670000 - 0x00007ff809696000 	C:\WINDOWS\System32\win32u.dll
0x00007ff80a2b0000 - 0x00007ff80a357000 	C:\WINDOWS\System32\msvcrt.dll
0x00007ff80ae80000 - 0x00007ff80aea9000 	C:\WINDOWS\System32\GDI32.dll
0x00007ff809dd0000 - 0x00007ff809eeb000 	C:\WINDOWS\System32\gdi32full.dll
0x00007ff809cb0000 - 0x00007ff809d4a000 	C:\WINDOWS\System32\msvcp_win.dll
0x00007ff80a460000 - 0x00007ff80a491000 	C:\WINDOWS\System32\IMM32.DLL
0x00007fffe9780000 - 0x00007fffe978c000 	C:\Users\russe\.vscode\extensions\redhat.java-1.37.0-win32-x64\jre\17.0.13-win32-x86_64\bin\vcruntime140_1.dll
0x00007fffba9d0000 - 0x00007fffbaa5d000 	C:\Users\russe\.vscode\extensions\redhat.java-1.37.0-win32-x64\jre\17.0.13-win32-x86_64\bin\msvcp140.dll
0x00007fff88020000 - 0x00007fff88c8b000 	C:\Users\russe\.vscode\extensions\redhat.java-1.37.0-win32-x64\jre\17.0.13-win32-x86_64\bin\server\jvm.dll
0x00007ff80b9a0000 - 0x00007ff80ba52000 	C:\WINDOWS\System32\ADVAPI32.dll
0x00007ff80b090000 - 0x00007ff80b137000 	C:\WINDOWS\System32\sechost.dll
0x00007ff809ef0000 - 0x00007ff809f18000 	C:\WINDOWS\System32\bcrypt.dll
0x00007ff80bfa0000 - 0x00007ff80c0b4000 	C:\WINDOWS\System32\RPCRT4.dll
0x00007ff80c0c0000 - 0x00007ff80c131000 	C:\WINDOWS\System32\WS2_32.dll
0x00007ff809390000 - 0x00007ff8093dd000 	C:\WINDOWS\SYSTEM32\POWRPROF.dll
0x00007ff805380000 - 0x00007ff8053b4000 	C:\WINDOWS\SYSTEM32\WINMM.dll
0x00007ff802280000 - 0x00007ff80228a000 	C:\WINDOWS\SYSTEM32\VERSION.dll
0x00007ff809100000 - 0x00007ff809113000 	C:\WINDOWS\SYSTEM32\UMPDC.dll
0x00007ff808670000 - 0x00007ff808688000 	C:\WINDOWS\SYSTEM32\kernel.appcore.dll
0x00007fffe96c0000 - 0x00007fffe96ca000 	C:\Users\russe\.vscode\extensions\redhat.java-1.37.0-win32-x64\jre\17.0.13-win32-x86_64\bin\jimage.dll
0x00007ffff5ff0000 - 0x00007ffff6222000 	C:\WINDOWS\SYSTEM32\DBGHELP.DLL
0x00007ff80bc10000 - 0x00007ff80bf9f000 	C:\WINDOWS\System32\combase.dll
0x00007ff80c140000 - 0x00007ff80c217000 	C:\WINDOWS\System32\OLEAUT32.dll
0x00007fffee5a0000 - 0x00007fffee5d2000 	C:\WINDOWS\SYSTEM32\dbgcore.DLL
0x00007ff809d50000 - 0x00007ff809dcb000 	C:\WINDOWS\System32\bcryptPrimitives.dll
0x00007fffba6b0000 - 0x00007fffba6eb000 	C:\Users\russe\.vscode\extensions\redhat.java-1.37.0-win32-x64\jre\17.0.13-win32-x86_64\bin\jdwp.dll
0x00007fffc28d0000 - 0x00007fffc28f5000 	C:\Users\russe\.vscode\extensions\redhat.java-1.37.0-win32-x64\jre\17.0.13-win32-x86_64\bin\java.dll
0x00007fffc8540000 - 0x00007fffc8558000 	C:\Users\russe\.vscode\extensions\redhat.java-1.37.0-win32-x64\jre\17.0.13-win32-x86_64\bin\zip.dll
0x00007ff80a530000 - 0x00007ff80ada6000 	C:\WINDOWS\System32\SHELL32.dll
0x00007ff807530000 - 0x00007ff807e33000 	C:\WINDOWS\SYSTEM32\windows.storage.dll
0x00007ff8073f0000 - 0x00007ff80752f000 	C:\WINDOWS\SYSTEM32\wintypes.dll
0x00007ff80b380000 - 0x00007ff80b479000 	C:\WINDOWS\System32\SHCORE.dll
0x00007ff80a250000 - 0x00007ff80a2ae000 	C:\WINDOWS\System32\shlwapi.dll
0x00007ff8095a0000 - 0x00007ff8095cb000 	C:\WINDOWS\SYSTEM32\profapi.dll
0x00007fffe9840000 - 0x00007fffe984c000 	C:\Users\russe\.vscode\extensions\redhat.java-1.37.0-win32-x64\jre\17.0.13-win32-x86_64\bin\dt_socket.dll
0x00007ff808130000 - 0x00007ff80815d000 	C:\WINDOWS\SYSTEM32\IPHLPAPI.DLL
0x00007ff808ae0000 - 0x00007ff808b49000 	C:\WINDOWS\system32\mswsock.dll
0x00007ff808160000 - 0x00007ff808262000 	C:\WINDOWS\SYSTEM32\DNSAPI.dll
0x00007ff80b490000 - 0x00007ff80b499000 	C:\WINDOWS\System32\NSI.dll
0x00007ffff5980000 - 0x00007ffff598a000 	C:\Windows\System32\rasadhlp.dll
0x00007ff803040000 - 0x00007ff8030c3000 	C:\WINDOWS\System32\fwpuclnt.dll
0x00007fffc28b0000 - 0x00007fffc28c9000 	C:\Users\russe\.vscode\extensions\redhat.java-1.37.0-win32-x64\jre\17.0.13-win32-x86_64\bin\net.dll
0x00007ff805680000 - 0x00007ff8057b6000 	C:\WINDOWS\SYSTEM32\WINHTTP.dll
0x00007fffc0580000 - 0x00007fffc0596000 	C:\Users\russe\.vscode\extensions\redhat.java-1.37.0-win32-x64\jre\17.0.13-win32-x86_64\bin\nio.dll
0x00007ff802ee0000 - 0x00007ff802eea000 	C:\Users\russe\.vscode\extensions\redhat.java-1.37.0-win32-x64\jre\17.0.13-win32-x86_64\bin\management.dll
0x00007ff802ed0000 - 0x00007ff802edb000 	C:\Users\russe\.vscode\extensions\redhat.java-1.37.0-win32-x64\jre\17.0.13-win32-x86_64\bin\management_ext.dll
0x00007ff80a090000 - 0x00007ff80a098000 	C:\WINDOWS\System32\PSAPI.DLL
0x00007fffd8a80000 - 0x00007fffd8a97000 	C:\WINDOWS\system32\napinsp.dll
0x00007fffd8a60000 - 0x00007fffd8a7b000 	C:\WINDOWS\system32\pnrpnsp.dll
0x00007fffd8720000 - 0x00007fffd8731000 	C:\WINDOWS\System32\winrnr.dll
0x00007fffd8700000 - 0x00007fffd8715000 	C:\WINDOWS\system32\wshbth.dll
0x00007fffd86d0000 - 0x00007fffd86f7000 	C:\WINDOWS\system32\nlansp_c.dll
0x00007ff808e30000 - 0x00007ff808e4b000 	C:\WINDOWS\SYSTEM32\CRYPTSP.dll
0x00007ff8085d0000 - 0x00007ff808605000 	C:\WINDOWS\system32\rsaenh.dll
0x00007ff808b80000 - 0x00007ff808ba8000 	C:\WINDOWS\SYSTEM32\USERENV.dll
0x00007ff808e10000 - 0x00007ff808e1c000 	C:\WINDOWS\SYSTEM32\CRYPTBASE.dll
0x00007ff805b40000 - 0x00007ff805b59000 	C:\WINDOWS\SYSTEM32\dhcpcsvc6.DLL
0x00007ff805660000 - 0x00007ff80567f000 	C:\WINDOWS\SYSTEM32\dhcpcsvc.DLL
0x00007ff802ec0000 - 0x00007ff802ec9000 	C:\Users\russe\.vscode\extensions\redhat.java-1.37.0-win32-x64\jre\17.0.13-win32-x86_64\bin\extnet.dll
0x00007ff804db0000 - 0x00007ff804dbe000 	C:\Users\russe\.vscode\extensions\redhat.java-1.37.0-win32-x64\jre\17.0.13-win32-x86_64\bin\sunmscapi.dll
0x00007ff809f20000 - 0x00007ff80a086000 	C:\WINDOWS\System32\CRYPT32.dll
0x00007ff808fa0000 - 0x00007ff808fcd000 	C:\WINDOWS\SYSTEM32\ncrypt.dll
0x00007ff808f60000 - 0x00007ff808f97000 	C:\WINDOWS\SYSTEM32\NTASN1.dll
0x00007ff802230000 - 0x00007ff802238000 	C:\WINDOWS\system32\wshunix.dll

dbghelp: loaded successfully - version: 4.0.5 - missing functions: none
symbol engine: initialized successfully - sym options: 0x614 - pdb path: .;C:\Users\russe\.vscode\extensions\redhat.java-1.37.0-win32-x64\jre\17.0.13-win32-x86_64\bin;C:\WINDOWS\SYSTEM32;C:\WINDOWS\WinSxS\amd64_microsoft.windows.common-controls_6595b64144ccf1df_6.0.22621.4391_none_2715d37f73803e96;C:\Users\russe\.vscode\extensions\redhat.java-1.37.0-win32-x64\jre\17.0.13-win32-x86_64\bin\server

VM Arguments:
jvm_args: -agentlib:jdwp=transport=dt_socket,server=n,suspend=y,address=localhost:51160 -XX:+ShowCodeDetailsInExceptionMessages -Dspring.jmx.enabled=true -Dmanagement.endpoints.jmx.exposure.include=* -Dspring.application.admin.enabled=true -Dspring.boot.project.name=lavanderia -Djava.rmi.server.hostname=localhost -Dcom.sun.management.jmxremote.port=45556 -Dcom.sun.management.jmxremote.authenticate=false -Dcom.sun.management.jmxremote.ssl=false 
java_command: com.laundry.lavanderia.LavanderiaApplication
java_class_path (initial): C:\Users\russe\OneDrive\Escritorio\Documentos\Netbeans-Project\Java-web\lavanderia\target\classes;C:\Users\russe\.m2\repository\org\springframework\boot\spring-boot-starter-actuator\3.4.0\spring-boot-starter-actuator-3.4.0.jar;C:\Users\russe\.m2\repository\org\springframework\boot\spring-boot-starter\3.4.0\spring-boot-starter-3.4.0.jar;C:\Users\russe\.m2\repository\org\springframework\boot\spring-boot-starter-logging\3.4.0\spring-boot-starter-logging-3.4.0.jar;C:\Users\russe\.m2\repository\ch\qos\logback\logback-classic\1.5.12\logback-classic-1.5.12.jar;C:\Users\russe\.m2\repository\ch\qos\logback\logback-core\1.5.12\logback-core-1.5.12.jar;C:\Users\russe\.m2\repository\org\apache\logging\log4j\log4j-to-slf4j\2.24.1\log4j-to-slf4j-2.24.1.jar;C:\Users\russe\.m2\repository\org\apache\logging\log4j\log4j-api\2.24.1\log4j-api-2.24.1.jar;C:\Users\russe\.m2\repository\org\slf4j\jul-to-slf4j\2.0.16\jul-to-slf4j-2.0.16.jar;C:\Users\russe\.m2\repository\jakarta\annotation\jakarta.annotation-api\2.1.1\jakarta.annotation-api-2.1.1.jar;C:\Users\russe\.m2\repository\org\yaml\snakeyaml\2.3\snakeyaml-2.3.jar;C:\Users\russe\.m2\repository\org\springframework\boot\spring-boot-actuator-autoconfigure\3.4.0\spring-boot-actuator-autoconfigure-3.4.0.jar;C:\Users\russe\.m2\repository\org\springframework\boot\spring-boot-actuator\3.4.0\spring-boot-actuator-3.4.0.jar;C:\Users\russe\.m2\repository\com\fasterxml\jackson\core\jackson-databind\2.18.1\jackson-databind-2.18.1.jar;C:\Users\russe\.m2\repository\com\fasterxml\jackson\core\jackson-annotations\2.18.1\jackson-annotations-2.18.1.jar;C:\Users\russe\.m2\repository\com\fasterxml\jackson\core\jackson-core\2.18.1\jackson-core-2.18.1.jar;C:\Users\russe\.m2\repository\com\fasterxml\jackson\datatype\jackson-datatype-jsr310\2.18.1\jackson-datatype-jsr310-2.18.1.jar;C:\Users\russe\.m2\repository\io\micrometer\micrometer-observation\1.14.1\micrometer-observation-1.14.1.jar;C:\Users\russe\.m2\repository\io\micrometer\mi
Launcher Type: SUN_STANDARD

[Global flags]
     intx CICompilerCount                          = 4                                         {product} {ergonomic}
     uint ConcGCThreads                            = 2                                         {product} {ergonomic}
     uint G1ConcRefinementThreads                  = 8                                         {product} {ergonomic}
   size_t G1HeapRegionSize                         = 1048576                                   {product} {ergonomic}
    uintx GCDrainStackTargetSize                   = 64                                        {product} {ergonomic}
   size_t InitialHeapSize                          = 65011712                                  {product} {ergonomic}
     bool ManagementServer                         = true                                      {product} {command line}
   size_t MarkStackSize                            = 4194304                                   {product} {ergonomic}
   size_t MaxHeapSize                              = 1027604480                                {product} {ergonomic}
   size_t MaxNewSize                               = 616562688                                 {product} {ergonomic}
   size_t MinHeapDeltaBytes                        = 1048576                                   {product} {ergonomic}
   size_t MinHeapSize                              = 8388608                                   {product} {ergonomic}
    uintx NonNMethodCodeHeapSize                   = 5839372                                {pd product} {ergonomic}
    uintx NonProfiledCodeHeapSize                  = 122909434                              {pd product} {ergonomic}
    uintx ProfiledCodeHeapSize                     = 122909434                              {pd product} {ergonomic}
    uintx ReservedCodeCacheSize                    = 251658240                              {pd product} {ergonomic}
     bool SegmentedCodeCache                       = true                                      {product} {ergonomic}
     bool ShowCodeDetailsInExceptionMessages       = true                                   {manageable} {command line}
   size_t SoftMaxHeapSize                          = 1027604480                             {manageable} {ergonomic}
     bool UseCompressedClassPointers               = true                           {product lp64_product} {ergonomic}
     bool UseCompressedOops                        = true                           {product lp64_product} {ergonomic}
     bool UseG1GC                                  = true                                      {product} {ergonomic}
     bool UseLargePagesIndividualAllocation        = false                                  {pd product} {ergonomic}

Logging:
Log output configuration:
 #0: stdout all=warning uptime,level,tags
 #1: stderr all=off uptime,level,tags

Environment Variables:
PATH=C:\Program Files\PowerShell\7;C:\Program Files\Eclipse Adoptium\jdk-21.0.5.11-hotspot\bin;C:\app\russe\product\21c\dbhomeXE\bin;C:\Python312\Scripts\;C:\Python312\;C:\Program Files\Common Files\Oracle\Java\javapath;C:\WINDOWS\system32;C:\WINDOWS;C:\WINDOWS\System32\Wbem;C:\WINDOWS\System32\WindowsPowerShell\v1.0\;C:\WINDOWS\System32\OpenSSH\;C:\Program Files (x86)\Intel\Intel(R) Management Engine Components\DAL;C:\Program Files\Intel\Intel(R) Management Engine Components\DAL;C:\Program Files\Azure Data Studio\bin;C:\Program Files (x86)\Microsoft SQL Server\160\Tools\Binn\;C:\Program Files\Microsoft SQL Server\160\Tools\Binn\;C:\Program Files\Microsoft SQL Server\Client SDK\ODBC\170\Tools\Binn\;C:\Program Files\Microsoft SQL Server\160\DTS\Binn\;C:\Program Files\dotnet\;C:\Program Files (x86)\Microsoft SQL Server\150\Tools\Binn\;C:\Program Files\Microsoft SQL Server\150\Tools\Binn\;C:\Program Files\Microsoft SQL Server\150\DTS\Binn\;C:\Program Files (x86)\Microsoft SQL Server\160\DTS\Binn\;C:\Program Files\PowerShell\7\;C:\ProgramData\chocolatey\bin;C:\Program Files\Git\cmd;C:\Users\russe\AppData\Local\Microsoft\WindowsApps;C:\Program Files\Azure Data Studio\bin;C:\Users\russe\.dotnet\tools;C:\Program Files\Java\Java3D\1.5.1\bin;C:\Users\russe\AppData\Local\Programs\Microsoft VS Code\bin
USERNAME=russe
LANG=en_US.UTF-8
OS=Windows_NT
PROCESSOR_IDENTIFIER=Intel64 Family 6 Model 142 Stepping 11, GenuineIntel
TMP=C:\Users\russe\AppData\Local\Temp
TEMP=C:\Users\russe\AppData\Local\Temp



Periodic native trim disabled


---------------  S Y S T E M  ---------------

OS:
 Windows 11 , 64 bit Build 22621 (10.0.22621.4391)
OS uptime: 1 days 4:07 hours
Hyper-V role detected

CPU: total 8 (initial active 8) (4 cores per cpu, 2 threads per core) family 6 model 142 stepping 11 microcode 0xde, cx8, cmov, fxsr, ht, mmx, 3dnowpref, sse, sse2, sse3, ssse3, sse4.1, sse4.2, popcnt, lzcnt, tsc, tscinvbit, avx, avx2, aes, erms, clmul, bmi1, bmi2, adx, fma, vzeroupper, clflush, clflushopt, hv
Processor Information for all 8 processors :
  Max Mhz: 1800, Current Mhz: 1600, Mhz Limit: 1584

Memory: 4k page, system-wide physical 3917M (51M free)
TotalPageFile size 11917M (AvailPageFile size 4M)
current process WorkingSet (physical memory assigned to process): 179M, peak: 237M
current process commit charge ("private bytes"): 263M, peak: 268M

vm_info: OpenJDK 64-Bit Server VM (17.0.13+11) for windows-amd64 JRE (17.0.13+11), built on Oct 16 2024 00:10:08 by "admin" with MS VC++ 17.7 (VS2022)

END.
